ARM GAS  C:\Users\ADMINI~1\AppData\Local\Temp\cciHmJJL.s 			page 1


   1              		.cpu cortex-m4
   2              		.eabi_attribute 27, 1
   3              		.eabi_attribute 28, 1
   4              		.eabi_attribute 20, 1
   5              		.eabi_attribute 21, 1
   6              		.eabi_attribute 23, 3
   7              		.eabi_attribute 24, 1
   8              		.eabi_attribute 25, 1
   9              		.eabi_attribute 26, 1
  10              		.eabi_attribute 30, 1
  11              		.eabi_attribute 34, 1
  12              		.eabi_attribute 18, 4
  13              		.file	"crc.c"
  14              		.text
  15              	.Ltext0:
  16              		.cfi_sections	.debug_frame
  17              		.section	.text.CalcCRC8,"ax",%progbits
  18              		.align	1
  19              		.global	CalcCRC8
  20              		.arch armv7e-m
  21              		.syntax unified
  22              		.thumb
  23              		.thumb_func
  24              		.fpu fpv4-sp-d16
  26              	CalcCRC8:
  27              	.LVL0:
  28              	.LFB0:
  29              		.file 1 "../Common/method/crc.c"
   1:../Common/method/crc.c **** #include "./crc.h"
   2:../Common/method/crc.c **** #include "./method_cfg.h"
   3:../Common/method/crc.c **** 
   4:../Common/method/crc.c **** static unsigned long crc32_tab[] = {
   5:../Common/method/crc.c ****     0x00000000L, 0x77073096L, 0xee0e612cL, 0x990951baL, 0x076dc419L,
   6:../Common/method/crc.c ****     0x706af48fL, 0xe963a535L, 0x9e6495a3L, 0x0edb8832L, 0x79dcb8a4L,
   7:../Common/method/crc.c ****     0xe0d5e91eL, 0x97d2d988L, 0x09b64c2bL, 0x7eb17cbdL, 0xe7b82d07L,
   8:../Common/method/crc.c ****     0x90bf1d91L, 0x1db71064L, 0x6ab020f2L, 0xf3b97148L, 0x84be41deL,
   9:../Common/method/crc.c ****     0x1adad47dL, 0x6ddde4ebL, 0xf4d4b551L, 0x83d385c7L, 0x136c9856L,
  10:../Common/method/crc.c ****     0x646ba8c0L, 0xfd62f97aL, 0x8a65c9ecL, 0x14015c4fL, 0x63066cd9L,
  11:../Common/method/crc.c ****     0xfa0f3d63L, 0x8d080df5L, 0x3b6e20c8L, 0x4c69105eL, 0xd56041e4L,
  12:../Common/method/crc.c ****     0xa2677172L, 0x3c03e4d1L, 0x4b04d447L, 0xd20d85fdL, 0xa50ab56bL,
  13:../Common/method/crc.c ****     0x35b5a8faL, 0x42b2986cL, 0xdbbbc9d6L, 0xacbcf940L, 0x32d86ce3L,
  14:../Common/method/crc.c ****     0x45df5c75L, 0xdcd60dcfL, 0xabd13d59L, 0x26d930acL, 0x51de003aL,
  15:../Common/method/crc.c ****     0xc8d75180L, 0xbfd06116L, 0x21b4f4b5L, 0x56b3c423L, 0xcfba9599L,
  16:../Common/method/crc.c ****     0xb8bda50fL, 0x2802b89eL, 0x5f058808L, 0xc60cd9b2L, 0xb10be924L,
  17:../Common/method/crc.c ****     0x2f6f7c87L, 0x58684c11L, 0xc1611dabL, 0xb6662d3dL, 0x76dc4190L,
  18:../Common/method/crc.c ****     0x01db7106L, 0x98d220bcL, 0xefd5102aL, 0x71b18589L, 0x06b6b51fL,
  19:../Common/method/crc.c ****     0x9fbfe4a5L, 0xe8b8d433L, 0x7807c9a2L, 0x0f00f934L, 0x9609a88eL,
  20:../Common/method/crc.c ****     0xe10e9818L, 0x7f6a0dbbL, 0x086d3d2dL, 0x91646c97L, 0xe6635c01L,
  21:../Common/method/crc.c ****     0x6b6b51f4L, 0x1c6c6162L, 0x856530d8L, 0xf262004eL, 0x6c0695edL,
  22:../Common/method/crc.c ****     0x1b01a57bL, 0x8208f4c1L, 0xf50fc457L, 0x65b0d9c6L, 0x12b7e950L,
  23:../Common/method/crc.c ****     0x8bbeb8eaL, 0xfcb9887cL, 0x62dd1ddfL, 0x15da2d49L, 0x8cd37cf3L,
  24:../Common/method/crc.c ****     0xfbd44c65L, 0x4db26158L, 0x3ab551ceL, 0xa3bc0074L, 0xd4bb30e2L,
  25:../Common/method/crc.c ****     0x4adfa541L, 0x3dd895d7L, 0xa4d1c46dL, 0xd3d6f4fbL, 0x4369e96aL,
  26:../Common/method/crc.c ****     0x346ed9fcL, 0xad678846L, 0xda60b8d0L, 0x44042d73L, 0x33031de5L,
  27:../Common/method/crc.c ****     0xaa0a4c5fL, 0xdd0d7cc9L, 0x5005713cL, 0x270241aaL, 0xbe0b1010L,
  28:../Common/method/crc.c ****     0xc90c2086L, 0x5768b525L, 0x206f85b3L, 0xb966d409L, 0xce61e49fL,
  29:../Common/method/crc.c ****     0x5edef90eL, 0x29d9c998L, 0xb0d09822L, 0xc7d7a8b4L, 0x59b33d17L,
ARM GAS  C:\Users\ADMINI~1\AppData\Local\Temp\cciHmJJL.s 			page 2


  30:../Common/method/crc.c ****     0x2eb40d81L, 0xb7bd5c3bL, 0xc0ba6cadL, 0xedb88320L, 0x9abfb3b6L,
  31:../Common/method/crc.c ****     0x03b6e20cL, 0x74b1d29aL, 0xead54739L, 0x9dd277afL, 0x04db2615L,
  32:../Common/method/crc.c ****     0x73dc1683L, 0xe3630b12L, 0x94643b84L, 0x0d6d6a3eL, 0x7a6a5aa8L,
  33:../Common/method/crc.c ****     0xe40ecf0bL, 0x9309ff9dL, 0x0a00ae27L, 0x7d079eb1L, 0xf00f9344L,
  34:../Common/method/crc.c ****     0x8708a3d2L, 0x1e01f268L, 0x6906c2feL, 0xf762575dL, 0x806567cbL,
  35:../Common/method/crc.c ****     0x196c3671L, 0x6e6b06e7L, 0xfed41b76L, 0x89d32be0L, 0x10da7a5aL,
  36:../Common/method/crc.c ****     0x67dd4accL, 0xf9b9df6fL, 0x8ebeeff9L, 0x17b7be43L, 0x60b08ed5L,
  37:../Common/method/crc.c ****     0xd6d6a3e8L, 0xa1d1937eL, 0x38d8c2c4L, 0x4fdff252L, 0xd1bb67f1L,
  38:../Common/method/crc.c ****     0xa6bc5767L, 0x3fb506ddL, 0x48b2364bL, 0xd80d2bdaL, 0xaf0a1b4cL,
  39:../Common/method/crc.c ****     0x36034af6L, 0x41047a60L, 0xdf60efc3L, 0xa867df55L, 0x316e8eefL,
  40:../Common/method/crc.c ****     0x4669be79L, 0xcb61b38cL, 0xbc66831aL, 0x256fd2a0L, 0x5268e236L,
  41:../Common/method/crc.c ****     0xcc0c7795L, 0xbb0b4703L, 0x220216b9L, 0x5505262fL, 0xc5ba3bbeL,
  42:../Common/method/crc.c ****     0xb2bd0b28L, 0x2bb45a92L, 0x5cb36a04L, 0xc2d7ffa7L, 0xb5d0cf31L,
  43:../Common/method/crc.c ****     0x2cd99e8bL, 0x5bdeae1dL, 0x9b64c2b0L, 0xec63f226L, 0x756aa39cL,
  44:../Common/method/crc.c ****     0x026d930aL, 0x9c0906a9L, 0xeb0e363fL, 0x72076785L, 0x05005713L,
  45:../Common/method/crc.c ****     0x95bf4a82L, 0xe2b87a14L, 0x7bb12baeL, 0x0cb61b38L, 0x92d28e9bL,
  46:../Common/method/crc.c ****     0xe5d5be0dL, 0x7cdcefb7L, 0x0bdbdf21L, 0x86d3d2d4L, 0xf1d4e242L,
  47:../Common/method/crc.c ****     0x68ddb3f8L, 0x1fda836eL, 0x81be16cdL, 0xf6b9265bL, 0x6fb077e1L,
  48:../Common/method/crc.c ****     0x18b74777L, 0x88085ae6L, 0xff0f6a70L, 0x66063bcaL, 0x11010b5cL,
  49:../Common/method/crc.c ****     0x8f659effL, 0xf862ae69L, 0x616bffd3L, 0x166ccf45L, 0xa00ae278L,
  50:../Common/method/crc.c ****     0xd70dd2eeL, 0x4e048354L, 0x3903b3c2L, 0xa7672661L, 0xd06016f7L,
  51:../Common/method/crc.c ****     0x4969474dL, 0x3e6e77dbL, 0xaed16a4aL, 0xd9d65adcL, 0x40df0b66L,
  52:../Common/method/crc.c ****     0x37d83bf0L, 0xa9bcae53L, 0xdebb9ec5L, 0x47b2cf7fL, 0x30b5ffe9L,
  53:../Common/method/crc.c ****     0xbdbdf21cL, 0xcabac28aL, 0x53b39330L, 0x24b4a3a6L, 0xbad03605L,
  54:../Common/method/crc.c ****     0xcdd70693L, 0x54de5729L, 0x23d967bfL, 0xb3667a2eL, 0xc4614ab8L,
  55:../Common/method/crc.c ****     0x5d681b02L, 0x2a6f2b94L, 0xb40bbe37L, 0xc30c8ea1L, 0x5a05df1bL,
  56:../Common/method/crc.c ****     0x2d02ef8dL
  57:../Common/method/crc.c **** };
  58:../Common/method/crc.c **** 
  59:../Common/method/crc.c **** static const unsigned char crc8_table[] =
  60:../Common/method/crc.c **** {
  61:../Common/method/crc.c ****     0x00, 0x31, 0x62, 0x53, 0xc4, 0xf5, 0xa6, 0x97, 0xb9, 0x88, 0xdb, 0xea, 0x7d, 0x4c, 0x1f, 0x2e,
  62:../Common/method/crc.c ****     0x43, 0x72, 0x21, 0x10, 0x87, 0xb6, 0xe5, 0xd4, 0xfa, 0xcb, 0x98, 0xa9, 0x3e, 0x0f, 0x5c, 0x6d,
  63:../Common/method/crc.c ****     0x86, 0xb7, 0xe4, 0xd5, 0x42, 0x73, 0x20, 0x11, 0x3f, 0x0e, 0x5d, 0x6c, 0xfb, 0xca, 0x99, 0xa8,
  64:../Common/method/crc.c ****     0xc5, 0xf4, 0xa7, 0x96, 0x01, 0x30, 0x63, 0x52, 0x7c, 0x4d, 0x1e, 0x2f, 0xb8, 0x89, 0xda, 0xeb,
  65:../Common/method/crc.c ****     0x3d, 0x0c, 0x5f, 0x6e, 0xf9, 0xc8, 0x9b, 0xaa, 0x84, 0xb5, 0xe6, 0xd7, 0x40, 0x71, 0x22, 0x13,
  66:../Common/method/crc.c ****     0x7e, 0x4f, 0x1c, 0x2d, 0xba, 0x8b, 0xd8, 0xe9, 0xc7, 0xf6, 0xa5, 0x94, 0x03, 0x32, 0x61, 0x50,
  67:../Common/method/crc.c ****     0xbb, 0x8a, 0xd9, 0xe8, 0x7f, 0x4e, 0x1d, 0x2c, 0x02, 0x33, 0x60, 0x51, 0xc6, 0xf7, 0xa4, 0x95,
  68:../Common/method/crc.c ****     0xf8, 0xc9, 0x9a, 0xab, 0x3c, 0x0d, 0x5e, 0x6f, 0x41, 0x70, 0x23, 0x12, 0x85, 0xb4, 0xe7, 0xd6,
  69:../Common/method/crc.c ****     0x7a, 0x4b, 0x18, 0x29, 0xbe, 0x8f, 0xdc, 0xed, 0xc3, 0xf2, 0xa1, 0x90, 0x07, 0x36, 0x65, 0x54,
  70:../Common/method/crc.c ****     0x39, 0x08, 0x5b, 0x6a, 0xfd, 0xcc, 0x9f, 0xae, 0x80, 0xb1, 0xe2, 0xd3, 0x44, 0x75, 0x26, 0x17,
  71:../Common/method/crc.c ****     0xfc, 0xcd, 0x9e, 0xaf, 0x38, 0x09, 0x5a, 0x6b, 0x45, 0x74, 0x27, 0x16, 0x81, 0xb0, 0xe3, 0xd2,
  72:../Common/method/crc.c ****     0xbf, 0x8e, 0xdd, 0xec, 0x7b, 0x4a, 0x19, 0x28, 0x06, 0x37, 0x64, 0x55, 0xc2, 0xf3, 0xa0, 0x91,
  73:../Common/method/crc.c ****     0x47, 0x76, 0x25, 0x14, 0x83, 0xb2, 0xe1, 0xd0, 0xfe, 0xcf, 0x9c, 0xad, 0x3a, 0x0b, 0x58, 0x69,
  74:../Common/method/crc.c ****     0x04, 0x35, 0x66, 0x57, 0xc0, 0xf1, 0xa2, 0x93, 0xbd, 0x8c, 0xdf, 0xee, 0x79, 0x48, 0x1b, 0x2a,
  75:../Common/method/crc.c ****     0xc1, 0xf0, 0xa3, 0x92, 0x05, 0x34, 0x67, 0x56, 0x78, 0x49, 0x1a, 0x2b, 0xbc, 0x8d, 0xde, 0xef,
  76:../Common/method/crc.c ****     0x82, 0xb3, 0xe0, 0xd1, 0x46, 0x77, 0x24, 0x15, 0x3b, 0x0a, 0x59, 0x68, 0xff, 0xce, 0x9d, 0xac
  77:../Common/method/crc.c **** };  
  78:../Common/method/crc.c ****     
  79:../Common/method/crc.c **** uint8_t CalcCRC8(unsigned char *ptr, unsigned int len) 
  80:../Common/method/crc.c **** {
  30              		.loc 1 80 1 view -0
  31              		.cfi_startproc
  32              		@ args = 0, pretend = 0, frame = 0
  33              		@ frame_needed = 0, uses_anonymous_args = 0
  34              		@ link register save eliminated.
  35              		.loc 1 80 1 is_stmt 0 view .LVU1
ARM GAS  C:\Users\ADMINI~1\AppData\Local\Temp\cciHmJJL.s 			page 3


  36 0000 0346     		mov	r3, r0
  81:../Common/method/crc.c ****     uint8_t  crc = 0x00;
  37              		.loc 1 81 5 is_stmt 1 view .LVU2
  38              	.LVL1:
  82:../Common/method/crc.c **** 
  83:../Common/method/crc.c ****     while (len--)
  39              		.loc 1 83 5 view .LVU3
  81:../Common/method/crc.c ****     uint8_t  crc = 0x00;
  40              		.loc 1 81 14 is_stmt 0 view .LVU4
  41 0002 0020     		movs	r0, #0
  42              	.LVL2:
  43              		.loc 1 83 11 view .LVU5
  44 0004 05E0     		b	.L2
  45              	.LVL3:
  46              	.L3:
  84:../Common/method/crc.c ****     {
  85:../Common/method/crc.c ****         crc = crc8_table[crc ^ *ptr++];
  47              		.loc 1 85 9 is_stmt 1 view .LVU6
  48              		.loc 1 85 32 is_stmt 0 view .LVU7
  49 0006 13F8012B 		ldrb	r2, [r3], #1	@ zero_extendqisi2
  50              	.LVL4:
  51              		.loc 1 85 30 view .LVU8
  52 000a 4240     		eors	r2, r2, r0
  53              		.loc 1 85 13 view .LVU9
  54 000c 0349     		ldr	r1, .L4
  55 000e 885C     		ldrb	r0, [r1, r2]	@ zero_extendqisi2
  56              	.LVL5:
  83:../Common/method/crc.c ****     {
  57              		.loc 1 83 15 view .LVU10
  58 0010 6146     		mov	r1, ip
  59              	.LVL6:
  60              	.L2:
  83:../Common/method/crc.c ****     {
  61              		.loc 1 83 11 is_stmt 1 view .LVU11
  83:../Common/method/crc.c ****     {
  62              		.loc 1 83 15 is_stmt 0 view .LVU12
  63 0012 01F1FF3C 		add	ip, r1, #-1
  64              	.LVL7:
  83:../Common/method/crc.c ****     {
  65              		.loc 1 83 11 view .LVU13
  66 0016 0029     		cmp	r1, #0
  67 0018 F5D1     		bne	.L3
  86:../Common/method/crc.c ****     }
  87:../Common/method/crc.c ****     return (crc);
  68              		.loc 1 87 5 is_stmt 1 view .LVU14
  88:../Common/method/crc.c **** }    
  69              		.loc 1 88 1 is_stmt 0 view .LVU15
  70 001a 7047     		bx	lr
  71              	.L5:
  72              		.align	2
  73              	.L4:
  74 001c 00000000 		.word	.LANCHOR0
  75              		.cfi_endproc
  76              	.LFE0:
  78              		.section	.text.CRC16_Subsection,"ax",%progbits
  79              		.align	1
  80              		.global	CRC16_Subsection
ARM GAS  C:\Users\ADMINI~1\AppData\Local\Temp\cciHmJJL.s 			page 4


  81              		.syntax unified
  82              		.thumb
  83              		.thumb_func
  84              		.fpu fpv4-sp-d16
  86              	CRC16_Subsection:
  87              	.LVL8:
  88              	.LFB1:
  89:../Common/method/crc.c **** 	
  90:../Common/method/crc.c **** uint16_t CRC16_Subsection(uint8_t *puchMsg, uint16_t value, uint32_t usDataLen)
  91:../Common/method/crc.c **** {
  89              		.loc 1 91 1 is_stmt 1 view -0
  90              		.cfi_startproc
  91              		@ args = 0, pretend = 0, frame = 0
  92              		@ frame_needed = 0, uses_anonymous_args = 0
  93              		@ link register save eliminated.
  94              		.loc 1 91 1 is_stmt 0 view .LVU17
  95 0000 8446     		mov	ip, r0
  96 0002 0846     		mov	r0, r1
  97              	.LVL9:
  92:../Common/method/crc.c ****     unsigned short wCRCin = value;
  98              		.loc 1 92 5 is_stmt 1 view .LVU18
  93:../Common/method/crc.c ****     unsigned short wCPoly = 0x1021;
  99              		.loc 1 93 5 view .LVU19
  94:../Common/method/crc.c ****     unsigned char wChar = 0;
 100              		.loc 1 94 5 view .LVU20
  95:../Common/method/crc.c **** 		
  96:../Common/method/crc.c ****     while (usDataLen--)
 101              		.loc 1 96 5 view .LVU21
 102              	.L7:
 103              		.loc 1 96 11 view .LVU22
 104 0004 1346     		mov	r3, r2
 105              		.loc 1 96 21 is_stmt 0 view .LVU23
 106 0006 013A     		subs	r2, r2, #1
 107              	.LVL10:
 108              		.loc 1 96 11 view .LVU24
 109 0008 9BB1     		cbz	r3, .L13
  97:../Common/method/crc.c ****     {
  98:../Common/method/crc.c ****         wChar = *(puchMsg++);
 110              		.loc 1 98 9 is_stmt 1 view .LVU25
 111              	.LVL11:
 112              		.loc 1 98 15 is_stmt 0 view .LVU26
 113 000a 1CF8013B 		ldrb	r3, [ip], #1	@ zero_extendqisi2
 114              	.LVL12:
  99:../Common/method/crc.c ****         wCRCin ^= (wChar << 8);
 115              		.loc 1 99 9 is_stmt 1 view .LVU27
 116              		.loc 1 99 16 is_stmt 0 view .LVU28
 117 000e 80EA0320 		eor	r0, r0, r3, lsl #8
 118              	.LVL13:
 100:../Common/method/crc.c **** 
 101:../Common/method/crc.c ****         for(int i = 0; i < 8; i++)
 119              		.loc 1 101 9 is_stmt 1 view .LVU29
 120              	.LBB2:
 121              		.loc 1 101 13 view .LVU30
 122              		.loc 1 101 17 is_stmt 0 view .LVU31
 123 0012 0023     		movs	r3, #0
 124              	.LVL14:
 125              		.loc 1 101 9 view .LVU32
ARM GAS  C:\Users\ADMINI~1\AppData\Local\Temp\cciHmJJL.s 			page 5


 126 0014 02E0     		b	.L8
 127              	.LVL15:
 128              	.L9:
 102:../Common/method/crc.c ****         {
 103:../Common/method/crc.c ****             if(wCRCin & 0x8000)
 104:../Common/method/crc.c ****             {
 105:../Common/method/crc.c ****                 wCRCin = (wCRCin << 1) ^ wCPoly;
 106:../Common/method/crc.c ****             }
 107:../Common/method/crc.c ****             else
 108:../Common/method/crc.c ****             {
 109:../Common/method/crc.c ****                 wCRCin = wCRCin << 1;
 129              		.loc 1 109 17 is_stmt 1 view .LVU33
 130              		.loc 1 109 24 is_stmt 0 view .LVU34
 131 0016 4000     		lsls	r0, r0, #1
 132              	.LVL16:
 133              		.loc 1 109 24 view .LVU35
 134 0018 80B2     		uxth	r0, r0
 135              	.LVL17:
 136              	.L10:
 101:../Common/method/crc.c ****         {
 137              		.loc 1 101 31 is_stmt 1 discriminator 2 view .LVU36
 101:../Common/method/crc.c ****         {
 138              		.loc 1 101 32 is_stmt 0 discriminator 2 view .LVU37
 139 001a 0133     		adds	r3, r3, #1
 140              	.LVL18:
 141              	.L8:
 101:../Common/method/crc.c ****         {
 142              		.loc 1 101 24 is_stmt 1 discriminator 1 view .LVU38
 101:../Common/method/crc.c ****         {
 143              		.loc 1 101 9 is_stmt 0 discriminator 1 view .LVU39
 144 001c 072B     		cmp	r3, #7
 145 001e F1DC     		bgt	.L7
 103:../Common/method/crc.c ****             {
 146              		.loc 1 103 13 is_stmt 1 view .LVU40
 103:../Common/method/crc.c ****             {
 147              		.loc 1 103 15 is_stmt 0 view .LVU41
 148 0020 10F4004F 		tst	r0, #32768
 149 0024 F7D0     		beq	.L9
 105:../Common/method/crc.c ****             }
 150              		.loc 1 105 17 is_stmt 1 view .LVU42
 105:../Common/method/crc.c ****             }
 151              		.loc 1 105 40 is_stmt 0 view .LVU43
 152 0026 41F22101 		movw	r1, #4129
 153 002a 81EA4000 		eor	r0, r1, r0, lsl #1
 154              	.LVL19:
 105:../Common/method/crc.c ****             }
 155              		.loc 1 105 24 view .LVU44
 156 002e 80B2     		uxth	r0, r0
 157              	.LVL20:
 105:../Common/method/crc.c ****             }
 158              		.loc 1 105 24 view .LVU45
 159 0030 F3E7     		b	.L10
 160              	.LVL21:
 161              	.L13:
 105:../Common/method/crc.c ****             }
 162              		.loc 1 105 24 view .LVU46
 163              	.LBE2:
ARM GAS  C:\Users\ADMINI~1\AppData\Local\Temp\cciHmJJL.s 			page 6


 110:../Common/method/crc.c ****             }
 111:../Common/method/crc.c ****         }
 112:../Common/method/crc.c ****     }
 113:../Common/method/crc.c ****     return (wCRCin) ;
 164              		.loc 1 113 5 is_stmt 1 view .LVU47
 114:../Common/method/crc.c **** }
 165              		.loc 1 114 1 is_stmt 0 view .LVU48
 166 0032 7047     		bx	lr
 167              		.cfi_endproc
 168              	.LFE1:
 170              		.section	.text.printf_test,"ax",%progbits
 171              		.align	1
 172              		.global	printf_test
 173              		.syntax unified
 174              		.thumb
 175              		.thumb_func
 176              		.fpu fpv4-sp-d16
 178              	printf_test:
 179              	.LVL22:
 180              	.LFB2:
 115:../Common/method/crc.c **** /* Return a 32-bit CRC of the contents of the buffer. */
 116:../Common/method/crc.c **** 
 117:../Common/method/crc.c **** void printf_test(const char* name, uint8_t* buff, uint8_t len)
 118:../Common/method/crc.c **** {
 181              		.loc 1 118 1 is_stmt 1 view -0
 182              		.cfi_startproc
 183              		@ args = 0, pretend = 0, frame = 0
 184              		@ frame_needed = 0, uses_anonymous_args = 0
 185              		@ link register save eliminated.
 119:../Common/method/crc.c **** 	if(!name || !buff)
 186              		.loc 1 119 2 view .LVU50
 187              		.loc 1 119 4 is_stmt 0 view .LVU51
 188 0000 28B1     		cbz	r0, .L14
 189              		.loc 1 119 11 discriminator 1 view .LVU52
 190 0002 21B1     		cbz	r1, .L14
 120:../Common/method/crc.c **** 		return;
 121:../Common/method/crc.c **** 	
 122:../Common/method/crc.c **** 	int i;
 123:../Common/method/crc.c **** 	for(i = 0; i < len; i++)
 191              		.loc 1 123 8 view .LVU53
 192 0004 0023     		movs	r3, #0
 193 0006 00E0     		b	.L16
 194              	.LVL23:
 195              	.L17:
 124:../Common/method/crc.c **** 	{
 125:../Common/method/crc.c **** 		//printf("%s[%d]=0x%x\r\n", name, i, buff[i]);
 126:../Common/method/crc.c **** 	}
 196              		.loc 1 126 2 is_stmt 1 discriminator 3 view .LVU54
 123:../Common/method/crc.c **** 	{
 197              		.loc 1 123 22 discriminator 3 view .LVU55
 123:../Common/method/crc.c **** 	{
 198              		.loc 1 123 23 is_stmt 0 discriminator 3 view .LVU56
 199 0008 0133     		adds	r3, r3, #1
 200              	.LVL24:
 201              	.L16:
 123:../Common/method/crc.c **** 	{
 202              		.loc 1 123 13 is_stmt 1 discriminator 1 view .LVU57
ARM GAS  C:\Users\ADMINI~1\AppData\Local\Temp\cciHmJJL.s 			page 7


 123:../Common/method/crc.c **** 	{
 203              		.loc 1 123 2 is_stmt 0 discriminator 1 view .LVU58
 204 000a 9A42     		cmp	r2, r3
 205 000c FCDC     		bgt	.L17
 206              	.LVL25:
 207              	.L14:
 127:../Common/method/crc.c **** }
 208              		.loc 1 127 1 view .LVU59
 209 000e 7047     		bx	lr
 210              		.cfi_endproc
 211              	.LFE2:
 213              		.section	.text.CalcCRC32,"ax",%progbits
 214              		.align	1
 215              		.global	CalcCRC32
 216              		.syntax unified
 217              		.thumb
 218              		.thumb_func
 219              		.fpu fpv4-sp-d16
 221              	CalcCRC32:
 222              	.LVL26:
 223              	.LFB3:
 128:../Common/method/crc.c **** 
 129:../Common/method/crc.c **** unsigned long CalcCRC32(const unsigned char *s, unsigned int len)
 130:../Common/method/crc.c **** {
 224              		.loc 1 130 1 is_stmt 1 view -0
 225              		.cfi_startproc
 226              		@ args = 0, pretend = 0, frame = 0
 227              		@ frame_needed = 0, uses_anonymous_args = 0
 228              		@ link register save eliminated.
 131:../Common/method/crc.c **** 	unsigned int i;
 229              		.loc 1 131 2 view .LVU61
 132:../Common/method/crc.c **** 	unsigned long crc32val;
 230              		.loc 1 132 2 view .LVU62
 133:../Common/method/crc.c **** 
 134:../Common/method/crc.c **** 	crc32val = 0xFFFFFFFF;
 231              		.loc 1 134 2 view .LVU63
 135:../Common/method/crc.c **** 
 136:../Common/method/crc.c **** 	for (i = 0; i < len; i++)
 232              		.loc 1 136 2 view .LVU64
 134:../Common/method/crc.c **** 
 233              		.loc 1 134 11 is_stmt 0 view .LVU65
 234 0000 4FF0FF3C 		mov	ip, #-1
 235              		.loc 1 136 9 view .LVU66
 236 0004 0022     		movs	r2, #0
 237              	.LVL27:
 238              		.loc 1 136 14 is_stmt 1 view .LVU67
 239              		.loc 1 136 2 is_stmt 0 view .LVU68
 240 0006 8A42     		cmp	r2, r1
 241 0008 11D2     		bcs	.L25
 130:../Common/method/crc.c **** 	unsigned int i;
 242              		.loc 1 130 1 view .LVU69
 243 000a 10B4     		push	{r4}
 244              	.LCFI0:
 245              		.cfi_def_cfa_offset 4
 246              		.cfi_offset 4, -4
 247              	.L20:
 137:../Common/method/crc.c **** 	{
ARM GAS  C:\Users\ADMINI~1\AppData\Local\Temp\cciHmJJL.s 			page 8


 138:../Common/method/crc.c **** 		crc32val = crc32_tab[(crc32val ^ s[i]) & 0xff] ^ (crc32val >> 8);
 248              		.loc 1 138 3 is_stmt 1 discriminator 3 view .LVU70
 249              		.loc 1 138 37 is_stmt 0 discriminator 3 view .LVU71
 250 000c 835C     		ldrb	r3, [r0, r2]	@ zero_extendqisi2
 251              		.loc 1 138 34 discriminator 3 view .LVU72
 252 000e 83EA0C03 		eor	r3, r3, ip
 253              		.loc 1 138 42 discriminator 3 view .LVU73
 254 0012 DBB2     		uxtb	r3, r3
 255              		.loc 1 138 23 discriminator 3 view .LVU74
 256 0014 074C     		ldr	r4, .L26
 257 0016 54F82330 		ldr	r3, [r4, r3, lsl #2]
 258              		.loc 1 138 12 discriminator 3 view .LVU75
 259 001a 83EA1C2C 		eor	ip, r3, ip, lsr #8
 260              	.LVL28:
 136:../Common/method/crc.c **** 	{
 261              		.loc 1 136 23 is_stmt 1 discriminator 3 view .LVU76
 136:../Common/method/crc.c **** 	{
 262              		.loc 1 136 24 is_stmt 0 discriminator 3 view .LVU77
 263 001e 0132     		adds	r2, r2, #1
 264              	.LVL29:
 136:../Common/method/crc.c **** 	{
 265              		.loc 1 136 14 is_stmt 1 discriminator 3 view .LVU78
 136:../Common/method/crc.c **** 	{
 266              		.loc 1 136 2 is_stmt 0 discriminator 3 view .LVU79
 267 0020 8A42     		cmp	r2, r1
 268 0022 F3D3     		bcc	.L20
 139:../Common/method/crc.c **** 	}
 140:../Common/method/crc.c **** 
 141:../Common/method/crc.c **** 	return ~crc32val;
 269              		.loc 1 141 2 is_stmt 1 view .LVU80
 142:../Common/method/crc.c **** }
 270              		.loc 1 142 1 is_stmt 0 view .LVU81
 271 0024 6FEA0C00 		mvn	r0, ip
 272              	.LVL30:
 273              		.loc 1 142 1 view .LVU82
 274 0028 5DF8044B 		ldr	r4, [sp], #4
 275              	.LCFI1:
 276              		.cfi_restore 4
 277              		.cfi_def_cfa_offset 0
 278 002c 7047     		bx	lr
 279              	.LVL31:
 280              	.L25:
 141:../Common/method/crc.c **** }
 281              		.loc 1 141 2 is_stmt 1 view .LVU83
 282              		.loc 1 142 1 is_stmt 0 view .LVU84
 283 002e 6FEA0C00 		mvn	r0, ip
 284              	.LVL32:
 285              		.loc 1 142 1 view .LVU85
 286 0032 7047     		bx	lr
 287              	.L27:
 288              		.align	2
 289              	.L26:
 290 0034 00000000 		.word	.LANCHOR1
 291              		.cfi_endproc
 292              	.LFE3:
 294              		.section	.text.CRC32_Subsection,"ax",%progbits
 295              		.align	1
ARM GAS  C:\Users\ADMINI~1\AppData\Local\Temp\cciHmJJL.s 			page 9


 296              		.global	CRC32_Subsection
 297              		.syntax unified
 298              		.thumb
 299              		.thumb_func
 300              		.fpu fpv4-sp-d16
 302              	CRC32_Subsection:
 303              	.LVL33:
 304              	.LFB4:
 143:../Common/method/crc.c **** 
 144:../Common/method/crc.c **** 	
 145:../Common/method/crc.c **** uint32_t CRC32_Subsection(const unsigned char *s, uint32_t value, uint32_t len)
 146:../Common/method/crc.c **** {
 305              		.loc 1 146 1 is_stmt 1 view -0
 306              		.cfi_startproc
 307              		@ args = 0, pretend = 0, frame = 0
 308              		@ frame_needed = 0, uses_anonymous_args = 0
 309              		@ link register save eliminated.
 147:../Common/method/crc.c **** 	unsigned int i;
 310              		.loc 1 147 2 view .LVU87
 148:../Common/method/crc.c **** 	uint32_t crc32val;
 311              		.loc 1 148 2 view .LVU88
 149:../Common/method/crc.c **** 
 150:../Common/method/crc.c **** 	crc32val = value;
 312              		.loc 1 150 2 view .LVU89
 151:../Common/method/crc.c **** 
 152:../Common/method/crc.c **** 	for (i = 0; i < len; i++)
 313              		.loc 1 152 2 view .LVU90
 314              		.loc 1 152 9 is_stmt 0 view .LVU91
 315 0000 4FF0000C 		mov	ip, #0
 316              	.LVL34:
 317              		.loc 1 152 14 is_stmt 1 view .LVU92
 318              		.loc 1 152 2 is_stmt 0 view .LVU93
 319 0004 9445     		cmp	ip, r2
 320 0006 11D2     		bcs	.L35
 146:../Common/method/crc.c **** 	unsigned int i;
 321              		.loc 1 146 1 view .LVU94
 322 0008 10B4     		push	{r4}
 323              	.LCFI2:
 324              		.cfi_def_cfa_offset 4
 325              		.cfi_offset 4, -4
 326              	.LVL35:
 327              	.L30:
 153:../Common/method/crc.c **** 	{
 154:../Common/method/crc.c **** 		crc32val = crc32_tab[(crc32val ^ s[i]) & 0xff] ^ (crc32val >> 8);
 328              		.loc 1 154 3 is_stmt 1 discriminator 3 view .LVU95
 329              		.loc 1 154 37 is_stmt 0 discriminator 3 view .LVU96
 330 000a 10F80C30 		ldrb	r3, [r0, ip]	@ zero_extendqisi2
 331              		.loc 1 154 34 discriminator 3 view .LVU97
 332 000e 4B40     		eors	r3, r3, r1
 333              		.loc 1 154 42 discriminator 3 view .LVU98
 334 0010 DBB2     		uxtb	r3, r3
 335              		.loc 1 154 23 discriminator 3 view .LVU99
 336 0012 074C     		ldr	r4, .L36
 337 0014 54F82330 		ldr	r3, [r4, r3, lsl #2]
 338              		.loc 1 154 12 discriminator 3 view .LVU100
 339 0018 83EA1121 		eor	r1, r3, r1, lsr #8
 340              	.LVL36:
ARM GAS  C:\Users\ADMINI~1\AppData\Local\Temp\cciHmJJL.s 			page 10


 152:../Common/method/crc.c **** 	{
 341              		.loc 1 152 23 is_stmt 1 discriminator 3 view .LVU101
 152:../Common/method/crc.c **** 	{
 342              		.loc 1 152 24 is_stmt 0 discriminator 3 view .LVU102
 343 001c 0CF1010C 		add	ip, ip, #1
 344              	.LVL37:
 152:../Common/method/crc.c **** 	{
 345              		.loc 1 152 14 is_stmt 1 discriminator 3 view .LVU103
 152:../Common/method/crc.c **** 	{
 346              		.loc 1 152 2 is_stmt 0 discriminator 3 view .LVU104
 347 0020 9445     		cmp	ip, r2
 348 0022 F2D3     		bcc	.L30
 155:../Common/method/crc.c **** 	}
 156:../Common/method/crc.c **** 
 157:../Common/method/crc.c **** 	return ~crc32val;
 349              		.loc 1 157 2 is_stmt 1 view .LVU105
 158:../Common/method/crc.c **** }
 350              		.loc 1 158 1 is_stmt 0 view .LVU106
 351 0024 C843     		mvns	r0, r1
 352              	.LVL38:
 353              		.loc 1 158 1 view .LVU107
 354 0026 5DF8044B 		ldr	r4, [sp], #4
 355              	.LCFI3:
 356              		.cfi_restore 4
 357              		.cfi_def_cfa_offset 0
 358 002a 7047     		bx	lr
 359              	.LVL39:
 360              	.L35:
 157:../Common/method/crc.c **** }
 361              		.loc 1 157 2 is_stmt 1 view .LVU108
 362              		.loc 1 158 1 is_stmt 0 view .LVU109
 363 002c C843     		mvns	r0, r1
 364              	.LVL40:
 365              		.loc 1 158 1 view .LVU110
 366 002e 7047     		bx	lr
 367              	.L37:
 368              		.align	2
 369              	.L36:
 370 0030 00000000 		.word	.LANCHOR1
 371              		.cfi_endproc
 372              	.LFE4:
 374              		.section	.rodata.crc32_tab,"a"
 375              		.align	2
 376              		.set	.LANCHOR1,. + 0
 379              	crc32_tab:
 380 0000 00000000 		.word	0
 381 0004 96300777 		.word	1996959894
 382 0008 2C610EEE 		.word	-301047508
 383 000c BA510999 		.word	-1727442502
 384 0010 19C46D07 		.word	124634137
 385 0014 8FF46A70 		.word	1886057615
 386 0018 35A563E9 		.word	-379345611
 387 001c A395649E 		.word	-1637575261
 388 0020 3288DB0E 		.word	249268274
 389 0024 A4B8DC79 		.word	2044508324
 390 0028 1EE9D5E0 		.word	-522852066
 391 002c 88D9D297 		.word	-1747789432
ARM GAS  C:\Users\ADMINI~1\AppData\Local\Temp\cciHmJJL.s 			page 11


 392 0030 2B4CB609 		.word	162941995
 393 0034 BD7CB17E 		.word	2125561021
 394 0038 072DB8E7 		.word	-407360249
 395 003c 911DBF90 		.word	-1866523247
 396 0040 6410B71D 		.word	498536548
 397 0044 F220B06A 		.word	1789927666
 398 0048 4871B9F3 		.word	-205950648
 399 004c DE41BE84 		.word	-2067906082
 400 0050 7DD4DA1A 		.word	450548861
 401 0054 EBE4DD6D 		.word	1843258603
 402 0058 51B5D4F4 		.word	-187386543
 403 005c C785D383 		.word	-2083289657
 404 0060 56986C13 		.word	325883990
 405 0064 C0A86B64 		.word	1684777152
 406 0068 7AF962FD 		.word	-43845254
 407 006c ECC9658A 		.word	-1973040660
 408 0070 4F5C0114 		.word	335633487
 409 0074 D96C0663 		.word	1661365465
 410 0078 633D0FFA 		.word	-99664541
 411 007c F50D088D 		.word	-1928851979
 412 0080 C8206E3B 		.word	997073096
 413 0084 5E10694C 		.word	1281953886
 414 0088 E44160D5 		.word	-715111964
 415 008c 727167A2 		.word	-1570279054
 416 0090 D1E4033C 		.word	1006888145
 417 0094 47D4044B 		.word	1258607687
 418 0098 FD850DD2 		.word	-770865667
 419 009c 6BB50AA5 		.word	-1526024853
 420 00a0 FAA8B535 		.word	901097722
 421 00a4 6C98B242 		.word	1119000684
 422 00a8 D6C9BBDB 		.word	-608450090
 423 00ac 40F9BCAC 		.word	-1396901568
 424 00b0 E36CD832 		.word	853044451
 425 00b4 755CDF45 		.word	1172266101
 426 00b8 CF0DD6DC 		.word	-589951537
 427 00bc 593DD1AB 		.word	-1412350631
 428 00c0 AC30D926 		.word	651767980
 429 00c4 3A00DE51 		.word	1373503546
 430 00c8 8051D7C8 		.word	-925412992
 431 00cc 1661D0BF 		.word	-1076862698
 432 00d0 B5F4B421 		.word	565507253
 433 00d4 23C4B356 		.word	1454621731
 434 00d8 9995BACF 		.word	-809855591
 435 00dc 0FA5BDB8 		.word	-1195530993
 436 00e0 9EB80228 		.word	671266974
 437 00e4 0888055F 		.word	1594198024
 438 00e8 B2D90CC6 		.word	-972236366
 439 00ec 24E90BB1 		.word	-1324619484
 440 00f0 877C6F2F 		.word	795835527
 441 00f4 114C6858 		.word	1483230225
 442 00f8 AB1D61C1 		.word	-1050600021
 443 00fc 3D2D66B6 		.word	-1234817731
 444 0100 9041DC76 		.word	1994146192
 445 0104 0671DB01 		.word	31158534
 446 0108 BC20D298 		.word	-1731059524
 447 010c 2A10D5EF 		.word	-271249366
 448 0110 8985B171 		.word	1907459465
ARM GAS  C:\Users\ADMINI~1\AppData\Local\Temp\cciHmJJL.s 			page 12


 449 0114 1FB5B606 		.word	112637215
 450 0118 A5E4BF9F 		.word	-1614814043
 451 011c 33D4B8E8 		.word	-390540237
 452 0120 A2C90778 		.word	2013776290
 453 0124 34F9000F 		.word	251722036
 454 0128 8EA80996 		.word	-1777751922
 455 012c 18980EE1 		.word	-519137256
 456 0130 BB0D6A7F 		.word	2137656763
 457 0134 2D3D6D08 		.word	141376813
 458 0138 976C6491 		.word	-1855689577
 459 013c 015C63E6 		.word	-429695999
 460 0140 F4516B6B 		.word	1802195444
 461 0144 62616C1C 		.word	476864866
 462 0148 D8306585 		.word	-2056965928
 463 014c 4E0062F2 		.word	-228458418
 464 0150 ED95066C 		.word	1812370925
 465 0154 7BA5011B 		.word	453092731
 466 0158 C1F40882 		.word	-2113342271
 467 015c 57C40FF5 		.word	-183516073
 468 0160 C6D9B065 		.word	1706088902
 469 0164 50E9B712 		.word	314042704
 470 0168 EAB8BE8B 		.word	-1950435094
 471 016c 7C88B9FC 		.word	-54949764
 472 0170 DF1DDD62 		.word	1658658271
 473 0174 492DDA15 		.word	366619977
 474 0178 F37CD38C 		.word	-1932296973
 475 017c 654CD4FB 		.word	-69972891
 476 0180 5861B24D 		.word	1303535960
 477 0184 CE51B53A 		.word	984961486
 478 0188 7400BCA3 		.word	-1547960204
 479 018c E230BBD4 		.word	-725929758
 480 0190 41A5DF4A 		.word	1256170817
 481 0194 D795D83D 		.word	1037604311
 482 0198 6DC4D1A4 		.word	-1529756563
 483 019c FBF4D6D3 		.word	-740887301
 484 01a0 6AE96943 		.word	1131014506
 485 01a4 FCD96E34 		.word	879679996
 486 01a8 468867AD 		.word	-1385723834
 487 01ac D0B860DA 		.word	-631195440
 488 01b0 732D0444 		.word	1141124467
 489 01b4 E51D0333 		.word	855842277
 490 01b8 5F4C0AAA 		.word	-1442165665
 491 01bc C97C0DDD 		.word	-586318647
 492 01c0 3C710550 		.word	1342533948
 493 01c4 AA410227 		.word	654459306
 494 01c8 10100BBE 		.word	-1106571248
 495 01cc 86200CC9 		.word	-921952122
 496 01d0 25B56857 		.word	1466479909
 497 01d4 B3856F20 		.word	544179635
 498 01d8 09D466B9 		.word	-1184443383
 499 01dc 9FE461CE 		.word	-832445281
 500 01e0 0EF9DE5E 		.word	1591671054
 501 01e4 98C9D929 		.word	702138776
 502 01e8 2298D0B0 		.word	-1328506846
 503 01ec B4A8D7C7 		.word	-942167884
 504 01f0 173DB359 		.word	1504918807
 505 01f4 810DB42E 		.word	783551873
ARM GAS  C:\Users\ADMINI~1\AppData\Local\Temp\cciHmJJL.s 			page 13


 506 01f8 3B5CBDB7 		.word	-1212326853
 507 01fc AD6CBAC0 		.word	-1061524307
 508 0200 2083B8ED 		.word	-306674912
 509 0204 B6B3BF9A 		.word	-1698712650
 510 0208 0CE2B603 		.word	62317068
 511 020c 9AD2B174 		.word	1957810842
 512 0210 3947D5EA 		.word	-355121351
 513 0214 AF77D29D 		.word	-1647151185
 514 0218 1526DB04 		.word	81470997
 515 021c 8316DC73 		.word	1943803523
 516 0220 120B63E3 		.word	-480048366
 517 0224 843B6494 		.word	-1805370492
 518 0228 3E6A6D0D 		.word	225274430
 519 022c A85A6A7A 		.word	2053790376
 520 0230 0BCF0EE4 		.word	-468791541
 521 0234 9DFF0993 		.word	-1828061283
 522 0238 27AE000A 		.word	167816743
 523 023c B19E077D 		.word	2097651377
 524 0240 44930FF0 		.word	-267414716
 525 0244 D2A30887 		.word	-2029476910
 526 0248 68F2011E 		.word	503444072
 527 024c FEC20669 		.word	1762050814
 528 0250 5D5762F7 		.word	-144550051
 529 0254 CB676580 		.word	-2140837941
 530 0258 71366C19 		.word	426522225
 531 025c E7066B6E 		.word	1852507879
 532 0260 761BD4FE 		.word	-19653770
 533 0264 E02BD389 		.word	-1982649376
 534 0268 5A7ADA10 		.word	282753626
 535 026c CC4ADD67 		.word	1742555852
 536 0270 6FDFB9F9 		.word	-105259153
 537 0274 F9EFBE8E 		.word	-1900089351
 538 0278 43BEB717 		.word	397917763
 539 027c D58EB060 		.word	1622183637
 540 0280 E8A3D6D6 		.word	-690576408
 541 0284 7E93D1A1 		.word	-1580100738
 542 0288 C4C2D838 		.word	953729732
 543 028c 52F2DF4F 		.word	1340076626
 544 0290 F167BBD1 		.word	-776247311
 545 0294 6757BCA6 		.word	-1497606297
 546 0298 DD06B53F 		.word	1068828381
 547 029c 4B36B248 		.word	1219638859
 548 02a0 DA2B0DD8 		.word	-670225446
 549 02a4 4C1B0AAF 		.word	-1358292148
 550 02a8 F64A0336 		.word	906185462
 551 02ac 607A0441 		.word	1090812512
 552 02b0 C3EF60DF 		.word	-547295293
 553 02b4 55DF67A8 		.word	-1469587627
 554 02b8 EF8E6E31 		.word	829329135
 555 02bc 79BE6946 		.word	1181335161
 556 02c0 8CB361CB 		.word	-882789492
 557 02c4 1A8366BC 		.word	-1134132454
 558 02c8 A0D26F25 		.word	628085408
 559 02cc 36E26852 		.word	1382605366
 560 02d0 95770CCC 		.word	-871598187
 561 02d4 03470BBB 		.word	-1156888829
 562 02d8 B9160222 		.word	570562233
ARM GAS  C:\Users\ADMINI~1\AppData\Local\Temp\cciHmJJL.s 			page 14


 563 02dc 2F260555 		.word	1426400815
 564 02e0 BE3BBAC5 		.word	-977650754
 565 02e4 280BBDB2 		.word	-1296233688
 566 02e8 925AB42B 		.word	733239954
 567 02ec 046AB35C 		.word	1555261956
 568 02f0 A7FFD7C2 		.word	-1026031705
 569 02f4 31CFD0B5 		.word	-1244606671
 570 02f8 8B9ED92C 		.word	752459403
 571 02fc 1DAEDE5B 		.word	1541320221
 572 0300 B0C2649B 		.word	-1687895376
 573 0304 26F263EC 		.word	-328994266
 574 0308 9CA36A75 		.word	1969922972
 575 030c 0A936D02 		.word	40735498
 576 0310 A906099C 		.word	-1677130071
 577 0314 3F360EEB 		.word	-351390145
 578 0318 85670772 		.word	1913087877
 579 031c 13570005 		.word	83908371
 580 0320 824ABF95 		.word	-1782625662
 581 0324 147AB8E2 		.word	-491226604
 582 0328 AE2BB17B 		.word	2075208622
 583 032c 381BB60C 		.word	213261112
 584 0330 9B8ED292 		.word	-1831694693
 585 0334 0DBED5E5 		.word	-438977011
 586 0338 B7EFDC7C 		.word	2094854071
 587 033c 21DFDB0B 		.word	198958881
 588 0340 D4D2D386 		.word	-2032938284
 589 0344 42E2D4F1 		.word	-237706686
 590 0348 F8B3DD68 		.word	1759359992
 591 034c 6E83DA1F 		.word	534414190
 592 0350 CD16BE81 		.word	-2118248755
 593 0354 5B26B9F6 		.word	-155638181
 594 0358 E177B06F 		.word	1873836001
 595 035c 7747B718 		.word	414664567
 596 0360 E65A0888 		.word	-2012718362
 597 0364 706A0FFF 		.word	-15766928
 598 0368 CA3B0666 		.word	1711684554
 599 036c 5C0B0111 		.word	285281116
 600 0370 FF9E658F 		.word	-1889165569
 601 0374 69AE62F8 		.word	-127750551
 602 0378 D3FF6B61 		.word	1634467795
 603 037c 45CF6C16 		.word	376229701
 604 0380 78E20AA0 		.word	-1609899400
 605 0384 EED20DD7 		.word	-686959890
 606 0388 5483044E 		.word	1308918612
 607 038c C2B30339 		.word	956543938
 608 0390 612667A7 		.word	-1486412191
 609 0394 F71660D0 		.word	-799009033
 610 0398 4D476949 		.word	1231636301
 611 039c DB776E3E 		.word	1047427035
 612 03a0 4A6AD1AE 		.word	-1362007478
 613 03a4 DC5AD6D9 		.word	-640263460
 614 03a8 660BDF40 		.word	1088359270
 615 03ac F03BD837 		.word	936918000
 616 03b0 53AEBCA9 		.word	-1447252397
 617 03b4 C59EBBDE 		.word	-558129467
 618 03b8 7FCFB247 		.word	1202900863
 619 03bc E9FFB530 		.word	817233897
ARM GAS  C:\Users\ADMINI~1\AppData\Local\Temp\cciHmJJL.s 			page 15


 620 03c0 1CF2BDBD 		.word	-1111625188
 621 03c4 8AC2BACA 		.word	-893730166
 622 03c8 3093B353 		.word	1404277552
 623 03cc A6A3B424 		.word	615818150
 624 03d0 0536D0BA 		.word	-1160759803
 625 03d4 9306D7CD 		.word	-841546093
 626 03d8 2957DE54 		.word	1423857449
 627 03dc BF67D923 		.word	601450431
 628 03e0 2E7A66B3 		.word	-1285129682
 629 03e4 B84A61C4 		.word	-1000256840
 630 03e8 021B685D 		.word	1567103746
 631 03ec 942B6F2A 		.word	711928724
 632 03f0 37BE0BB4 		.word	-1274298825
 633 03f4 A18E0CC3 		.word	-1022587231
 634 03f8 1BDF055A 		.word	1510334235
 635 03fc 8DEF022D 		.word	755167117
 636              		.section	.rodata.crc8_table,"a"
 637              		.align	2
 638              		.set	.LANCHOR0,. + 0
 641              	crc8_table:
 642 0000 00316253 		.ascii	"\0001bS\304\365\246\227\271\210\333\352}L\037.Cr!\020"
 642      C4F5A697 
 642      B988DBEA 
 642      7D4C1F2E 
 642      43722110 
 643 0014 87B6E5D4 		.ascii	"\207\266\345\324\372\313\230\251>\017\\m\206\267\344"
 643      FACB98A9 
 643      3E0F5C6D 
 643      86B7E4
 644 0023 D5427320 		.ascii	"\325Bs \021?\016]l\373\312\231\250\305\364\247\226\001"
 644      113F0E5D 
 644      6CFBCA99 
 644      A8C5F4A7 
 644      9601
 645 0035 3063527C 		.ascii	"0cR|M\036/\270\211\332\353=\014_n\371\310\233\252\204"
 645      4D1E2FB8 
 645      89DAEB3D 
 645      0C5F6EF9 
 645      C89BAA84 
 646 0049 B5E6D740 		.ascii	"\265\346\327@q\"\023~O\034-\272\213\330\351\307\366"
 646      7122137E 
 646      4F1C2DBA 
 646      8BD8E9C7 
 646      F6
 647 005a A5940332 		.ascii	"\245\224\0032aP\273\212\331\350\177N\035,\0023`Q\306"
 647      6150BB8A 
 647      D9E87F4E 
 647      1D2C0233 
 647      6051C6
 648 006d F7A495F8 		.ascii	"\367\244\225\370\311\232\253<\015^oAp#\022\205\264\347"
 648      C99AAB3C 
 648      0D5E6F41 
 648      70231285 
 648      B4E7
 649 007f D67A4B18 		.ascii	"\326zK\030)\276\217\334\355\303\362\241\220\0076eT9"
 649      29BE8FDC 
 649      EDC3F2A1 
ARM GAS  C:\Users\ADMINI~1\AppData\Local\Temp\cciHmJJL.s 			page 16


 649      90073665 
 649      5439
 650 0091 085B6AFD 		.ascii	"\010[j\375\314\237\256\200\261\342\323Du&\027\374\315"
 650      CC9FAE80 
 650      B1E2D344 
 650      752617FC 
 650      CD
 651 00a2 9EAF3809 		.ascii	"\236\2578\011ZkEt'\026\201\260\343\322\277\216\335\354"
 651      5A6B4574 
 651      271681B0 
 651      E3D2BF8E 
 651      DDEC
 652 00b4 7B4A1928 		.ascii	"{J\031(\0067dU\302\363\240\221Gv%\024\203\262\341\320"
 652      06376455 
 652      C2F3A091 
 652      47762514 
 652      83B2E1D0 
 653 00c8 FECF9CAD 		.ascii	"\376\317\234\255:\013Xi\0045fW\300\361\242\223\275\214"
 653      3A0B5869 
 653      04356657 
 653      C0F1A293 
 653      BD8C
 654 00da DFEE7948 		.ascii	"\337\356yH\033*\301\360\243\222\0054gVxI\032+\274\215"
 654      1B2AC1F0 
 654      A3920534 
 654      67567849 
 654      1A2BBC8D 
 655 00ee DEEF82B3 		.ascii	"\336\357\202\263\340\321Fw$\025;\012Yh\377\316\235\254"
 655      E0D14677 
 655      24153B0A 
 655      5968FFCE 
 655      9DAC
 656              		.text
 657              	.Letext0:
 658              		.file 2 "d:\\program files (x86)\\gcc-arm-none-eabi-10-2020-q4-major-win32\\tool\\arm-none-eabi\\i
 659              		.file 3 "d:\\program files (x86)\\gcc-arm-none-eabi-10-2020-q4-major-win32\\tool\\arm-none-eabi\\i
ARM GAS  C:\Users\ADMINI~1\AppData\Local\Temp\cciHmJJL.s 			page 17


DEFINED SYMBOLS
                            *ABS*:00000000 crc.c
C:\Users\ADMINI~1\AppData\Local\Temp\cciHmJJL.s:18     .text.CalcCRC8:00000000 $t
C:\Users\ADMINI~1\AppData\Local\Temp\cciHmJJL.s:26     .text.CalcCRC8:00000000 CalcCRC8
C:\Users\ADMINI~1\AppData\Local\Temp\cciHmJJL.s:74     .text.CalcCRC8:0000001c $d
C:\Users\ADMINI~1\AppData\Local\Temp\cciHmJJL.s:79     .text.CRC16_Subsection:00000000 $t
C:\Users\ADMINI~1\AppData\Local\Temp\cciHmJJL.s:86     .text.CRC16_Subsection:00000000 CRC16_Subsection
C:\Users\ADMINI~1\AppData\Local\Temp\cciHmJJL.s:171    .text.printf_test:00000000 $t
C:\Users\ADMINI~1\AppData\Local\Temp\cciHmJJL.s:178    .text.printf_test:00000000 printf_test
C:\Users\ADMINI~1\AppData\Local\Temp\cciHmJJL.s:214    .text.CalcCRC32:00000000 $t
C:\Users\ADMINI~1\AppData\Local\Temp\cciHmJJL.s:221    .text.CalcCRC32:00000000 CalcCRC32
C:\Users\ADMINI~1\AppData\Local\Temp\cciHmJJL.s:290    .text.CalcCRC32:00000034 $d
C:\Users\ADMINI~1\AppData\Local\Temp\cciHmJJL.s:295    .text.CRC32_Subsection:00000000 $t
C:\Users\ADMINI~1\AppData\Local\Temp\cciHmJJL.s:302    .text.CRC32_Subsection:00000000 CRC32_Subsection
C:\Users\ADMINI~1\AppData\Local\Temp\cciHmJJL.s:370    .text.CRC32_Subsection:00000030 $d
C:\Users\ADMINI~1\AppData\Local\Temp\cciHmJJL.s:375    .rodata.crc32_tab:00000000 $d
C:\Users\ADMINI~1\AppData\Local\Temp\cciHmJJL.s:379    .rodata.crc32_tab:00000000 crc32_tab
C:\Users\ADMINI~1\AppData\Local\Temp\cciHmJJL.s:637    .rodata.crc8_table:00000000 $d
C:\Users\ADMINI~1\AppData\Local\Temp\cciHmJJL.s:641    .rodata.crc8_table:00000000 crc8_table

NO UNDEFINED SYMBOLS
