ARM GAS  C:\Users\57308\AppData\Local\Temp\ccXuY1Ta.s 			page 1


   1              		.cpu cortex-m4
   2              		.arch armv7e-m
   3              		.fpu fpv4-sp-d16
   4              		.eabi_attribute 27, 1
   5              		.eabi_attribute 28, 1
   6              		.eabi_attribute 20, 1
   7              		.eabi_attribute 21, 1
   8              		.eabi_attribute 23, 3
   9              		.eabi_attribute 24, 1
  10              		.eabi_attribute 25, 1
  11              		.eabi_attribute 26, 1
  12              		.eabi_attribute 30, 1
  13              		.eabi_attribute 34, 1
  14              		.eabi_attribute 18, 4
  15              		.file	"fsm.c"
  16              		.text
  17              	.Ltext0:
  18              		.cfi_sections	.debug_frame
  19              		.section	.text.fsm_init,"ax",%progbits
  20              		.align	1
  21              		.global	fsm_init
  22              		.syntax unified
  23              		.thumb
  24              		.thumb_func
  26              	fsm_init:
  27              	.LVL0:
  28              	.LFB0:
  29              		.file 1 "../Common/Fsm/fsm.c"
   1:../Common/Fsm/fsm.c **** #include "fsm.h"
   2:../Common/Fsm/fsm.c **** #include "heap.h"
   3:../Common/Fsm/fsm.c **** 
   4:../Common/Fsm/fsm.c **** #undef NULL
   5:../Common/Fsm/fsm.c **** #define NULL 0
   6:../Common/Fsm/fsm.c **** 
   7:../Common/Fsm/fsm.c **** void fsm_init(fsm_cb_t *pThis, unsigned short cycle,fsm_t *machine)
   8:../Common/Fsm/fsm.c **** {
  30              		.loc 1 8 1 view -0
  31              		.cfi_startproc
  32              		@ args = 0, pretend = 0, frame = 0
  33              		@ frame_needed = 0, uses_anonymous_args = 0
  34              		@ link register save eliminated.
   9:../Common/Fsm/fsm.c ****     pThis->fsm = (fsm_t *)machine;
  35              		.loc 1 9 5 view .LVU1
  36              		.loc 1 9 16 is_stmt 0 view .LVU2
  37 0000 4260     		str	r2, [r0, #4]
  10:../Common/Fsm/fsm.c ****     pThis->chState = START;
  38              		.loc 1 10 5 is_stmt 1 view .LVU3
  39              		.loc 1 10 20 is_stmt 0 view .LVU4
  40 0002 0023     		movs	r3, #0
  41 0004 8370     		strb	r3, [r0, #2]
  11:../Common/Fsm/fsm.c ****     pThis->cycle = cycle;
  42              		.loc 1 11 5 is_stmt 1 view .LVU5
  43              		.loc 1 11 18 is_stmt 0 view .LVU6
  44 0006 0180     		strh	r1, [r0]	@ movhi
  12:../Common/Fsm/fsm.c ****     return;
  45              		.loc 1 12 5 is_stmt 1 view .LVU7
  13:../Common/Fsm/fsm.c **** }
ARM GAS  C:\Users\57308\AppData\Local\Temp\ccXuY1Ta.s 			page 2


  46              		.loc 1 13 1 is_stmt 0 view .LVU8
  47 0008 7047     		bx	lr
  48              		.cfi_endproc
  49              	.LFE0:
  51              		.section	.text.fsm_creat,"ax",%progbits
  52              		.align	1
  53              		.global	fsm_creat
  54              		.syntax unified
  55              		.thumb
  56              		.thumb_func
  58              	fsm_creat:
  59              	.LVL1:
  60              	.LFB1:
  14:../Common/Fsm/fsm.c **** 
  15:../Common/Fsm/fsm.c **** fsm_cb_t *fsm_creat(fsm_t *initstat,unsigned short cycel)
  16:../Common/Fsm/fsm.c **** {
  61              		.loc 1 16 1 is_stmt 1 view -0
  62              		.cfi_startproc
  63              		@ args = 0, pretend = 0, frame = 0
  64              		@ frame_needed = 0, uses_anonymous_args = 0
  65              		.loc 1 16 1 is_stmt 0 view .LVU10
  66 0000 70B5     		push	{r4, r5, r6, lr}
  67              	.LCFI0:
  68              		.cfi_def_cfa_offset 16
  69              		.cfi_offset 4, -16
  70              		.cfi_offset 5, -12
  71              		.cfi_offset 6, -8
  72              		.cfi_offset 14, -4
  73 0002 0546     		mov	r5, r0
  74 0004 0C46     		mov	r4, r1
  17:../Common/Fsm/fsm.c ****     fsm_cb_t *pthis;
  75              		.loc 1 17 5 is_stmt 1 view .LVU11
  18:../Common/Fsm/fsm.c ****     pthis = (fsm_cb_t *)heap_malloc(sizeof(fsm_cb_t));
  76              		.loc 1 18 5 view .LVU12
  77              		.loc 1 18 25 is_stmt 0 view .LVU13
  78 0006 0820     		movs	r0, #8
  79              	.LVL2:
  80              		.loc 1 18 25 view .LVU14
  81 0008 FFF7FEFF 		bl	heap_malloc
  82              	.LVL3:
  19:../Common/Fsm/fsm.c ****     if(pthis==NULL)
  83              		.loc 1 19 5 is_stmt 1 view .LVU15
  84              		.loc 1 19 7 is_stmt 0 view .LVU16
  85 000c 0646     		mov	r6, r0
  86 000e 18B1     		cbz	r0, .L2
  20:../Common/Fsm/fsm.c ****     {
  21:../Common/Fsm/fsm.c ****         return NULL;
  22:../Common/Fsm/fsm.c ****     }
  23:../Common/Fsm/fsm.c ****     fsm_init(pthis,cycel,initstat);
  87              		.loc 1 23 5 is_stmt 1 view .LVU17
  88 0010 2A46     		mov	r2, r5
  89 0012 2146     		mov	r1, r4
  90 0014 FFF7FEFF 		bl	fsm_init
  91              	.LVL4:
  24:../Common/Fsm/fsm.c ****       
  25:../Common/Fsm/fsm.c ****     return pthis;
  92              		.loc 1 25 5 view .LVU18
ARM GAS  C:\Users\57308\AppData\Local\Temp\ccXuY1Ta.s 			page 3


  93              	.L2:
  26:../Common/Fsm/fsm.c **** }
  94              		.loc 1 26 1 is_stmt 0 view .LVU19
  95 0018 3046     		mov	r0, r6
  96 001a 70BD     		pop	{r4, r5, r6, pc}
  97              		.loc 1 26 1 view .LVU20
  98              		.cfi_endproc
  99              	.LFE1:
 101              		.section	.text.fsm_destructor,"ax",%progbits
 102              		.align	1
 103              		.global	fsm_destructor
 104              		.syntax unified
 105              		.thumb
 106              		.thumb_func
 108              	fsm_destructor:
 109              	.LVL5:
 110              	.LFB2:
  27:../Common/Fsm/fsm.c **** 
  28:../Common/Fsm/fsm.c **** char fsm_destructor(fsm_cb_t *pthis)
  29:../Common/Fsm/fsm.c **** {
 111              		.loc 1 29 1 is_stmt 1 view -0
 112              		.cfi_startproc
 113              		@ args = 0, pretend = 0, frame = 0
 114              		@ frame_needed = 0, uses_anonymous_args = 0
  30:../Common/Fsm/fsm.c ****     if (pthis!=NULL)
 115              		.loc 1 30 5 view .LVU22
 116              		.loc 1 30 8 is_stmt 0 view .LVU23
 117 0000 20B1     		cbz	r0, .L8
  29:../Common/Fsm/fsm.c ****     if (pthis!=NULL)
 118              		.loc 1 29 1 view .LVU24
 119 0002 08B5     		push	{r3, lr}
 120              	.LCFI1:
 121              		.cfi_def_cfa_offset 8
 122              		.cfi_offset 3, -8
 123              		.cfi_offset 14, -4
  31:../Common/Fsm/fsm.c ****     {
  32:../Common/Fsm/fsm.c ****         heap_free(pthis);
 124              		.loc 1 32 9 is_stmt 1 view .LVU25
 125 0004 FFF7FEFF 		bl	heap_free
 126              	.LVL6:
  33:../Common/Fsm/fsm.c ****     }
  34:../Common/Fsm/fsm.c ****     return 0;
 127              		.loc 1 34 5 view .LVU26
  35:../Common/Fsm/fsm.c **** }
 128              		.loc 1 35 1 is_stmt 0 view .LVU27
 129 0008 0020     		movs	r0, #0
 130 000a 08BD     		pop	{r3, pc}
 131              	.LVL7:
 132              	.L8:
 133              	.LCFI2:
 134              		.cfi_def_cfa_offset 0
 135              		.cfi_restore 3
 136              		.cfi_restore 14
  34:../Common/Fsm/fsm.c **** }
 137              		.loc 1 34 5 is_stmt 1 view .LVU28
 138              		.loc 1 35 1 is_stmt 0 view .LVU29
 139 000c 0020     		movs	r0, #0
ARM GAS  C:\Users\57308\AppData\Local\Temp\ccXuY1Ta.s 			page 4


 140              	.LVL8:
 141              		.loc 1 35 1 view .LVU30
 142 000e 7047     		bx	lr
 143              		.cfi_endproc
 144              	.LFE2:
 146              		.text
 147              	.Letext0:
 148              		.file 2 "../Common/Fsm/fsm.h"
 149              		.file 3 "../Common/data_structures/heap.h"
ARM GAS  C:\Users\57308\AppData\Local\Temp\ccXuY1Ta.s 			page 5


DEFINED SYMBOLS
                            *ABS*:00000000 fsm.c
C:\Users\57308\AppData\Local\Temp\ccXuY1Ta.s:20     .text.fsm_init:00000000 $t
C:\Users\57308\AppData\Local\Temp\ccXuY1Ta.s:26     .text.fsm_init:00000000 fsm_init
C:\Users\57308\AppData\Local\Temp\ccXuY1Ta.s:52     .text.fsm_creat:00000000 $t
C:\Users\57308\AppData\Local\Temp\ccXuY1Ta.s:58     .text.fsm_creat:00000000 fsm_creat
C:\Users\57308\AppData\Local\Temp\ccXuY1Ta.s:102    .text.fsm_destructor:00000000 $t
C:\Users\57308\AppData\Local\Temp\ccXuY1Ta.s:108    .text.fsm_destructor:00000000 fsm_destructor

UNDEFINED SYMBOLS
heap_malloc
heap_free
