ARM GAS  C:\Users\57308\AppData\Local\Temp\ccgJzTbq.s 			page 1


   1              		.cpu cortex-m4
   2              		.arch armv7e-m
   3              		.fpu fpv4-sp-d16
   4              		.eabi_attribute 27, 1
   5              		.eabi_attribute 28, 1
   6              		.eabi_attribute 20, 1
   7              		.eabi_attribute 21, 1
   8              		.eabi_attribute 23, 3
   9              		.eabi_attribute 24, 1
  10              		.eabi_attribute 25, 1
  11              		.eabi_attribute 26, 1
  12              		.eabi_attribute 30, 1
  13              		.eabi_attribute 34, 1
  14              		.eabi_attribute 18, 4
  15              		.file	"gpio.c"
  16              		.text
  17              	.Ltext0:
  18              		.cfi_sections	.debug_frame
  19              		.section	.text.MX_GPIO_Init,"ax",%progbits
  20              		.align	1
  21              		.global	MX_GPIO_Init
  22              		.syntax unified
  23              		.thumb
  24              		.thumb_func
  26              	MX_GPIO_Init:
  27              	.LFB329:
  28              		.file 1 "Src/gpio.c"
   1:Src/gpio.c    **** /* USER CODE BEGIN Header */
   2:Src/gpio.c    **** /**
   3:Src/gpio.c    ****   ******************************************************************************
   4:Src/gpio.c    ****   * @file    gpio.c
   5:Src/gpio.c    ****   * @brief   This file provides code for the configuration
   6:Src/gpio.c    ****   *          of all used GPIO pins.
   7:Src/gpio.c    ****   ******************************************************************************
   8:Src/gpio.c    ****   * @attention
   9:Src/gpio.c    ****   *
  10:Src/gpio.c    ****   * Copyright (c) 2023 STMicroelectronics.
  11:Src/gpio.c    ****   * All rights reserved.
  12:Src/gpio.c    ****   *
  13:Src/gpio.c    ****   * This software is licensed under terms that can be found in the LICENSE file
  14:Src/gpio.c    ****   * in the root directory of this software component.
  15:Src/gpio.c    ****   * If no LICENSE file comes with this software, it is provided AS-IS.
  16:Src/gpio.c    ****   *
  17:Src/gpio.c    ****   ******************************************************************************
  18:Src/gpio.c    ****   */
  19:Src/gpio.c    **** /* USER CODE END Header */
  20:Src/gpio.c    **** 
  21:Src/gpio.c    **** /* Includes ------------------------------------------------------------------*/
  22:Src/gpio.c    **** #include "gpio.h"
  23:Src/gpio.c    **** 
  24:Src/gpio.c    **** /* USER CODE BEGIN 0 */
  25:Src/gpio.c    **** 
  26:Src/gpio.c    **** /* USER CODE END 0 */
  27:Src/gpio.c    **** 
  28:Src/gpio.c    **** /*----------------------------------------------------------------------------*/
  29:Src/gpio.c    **** /* Configure GPIO                                                             */
  30:Src/gpio.c    **** /*----------------------------------------------------------------------------*/
ARM GAS  C:\Users\57308\AppData\Local\Temp\ccgJzTbq.s 			page 2


  31:Src/gpio.c    **** /* USER CODE BEGIN 1 */
  32:Src/gpio.c    **** 
  33:Src/gpio.c    **** /* USER CODE END 1 */
  34:Src/gpio.c    **** 
  35:Src/gpio.c    **** /** Configure pins as
  36:Src/gpio.c    ****         * Analog
  37:Src/gpio.c    ****         * Input
  38:Src/gpio.c    ****         * Output
  39:Src/gpio.c    ****         * EVENT_OUT
  40:Src/gpio.c    ****         * EXTI
  41:Src/gpio.c    **** */
  42:Src/gpio.c    **** void MX_GPIO_Init(void)
  43:Src/gpio.c    **** {
  29              		.loc 1 43 1 view -0
  30              		.cfi_startproc
  31              		@ args = 0, pretend = 0, frame = 40
  32              		@ frame_needed = 0, uses_anonymous_args = 0
  33 0000 70B5     		push	{r4, r5, r6, lr}
  34              	.LCFI0:
  35              		.cfi_def_cfa_offset 16
  36              		.cfi_offset 4, -16
  37              		.cfi_offset 5, -12
  38              		.cfi_offset 6, -8
  39              		.cfi_offset 14, -4
  40 0002 8AB0     		sub	sp, sp, #40
  41              	.LCFI1:
  42              		.cfi_def_cfa_offset 56
  44:Src/gpio.c    **** 
  45:Src/gpio.c    ****   GPIO_InitTypeDef GPIO_InitStruct = {0};
  43              		.loc 1 45 3 view .LVU1
  44              		.loc 1 45 20 is_stmt 0 view .LVU2
  45 0004 0024     		movs	r4, #0
  46 0006 0594     		str	r4, [sp, #20]
  47 0008 0694     		str	r4, [sp, #24]
  48 000a 0794     		str	r4, [sp, #28]
  49 000c 0894     		str	r4, [sp, #32]
  50 000e 0994     		str	r4, [sp, #36]
  46:Src/gpio.c    **** 
  47:Src/gpio.c    ****   /* GPIO Ports Clock Enable */
  48:Src/gpio.c    ****   __HAL_RCC_GPIOC_CLK_ENABLE();
  51              		.loc 1 48 3 is_stmt 1 view .LVU3
  52              	.LBB2:
  53              		.loc 1 48 3 view .LVU4
  54              		.loc 1 48 3 view .LVU5
  55 0010 2F4B     		ldr	r3, .L3
  56 0012 DA6C     		ldr	r2, [r3, #76]
  57 0014 42F00402 		orr	r2, r2, #4
  58 0018 DA64     		str	r2, [r3, #76]
  59              		.loc 1 48 3 view .LVU6
  60 001a DA6C     		ldr	r2, [r3, #76]
  61 001c 02F00402 		and	r2, r2, #4
  62 0020 0192     		str	r2, [sp, #4]
  63              		.loc 1 48 3 view .LVU7
  64 0022 019A     		ldr	r2, [sp, #4]
  65              	.LBE2:
  66              		.loc 1 48 3 view .LVU8
  49:Src/gpio.c    ****   __HAL_RCC_GPIOF_CLK_ENABLE();
ARM GAS  C:\Users\57308\AppData\Local\Temp\ccgJzTbq.s 			page 3


  67              		.loc 1 49 3 view .LVU9
  68              	.LBB3:
  69              		.loc 1 49 3 view .LVU10
  70              		.loc 1 49 3 view .LVU11
  71 0024 DA6C     		ldr	r2, [r3, #76]
  72 0026 42F02002 		orr	r2, r2, #32
  73 002a DA64     		str	r2, [r3, #76]
  74              		.loc 1 49 3 view .LVU12
  75 002c DA6C     		ldr	r2, [r3, #76]
  76 002e 02F02002 		and	r2, r2, #32
  77 0032 0292     		str	r2, [sp, #8]
  78              		.loc 1 49 3 view .LVU13
  79 0034 029A     		ldr	r2, [sp, #8]
  80              	.LBE3:
  81              		.loc 1 49 3 view .LVU14
  50:Src/gpio.c    ****   __HAL_RCC_GPIOA_CLK_ENABLE();
  82              		.loc 1 50 3 view .LVU15
  83              	.LBB4:
  84              		.loc 1 50 3 view .LVU16
  85              		.loc 1 50 3 view .LVU17
  86 0036 DA6C     		ldr	r2, [r3, #76]
  87 0038 42F00102 		orr	r2, r2, #1
  88 003c DA64     		str	r2, [r3, #76]
  89              		.loc 1 50 3 view .LVU18
  90 003e DA6C     		ldr	r2, [r3, #76]
  91 0040 02F00102 		and	r2, r2, #1
  92 0044 0392     		str	r2, [sp, #12]
  93              		.loc 1 50 3 view .LVU19
  94 0046 039A     		ldr	r2, [sp, #12]
  95              	.LBE4:
  96              		.loc 1 50 3 view .LVU20
  51:Src/gpio.c    ****   __HAL_RCC_GPIOB_CLK_ENABLE();
  97              		.loc 1 51 3 view .LVU21
  98              	.LBB5:
  99              		.loc 1 51 3 view .LVU22
 100              		.loc 1 51 3 view .LVU23
 101 0048 DA6C     		ldr	r2, [r3, #76]
 102 004a 42F00202 		orr	r2, r2, #2
 103 004e DA64     		str	r2, [r3, #76]
 104              		.loc 1 51 3 view .LVU24
 105 0050 DB6C     		ldr	r3, [r3, #76]
 106 0052 03F00203 		and	r3, r3, #2
 107 0056 0493     		str	r3, [sp, #16]
 108              		.loc 1 51 3 view .LVU25
 109 0058 049B     		ldr	r3, [sp, #16]
 110              	.LBE5:
 111              		.loc 1 51 3 view .LVU26
  52:Src/gpio.c    **** 
  53:Src/gpio.c    ****   /*Configure GPIO pin Output Level */
  54:Src/gpio.c    ****   HAL_GPIO_WritePin(LED_01_GPIO_Port, LED_01_Pin, GPIO_PIN_RESET);
 112              		.loc 1 54 3 view .LVU27
 113 005a 1E4E     		ldr	r6, .L3+4
 114 005c 2246     		mov	r2, r4
 115 005e 4FF40051 		mov	r1, #8192
 116 0062 3046     		mov	r0, r6
 117 0064 FFF7FEFF 		bl	HAL_GPIO_WritePin
 118              	.LVL0:
ARM GAS  C:\Users\57308\AppData\Local\Temp\ccgJzTbq.s 			page 4


  55:Src/gpio.c    **** 
  56:Src/gpio.c    ****   /*Configure GPIO pin Output Level */
  57:Src/gpio.c    ****   HAL_GPIO_WritePin(MT68XX_CSN_GPIO_Port, MT68XX_CSN_Pin, GPIO_PIN_RESET);
 119              		.loc 1 57 3 view .LVU28
 120 0068 2246     		mov	r2, r4
 121 006a 4FF40041 		mov	r1, #32768
 122 006e 4FF09040 		mov	r0, #1207959552
 123 0072 FFF7FEFF 		bl	HAL_GPIO_WritePin
 124              	.LVL1:
  58:Src/gpio.c    **** 
  59:Src/gpio.c    ****   /*Configure GPIO pin : PtPin */
  60:Src/gpio.c    ****   GPIO_InitStruct.Pin = LED_01_Pin;
 125              		.loc 1 60 3 view .LVU29
 126              		.loc 1 60 23 is_stmt 0 view .LVU30
 127 0076 4FF40053 		mov	r3, #8192
 128 007a 0593     		str	r3, [sp, #20]
  61:Src/gpio.c    ****   GPIO_InitStruct.Mode = GPIO_MODE_OUTPUT_PP;
 129              		.loc 1 61 3 is_stmt 1 view .LVU31
 130              		.loc 1 61 24 is_stmt 0 view .LVU32
 131 007c 0125     		movs	r5, #1
 132 007e 0695     		str	r5, [sp, #24]
  62:Src/gpio.c    ****   GPIO_InitStruct.Pull = GPIO_NOPULL;
 133              		.loc 1 62 3 is_stmt 1 view .LVU33
 134              		.loc 1 62 24 is_stmt 0 view .LVU34
 135 0080 0794     		str	r4, [sp, #28]
  63:Src/gpio.c    ****   GPIO_InitStruct.Speed = GPIO_SPEED_FREQ_LOW;
 136              		.loc 1 63 3 is_stmt 1 view .LVU35
 137              		.loc 1 63 25 is_stmt 0 view .LVU36
 138 0082 0894     		str	r4, [sp, #32]
  64:Src/gpio.c    ****   HAL_GPIO_Init(LED_01_GPIO_Port, &GPIO_InitStruct);
 139              		.loc 1 64 3 is_stmt 1 view .LVU37
 140 0084 05A9     		add	r1, sp, #20
 141 0086 3046     		mov	r0, r6
 142 0088 FFF7FEFF 		bl	HAL_GPIO_Init
 143              	.LVL2:
  65:Src/gpio.c    **** 
  66:Src/gpio.c    ****   /*Configure GPIO pin : PtPin */
  67:Src/gpio.c    ****   GPIO_InitStruct.Pin = KEY_01_Pin;
 144              		.loc 1 67 3 view .LVU38
 145              		.loc 1 67 23 is_stmt 0 view .LVU39
 146 008c 4FF48053 		mov	r3, #4096
 147 0090 0593     		str	r3, [sp, #20]
  68:Src/gpio.c    ****   GPIO_InitStruct.Mode = GPIO_MODE_IT_RISING;
 148              		.loc 1 68 3 is_stmt 1 view .LVU40
 149              		.loc 1 68 24 is_stmt 0 view .LVU41
 150 0092 4FF48813 		mov	r3, #1114112
 151 0096 0693     		str	r3, [sp, #24]
  69:Src/gpio.c    ****   GPIO_InitStruct.Pull = GPIO_NOPULL;
 152              		.loc 1 69 3 is_stmt 1 view .LVU42
 153              		.loc 1 69 24 is_stmt 0 view .LVU43
 154 0098 0794     		str	r4, [sp, #28]
  70:Src/gpio.c    ****   HAL_GPIO_Init(KEY_01_GPIO_Port, &GPIO_InitStruct);
 155              		.loc 1 70 3 is_stmt 1 view .LVU44
 156 009a 05A9     		add	r1, sp, #20
 157 009c 4FF09040 		mov	r0, #1207959552
 158 00a0 FFF7FEFF 		bl	HAL_GPIO_Init
 159              	.LVL3:
ARM GAS  C:\Users\57308\AppData\Local\Temp\ccgJzTbq.s 			page 5


  71:Src/gpio.c    **** 
  72:Src/gpio.c    ****   /*Configure GPIO pin : PtPin */
  73:Src/gpio.c    ****   GPIO_InitStruct.Pin = MT68XX_CSN_Pin;
 160              		.loc 1 73 3 view .LVU45
 161              		.loc 1 73 23 is_stmt 0 view .LVU46
 162 00a4 4FF40043 		mov	r3, #32768
 163 00a8 0593     		str	r3, [sp, #20]
  74:Src/gpio.c    ****   GPIO_InitStruct.Mode = GPIO_MODE_OUTPUT_PP;
 164              		.loc 1 74 3 is_stmt 1 view .LVU47
 165              		.loc 1 74 24 is_stmt 0 view .LVU48
 166 00aa 0695     		str	r5, [sp, #24]
  75:Src/gpio.c    ****   GPIO_InitStruct.Pull = GPIO_NOPULL;
 167              		.loc 1 75 3 is_stmt 1 view .LVU49
 168              		.loc 1 75 24 is_stmt 0 view .LVU50
 169 00ac 0794     		str	r4, [sp, #28]
  76:Src/gpio.c    ****   GPIO_InitStruct.Speed = GPIO_SPEED_FREQ_LOW;
 170              		.loc 1 76 3 is_stmt 1 view .LVU51
 171              		.loc 1 76 25 is_stmt 0 view .LVU52
 172 00ae 0894     		str	r4, [sp, #32]
  77:Src/gpio.c    ****   HAL_GPIO_Init(MT68XX_CSN_GPIO_Port, &GPIO_InitStruct);
 173              		.loc 1 77 3 is_stmt 1 view .LVU53
 174 00b0 05A9     		add	r1, sp, #20
 175 00b2 4FF09040 		mov	r0, #1207959552
 176 00b6 FFF7FEFF 		bl	HAL_GPIO_Init
 177              	.LVL4:
  78:Src/gpio.c    **** 
  79:Src/gpio.c    ****   /* EXTI interrupt init*/
  80:Src/gpio.c    ****   HAL_NVIC_SetPriority(EXTI15_10_IRQn, 3, 0);
 178              		.loc 1 80 3 view .LVU54
 179 00ba 2246     		mov	r2, r4
 180 00bc 0321     		movs	r1, #3
 181 00be 2820     		movs	r0, #40
 182 00c0 FFF7FEFF 		bl	HAL_NVIC_SetPriority
 183              	.LVL5:
  81:Src/gpio.c    ****   HAL_NVIC_EnableIRQ(EXTI15_10_IRQn);
 184              		.loc 1 81 3 view .LVU55
 185 00c4 2820     		movs	r0, #40
 186 00c6 FFF7FEFF 		bl	HAL_NVIC_EnableIRQ
 187              	.LVL6:
  82:Src/gpio.c    **** 
  83:Src/gpio.c    **** }
 188              		.loc 1 83 1 is_stmt 0 view .LVU56
 189 00ca 0AB0     		add	sp, sp, #40
 190              	.LCFI2:
 191              		.cfi_def_cfa_offset 16
 192              		@ sp needed
 193 00cc 70BD     		pop	{r4, r5, r6, pc}
 194              	.L4:
 195 00ce 00BF     		.align	2
 196              	.L3:
 197 00d0 00100240 		.word	1073876992
 198 00d4 00080048 		.word	1207961600
 199              		.cfi_endproc
 200              	.LFE329:
 202              		.text
 203              	.Letext0:
 204              		.file 2 "d:\\program files\\gcc-arm-none-eabi-10.3-2021.10\\arm-none-eabi\\include\\machine\\_defa
ARM GAS  C:\Users\57308\AppData\Local\Temp\ccgJzTbq.s 			page 6


 205              		.file 3 "d:\\program files\\gcc-arm-none-eabi-10.3-2021.10\\arm-none-eabi\\include\\sys\\_stdint.h
 206              		.file 4 "Drivers/CMSIS/Device/ST/STM32G4xx/Include/stm32g431xx.h"
 207              		.file 5 "Drivers/STM32G4xx_HAL_Driver/Inc/stm32g4xx_hal_gpio.h"
 208              		.file 6 "Drivers/STM32G4xx_HAL_Driver/Inc/stm32g4xx_hal_cortex.h"
ARM GAS  C:\Users\57308\AppData\Local\Temp\ccgJzTbq.s 			page 7


DEFINED SYMBOLS
                            *ABS*:00000000 gpio.c
C:\Users\57308\AppData\Local\Temp\ccgJzTbq.s:20     .text.MX_GPIO_Init:00000000 $t
C:\Users\57308\AppData\Local\Temp\ccgJzTbq.s:26     .text.MX_GPIO_Init:00000000 MX_GPIO_Init
C:\Users\57308\AppData\Local\Temp\ccgJzTbq.s:197    .text.MX_GPIO_Init:000000d0 $d

UNDEFINED SYMBOLS
HAL_GPIO_WritePin
HAL_GPIO_Init
HAL_NVIC_SetPriority
HAL_NVIC_EnableIRQ
