ARM GAS  C:\Users\ADMINI~1\AppData\Local\Temp\ccyhPzYA.s 			page 1


   1              		.cpu cortex-m4
   2              		.eabi_attribute 27, 1
   3              		.eabi_attribute 28, 1
   4              		.eabi_attribute 20, 1
   5              		.eabi_attribute 21, 1
   6              		.eabi_attribute 23, 3
   7              		.eabi_attribute 24, 1
   8              		.eabi_attribute 25, 1
   9              		.eabi_attribute 26, 1
  10              		.eabi_attribute 30, 1
  11              		.eabi_attribute 34, 1
  12              		.eabi_attribute 18, 4
  13              		.file	"ipc_comdata.c"
  14              		.text
  15              	.Ltext0:
  16              		.cfi_sections	.debug_frame
  17              		.section	.text.ipc_read_data,"ax",%progbits
  18              		.align	1
  19              		.global	ipc_read_data
  20              		.arch armv7e-m
  21              		.syntax unified
  22              		.thumb
  23              		.thumb_func
  24              		.fpu fpv4-sp-d16
  26              	ipc_read_data:
  27              	.LVL0:
  28              	.LFB0:
  29              		.file 1 "../Public/IPC/ipc_comdata.c"
   1:../Public/IPC/ipc_comdata.c **** /*-------------------------公共数据区-----------------------------------
   2:../Public/IPC/ipc_comdata.c **** 该文件根据具体的项目实现，不具有普遍性
   3:../Public/IPC/ipc_comdata.c **** ---------------------------------------------------------------------*/
   4:../Public/IPC/ipc_comdata.c **** #include "ipc.h"
   5:../Public/IPC/ipc_comdata.c **** 
   6:../Public/IPC/ipc_comdata.c **** 
   7:../Public/IPC/ipc_comdata.c **** static float gIpc_datazone[PUBLIC_DATA_STOP_INDEX] = {
   8:../Public/IPC/ipc_comdata.c ****     0.0f,
   9:../Public/IPC/ipc_comdata.c **** };
  10:../Public/IPC/ipc_comdata.c **** 
  11:../Public/IPC/ipc_comdata.c **** float ipc_read_data(E_PUBLIC_DATA index)
  12:../Public/IPC/ipc_comdata.c **** {
  30              		.loc 1 12 1 view -0
  31              		.cfi_startproc
  32              		@ args = 0, pretend = 0, frame = 0
  33              		@ frame_needed = 0, uses_anonymous_args = 0
  34              		@ link register save eliminated.
  13:../Public/IPC/ipc_comdata.c ****     return gIpc_datazone[index];
  35              		.loc 1 13 5 view .LVU1
  36              		.loc 1 13 25 is_stmt 0 view .LVU2
  37 0000 024B     		ldr	r3, .L2
  38 0002 03EB8003 		add	r3, r3, r0, lsl #2
  14:../Public/IPC/ipc_comdata.c **** }
  39              		.loc 1 14 1 view .LVU3
  40 0006 93ED000A 		vldr.32	s0, [r3]
  41 000a 7047     		bx	lr
  42              	.L3:
  43              		.align	2
  44              	.L2:
ARM GAS  C:\Users\ADMINI~1\AppData\Local\Temp\ccyhPzYA.s 			page 2


  45 000c 00000000 		.word	.LANCHOR0
  46              		.cfi_endproc
  47              	.LFE0:
  49              		.section	.text.ipc_write_data,"ax",%progbits
  50              		.align	1
  51              		.global	ipc_write_data
  52              		.syntax unified
  53              		.thumb
  54              		.thumb_func
  55              		.fpu fpv4-sp-d16
  57              	ipc_write_data:
  58              	.LVL1:
  59              	.LFB1:
  15:../Public/IPC/ipc_comdata.c **** 
  16:../Public/IPC/ipc_comdata.c **** char ipc_write_data(E_PUBLIC_DATA index,float data)
  17:../Public/IPC/ipc_comdata.c **** {
  60              		.loc 1 17 1 is_stmt 1 view -0
  61              		.cfi_startproc
  62              		@ args = 0, pretend = 0, frame = 0
  63              		@ frame_needed = 0, uses_anonymous_args = 0
  64              		@ link register save eliminated.
  18:../Public/IPC/ipc_comdata.c ****     if ((E_PUBLIC_DATA)index > PUBLIC_DATA_STOP_INDEX)
  65              		.loc 1 18 5 view .LVU5
  66              		.loc 1 18 8 is_stmt 0 view .LVU6
  67 0000 0E28     		cmp	r0, #14
  68 0002 06D8     		bhi	.L6
  19:../Public/IPC/ipc_comdata.c ****     {
  20:../Public/IPC/ipc_comdata.c ****         return 1;
  21:../Public/IPC/ipc_comdata.c ****     }
  22:../Public/IPC/ipc_comdata.c ****     gIpc_datazone[index] = data;
  69              		.loc 1 22 5 is_stmt 1 view .LVU7
  70              		.loc 1 22 26 is_stmt 0 view .LVU8
  71 0004 044B     		ldr	r3, .L7
  72 0006 03EB8000 		add	r0, r3, r0, lsl #2
  73              	.LVL2:
  74              		.loc 1 22 26 view .LVU9
  75 000a 80ED000A 		vstr.32	s0, [r0]
  23:../Public/IPC/ipc_comdata.c **** 	return 0;
  76              		.loc 1 23 2 is_stmt 1 view .LVU10
  77              		.loc 1 23 9 is_stmt 0 view .LVU11
  78 000e 0020     		movs	r0, #0
  79 0010 7047     		bx	lr
  80              	.LVL3:
  81              	.L6:
  20:../Public/IPC/ipc_comdata.c ****     }
  82              		.loc 1 20 16 view .LVU12
  83 0012 0120     		movs	r0, #1
  84              	.LVL4:
  24:../Public/IPC/ipc_comdata.c **** }
  85              		.loc 1 24 1 view .LVU13
  86 0014 7047     		bx	lr
  87              	.L8:
  88 0016 00BF     		.align	2
  89              	.L7:
  90 0018 00000000 		.word	.LANCHOR0
  91              		.cfi_endproc
  92              	.LFE1:
ARM GAS  C:\Users\ADMINI~1\AppData\Local\Temp\ccyhPzYA.s 			page 3


  94              		.section	.bss.gIpc_datazone,"aw",%nobits
  95              		.align	2
  96              		.set	.LANCHOR0,. + 0
  99              	gIpc_datazone:
 100 0000 00000000 		.space	56
 100      00000000 
 100      00000000 
 100      00000000 
 100      00000000 
 101              		.text
 102              	.Letext0:
 103              		.file 2 "../Public/IPC/ipc.h"
ARM GAS  C:\Users\ADMINI~1\AppData\Local\Temp\ccyhPzYA.s 			page 4


DEFINED SYMBOLS
                            *ABS*:00000000 ipc_comdata.c
C:\Users\ADMINI~1\AppData\Local\Temp\ccyhPzYA.s:18     .text.ipc_read_data:00000000 $t
C:\Users\ADMINI~1\AppData\Local\Temp\ccyhPzYA.s:26     .text.ipc_read_data:00000000 ipc_read_data
C:\Users\ADMINI~1\AppData\Local\Temp\ccyhPzYA.s:45     .text.ipc_read_data:0000000c $d
C:\Users\ADMINI~1\AppData\Local\Temp\ccyhPzYA.s:50     .text.ipc_write_data:00000000 $t
C:\Users\ADMINI~1\AppData\Local\Temp\ccyhPzYA.s:57     .text.ipc_write_data:00000000 ipc_write_data
C:\Users\ADMINI~1\AppData\Local\Temp\ccyhPzYA.s:90     .text.ipc_write_data:00000018 $d
C:\Users\ADMINI~1\AppData\Local\Temp\ccyhPzYA.s:95     .bss.gIpc_datazone:00000000 $d
C:\Users\ADMINI~1\AppData\Local\Temp\ccyhPzYA.s:99     .bss.gIpc_datazone:00000000 gIpc_datazone

NO UNDEFINED SYMBOLS
