ARM GAS  C:\Users\ADMINI~1\AppData\Local\Temp\ccsQDCSM.s 			page 1


   1              		.cpu cortex-m4
   2              		.eabi_attribute 27, 1
   3              		.eabi_attribute 28, 1
   4              		.eabi_attribute 20, 1
   5              		.eabi_attribute 21, 1
   6              		.eabi_attribute 23, 3
   7              		.eabi_attribute 24, 1
   8              		.eabi_attribute 25, 1
   9              		.eabi_attribute 26, 1
  10              		.eabi_attribute 30, 1
  11              		.eabi_attribute 34, 1
  12              		.eabi_attribute 18, 4
  13              		.file	"ipc_event.c"
  14              		.text
  15              	.Ltext0:
  16              		.cfi_sections	.debug_frame
  17              		.global	gEventGroup
  18              		.section	.bss.gEventGroup,"aw",%nobits
  19              		.align	2
  22              	gEventGroup:
  23 0000 00000000 		.space	4
  24              		.text
  25              	.Letext0:
  26              		.file 1 "../Public/IPC/ipc.h"
  27              		.file 2 "../Public/IPC/ipc_event.c"
ARM GAS  C:\Users\ADMINI~1\AppData\Local\Temp\ccsQDCSM.s 			page 2


DEFINED SYMBOLS
                            *ABS*:00000000 ipc_event.c
C:\Users\ADMINI~1\AppData\Local\Temp\ccsQDCSM.s:22     .bss.gEventGroup:00000000 gEventGroup
C:\Users\ADMINI~1\AppData\Local\Temp\ccsQDCSM.s:19     .bss.gEventGroup:00000000 $d

NO UNDEFINED SYMBOLS
