ARM GAS  C:\Users\ADMINI~1\AppData\Local\Temp\cc1C4CoC.s 			page 1


   1              		.cpu cortex-m4
   2              		.eabi_attribute 27, 1
   3              		.eabi_attribute 28, 1
   4              		.eabi_attribute 20, 1
   5              		.eabi_attribute 21, 1
   6              		.eabi_attribute 23, 3
   7              		.eabi_attribute 24, 1
   8              		.eabi_attribute 25, 1
   9              		.eabi_attribute 26, 1
  10              		.eabi_attribute 30, 1
  11              		.eabi_attribute 34, 1
  12              		.eabi_attribute 18, 4
  13              		.file	"main.c"
  14              		.text
  15              	.Ltext0:
  16              		.cfi_sections	.debug_frame
  17              		.section	.text.HAL_GPIO_EXTI_Callback,"ax",%progbits
  18              		.align	1
  19              		.global	HAL_GPIO_EXTI_Callback
  20              		.arch armv7e-m
  21              		.syntax unified
  22              		.thumb
  23              		.thumb_func
  24              		.fpu fpv4-sp-d16
  26              	HAL_GPIO_EXTI_Callback:
  27              	.LVL0:
  28              	.LFB329:
  29              		.file 1 "Src/main.c"
   1:Src/main.c    **** /* USER CODE BEGIN Header */
   2:Src/main.c    **** /**
   3:Src/main.c    ****   ******************************************************************************
   4:Src/main.c    ****   * @file           : main.c
   5:Src/main.c    ****   * @brief          : Main program body
   6:Src/main.c    ****   ******************************************************************************
   7:Src/main.c    ****   * @attention
   8:Src/main.c    ****   *
   9:Src/main.c    ****   * 1ï¿½ï¿½42BLDC ï¿½ï¿½ï¿½ï¿½ï¿½ï¿½ï¿½Ë³ï¿½ï¿½Î? ï¿½ï¿½Ô´+ ï¿½ï¿½Ô´- ï¿½ï¿½ï¿½ï¿½ ï¿½ï¿½ï¿½ï¿½ ï¿½
  10:Src/main.c    ****   * git
  11:Src/main.c    ****   *     ï¿½ï¿½ï¿½Ô³ï¿½ï¿½Ô¸ï¿½theta -PI/2
  12:Src/main.c    ****   ******************************************************************************
  13:Src/main.c    ****   */
  14:Src/main.c    **** /* USER CODE END Header */
  15:Src/main.c    **** /* Includes ------------------------------------------------------------------*/
  16:Src/main.c    **** #include "main.h"
  17:Src/main.c    **** #include "adc.h"
  18:Src/main.c    **** #include "dma.h"
  19:Src/main.c    **** #include "spi.h"
  20:Src/main.c    **** #include "tim.h"
  21:Src/main.c    **** #include "usart.h"
  22:Src/main.c    **** #include "gpio.h"
  23:Src/main.c    **** 
  24:Src/main.c    **** /* Private includes ----------------------------------------------------------*/
  25:Src/main.c    **** /* USER CODE BEGIN Includes */
  26:Src/main.c    **** 
  27:Src/main.c    **** #include "ipc.h"
  28:Src/main.c    **** #include "sensor.h"
  29:Src/main.c    **** #include "../Protocol/protocol.h"
ARM GAS  C:\Users\ADMINI~1\AppData\Local\Temp\cc1C4CoC.s 			page 2


  30:Src/main.c    **** #include "../../BLDCMotor/motorctrl.h"
  31:Src/main.c    **** #include "_common.h"
  32:Src/main.c    **** #include "debuglog.h"
  33:Src/main.c    **** /* USER CODE END Includes */
  34:Src/main.c    **** 
  35:Src/main.c    **** /* Private typedef -----------------------------------------------------------*/
  36:Src/main.c    **** /* USER CODE BEGIN PTD */
  37:Src/main.c    **** 
  38:Src/main.c    **** /* USER CODE END PTD */
  39:Src/main.c    **** 
  40:Src/main.c    **** /* Private define ------------------------------------------------------------*/
  41:Src/main.c    **** /* USER CODE BEGIN PD */
  42:Src/main.c    **** /* USER CODE END PD */
  43:Src/main.c    **** 
  44:Src/main.c    **** /* Private macro -------------------------------------------------------------*/
  45:Src/main.c    **** /* USER CODE BEGIN PM */
  46:Src/main.c    **** /* USER CODE END PM */
  47:Src/main.c    **** 
  48:Src/main.c    **** /* Private variables ---------------------------------------------------------*/
  49:Src/main.c    **** 
  50:Src/main.c    **** /* USER CODE BEGIN PV */
  51:Src/main.c    **** 
  52:Src/main.c    **** 
  53:Src/main.c    **** void HAL_GPIO_EXTI_Callback(uint16_t GPIO_Pin)
  54:Src/main.c    **** {
  30              		.loc 1 54 1 view -0
  31              		.cfi_startproc
  32              		@ args = 0, pretend = 0, frame = 0
  33              		@ frame_needed = 0, uses_anonymous_args = 0
  34              		@ link register save eliminated.
  55:Src/main.c    ****     /*------------------*/
  56:Src/main.c    ****     IPC_SET_EVENT(gEventGroup,KEY01_SHORT_PRESS);
  35              		.loc 1 56 5 view .LVU1
  36 0000 024A     		ldr	r2, .L2
  37 0002 1368     		ldr	r3, [r2]
  38 0004 43F00103 		orr	r3, r3, #1
  39 0008 1360     		str	r3, [r2]
  57:Src/main.c    **** }
  40              		.loc 1 57 1 is_stmt 0 view .LVU2
  41 000a 7047     		bx	lr
  42              	.L3:
  43              		.align	2
  44              	.L2:
  45 000c 00000000 		.word	gEventGroup
  46              		.cfi_endproc
  47              	.LFE329:
  49              		.section	.text.sysrunning_process,"ax",%progbits
  50              		.align	1
  51              		.global	sysrunning_process
  52              		.syntax unified
  53              		.thumb
  54              		.thumb_func
  55              		.fpu fpv4-sp-d16
  57              	sysrunning_process:
  58              	.LFB330:
  58:Src/main.c    **** 
  59:Src/main.c    **** /* USER CODE END PV */
ARM GAS  C:\Users\ADMINI~1\AppData\Local\Temp\cc1C4CoC.s 			page 3


  60:Src/main.c    **** 
  61:Src/main.c    **** /* Private function prototypes -----------------------------------------------*/
  62:Src/main.c    **** void SystemClock_Config(void);
  63:Src/main.c    **** /* USER CODE BEGIN PFP */
  64:Src/main.c    **** /* USER CODE END PFP */
  65:Src/main.c    **** 
  66:Src/main.c    **** /* Private user code ---------------------------------------------------------*/
  67:Src/main.c    **** /* USER CODE BEGIN 0 */
  68:Src/main.c    **** /*--------------ÏµÍ³ï¿½ß³ï¿½-------------------*/
  69:Src/main.c    **** #define SYSRUNNING_PERCI            (1)
  70:Src/main.c    **** #define DELAY_1MS                   (1)/SYSRUNNING_PERCI
  71:Src/main.c    **** #define DELAY_2MS                   (2)/SYSRUNNING_PERCI
  72:Src/main.c    **** #define DELAY_5MS                   (5)/SYSRUNNING_PERCI
  73:Src/main.c    **** #define DELAY_20MS                  (20)/SYSRUNNING_PERCI
  74:Src/main.c    **** #define DELAY_500MS                 (500)/SYSRUNNING_PERCI
  75:Src/main.c    **** #define DELAY_1000MS                (1000)/SYSRUNNING_PERCI
  76:Src/main.c    **** #define DELAY_5000MS                (5000)/SYSRUNNING_PERCI
  77:Src/main.c    **** typedef struct
  78:Src/main.c    **** {
  79:Src/main.c    ****     /* data */
  80:Src/main.c    ****     unsigned int time_cnt;
  81:Src/main.c    ****     unsigned char state;
  82:Src/main.c    **** }sys_run_t;
  83:Src/main.c    **** static sys_run_t sg_SYSRuning;
  84:Src/main.c    **** void sysrunning_process(void)
  85:Src/main.c    **** {
  59              		.loc 1 85 1 is_stmt 1 view -0
  60              		.cfi_startproc
  61              		@ args = 0, pretend = 0, frame = 0
  62              		@ frame_needed = 0, uses_anonymous_args = 0
  63 0000 08B5     		push	{r3, lr}
  64              	.LCFI0:
  65              		.cfi_def_cfa_offset 8
  66              		.cfi_offset 3, -8
  67              		.cfi_offset 14, -4
  86:Src/main.c    ****     enum{
  68              		.loc 1 86 5 view .LVU4
  87:Src/main.c    ****         SYS_IDLE,
  88:Src/main.c    ****         SYS_NORMLE,
  89:Src/main.c    ****     };
  90:Src/main.c    ****     /*-----------------------*/
  91:Src/main.c    ****     sg_SYSRuning.time_cnt++;
  69              		.loc 1 91 5 view .LVU5
  70              		.loc 1 91 17 is_stmt 0 view .LVU6
  71 0002 144A     		ldr	r2, .L10
  72 0004 1368     		ldr	r3, [r2]
  73              		.loc 1 91 26 view .LVU7
  74 0006 0133     		adds	r3, r3, #1
  75 0008 1360     		str	r3, [r2]
  92:Src/main.c    ****     switch (sg_SYSRuning.state)
  76              		.loc 1 92 5 is_stmt 1 view .LVU8
  77              		.loc 1 92 25 is_stmt 0 view .LVU9
  78 000a 1279     		ldrb	r2, [r2, #4]	@ zero_extendqisi2
  79              		.loc 1 92 5 view .LVU10
  80 000c 52B9     		cbnz	r2, .L4
  93:Src/main.c    ****     {
  94:Src/main.c    ****         case SYS_IDLE:
ARM GAS  C:\Users\ADMINI~1\AppData\Local\Temp\cc1C4CoC.s 			page 4


  95:Src/main.c    ****             if(!(sg_SYSRuning.time_cnt % (DELAY_5000MS))){
  81              		.loc 1 95 13 is_stmt 1 view .LVU11
  82              		.loc 1 95 40 is_stmt 0 view .LVU12
  83 000e 124A     		ldr	r2, .L10+4
  84 0010 A2FB0312 		umull	r1, r2, r2, r3
  85 0014 120B     		lsrs	r2, r2, #12
  86 0016 41F28831 		movw	r1, #5000
  87 001a 01FB1232 		mls	r2, r1, r2, r3
  88              		.loc 1 95 15 view .LVU13
  89 001e 12B9     		cbnz	r2, .L6
  96:Src/main.c    ****                 sg_SYSRuning.time_cnt = 0;
  90              		.loc 1 96 17 is_stmt 1 view .LVU14
  91              		.loc 1 96 39 is_stmt 0 view .LVU15
  92 0020 0C4B     		ldr	r3, .L10
  93 0022 1A60     		str	r2, [r3]
  97:Src/main.c    ****                 break;
  94              		.loc 1 97 17 is_stmt 1 view .LVU16
  95              	.L4:
  98:Src/main.c    ****             }           
  99:Src/main.c    ****             if(!(sg_SYSRuning.time_cnt % (DELAY_1000MS))){
 100:Src/main.c    ****             }
 101:Src/main.c    ****             if(!(sg_SYSRuning.time_cnt % (DELAY_500MS)))
 102:Src/main.c    ****             {
 103:Src/main.c    ****             }            
 104:Src/main.c    ****             if(!(sg_SYSRuning.time_cnt % (DELAY_20MS)))
 105:Src/main.c    ****             {
 106:Src/main.c    ****                 // USER_DEBUG_NORMAL("theta %f\r\n",(*(sensor_data_t*)sensor_user_read(SENSOR_01)).
 107:Src/main.c    ****                 HAL_GPIO_TogglePin(LED_01_GPIO_Port,LED_01_Pin);                
 108:Src/main.c    ****             }
 109:Src/main.c    ****             if(!(sg_SYSRuning.time_cnt % (DELAY_2MS))){
 110:Src/main.c    ****                 protocol02_process();
 111:Src/main.c    ****             }
 112:Src/main.c    ****         default:
 113:Src/main.c    ****             break;
 114:Src/main.c    ****     }
 115:Src/main.c    **** }
  96              		.loc 1 115 1 is_stmt 0 view .LVU17
  97 0024 08BD     		pop	{r3, pc}
  98              	.L6:
  99:Src/main.c    ****             }
  99              		.loc 1 99 13 is_stmt 1 view .LVU18
 100:Src/main.c    ****             if(!(sg_SYSRuning.time_cnt % (DELAY_500MS)))
 100              		.loc 1 100 13 view .LVU19
 101:Src/main.c    ****             {
 101              		.loc 1 101 13 view .LVU20
 103:Src/main.c    ****             if(!(sg_SYSRuning.time_cnt % (DELAY_20MS)))
 102              		.loc 1 103 13 view .LVU21
 104:Src/main.c    ****             {
 103              		.loc 1 104 13 view .LVU22
 104:Src/main.c    ****             {
 104              		.loc 1 104 40 is_stmt 0 view .LVU23
 105 0026 0D4A     		ldr	r2, .L10+8
 106 0028 A2FB0312 		umull	r1, r2, r2, r3
 107 002c 1209     		lsrs	r2, r2, #4
 108 002e 02EB8202 		add	r2, r2, r2, lsl #2
 109 0032 9100     		lsls	r1, r2, #2
 104:Src/main.c    ****             {
ARM GAS  C:\Users\ADMINI~1\AppData\Local\Temp\cc1C4CoC.s 			page 5


 110              		.loc 1 104 15 view .LVU24
 111 0034 8B42     		cmp	r3, r1
 112 0036 07D0     		beq	.L9
 113              	.L7:
 109:Src/main.c    ****                 protocol02_process();
 114              		.loc 1 109 13 is_stmt 1 view .LVU25
 109:Src/main.c    ****                 protocol02_process();
 115              		.loc 1 109 30 is_stmt 0 view .LVU26
 116 0038 064B     		ldr	r3, .L10
 117 003a 1B68     		ldr	r3, [r3]
 109:Src/main.c    ****                 protocol02_process();
 118              		.loc 1 109 15 view .LVU27
 119 003c 13F0010F 		tst	r3, #1
 120 0040 F0D1     		bne	.L4
 110:Src/main.c    ****             }
 121              		.loc 1 110 17 is_stmt 1 view .LVU28
 122 0042 FFF7FEFF 		bl	protocol02_process
 123              	.LVL1:
 124              		.loc 1 115 1 is_stmt 0 view .LVU29
 125 0046 EDE7     		b	.L4
 126              	.L9:
 107:Src/main.c    ****             }
 127              		.loc 1 107 17 is_stmt 1 view .LVU30
 128 0048 4FF40051 		mov	r1, #8192
 129 004c 0448     		ldr	r0, .L10+12
 130 004e FFF7FEFF 		bl	HAL_GPIO_TogglePin
 131              	.LVL2:
 132 0052 F1E7     		b	.L7
 133              	.L11:
 134              		.align	2
 135              	.L10:
 136 0054 00000000 		.word	.LANCHOR0
 137 0058 5917B7D1 		.word	-776530087
 138 005c CDCCCCCC 		.word	-858993459
 139 0060 00080048 		.word	1207961600
 140              		.cfi_endproc
 141              	.LFE330:
 143              		.section	.text.Error_Handler,"ax",%progbits
 144              		.align	1
 145              		.global	Error_Handler
 146              		.syntax unified
 147              		.thumb
 148              		.thumb_func
 149              		.fpu fpv4-sp-d16
 151              	Error_Handler:
 152              	.LFB333:
 116:Src/main.c    **** 
 117:Src/main.c    **** 
 118:Src/main.c    **** /* USER CODE END 0 */
 119:Src/main.c    **** 
 120:Src/main.c    **** /**
 121:Src/main.c    ****   * @brief  The application entry point.
 122:Src/main.c    ****   * @retval int
 123:Src/main.c    ****   */
 124:Src/main.c    **** int main(void)
 125:Src/main.c    **** {
 126:Src/main.c    ****   /* USER CODE BEGIN 1 */
ARM GAS  C:\Users\ADMINI~1\AppData\Local\Temp\cc1C4CoC.s 			page 6


 127:Src/main.c    **** 
 128:Src/main.c    ****   /* USER CODE END 1 */
 129:Src/main.c    **** 
 130:Src/main.c    ****   /* MCU Configuration--------------------------------------------------------*/
 131:Src/main.c    **** 
 132:Src/main.c    ****   /* Reset of all peripherals, Initializes the Flash interface and the Systick. */
 133:Src/main.c    ****   HAL_Init();
 134:Src/main.c    **** 
 135:Src/main.c    ****   /* USER CODE BEGIN Init */
 136:Src/main.c    **** 
 137:Src/main.c    ****   /* USER CODE END Init */
 138:Src/main.c    **** 
 139:Src/main.c    ****   /* Configure the system clock */
 140:Src/main.c    ****   SystemClock_Config();
 141:Src/main.c    **** 
 142:Src/main.c    ****   /* USER CODE BEGIN SysInit */
 143:Src/main.c    **** 
 144:Src/main.c    ****   /* USER CODE END SysInit */
 145:Src/main.c    **** 
 146:Src/main.c    ****   /* Initialize all configured peripherals */
 147:Src/main.c    ****   MX_GPIO_Init();
 148:Src/main.c    ****   MX_DMA_Init();
 149:Src/main.c    ****   MX_TIM1_Init();
 150:Src/main.c    ****   MX_ADC1_Init();
 151:Src/main.c    ****   MX_SPI1_Init();
 152:Src/main.c    ****   MX_USART1_UART_Init();
 153:Src/main.c    ****   /* USER CODE BEGIN 2 */
 154:Src/main.c    ****   User_Printf_Init();
 155:Src/main.c    ****   USER_DEBUG_NORMAL("hello world\r\n");
 156:Src/main.c    ****   protocol_init();
 157:Src/main.c    ****   HAL_GPIO_WritePin(LED_01_GPIO_Port,LED_01_Pin,GPIO_PIN_SET);
 158:Src/main.c    ****   USER_DEBUG_NORMAL("SYS start runing\r\n");
 159:Src/main.c    ****   /* USER CODE END 2 */
 160:Src/main.c    **** 
 161:Src/main.c    ****   /* Infinite loop */
 162:Src/main.c    ****   /* USER CODE BEGIN WHILE */
 163:Src/main.c    ****   while (1)
 164:Src/main.c    ****   {
 165:Src/main.c    ****     sysrunning_process();
 166:Src/main.c    ****     sensor_process();
 167:Src/main.c    ****     motortctrl_process();
 168:Src/main.c    ****     protocol_process();
 169:Src/main.c    **** 
 170:Src/main.c    ****     HAL_Delay(1);
 171:Src/main.c    ****     /* USER CODE END WHILE */
 172:Src/main.c    **** 
 173:Src/main.c    ****     /* USER CODE BEGIN 3 */
 174:Src/main.c    ****   }
 175:Src/main.c    ****   /* USER CODE END 3 */
 176:Src/main.c    **** }
 177:Src/main.c    **** 
 178:Src/main.c    **** /**
 179:Src/main.c    ****   * @brief System Clock Configuration
 180:Src/main.c    ****   * @retval None
 181:Src/main.c    ****   */
 182:Src/main.c    **** void SystemClock_Config(void)
 183:Src/main.c    **** {
ARM GAS  C:\Users\ADMINI~1\AppData\Local\Temp\cc1C4CoC.s 			page 7


 184:Src/main.c    ****   RCC_OscInitTypeDef RCC_OscInitStruct = {0};
 185:Src/main.c    ****   RCC_ClkInitTypeDef RCC_ClkInitStruct = {0};
 186:Src/main.c    **** 
 187:Src/main.c    ****   /** Configure the main internal regulator output voltage
 188:Src/main.c    ****   */
 189:Src/main.c    ****   HAL_PWREx_ControlVoltageScaling(PWR_REGULATOR_VOLTAGE_SCALE1_BOOST);
 190:Src/main.c    **** 
 191:Src/main.c    ****   /** Initializes the RCC Oscillators according to the specified parameters
 192:Src/main.c    ****   * in the RCC_OscInitTypeDef structure.
 193:Src/main.c    ****   */
 194:Src/main.c    ****   RCC_OscInitStruct.OscillatorType = RCC_OSCILLATORTYPE_HSE;
 195:Src/main.c    ****   RCC_OscInitStruct.HSEState = RCC_HSE_ON;
 196:Src/main.c    ****   RCC_OscInitStruct.PLL.PLLState = RCC_PLL_ON;
 197:Src/main.c    ****   RCC_OscInitStruct.PLL.PLLSource = RCC_PLLSOURCE_HSE;
 198:Src/main.c    ****   RCC_OscInitStruct.PLL.PLLM = RCC_PLLM_DIV8;
 199:Src/main.c    ****   RCC_OscInitStruct.PLL.PLLN = 85;
 200:Src/main.c    ****   RCC_OscInitStruct.PLL.PLLP = RCC_PLLP_DIV2;
 201:Src/main.c    ****   RCC_OscInitStruct.PLL.PLLQ = RCC_PLLQ_DIV2;
 202:Src/main.c    ****   RCC_OscInitStruct.PLL.PLLR = RCC_PLLR_DIV2;
 203:Src/main.c    ****   if (HAL_RCC_OscConfig(&RCC_OscInitStruct) != HAL_OK)
 204:Src/main.c    ****   {
 205:Src/main.c    ****     Error_Handler();
 206:Src/main.c    ****   }
 207:Src/main.c    **** 
 208:Src/main.c    ****   /** Initializes the CPU, AHB and APB buses clocks
 209:Src/main.c    ****   */
 210:Src/main.c    ****   RCC_ClkInitStruct.ClockType = RCC_CLOCKTYPE_HCLK|RCC_CLOCKTYPE_SYSCLK
 211:Src/main.c    ****                               |RCC_CLOCKTYPE_PCLK1|RCC_CLOCKTYPE_PCLK2;
 212:Src/main.c    ****   RCC_ClkInitStruct.SYSCLKSource = RCC_SYSCLKSOURCE_PLLCLK;
 213:Src/main.c    ****   RCC_ClkInitStruct.AHBCLKDivider = RCC_SYSCLK_DIV1;
 214:Src/main.c    ****   RCC_ClkInitStruct.APB1CLKDivider = RCC_HCLK_DIV1;
 215:Src/main.c    ****   RCC_ClkInitStruct.APB2CLKDivider = RCC_HCLK_DIV1;
 216:Src/main.c    **** 
 217:Src/main.c    ****   if (HAL_RCC_ClockConfig(&RCC_ClkInitStruct, FLASH_LATENCY_4) != HAL_OK)
 218:Src/main.c    ****   {
 219:Src/main.c    ****     Error_Handler();
 220:Src/main.c    ****   }
 221:Src/main.c    **** }
 222:Src/main.c    **** 
 223:Src/main.c    **** /* USER CODE BEGIN 4 */
 224:Src/main.c    **** 
 225:Src/main.c    **** /* USER CODE END 4 */
 226:Src/main.c    **** 
 227:Src/main.c    **** /**
 228:Src/main.c    ****   * @brief  This function is executed in case of error occurrence.
 229:Src/main.c    ****   * @retval None
 230:Src/main.c    ****   */
 231:Src/main.c    **** void Error_Handler(void)
 232:Src/main.c    **** {
 153              		.loc 1 232 1 view -0
 154              		.cfi_startproc
 155              		@ Volatile: function does not return.
 156              		@ args = 0, pretend = 0, frame = 0
 157              		@ frame_needed = 0, uses_anonymous_args = 0
 158              		@ link register save eliminated.
 233:Src/main.c    ****   /* USER CODE BEGIN Error_Handler_Debug */
 234:Src/main.c    ****   /* User can add his own implementation to report the HAL error return state */
ARM GAS  C:\Users\ADMINI~1\AppData\Local\Temp\cc1C4CoC.s 			page 8


 235:Src/main.c    ****   __disable_irq();
 159              		.loc 1 235 3 view .LVU32
 160              	.LBB4:
 161              	.LBI4:
 162              		.file 2 "Drivers/CMSIS/Include/cmsis_gcc.h"
   1:Drivers/CMSIS/Include/cmsis_gcc.h **** /**************************************************************************//**
   2:Drivers/CMSIS/Include/cmsis_gcc.h ****  * @file     cmsis_gcc.h
   3:Drivers/CMSIS/Include/cmsis_gcc.h ****  * @brief    CMSIS compiler GCC header file
   4:Drivers/CMSIS/Include/cmsis_gcc.h ****  * @version  V5.2.0
   5:Drivers/CMSIS/Include/cmsis_gcc.h ****  * @date     08. May 2019
   6:Drivers/CMSIS/Include/cmsis_gcc.h ****  ******************************************************************************/
   7:Drivers/CMSIS/Include/cmsis_gcc.h **** /*
   8:Drivers/CMSIS/Include/cmsis_gcc.h ****  * Copyright (c) 2009-2019 Arm Limited. All rights reserved.
   9:Drivers/CMSIS/Include/cmsis_gcc.h ****  *
  10:Drivers/CMSIS/Include/cmsis_gcc.h ****  * SPDX-License-Identifier: Apache-2.0
  11:Drivers/CMSIS/Include/cmsis_gcc.h ****  *
  12:Drivers/CMSIS/Include/cmsis_gcc.h ****  * Licensed under the Apache License, Version 2.0 (the License); you may
  13:Drivers/CMSIS/Include/cmsis_gcc.h ****  * not use this file except in compliance with the License.
  14:Drivers/CMSIS/Include/cmsis_gcc.h ****  * You may obtain a copy of the License at
  15:Drivers/CMSIS/Include/cmsis_gcc.h ****  *
  16:Drivers/CMSIS/Include/cmsis_gcc.h ****  * www.apache.org/licenses/LICENSE-2.0
  17:Drivers/CMSIS/Include/cmsis_gcc.h ****  *
  18:Drivers/CMSIS/Include/cmsis_gcc.h ****  * Unless required by applicable law or agreed to in writing, software
  19:Drivers/CMSIS/Include/cmsis_gcc.h ****  * distributed under the License is distributed on an AS IS BASIS, WITHOUT
  20:Drivers/CMSIS/Include/cmsis_gcc.h ****  * WARRANTIES OR CONDITIONS OF ANY KIND, either express or implied.
  21:Drivers/CMSIS/Include/cmsis_gcc.h ****  * See the License for the specific language governing permissions and
  22:Drivers/CMSIS/Include/cmsis_gcc.h ****  * limitations under the License.
  23:Drivers/CMSIS/Include/cmsis_gcc.h ****  */
  24:Drivers/CMSIS/Include/cmsis_gcc.h **** 
  25:Drivers/CMSIS/Include/cmsis_gcc.h **** #ifndef __CMSIS_GCC_H
  26:Drivers/CMSIS/Include/cmsis_gcc.h **** #define __CMSIS_GCC_H
  27:Drivers/CMSIS/Include/cmsis_gcc.h **** 
  28:Drivers/CMSIS/Include/cmsis_gcc.h **** /* ignore some GCC warnings */
  29:Drivers/CMSIS/Include/cmsis_gcc.h **** #pragma GCC diagnostic push
  30:Drivers/CMSIS/Include/cmsis_gcc.h **** #pragma GCC diagnostic ignored "-Wsign-conversion"
  31:Drivers/CMSIS/Include/cmsis_gcc.h **** #pragma GCC diagnostic ignored "-Wconversion"
  32:Drivers/CMSIS/Include/cmsis_gcc.h **** #pragma GCC diagnostic ignored "-Wunused-parameter"
  33:Drivers/CMSIS/Include/cmsis_gcc.h **** 
  34:Drivers/CMSIS/Include/cmsis_gcc.h **** /* Fallback for __has_builtin */
  35:Drivers/CMSIS/Include/cmsis_gcc.h **** #ifndef __has_builtin
  36:Drivers/CMSIS/Include/cmsis_gcc.h ****   #define __has_builtin(x) (0)
  37:Drivers/CMSIS/Include/cmsis_gcc.h **** #endif
  38:Drivers/CMSIS/Include/cmsis_gcc.h **** 
  39:Drivers/CMSIS/Include/cmsis_gcc.h **** /* CMSIS compiler specific defines */
  40:Drivers/CMSIS/Include/cmsis_gcc.h **** #ifndef   __ASM
  41:Drivers/CMSIS/Include/cmsis_gcc.h ****   #define __ASM                                  __asm
  42:Drivers/CMSIS/Include/cmsis_gcc.h **** #endif
  43:Drivers/CMSIS/Include/cmsis_gcc.h **** #ifndef   __INLINE
  44:Drivers/CMSIS/Include/cmsis_gcc.h ****   #define __INLINE                               inline
  45:Drivers/CMSIS/Include/cmsis_gcc.h **** #endif
  46:Drivers/CMSIS/Include/cmsis_gcc.h **** #ifndef   __STATIC_INLINE
  47:Drivers/CMSIS/Include/cmsis_gcc.h ****   #define __STATIC_INLINE                        static inline
  48:Drivers/CMSIS/Include/cmsis_gcc.h **** #endif
  49:Drivers/CMSIS/Include/cmsis_gcc.h **** #ifndef   __STATIC_FORCEINLINE                 
  50:Drivers/CMSIS/Include/cmsis_gcc.h ****   #define __STATIC_FORCEINLINE                   __attribute__((always_inline)) static inline
  51:Drivers/CMSIS/Include/cmsis_gcc.h **** #endif                                           
  52:Drivers/CMSIS/Include/cmsis_gcc.h **** #ifndef   __NO_RETURN
ARM GAS  C:\Users\ADMINI~1\AppData\Local\Temp\cc1C4CoC.s 			page 9


  53:Drivers/CMSIS/Include/cmsis_gcc.h ****   #define __NO_RETURN                            __attribute__((__noreturn__))
  54:Drivers/CMSIS/Include/cmsis_gcc.h **** #endif
  55:Drivers/CMSIS/Include/cmsis_gcc.h **** #ifndef   __USED
  56:Drivers/CMSIS/Include/cmsis_gcc.h ****   #define __USED                                 __attribute__((used))
  57:Drivers/CMSIS/Include/cmsis_gcc.h **** #endif
  58:Drivers/CMSIS/Include/cmsis_gcc.h **** #ifndef   __WEAK
  59:Drivers/CMSIS/Include/cmsis_gcc.h ****   #define __WEAK                                 __attribute__((weak))
  60:Drivers/CMSIS/Include/cmsis_gcc.h **** #endif
  61:Drivers/CMSIS/Include/cmsis_gcc.h **** #ifndef   __PACKED
  62:Drivers/CMSIS/Include/cmsis_gcc.h ****   #define __PACKED                               __attribute__((packed, aligned(1)))
  63:Drivers/CMSIS/Include/cmsis_gcc.h **** #endif
  64:Drivers/CMSIS/Include/cmsis_gcc.h **** #ifndef   __PACKED_STRUCT
  65:Drivers/CMSIS/Include/cmsis_gcc.h ****   #define __PACKED_STRUCT                        struct __attribute__((packed, aligned(1)))
  66:Drivers/CMSIS/Include/cmsis_gcc.h **** #endif
  67:Drivers/CMSIS/Include/cmsis_gcc.h **** #ifndef   __PACKED_UNION
  68:Drivers/CMSIS/Include/cmsis_gcc.h ****   #define __PACKED_UNION                         union __attribute__((packed, aligned(1)))
  69:Drivers/CMSIS/Include/cmsis_gcc.h **** #endif
  70:Drivers/CMSIS/Include/cmsis_gcc.h **** #ifndef   __UNALIGNED_UINT32        /* deprecated */
  71:Drivers/CMSIS/Include/cmsis_gcc.h ****   #pragma GCC diagnostic push
  72:Drivers/CMSIS/Include/cmsis_gcc.h ****   #pragma GCC diagnostic ignored "-Wpacked"
  73:Drivers/CMSIS/Include/cmsis_gcc.h ****   #pragma GCC diagnostic ignored "-Wattributes"
  74:Drivers/CMSIS/Include/cmsis_gcc.h ****   struct __attribute__((packed)) T_UINT32 { uint32_t v; };
  75:Drivers/CMSIS/Include/cmsis_gcc.h ****   #pragma GCC diagnostic pop
  76:Drivers/CMSIS/Include/cmsis_gcc.h ****   #define __UNALIGNED_UINT32(x)                  (((struct T_UINT32 *)(x))->v)
  77:Drivers/CMSIS/Include/cmsis_gcc.h **** #endif
  78:Drivers/CMSIS/Include/cmsis_gcc.h **** #ifndef   __UNALIGNED_UINT16_WRITE
  79:Drivers/CMSIS/Include/cmsis_gcc.h ****   #pragma GCC diagnostic push
  80:Drivers/CMSIS/Include/cmsis_gcc.h ****   #pragma GCC diagnostic ignored "-Wpacked"
  81:Drivers/CMSIS/Include/cmsis_gcc.h ****   #pragma GCC diagnostic ignored "-Wattributes"
  82:Drivers/CMSIS/Include/cmsis_gcc.h ****   __PACKED_STRUCT T_UINT16_WRITE { uint16_t v; };
  83:Drivers/CMSIS/Include/cmsis_gcc.h ****   #pragma GCC diagnostic pop
  84:Drivers/CMSIS/Include/cmsis_gcc.h ****   #define __UNALIGNED_UINT16_WRITE(addr, val)    (void)((((struct T_UINT16_WRITE *)(void *)(addr))-
  85:Drivers/CMSIS/Include/cmsis_gcc.h **** #endif
  86:Drivers/CMSIS/Include/cmsis_gcc.h **** #ifndef   __UNALIGNED_UINT16_READ
  87:Drivers/CMSIS/Include/cmsis_gcc.h ****   #pragma GCC diagnostic push
  88:Drivers/CMSIS/Include/cmsis_gcc.h ****   #pragma GCC diagnostic ignored "-Wpacked"
  89:Drivers/CMSIS/Include/cmsis_gcc.h ****   #pragma GCC diagnostic ignored "-Wattributes"
  90:Drivers/CMSIS/Include/cmsis_gcc.h ****   __PACKED_STRUCT T_UINT16_READ { uint16_t v; };
  91:Drivers/CMSIS/Include/cmsis_gcc.h ****   #pragma GCC diagnostic pop
  92:Drivers/CMSIS/Include/cmsis_gcc.h ****   #define __UNALIGNED_UINT16_READ(addr)          (((const struct T_UINT16_READ *)(const void *)(add
  93:Drivers/CMSIS/Include/cmsis_gcc.h **** #endif
  94:Drivers/CMSIS/Include/cmsis_gcc.h **** #ifndef   __UNALIGNED_UINT32_WRITE
  95:Drivers/CMSIS/Include/cmsis_gcc.h ****   #pragma GCC diagnostic push
  96:Drivers/CMSIS/Include/cmsis_gcc.h ****   #pragma GCC diagnostic ignored "-Wpacked"
  97:Drivers/CMSIS/Include/cmsis_gcc.h ****   #pragma GCC diagnostic ignored "-Wattributes"
  98:Drivers/CMSIS/Include/cmsis_gcc.h ****   __PACKED_STRUCT T_UINT32_WRITE { uint32_t v; };
  99:Drivers/CMSIS/Include/cmsis_gcc.h ****   #pragma GCC diagnostic pop
 100:Drivers/CMSIS/Include/cmsis_gcc.h ****   #define __UNALIGNED_UINT32_WRITE(addr, val)    (void)((((struct T_UINT32_WRITE *)(void *)(addr))-
 101:Drivers/CMSIS/Include/cmsis_gcc.h **** #endif
 102:Drivers/CMSIS/Include/cmsis_gcc.h **** #ifndef   __UNALIGNED_UINT32_READ
 103:Drivers/CMSIS/Include/cmsis_gcc.h ****   #pragma GCC diagnostic push
 104:Drivers/CMSIS/Include/cmsis_gcc.h ****   #pragma GCC diagnostic ignored "-Wpacked"
 105:Drivers/CMSIS/Include/cmsis_gcc.h ****   #pragma GCC diagnostic ignored "-Wattributes"
 106:Drivers/CMSIS/Include/cmsis_gcc.h ****   __PACKED_STRUCT T_UINT32_READ { uint32_t v; };
 107:Drivers/CMSIS/Include/cmsis_gcc.h ****   #pragma GCC diagnostic pop
 108:Drivers/CMSIS/Include/cmsis_gcc.h ****   #define __UNALIGNED_UINT32_READ(addr)          (((const struct T_UINT32_READ *)(const void *)(add
 109:Drivers/CMSIS/Include/cmsis_gcc.h **** #endif
ARM GAS  C:\Users\ADMINI~1\AppData\Local\Temp\cc1C4CoC.s 			page 10


 110:Drivers/CMSIS/Include/cmsis_gcc.h **** #ifndef   __ALIGNED
 111:Drivers/CMSIS/Include/cmsis_gcc.h ****   #define __ALIGNED(x)                           __attribute__((aligned(x)))
 112:Drivers/CMSIS/Include/cmsis_gcc.h **** #endif
 113:Drivers/CMSIS/Include/cmsis_gcc.h **** #ifndef   __RESTRICT
 114:Drivers/CMSIS/Include/cmsis_gcc.h ****   #define __RESTRICT                             __restrict
 115:Drivers/CMSIS/Include/cmsis_gcc.h **** #endif
 116:Drivers/CMSIS/Include/cmsis_gcc.h **** #ifndef   __COMPILER_BARRIER
 117:Drivers/CMSIS/Include/cmsis_gcc.h ****   #define __COMPILER_BARRIER()                   __ASM volatile("":::"memory")
 118:Drivers/CMSIS/Include/cmsis_gcc.h **** #endif
 119:Drivers/CMSIS/Include/cmsis_gcc.h **** 
 120:Drivers/CMSIS/Include/cmsis_gcc.h **** /* #########################  Startup and Lowlevel Init  ######################## */
 121:Drivers/CMSIS/Include/cmsis_gcc.h **** 
 122:Drivers/CMSIS/Include/cmsis_gcc.h **** #ifndef __PROGRAM_START
 123:Drivers/CMSIS/Include/cmsis_gcc.h **** 
 124:Drivers/CMSIS/Include/cmsis_gcc.h **** /**
 125:Drivers/CMSIS/Include/cmsis_gcc.h ****   \brief   Initializes data and bss sections
 126:Drivers/CMSIS/Include/cmsis_gcc.h ****   \details This default implementations initialized all data and additional bss
 127:Drivers/CMSIS/Include/cmsis_gcc.h ****            sections relying on .copy.table and .zero.table specified properly
 128:Drivers/CMSIS/Include/cmsis_gcc.h ****            in the used linker script.
 129:Drivers/CMSIS/Include/cmsis_gcc.h ****   
 130:Drivers/CMSIS/Include/cmsis_gcc.h ****  */
 131:Drivers/CMSIS/Include/cmsis_gcc.h **** __STATIC_FORCEINLINE __NO_RETURN void __cmsis_start(void)
 132:Drivers/CMSIS/Include/cmsis_gcc.h **** {
 133:Drivers/CMSIS/Include/cmsis_gcc.h ****   extern void _start(void) __NO_RETURN;
 134:Drivers/CMSIS/Include/cmsis_gcc.h ****   
 135:Drivers/CMSIS/Include/cmsis_gcc.h ****   typedef struct {
 136:Drivers/CMSIS/Include/cmsis_gcc.h ****     uint32_t const* src;
 137:Drivers/CMSIS/Include/cmsis_gcc.h ****     uint32_t* dest;
 138:Drivers/CMSIS/Include/cmsis_gcc.h ****     uint32_t  wlen;
 139:Drivers/CMSIS/Include/cmsis_gcc.h ****   } __copy_table_t;
 140:Drivers/CMSIS/Include/cmsis_gcc.h ****   
 141:Drivers/CMSIS/Include/cmsis_gcc.h ****   typedef struct {
 142:Drivers/CMSIS/Include/cmsis_gcc.h ****     uint32_t* dest;
 143:Drivers/CMSIS/Include/cmsis_gcc.h ****     uint32_t  wlen;
 144:Drivers/CMSIS/Include/cmsis_gcc.h ****   } __zero_table_t;
 145:Drivers/CMSIS/Include/cmsis_gcc.h ****   
 146:Drivers/CMSIS/Include/cmsis_gcc.h ****   extern const __copy_table_t __copy_table_start__;
 147:Drivers/CMSIS/Include/cmsis_gcc.h ****   extern const __copy_table_t __copy_table_end__;
 148:Drivers/CMSIS/Include/cmsis_gcc.h ****   extern const __zero_table_t __zero_table_start__;
 149:Drivers/CMSIS/Include/cmsis_gcc.h ****   extern const __zero_table_t __zero_table_end__;
 150:Drivers/CMSIS/Include/cmsis_gcc.h **** 
 151:Drivers/CMSIS/Include/cmsis_gcc.h ****   for (__copy_table_t const* pTable = &__copy_table_start__; pTable < &__copy_table_end__; ++pTable
 152:Drivers/CMSIS/Include/cmsis_gcc.h ****     for(uint32_t i=0u; i<pTable->wlen; ++i) {
 153:Drivers/CMSIS/Include/cmsis_gcc.h ****       pTable->dest[i] = pTable->src[i];
 154:Drivers/CMSIS/Include/cmsis_gcc.h ****     }
 155:Drivers/CMSIS/Include/cmsis_gcc.h ****   }
 156:Drivers/CMSIS/Include/cmsis_gcc.h ****  
 157:Drivers/CMSIS/Include/cmsis_gcc.h ****   for (__zero_table_t const* pTable = &__zero_table_start__; pTable < &__zero_table_end__; ++pTable
 158:Drivers/CMSIS/Include/cmsis_gcc.h ****     for(uint32_t i=0u; i<pTable->wlen; ++i) {
 159:Drivers/CMSIS/Include/cmsis_gcc.h ****       pTable->dest[i] = 0u;
 160:Drivers/CMSIS/Include/cmsis_gcc.h ****     }
 161:Drivers/CMSIS/Include/cmsis_gcc.h ****   }
 162:Drivers/CMSIS/Include/cmsis_gcc.h ****  
 163:Drivers/CMSIS/Include/cmsis_gcc.h ****   _start();
 164:Drivers/CMSIS/Include/cmsis_gcc.h **** }
 165:Drivers/CMSIS/Include/cmsis_gcc.h ****   
 166:Drivers/CMSIS/Include/cmsis_gcc.h **** #define __PROGRAM_START           __cmsis_start
ARM GAS  C:\Users\ADMINI~1\AppData\Local\Temp\cc1C4CoC.s 			page 11


 167:Drivers/CMSIS/Include/cmsis_gcc.h **** #endif
 168:Drivers/CMSIS/Include/cmsis_gcc.h **** 
 169:Drivers/CMSIS/Include/cmsis_gcc.h **** #ifndef __INITIAL_SP
 170:Drivers/CMSIS/Include/cmsis_gcc.h **** #define __INITIAL_SP              __StackTop
 171:Drivers/CMSIS/Include/cmsis_gcc.h **** #endif
 172:Drivers/CMSIS/Include/cmsis_gcc.h **** 
 173:Drivers/CMSIS/Include/cmsis_gcc.h **** #ifndef __STACK_LIMIT
 174:Drivers/CMSIS/Include/cmsis_gcc.h **** #define __STACK_LIMIT             __StackLimit
 175:Drivers/CMSIS/Include/cmsis_gcc.h **** #endif
 176:Drivers/CMSIS/Include/cmsis_gcc.h **** 
 177:Drivers/CMSIS/Include/cmsis_gcc.h **** #ifndef __VECTOR_TABLE
 178:Drivers/CMSIS/Include/cmsis_gcc.h **** #define __VECTOR_TABLE            __Vectors
 179:Drivers/CMSIS/Include/cmsis_gcc.h **** #endif
 180:Drivers/CMSIS/Include/cmsis_gcc.h **** 
 181:Drivers/CMSIS/Include/cmsis_gcc.h **** #ifndef __VECTOR_TABLE_ATTRIBUTE
 182:Drivers/CMSIS/Include/cmsis_gcc.h **** #define __VECTOR_TABLE_ATTRIBUTE  __attribute((used, section(".vectors")))
 183:Drivers/CMSIS/Include/cmsis_gcc.h **** #endif
 184:Drivers/CMSIS/Include/cmsis_gcc.h **** 
 185:Drivers/CMSIS/Include/cmsis_gcc.h **** /* ###########################  Core Function Access  ########################### */
 186:Drivers/CMSIS/Include/cmsis_gcc.h **** /** \ingroup  CMSIS_Core_FunctionInterface
 187:Drivers/CMSIS/Include/cmsis_gcc.h ****     \defgroup CMSIS_Core_RegAccFunctions CMSIS Core Register Access Functions
 188:Drivers/CMSIS/Include/cmsis_gcc.h ****   @{
 189:Drivers/CMSIS/Include/cmsis_gcc.h ****  */
 190:Drivers/CMSIS/Include/cmsis_gcc.h **** 
 191:Drivers/CMSIS/Include/cmsis_gcc.h **** /**
 192:Drivers/CMSIS/Include/cmsis_gcc.h ****   \brief   Enable IRQ Interrupts
 193:Drivers/CMSIS/Include/cmsis_gcc.h ****   \details Enables IRQ interrupts by clearing the I-bit in the CPSR.
 194:Drivers/CMSIS/Include/cmsis_gcc.h ****            Can only be executed in Privileged modes.
 195:Drivers/CMSIS/Include/cmsis_gcc.h ****  */
 196:Drivers/CMSIS/Include/cmsis_gcc.h **** __STATIC_FORCEINLINE void __enable_irq(void)
 197:Drivers/CMSIS/Include/cmsis_gcc.h **** {
 198:Drivers/CMSIS/Include/cmsis_gcc.h ****   __ASM volatile ("cpsie i" : : : "memory");
 199:Drivers/CMSIS/Include/cmsis_gcc.h **** }
 200:Drivers/CMSIS/Include/cmsis_gcc.h **** 
 201:Drivers/CMSIS/Include/cmsis_gcc.h **** 
 202:Drivers/CMSIS/Include/cmsis_gcc.h **** /**
 203:Drivers/CMSIS/Include/cmsis_gcc.h ****   \brief   Disable IRQ Interrupts
 204:Drivers/CMSIS/Include/cmsis_gcc.h ****   \details Disables IRQ interrupts by setting the I-bit in the CPSR.
 205:Drivers/CMSIS/Include/cmsis_gcc.h ****            Can only be executed in Privileged modes.
 206:Drivers/CMSIS/Include/cmsis_gcc.h ****  */
 207:Drivers/CMSIS/Include/cmsis_gcc.h **** __STATIC_FORCEINLINE void __disable_irq(void)
 163              		.loc 2 207 27 view .LVU33
 164              	.LBB5:
 208:Drivers/CMSIS/Include/cmsis_gcc.h **** {
 209:Drivers/CMSIS/Include/cmsis_gcc.h ****   __ASM volatile ("cpsid i" : : : "memory");
 165              		.loc 2 209 3 view .LVU34
 166              		.syntax unified
 167              	@ 209 "Drivers/CMSIS/Include/cmsis_gcc.h" 1
 168 0000 72B6     		cpsid i
 169              	@ 0 "" 2
 170              		.thumb
 171              		.syntax unified
 172              	.L13:
 173              	.LBE5:
 174              	.LBE4:
 236:Src/main.c    ****   while (1)
 175              		.loc 1 236 3 discriminator 1 view .LVU35
ARM GAS  C:\Users\ADMINI~1\AppData\Local\Temp\cc1C4CoC.s 			page 12


 237:Src/main.c    ****   {
 238:Src/main.c    ****   }
 176              		.loc 1 238 3 discriminator 1 view .LVU36
 236:Src/main.c    ****   while (1)
 177              		.loc 1 236 9 discriminator 1 view .LVU37
 178 0002 FEE7     		b	.L13
 179              		.cfi_endproc
 180              	.LFE333:
 182              		.section	.text.SystemClock_Config,"ax",%progbits
 183              		.align	1
 184              		.global	SystemClock_Config
 185              		.syntax unified
 186              		.thumb
 187              		.thumb_func
 188              		.fpu fpv4-sp-d16
 190              	SystemClock_Config:
 191              	.LFB332:
 183:Src/main.c    ****   RCC_OscInitTypeDef RCC_OscInitStruct = {0};
 192              		.loc 1 183 1 view -0
 193              		.cfi_startproc
 194              		@ args = 0, pretend = 0, frame = 80
 195              		@ frame_needed = 0, uses_anonymous_args = 0
 196 0000 00B5     		push	{lr}
 197              	.LCFI1:
 198              		.cfi_def_cfa_offset 4
 199              		.cfi_offset 14, -4
 200 0002 95B0     		sub	sp, sp, #84
 201              	.LCFI2:
 202              		.cfi_def_cfa_offset 88
 184:Src/main.c    ****   RCC_ClkInitTypeDef RCC_ClkInitStruct = {0};
 203              		.loc 1 184 3 view .LVU39
 184:Src/main.c    ****   RCC_ClkInitTypeDef RCC_ClkInitStruct = {0};
 204              		.loc 1 184 22 is_stmt 0 view .LVU40
 205 0004 3822     		movs	r2, #56
 206 0006 0021     		movs	r1, #0
 207 0008 06A8     		add	r0, sp, #24
 208 000a FFF7FEFF 		bl	memset
 209              	.LVL3:
 185:Src/main.c    **** 
 210              		.loc 1 185 3 is_stmt 1 view .LVU41
 185:Src/main.c    **** 
 211              		.loc 1 185 22 is_stmt 0 view .LVU42
 212 000e 0020     		movs	r0, #0
 213 0010 0190     		str	r0, [sp, #4]
 214 0012 0290     		str	r0, [sp, #8]
 215 0014 0390     		str	r0, [sp, #12]
 216 0016 0490     		str	r0, [sp, #16]
 217 0018 0590     		str	r0, [sp, #20]
 189:Src/main.c    **** 
 218              		.loc 1 189 3 is_stmt 1 view .LVU43
 219 001a FFF7FEFF 		bl	HAL_PWREx_ControlVoltageScaling
 220              	.LVL4:
 194:Src/main.c    ****   RCC_OscInitStruct.HSEState = RCC_HSE_ON;
 221              		.loc 1 194 3 view .LVU44
 194:Src/main.c    ****   RCC_OscInitStruct.HSEState = RCC_HSE_ON;
 222              		.loc 1 194 36 is_stmt 0 view .LVU45
 223 001e 0123     		movs	r3, #1
ARM GAS  C:\Users\ADMINI~1\AppData\Local\Temp\cc1C4CoC.s 			page 13


 224 0020 0693     		str	r3, [sp, #24]
 195:Src/main.c    ****   RCC_OscInitStruct.PLL.PLLState = RCC_PLL_ON;
 225              		.loc 1 195 3 is_stmt 1 view .LVU46
 195:Src/main.c    ****   RCC_OscInitStruct.PLL.PLLState = RCC_PLL_ON;
 226              		.loc 1 195 30 is_stmt 0 view .LVU47
 227 0022 4FF48033 		mov	r3, #65536
 228 0026 0793     		str	r3, [sp, #28]
 196:Src/main.c    ****   RCC_OscInitStruct.PLL.PLLSource = RCC_PLLSOURCE_HSE;
 229              		.loc 1 196 3 is_stmt 1 view .LVU48
 196:Src/main.c    ****   RCC_OscInitStruct.PLL.PLLSource = RCC_PLLSOURCE_HSE;
 230              		.loc 1 196 34 is_stmt 0 view .LVU49
 231 0028 0223     		movs	r3, #2
 232 002a 0D93     		str	r3, [sp, #52]
 197:Src/main.c    ****   RCC_OscInitStruct.PLL.PLLM = RCC_PLLM_DIV8;
 233              		.loc 1 197 3 is_stmt 1 view .LVU50
 197:Src/main.c    ****   RCC_OscInitStruct.PLL.PLLM = RCC_PLLM_DIV8;
 234              		.loc 1 197 35 is_stmt 0 view .LVU51
 235 002c 0322     		movs	r2, #3
 236 002e 0E92     		str	r2, [sp, #56]
 198:Src/main.c    ****   RCC_OscInitStruct.PLL.PLLN = 85;
 237              		.loc 1 198 3 is_stmt 1 view .LVU52
 198:Src/main.c    ****   RCC_OscInitStruct.PLL.PLLN = 85;
 238              		.loc 1 198 30 is_stmt 0 view .LVU53
 239 0030 0822     		movs	r2, #8
 240 0032 0F92     		str	r2, [sp, #60]
 199:Src/main.c    ****   RCC_OscInitStruct.PLL.PLLP = RCC_PLLP_DIV2;
 241              		.loc 1 199 3 is_stmt 1 view .LVU54
 199:Src/main.c    ****   RCC_OscInitStruct.PLL.PLLP = RCC_PLLP_DIV2;
 242              		.loc 1 199 30 is_stmt 0 view .LVU55
 243 0034 5522     		movs	r2, #85
 244 0036 1092     		str	r2, [sp, #64]
 200:Src/main.c    ****   RCC_OscInitStruct.PLL.PLLQ = RCC_PLLQ_DIV2;
 245              		.loc 1 200 3 is_stmt 1 view .LVU56
 200:Src/main.c    ****   RCC_OscInitStruct.PLL.PLLQ = RCC_PLLQ_DIV2;
 246              		.loc 1 200 30 is_stmt 0 view .LVU57
 247 0038 1193     		str	r3, [sp, #68]
 201:Src/main.c    ****   RCC_OscInitStruct.PLL.PLLR = RCC_PLLR_DIV2;
 248              		.loc 1 201 3 is_stmt 1 view .LVU58
 201:Src/main.c    ****   RCC_OscInitStruct.PLL.PLLR = RCC_PLLR_DIV2;
 249              		.loc 1 201 30 is_stmt 0 view .LVU59
 250 003a 1293     		str	r3, [sp, #72]
 202:Src/main.c    ****   if (HAL_RCC_OscConfig(&RCC_OscInitStruct) != HAL_OK)
 251              		.loc 1 202 3 is_stmt 1 view .LVU60
 202:Src/main.c    ****   if (HAL_RCC_OscConfig(&RCC_OscInitStruct) != HAL_OK)
 252              		.loc 1 202 30 is_stmt 0 view .LVU61
 253 003c 1393     		str	r3, [sp, #76]
 203:Src/main.c    ****   {
 254              		.loc 1 203 3 is_stmt 1 view .LVU62
 203:Src/main.c    ****   {
 255              		.loc 1 203 7 is_stmt 0 view .LVU63
 256 003e 06A8     		add	r0, sp, #24
 257 0040 FFF7FEFF 		bl	HAL_RCC_OscConfig
 258              	.LVL5:
 203:Src/main.c    ****   {
 259              		.loc 1 203 6 view .LVU64
 260 0044 80B9     		cbnz	r0, .L18
 210:Src/main.c    ****                               |RCC_CLOCKTYPE_PCLK1|RCC_CLOCKTYPE_PCLK2;
ARM GAS  C:\Users\ADMINI~1\AppData\Local\Temp\cc1C4CoC.s 			page 14


 261              		.loc 1 210 3 is_stmt 1 view .LVU65
 210:Src/main.c    ****                               |RCC_CLOCKTYPE_PCLK1|RCC_CLOCKTYPE_PCLK2;
 262              		.loc 1 210 31 is_stmt 0 view .LVU66
 263 0046 0F23     		movs	r3, #15
 264 0048 0193     		str	r3, [sp, #4]
 212:Src/main.c    ****   RCC_ClkInitStruct.AHBCLKDivider = RCC_SYSCLK_DIV1;
 265              		.loc 1 212 3 is_stmt 1 view .LVU67
 212:Src/main.c    ****   RCC_ClkInitStruct.AHBCLKDivider = RCC_SYSCLK_DIV1;
 266              		.loc 1 212 34 is_stmt 0 view .LVU68
 267 004a 0323     		movs	r3, #3
 268 004c 0293     		str	r3, [sp, #8]
 213:Src/main.c    ****   RCC_ClkInitStruct.APB1CLKDivider = RCC_HCLK_DIV1;
 269              		.loc 1 213 3 is_stmt 1 view .LVU69
 213:Src/main.c    ****   RCC_ClkInitStruct.APB1CLKDivider = RCC_HCLK_DIV1;
 270              		.loc 1 213 35 is_stmt 0 view .LVU70
 271 004e 0023     		movs	r3, #0
 272 0050 0393     		str	r3, [sp, #12]
 214:Src/main.c    ****   RCC_ClkInitStruct.APB2CLKDivider = RCC_HCLK_DIV1;
 273              		.loc 1 214 3 is_stmt 1 view .LVU71
 214:Src/main.c    ****   RCC_ClkInitStruct.APB2CLKDivider = RCC_HCLK_DIV1;
 274              		.loc 1 214 36 is_stmt 0 view .LVU72
 275 0052 0493     		str	r3, [sp, #16]
 215:Src/main.c    **** 
 276              		.loc 1 215 3 is_stmt 1 view .LVU73
 215:Src/main.c    **** 
 277              		.loc 1 215 36 is_stmt 0 view .LVU74
 278 0054 0593     		str	r3, [sp, #20]
 217:Src/main.c    ****   {
 279              		.loc 1 217 3 is_stmt 1 view .LVU75
 217:Src/main.c    ****   {
 280              		.loc 1 217 7 is_stmt 0 view .LVU76
 281 0056 0421     		movs	r1, #4
 282 0058 0DEB0100 		add	r0, sp, r1
 283 005c FFF7FEFF 		bl	HAL_RCC_ClockConfig
 284              	.LVL6:
 217:Src/main.c    ****   {
 285              		.loc 1 217 6 view .LVU77
 286 0060 20B9     		cbnz	r0, .L19
 221:Src/main.c    **** 
 287              		.loc 1 221 1 view .LVU78
 288 0062 15B0     		add	sp, sp, #84
 289              	.LCFI3:
 290              		.cfi_remember_state
 291              		.cfi_def_cfa_offset 4
 292              		@ sp needed
 293 0064 5DF804FB 		ldr	pc, [sp], #4
 294              	.L18:
 295              	.LCFI4:
 296              		.cfi_restore_state
 205:Src/main.c    ****   }
 297              		.loc 1 205 5 is_stmt 1 view .LVU79
 298 0068 FFF7FEFF 		bl	Error_Handler
 299              	.LVL7:
 300              	.L19:
 219:Src/main.c    ****   }
 301              		.loc 1 219 5 view .LVU80
 302 006c FFF7FEFF 		bl	Error_Handler
ARM GAS  C:\Users\ADMINI~1\AppData\Local\Temp\cc1C4CoC.s 			page 15


 303              	.LVL8:
 304              		.cfi_endproc
 305              	.LFE332:
 307              		.section	.rodata.main.str1.4,"aMS",%progbits,1
 308              		.align	2
 309              	.LC0:
 310 0000 68656C6C 		.ascii	"hello world\015\012\000"
 310      6F20776F 
 310      726C640D 
 310      0A00
 311 000e 0000     		.align	2
 312              	.LC1:
 313 0010 53595320 		.ascii	"SYS start runing\015\012\000"
 313      73746172 
 313      74207275 
 313      6E696E67 
 313      0D0A00
 314              		.section	.text.main,"ax",%progbits
 315              		.align	1
 316              		.global	main
 317              		.syntax unified
 318              		.thumb
 319              		.thumb_func
 320              		.fpu fpv4-sp-d16
 322              	main:
 323              	.LFB331:
 125:Src/main.c    ****   /* USER CODE BEGIN 1 */
 324              		.loc 1 125 1 view -0
 325              		.cfi_startproc
 326              		@ Volatile: function does not return.
 327              		@ args = 0, pretend = 0, frame = 0
 328              		@ frame_needed = 0, uses_anonymous_args = 0
 329 0000 08B5     		push	{r3, lr}
 330              	.LCFI5:
 331              		.cfi_def_cfa_offset 8
 332              		.cfi_offset 3, -8
 333              		.cfi_offset 14, -4
 133:Src/main.c    **** 
 334              		.loc 1 133 3 view .LVU82
 335 0002 FFF7FEFF 		bl	HAL_Init
 336              	.LVL9:
 140:Src/main.c    **** 
 337              		.loc 1 140 3 view .LVU83
 338 0006 FFF7FEFF 		bl	SystemClock_Config
 339              	.LVL10:
 147:Src/main.c    ****   MX_DMA_Init();
 340              		.loc 1 147 3 view .LVU84
 341 000a FFF7FEFF 		bl	MX_GPIO_Init
 342              	.LVL11:
 148:Src/main.c    ****   MX_TIM1_Init();
 343              		.loc 1 148 3 view .LVU85
 344 000e FFF7FEFF 		bl	MX_DMA_Init
 345              	.LVL12:
 149:Src/main.c    ****   MX_ADC1_Init();
 346              		.loc 1 149 3 view .LVU86
 347 0012 FFF7FEFF 		bl	MX_TIM1_Init
 348              	.LVL13:
ARM GAS  C:\Users\ADMINI~1\AppData\Local\Temp\cc1C4CoC.s 			page 16


 150:Src/main.c    ****   MX_SPI1_Init();
 349              		.loc 1 150 3 view .LVU87
 350 0016 FFF7FEFF 		bl	MX_ADC1_Init
 351              	.LVL14:
 151:Src/main.c    ****   MX_USART1_UART_Init();
 352              		.loc 1 151 3 view .LVU88
 353 001a FFF7FEFF 		bl	MX_SPI1_Init
 354              	.LVL15:
 152:Src/main.c    ****   /* USER CODE BEGIN 2 */
 355              		.loc 1 152 3 view .LVU89
 356 001e FFF7FEFF 		bl	MX_USART1_UART_Init
 357              	.LVL16:
 154:Src/main.c    ****   USER_DEBUG_NORMAL("hello world\r\n");
 358              		.loc 1 154 3 view .LVU90
 359 0022 FFF7FEFF 		bl	User_Printf_Init
 360              	.LVL17:
 155:Src/main.c    ****   protocol_init();
 361              		.loc 1 155 3 view .LVU91
 362 0026 0E49     		ldr	r1, .L23
 363 0028 0020     		movs	r0, #0
 364 002a FFF7FEFF 		bl	SEGGER_RTT_printf
 365              	.LVL18:
 156:Src/main.c    ****   HAL_GPIO_WritePin(LED_01_GPIO_Port,LED_01_Pin,GPIO_PIN_SET);
 366              		.loc 1 156 3 view .LVU92
 367 002e FFF7FEFF 		bl	protocol_init
 368              	.LVL19:
 157:Src/main.c    ****   USER_DEBUG_NORMAL("SYS start runing\r\n");
 369              		.loc 1 157 3 view .LVU93
 370 0032 0122     		movs	r2, #1
 371 0034 4FF40051 		mov	r1, #8192
 372 0038 0A48     		ldr	r0, .L23+4
 373 003a FFF7FEFF 		bl	HAL_GPIO_WritePin
 374              	.LVL20:
 158:Src/main.c    ****   /* USER CODE END 2 */
 375              		.loc 1 158 3 view .LVU94
 376 003e 0A49     		ldr	r1, .L23+8
 377 0040 0020     		movs	r0, #0
 378 0042 FFF7FEFF 		bl	SEGGER_RTT_printf
 379              	.LVL21:
 380              	.L21:
 163:Src/main.c    ****   {
 381              		.loc 1 163 3 discriminator 1 view .LVU95
 165:Src/main.c    ****     sensor_process();
 382              		.loc 1 165 5 discriminator 1 view .LVU96
 383 0046 FFF7FEFF 		bl	sysrunning_process
 384              	.LVL22:
 166:Src/main.c    ****     motortctrl_process();
 385              		.loc 1 166 5 discriminator 1 view .LVU97
 386 004a FFF7FEFF 		bl	sensor_process
 387              	.LVL23:
 167:Src/main.c    ****     protocol_process();
 388              		.loc 1 167 5 discriminator 1 view .LVU98
 389 004e FFF7FEFF 		bl	motortctrl_process
 390              	.LVL24:
 168:Src/main.c    **** 
 391              		.loc 1 168 5 discriminator 1 view .LVU99
 392 0052 FFF7FEFF 		bl	protocol_process
ARM GAS  C:\Users\ADMINI~1\AppData\Local\Temp\cc1C4CoC.s 			page 17


 393              	.LVL25:
 170:Src/main.c    ****     /* USER CODE END WHILE */
 394              		.loc 1 170 5 discriminator 1 view .LVU100
 395 0056 0120     		movs	r0, #1
 396 0058 FFF7FEFF 		bl	HAL_Delay
 397              	.LVL26:
 163:Src/main.c    ****   {
 398              		.loc 1 163 9 discriminator 1 view .LVU101
 399 005c F3E7     		b	.L21
 400              	.L24:
 401 005e 00BF     		.align	2
 402              	.L23:
 403 0060 00000000 		.word	.LC0
 404 0064 00080048 		.word	1207961600
 405 0068 10000000 		.word	.LC1
 406              		.cfi_endproc
 407              	.LFE331:
 409              		.section	.bss.sg_SYSRuning,"aw",%nobits
 410              		.align	2
 411              		.set	.LANCHOR0,. + 0
 414              	sg_SYSRuning:
 415 0000 00000000 		.space	8
 415      00000000 
 416              		.weak	User_Printf_Init
 417              		.text
 418              	.Letext0:
 419              		.file 3 "d:\\program files (x86)\\gcc-arm-none-eabi-10-2020-q4-major-win32\\tool\\arm-none-eabi\\i
 420              		.file 4 "d:\\program files (x86)\\gcc-arm-none-eabi-10-2020-q4-major-win32\\tool\\arm-none-eabi\\i
 421              		.file 5 "Drivers/CMSIS/Device/ST/STM32G4xx/Include/stm32g431xx.h"
 422              		.file 6 "Drivers/STM32G4xx_HAL_Driver/Inc/stm32g4xx_hal_rcc.h"
 423              		.file 7 "Drivers/STM32G4xx_HAL_Driver/Inc/stm32g4xx_hal_def.h"
 424              		.file 8 "Drivers/STM32G4xx_HAL_Driver/Inc/stm32g4xx_hal_gpio.h"
 425              		.file 9 "../Common/IPC/ipc.h"
 426              		.file 10 "Drivers/STM32G4xx_HAL_Driver/Inc/stm32g4xx_hal_pwr_ex.h"
 427              		.file 11 "Drivers/STM32G4xx_HAL_Driver/Inc/stm32g4xx_hal.h"
 428              		.file 12 "Inc/gpio.h"
 429              		.file 13 "Inc/dma.h"
 430              		.file 14 "Inc/tim.h"
 431              		.file 15 "Inc/adc.h"
 432              		.file 16 "Inc/spi.h"
 433              		.file 17 "Inc/usart.h"
 434              		.file 18 "../Common/debuglog/debuglog.h"
 435              		.file 19 "../Common/debuglog/SEGGER_RTT_V792h/RTT/SEGGER_RTT.h"
 436              		.file 20 "../Sensor/../Protocol/protocol.h"
 437              		.file 21 "../Sensor/sensor.h"
 438              		.file 22 "Src/../../BLDCMotor/motorctrl.h"
 439              		.file 23 "<built-in>"
ARM GAS  C:\Users\ADMINI~1\AppData\Local\Temp\cc1C4CoC.s 			page 18


DEFINED SYMBOLS
                            *ABS*:00000000 main.c
C:\Users\ADMINI~1\AppData\Local\Temp\cc1C4CoC.s:18     .text.HAL_GPIO_EXTI_Callback:00000000 $t
C:\Users\ADMINI~1\AppData\Local\Temp\cc1C4CoC.s:26     .text.HAL_GPIO_EXTI_Callback:00000000 HAL_GPIO_EXTI_Callback
C:\Users\ADMINI~1\AppData\Local\Temp\cc1C4CoC.s:45     .text.HAL_GPIO_EXTI_Callback:0000000c $d
C:\Users\ADMINI~1\AppData\Local\Temp\cc1C4CoC.s:50     .text.sysrunning_process:00000000 $t
C:\Users\ADMINI~1\AppData\Local\Temp\cc1C4CoC.s:57     .text.sysrunning_process:00000000 sysrunning_process
C:\Users\ADMINI~1\AppData\Local\Temp\cc1C4CoC.s:136    .text.sysrunning_process:00000054 $d
C:\Users\ADMINI~1\AppData\Local\Temp\cc1C4CoC.s:144    .text.Error_Handler:00000000 $t
C:\Users\ADMINI~1\AppData\Local\Temp\cc1C4CoC.s:151    .text.Error_Handler:00000000 Error_Handler
C:\Users\ADMINI~1\AppData\Local\Temp\cc1C4CoC.s:183    .text.SystemClock_Config:00000000 $t
C:\Users\ADMINI~1\AppData\Local\Temp\cc1C4CoC.s:190    .text.SystemClock_Config:00000000 SystemClock_Config
C:\Users\ADMINI~1\AppData\Local\Temp\cc1C4CoC.s:308    .rodata.main.str1.4:00000000 $d
C:\Users\ADMINI~1\AppData\Local\Temp\cc1C4CoC.s:315    .text.main:00000000 $t
C:\Users\ADMINI~1\AppData\Local\Temp\cc1C4CoC.s:322    .text.main:00000000 main
C:\Users\ADMINI~1\AppData\Local\Temp\cc1C4CoC.s:403    .text.main:00000060 $d
C:\Users\ADMINI~1\AppData\Local\Temp\cc1C4CoC.s:410    .bss.sg_SYSRuning:00000000 $d
C:\Users\ADMINI~1\AppData\Local\Temp\cc1C4CoC.s:414    .bss.sg_SYSRuning:00000000 sg_SYSRuning

UNDEFINED SYMBOLS
gEventGroup
protocol02_process
HAL_GPIO_TogglePin
memset
HAL_PWREx_ControlVoltageScaling
HAL_RCC_OscConfig
HAL_RCC_ClockConfig
HAL_Init
MX_GPIO_Init
MX_DMA_Init
MX_TIM1_Init
MX_ADC1_Init
MX_SPI1_Init
MX_USART1_UART_Init
User_Printf_Init
SEGGER_RTT_printf
protocol_init
HAL_GPIO_WritePin
sensor_process
motortctrl_process
protocol_process
HAL_Delay
