ARM GAS  C:\Users\57308\AppData\Local\Temp\ccNqXTau.s 			page 1


   1              		.cpu cortex-m4
   2              		.arch armv7e-m
   3              		.fpu fpv4-sp-d16
   4              		.eabi_attribute 27, 1
   5              		.eabi_attribute 28, 1
   6              		.eabi_attribute 20, 1
   7              		.eabi_attribute 21, 1
   8              		.eabi_attribute 23, 3
   9              		.eabi_attribute 24, 1
  10              		.eabi_attribute 25, 1
  11              		.eabi_attribute 26, 1
  12              		.eabi_attribute 30, 1
  13              		.eabi_attribute 34, 1
  14              		.eabi_attribute 18, 4
  15              		.file	"pid.c"
  16              		.text
  17              	.Ltext0:
  18              		.cfi_sections	.debug_frame
  19              		.section	.text.pid_init,"ax",%progbits
  20              		.align	1
  21              		.global	pid_init
  22              		.syntax unified
  23              		.thumb
  24              		.thumb_func
  26              	pid_init:
  27              	.LVL0:
  28              	.LFB0:
  29              		.file 1 "../Common/method/pid.c"
   1:../Common/method/pid.c **** #include "./pid.h"
   2:../Common/method/pid.c **** #include "../method/method_cfg.h"
   3:../Common/method/pid.c **** void pid_init(pid_cb_t *pid,float kp,float ki,float kc,\
   4:../Common/method/pid.c ****                             float outmax,float outmin)
   5:../Common/method/pid.c **** {
  30              		.loc 1 5 1 view -0
  31              		.cfi_startproc
  32              		@ args = 0, pretend = 0, frame = 0
  33              		@ frame_needed = 0, uses_anonymous_args = 0
  34              		@ link register save eliminated.
   6:../Common/method/pid.c ****     pid->kp = kp;
  35              		.loc 1 6 5 view .LVU1
  36              		.loc 1 6 13 is_stmt 0 view .LVU2
  37 0000 80ED000A 		vstr.32	s0, [r0]
   7:../Common/method/pid.c ****     pid->ki = ki;
  38              		.loc 1 7 5 is_stmt 1 view .LVU3
  39              		.loc 1 7 13 is_stmt 0 view .LVU4
  40 0004 C0ED010A 		vstr.32	s1, [r0, #4]
   8:../Common/method/pid.c ****     pid->kc = kc;
  41              		.loc 1 8 5 is_stmt 1 view .LVU5
  42              		.loc 1 8 13 is_stmt 0 view .LVU6
  43 0008 80ED031A 		vstr.32	s2, [r0, #12]
   9:../Common/method/pid.c ****     pid->u_i = 0.0f;
  44              		.loc 1 9 5 is_stmt 1 view .LVU7
  45              		.loc 1 9 14 is_stmt 0 view .LVU8
  46 000c 0023     		movs	r3, #0
  47 000e 0361     		str	r3, [r0, #16]	@ float
  10:../Common/method/pid.c ****     pid->satErr = 0.0f;
  48              		.loc 1 10 5 is_stmt 1 view .LVU9
ARM GAS  C:\Users\57308\AppData\Local\Temp\ccNqXTau.s 			page 2


  49              		.loc 1 10 17 is_stmt 0 view .LVU10
  50 0010 4361     		str	r3, [r0, #20]	@ float
  11:../Common/method/pid.c ****     pid->out_max = outmax;
  51              		.loc 1 11 5 is_stmt 1 view .LVU11
  52              		.loc 1 11 18 is_stmt 0 view .LVU12
  53 0012 FCEEE11A 		vcvt.u32.f32	s3, s3
  54              	.LVL1:
  55              		.loc 1 11 18 view .LVU13
  56 0016 11EE903A 		vmov	r3, s3	@ int
  57 001a 0383     		strh	r3, [r0, #24]	@ movhi
  12:../Common/method/pid.c ****     pid->out_min = outmin;
  58              		.loc 1 12 5 is_stmt 1 view .LVU14
  59              		.loc 1 12 18 is_stmt 0 view .LVU15
  60 001c BCEEC22A 		vcvt.u32.f32	s4, s4
  61              	.LVL2:
  62              		.loc 1 12 18 view .LVU16
  63 0020 12EE103A 		vmov	r3, s4	@ int
  64 0024 4383     		strh	r3, [r0, #26]	@ movhi
  13:../Common/method/pid.c **** }
  65              		.loc 1 13 1 view .LVU17
  66 0026 7047     		bx	lr
  67              		.cfi_endproc
  68              	.LFE0:
  70              		.section	.text.pid_reset,"ax",%progbits
  71              		.align	1
  72              		.global	pid_reset
  73              		.syntax unified
  74              		.thumb
  75              		.thumb_func
  77              	pid_reset:
  78              	.LVL3:
  79              	.LFB1:
  14:../Common/method/pid.c **** 
  15:../Common/method/pid.c **** void pid_reset(pid_cb_t *pid)
  16:../Common/method/pid.c **** {
  80              		.loc 1 16 1 is_stmt 1 view -0
  81              		.cfi_startproc
  82              		@ args = 0, pretend = 0, frame = 0
  83              		@ frame_needed = 0, uses_anonymous_args = 0
  84              		@ link register save eliminated.
  17:../Common/method/pid.c ****     pid->u_i = 0.0f;
  85              		.loc 1 17 5 view .LVU19
  86              		.loc 1 17 14 is_stmt 0 view .LVU20
  87 0000 0023     		movs	r3, #0
  88 0002 0361     		str	r3, [r0, #16]	@ float
  18:../Common/method/pid.c ****     pid->satErr = 0.0f;
  89              		.loc 1 18 5 is_stmt 1 view .LVU21
  90              		.loc 1 18 17 is_stmt 0 view .LVU22
  91 0004 4361     		str	r3, [r0, #20]	@ float
  19:../Common/method/pid.c **** }
  92              		.loc 1 19 1 view .LVU23
  93 0006 7047     		bx	lr
  94              		.cfi_endproc
  95              	.LFE1:
  97              		.section	.text.pid_contrl,"ax",%progbits
  98              		.align	1
  99              		.global	pid_contrl
ARM GAS  C:\Users\57308\AppData\Local\Temp\ccNqXTau.s 			page 3


 100              		.syntax unified
 101              		.thumb
 102              		.thumb_func
 104              	pid_contrl:
 105              	.LVL4:
 106              	.LFB2:
  20:../Common/method/pid.c **** float pid_contrl(pid_cb_t *pid,float tar,float cur)
  21:../Common/method/pid.c **** {
 107              		.loc 1 21 1 is_stmt 1 view -0
 108              		.cfi_startproc
 109              		@ args = 0, pretend = 0, frame = 0
 110              		@ frame_needed = 0, uses_anonymous_args = 0
 111              		@ link register save eliminated.
  22:../Common/method/pid.c ****     float err = 0.0f,u_p = 0.0f,v_out = 0.0f,presat = 0.0f;
 112              		.loc 1 22 5 view .LVU25
  23:../Common/method/pid.c ****     err = tar - cur;
 113              		.loc 1 23 5 view .LVU26
 114              		.loc 1 23 9 is_stmt 0 view .LVU27
 115 0000 30EE600A 		vsub.f32	s0, s0, s1
 116              	.LVL5:
  24:../Common/method/pid.c ****     u_p = pid->kp*err;
 117              		.loc 1 24 5 is_stmt 1 view .LVU28
 118              		.loc 1 24 14 is_stmt 0 view .LVU29
 119 0004 D0ED000A 		vldr.32	s1, [r0]
 120              	.LVL6:
 121              		.loc 1 24 9 view .LVU30
 122 0008 20EE800A 		vmul.f32	s0, s1, s0
 123              	.LVL7:
  25:../Common/method/pid.c ****     pid->u_i = pid->u_i + pid->ki*u_p + pid->kc*pid->satErr;
 124              		.loc 1 25 5 is_stmt 1 view .LVU31
 125              		.loc 1 25 19 is_stmt 0 view .LVU32
 126 000c D0ED040A 		vldr.32	s1, [r0, #16]
 127              		.loc 1 25 30 view .LVU33
 128 0010 D0ED017A 		vldr.32	s15, [r0, #4]
 129              		.loc 1 25 34 view .LVU34
 130 0014 67EE807A 		vmul.f32	s15, s15, s0
 131              		.loc 1 25 25 view .LVU35
 132 0018 70EEA70A 		vadd.f32	s1, s1, s15
 133              		.loc 1 25 44 view .LVU36
 134 001c D0ED037A 		vldr.32	s15, [r0, #12]
 135              		.loc 1 25 52 view .LVU37
 136 0020 90ED057A 		vldr.32	s14, [r0, #20]
 137              		.loc 1 25 48 view .LVU38
 138 0024 67EE877A 		vmul.f32	s15, s15, s14
 139              		.loc 1 25 39 view .LVU39
 140 0028 70EEA70A 		vadd.f32	s1, s1, s15
 141              		.loc 1 25 14 view .LVU40
 142 002c C0ED040A 		vstr.32	s1, [r0, #16]
  26:../Common/method/pid.c ****     presat = u_p + pid->u_i;
 143              		.loc 1 26 5 is_stmt 1 view .LVU41
 144              		.loc 1 26 12 is_stmt 0 view .LVU42
 145 0030 70EE800A 		vadd.f32	s1, s1, s0
 146              	.LVL8:
  27:../Common/method/pid.c ****     v_out = presat;
 147              		.loc 1 27 5 is_stmt 1 view .LVU43
  28:../Common/method/pid.c **** 
  29:../Common/method/pid.c **** 
ARM GAS  C:\Users\57308\AppData\Local\Temp\ccNqXTau.s 			page 4


  30:../Common/method/pid.c ****     if(v_out > pid->out_max)
 148              		.loc 1 30 5 view .LVU44
 149              		.loc 1 30 19 is_stmt 0 view .LVU45
 150 0034 038B     		ldrh	r3, [r0, #24]
 151 0036 00EE103A 		vmov	s0, r3	@ int
 152              	.LVL9:
 153              		.loc 1 30 14 view .LVU46
 154 003a F8EEC07A 		vcvt.f32.s32	s15, s0
 155              		.loc 1 30 7 view .LVU47
 156 003e F4EEE07A 		vcmpe.f32	s15, s1
 157 0042 F1EE10FA 		vmrs	APSR_nzcv, FPSCR
 158 0046 12D5     		bpl	.L11
  31:../Common/method/pid.c ****     {
  32:../Common/method/pid.c ****         v_out = pid->out_max;
 159              		.loc 1 32 9 is_stmt 1 view .LVU48
 160              		.loc 1 32 15 is_stmt 0 view .LVU49
 161 0048 B8EE400A 		vcvt.f32.u32	s0, s0
 162              	.LVL10:
 163              	.L4:
  33:../Common/method/pid.c ****     }
  34:../Common/method/pid.c ****     if(v_out < pid->out_min)
 164              		.loc 1 34 5 is_stmt 1 view .LVU50
 165              		.loc 1 34 19 is_stmt 0 view .LVU51
 166 004c 438B     		ldrh	r3, [r0, #26]
 167 004e 07EE903A 		vmov	s15, r3	@ int
 168              		.loc 1 34 14 view .LVU52
 169 0052 B8EEE77A 		vcvt.f32.s32	s14, s15
 170              		.loc 1 34 7 view .LVU53
 171 0056 B4EEC07A 		vcmpe.f32	s14, s0
 172 005a F1EE10FA 		vmrs	APSR_nzcv, FPSCR
 173 005e 01DD     		ble	.L6
  35:../Common/method/pid.c ****     {
  36:../Common/method/pid.c ****         v_out = pid->out_min;
 174              		.loc 1 36 9 is_stmt 1 view .LVU54
 175              		.loc 1 36 15 is_stmt 0 view .LVU55
 176 0060 B8EE670A 		vcvt.f32.u32	s0, s15
 177              	.LVL11:
 178              	.L6:
  37:../Common/method/pid.c ****         // pid->satErr = v_out - presat;
  38:../Common/method/pid.c ****     }
  39:../Common/method/pid.c **** 
  40:../Common/method/pid.c ****         pid->satErr = v_out - presat;
 179              		.loc 1 40 9 is_stmt 1 view .LVU56
 180              		.loc 1 40 29 is_stmt 0 view .LVU57
 181 0064 70EE600A 		vsub.f32	s1, s0, s1
 182              	.LVL12:
 183              		.loc 1 40 21 view .LVU58
 184 0068 C0ED050A 		vstr.32	s1, [r0, #20]
  41:../Common/method/pid.c ****     
  42:../Common/method/pid.c ****     return v_out;
 185              		.loc 1 42 5 is_stmt 1 view .LVU59
  43:../Common/method/pid.c **** }
 186              		.loc 1 43 1 is_stmt 0 view .LVU60
 187 006c 7047     		bx	lr
 188              	.LVL13:
 189              	.L11:
  27:../Common/method/pid.c **** 
ARM GAS  C:\Users\57308\AppData\Local\Temp\ccNqXTau.s 			page 5


 190              		.loc 1 27 11 view .LVU61
 191 006e B0EE600A 		vmov.f32	s0, s1
 192 0072 EBE7     		b	.L4
 193              		.cfi_endproc
 194              	.LFE2:
 196              		.text
 197              	.Letext0:
 198              		.file 2 "../Common/method/./pid.h"
ARM GAS  C:\Users\57308\AppData\Local\Temp\ccNqXTau.s 			page 6


DEFINED SYMBOLS
                            *ABS*:00000000 pid.c
C:\Users\57308\AppData\Local\Temp\ccNqXTau.s:20     .text.pid_init:00000000 $t
C:\Users\57308\AppData\Local\Temp\ccNqXTau.s:26     .text.pid_init:00000000 pid_init
C:\Users\57308\AppData\Local\Temp\ccNqXTau.s:71     .text.pid_reset:00000000 $t
C:\Users\57308\AppData\Local\Temp\ccNqXTau.s:77     .text.pid_reset:00000000 pid_reset
C:\Users\57308\AppData\Local\Temp\ccNqXTau.s:98     .text.pid_contrl:00000000 $t
C:\Users\57308\AppData\Local\Temp\ccNqXTau.s:104    .text.pid_contrl:00000000 pid_contrl

NO UNDEFINED SYMBOLS
