ARM GAS  C:\Users\ADMINI~1\AppData\Local\Temp\ccwNSSPe.s 			page 1


   1              		.cpu cortex-m4
   2              		.eabi_attribute 27, 1
   3              		.eabi_attribute 28, 1
   4              		.eabi_attribute 20, 1
   5              		.eabi_attribute 21, 1
   6              		.eabi_attribute 23, 3
   7              		.eabi_attribute 24, 1
   8              		.eabi_attribute 25, 1
   9              		.eabi_attribute 26, 1
  10              		.eabi_attribute 30, 1
  11              		.eabi_attribute 34, 1
  12              		.eabi_attribute 18, 4
  13              		.file	"spi.c"
  14              		.text
  15              	.Ltext0:
  16              		.cfi_sections	.debug_frame
  17              		.section	.text.MX_SPI1_Init,"ax",%progbits
  18              		.align	1
  19              		.global	MX_SPI1_Init
  20              		.arch armv7e-m
  21              		.syntax unified
  22              		.thumb
  23              		.thumb_func
  24              		.fpu fpv4-sp-d16
  26              	MX_SPI1_Init:
  27              	.LFB329:
  28              		.file 1 "Src/spi.c"
   1:Src/spi.c     **** /* USER CODE BEGIN Header */
   2:Src/spi.c     **** /**
   3:Src/spi.c     ****   ******************************************************************************
   4:Src/spi.c     ****   * @file    spi.c
   5:Src/spi.c     ****   * @brief   This file provides code for the configuration
   6:Src/spi.c     ****   *          of the SPI instances.
   7:Src/spi.c     ****   ******************************************************************************
   8:Src/spi.c     ****   * @attention
   9:Src/spi.c     ****   *
  10:Src/spi.c     ****   * Copyright (c) 2023 STMicroelectronics.
  11:Src/spi.c     ****   * All rights reserved.
  12:Src/spi.c     ****   *
  13:Src/spi.c     ****   * This software is licensed under terms that can be found in the LICENSE file
  14:Src/spi.c     ****   * in the root directory of this software component.
  15:Src/spi.c     ****   * If no LICENSE file comes with this software, it is provided AS-IS.
  16:Src/spi.c     ****   *
  17:Src/spi.c     ****   ******************************************************************************
  18:Src/spi.c     ****   */
  19:Src/spi.c     **** /* USER CODE END Header */
  20:Src/spi.c     **** /* Includes ------------------------------------------------------------------*/
  21:Src/spi.c     **** #include "spi.h"
  22:Src/spi.c     **** 
  23:Src/spi.c     **** /* USER CODE BEGIN 0 */
  24:Src/spi.c     **** 
  25:Src/spi.c     **** /* USER CODE END 0 */
  26:Src/spi.c     **** 
  27:Src/spi.c     **** SPI_HandleTypeDef hspi1;
  28:Src/spi.c     **** 
  29:Src/spi.c     **** /* SPI1 init function */
  30:Src/spi.c     **** void MX_SPI1_Init(void)
ARM GAS  C:\Users\ADMINI~1\AppData\Local\Temp\ccwNSSPe.s 			page 2


  31:Src/spi.c     **** {
  29              		.loc 1 31 1 view -0
  30              		.cfi_startproc
  31              		@ args = 0, pretend = 0, frame = 0
  32              		@ frame_needed = 0, uses_anonymous_args = 0
  33 0000 08B5     		push	{r3, lr}
  34              	.LCFI0:
  35              		.cfi_def_cfa_offset 8
  36              		.cfi_offset 3, -8
  37              		.cfi_offset 14, -4
  32:Src/spi.c     **** 
  33:Src/spi.c     ****   /* USER CODE BEGIN SPI1_Init 0 */
  34:Src/spi.c     **** 
  35:Src/spi.c     ****   /* USER CODE END SPI1_Init 0 */
  36:Src/spi.c     **** 
  37:Src/spi.c     ****   /* USER CODE BEGIN SPI1_Init 1 */
  38:Src/spi.c     **** 
  39:Src/spi.c     ****   /* USER CODE END SPI1_Init 1 */
  40:Src/spi.c     ****   hspi1.Instance = SPI1;
  38              		.loc 1 40 3 view .LVU1
  39              		.loc 1 40 18 is_stmt 0 view .LVU2
  40 0002 1148     		ldr	r0, .L5
  41 0004 114B     		ldr	r3, .L5+4
  42 0006 0360     		str	r3, [r0]
  41:Src/spi.c     ****   hspi1.Init.Mode = SPI_MODE_MASTER;
  43              		.loc 1 41 3 is_stmt 1 view .LVU3
  44              		.loc 1 41 19 is_stmt 0 view .LVU4
  45 0008 4FF48273 		mov	r3, #260
  46 000c 4360     		str	r3, [r0, #4]
  42:Src/spi.c     ****   hspi1.Init.Direction = SPI_DIRECTION_2LINES;
  47              		.loc 1 42 3 is_stmt 1 view .LVU5
  48              		.loc 1 42 24 is_stmt 0 view .LVU6
  49 000e 0023     		movs	r3, #0
  50 0010 8360     		str	r3, [r0, #8]
  43:Src/spi.c     ****   hspi1.Init.DataSize = SPI_DATASIZE_8BIT;
  51              		.loc 1 43 3 is_stmt 1 view .LVU7
  52              		.loc 1 43 23 is_stmt 0 view .LVU8
  53 0012 4FF4E062 		mov	r2, #1792
  54 0016 C260     		str	r2, [r0, #12]
  44:Src/spi.c     ****   hspi1.Init.CLKPolarity = SPI_POLARITY_HIGH;
  55              		.loc 1 44 3 is_stmt 1 view .LVU9
  56              		.loc 1 44 26 is_stmt 0 view .LVU10
  57 0018 0222     		movs	r2, #2
  58 001a 0261     		str	r2, [r0, #16]
  45:Src/spi.c     ****   hspi1.Init.CLKPhase = SPI_PHASE_2EDGE;
  59              		.loc 1 45 3 is_stmt 1 view .LVU11
  60              		.loc 1 45 23 is_stmt 0 view .LVU12
  61 001c 0122     		movs	r2, #1
  62 001e 4261     		str	r2, [r0, #20]
  46:Src/spi.c     ****   hspi1.Init.NSS = SPI_NSS_SOFT;
  63              		.loc 1 46 3 is_stmt 1 view .LVU13
  64              		.loc 1 46 18 is_stmt 0 view .LVU14
  65 0020 4FF40072 		mov	r2, #512
  66 0024 8261     		str	r2, [r0, #24]
  47:Src/spi.c     ****   hspi1.Init.BaudRatePrescaler = SPI_BAUDRATEPRESCALER_16;
  67              		.loc 1 47 3 is_stmt 1 view .LVU15
  68              		.loc 1 47 32 is_stmt 0 view .LVU16
ARM GAS  C:\Users\ADMINI~1\AppData\Local\Temp\ccwNSSPe.s 			page 3


  69 0026 1822     		movs	r2, #24
  70 0028 C261     		str	r2, [r0, #28]
  48:Src/spi.c     ****   hspi1.Init.FirstBit = SPI_FIRSTBIT_MSB;
  71              		.loc 1 48 3 is_stmt 1 view .LVU17
  72              		.loc 1 48 23 is_stmt 0 view .LVU18
  73 002a 0362     		str	r3, [r0, #32]
  49:Src/spi.c     ****   hspi1.Init.TIMode = SPI_TIMODE_DISABLE;
  74              		.loc 1 49 3 is_stmt 1 view .LVU19
  75              		.loc 1 49 21 is_stmt 0 view .LVU20
  76 002c 4362     		str	r3, [r0, #36]
  50:Src/spi.c     ****   hspi1.Init.CRCCalculation = SPI_CRCCALCULATION_DISABLE;
  77              		.loc 1 50 3 is_stmt 1 view .LVU21
  78              		.loc 1 50 29 is_stmt 0 view .LVU22
  79 002e 8362     		str	r3, [r0, #40]
  51:Src/spi.c     ****   hspi1.Init.CRCPolynomial = 7;
  80              		.loc 1 51 3 is_stmt 1 view .LVU23
  81              		.loc 1 51 28 is_stmt 0 view .LVU24
  82 0030 0722     		movs	r2, #7
  83 0032 C262     		str	r2, [r0, #44]
  52:Src/spi.c     ****   hspi1.Init.CRCLength = SPI_CRC_LENGTH_DATASIZE;
  84              		.loc 1 52 3 is_stmt 1 view .LVU25
  85              		.loc 1 52 24 is_stmt 0 view .LVU26
  86 0034 0363     		str	r3, [r0, #48]
  53:Src/spi.c     ****   hspi1.Init.NSSPMode = SPI_NSS_PULSE_DISABLE;
  87              		.loc 1 53 3 is_stmt 1 view .LVU27
  88              		.loc 1 53 23 is_stmt 0 view .LVU28
  89 0036 4363     		str	r3, [r0, #52]
  54:Src/spi.c     ****   if (HAL_SPI_Init(&hspi1) != HAL_OK)
  90              		.loc 1 54 3 is_stmt 1 view .LVU29
  91              		.loc 1 54 7 is_stmt 0 view .LVU30
  92 0038 FFF7FEFF 		bl	HAL_SPI_Init
  93              	.LVL0:
  94              		.loc 1 54 6 view .LVU31
  95 003c 00B9     		cbnz	r0, .L4
  96              	.L1:
  55:Src/spi.c     ****   {
  56:Src/spi.c     ****     Error_Handler();
  57:Src/spi.c     ****   }
  58:Src/spi.c     ****   /* USER CODE BEGIN SPI1_Init 2 */
  59:Src/spi.c     **** 
  60:Src/spi.c     ****   /* USER CODE END SPI1_Init 2 */
  61:Src/spi.c     **** 
  62:Src/spi.c     **** }
  97              		.loc 1 62 1 view .LVU32
  98 003e 08BD     		pop	{r3, pc}
  99              	.L4:
  56:Src/spi.c     ****   }
 100              		.loc 1 56 5 is_stmt 1 view .LVU33
 101 0040 FFF7FEFF 		bl	Error_Handler
 102              	.LVL1:
 103              		.loc 1 62 1 is_stmt 0 view .LVU34
 104 0044 FBE7     		b	.L1
 105              	.L6:
 106 0046 00BF     		.align	2
 107              	.L5:
 108 0048 00000000 		.word	.LANCHOR0
 109 004c 00300140 		.word	1073819648
ARM GAS  C:\Users\ADMINI~1\AppData\Local\Temp\ccwNSSPe.s 			page 4


 110              		.cfi_endproc
 111              	.LFE329:
 113              		.section	.text.HAL_SPI_MspInit,"ax",%progbits
 114              		.align	1
 115              		.global	HAL_SPI_MspInit
 116              		.syntax unified
 117              		.thumb
 118              		.thumb_func
 119              		.fpu fpv4-sp-d16
 121              	HAL_SPI_MspInit:
 122              	.LVL2:
 123              	.LFB330:
  63:Src/spi.c     **** 
  64:Src/spi.c     **** void HAL_SPI_MspInit(SPI_HandleTypeDef* spiHandle)
  65:Src/spi.c     **** {
 124              		.loc 1 65 1 is_stmt 1 view -0
 125              		.cfi_startproc
 126              		@ args = 0, pretend = 0, frame = 32
 127              		@ frame_needed = 0, uses_anonymous_args = 0
 128              		.loc 1 65 1 is_stmt 0 view .LVU36
 129 0000 00B5     		push	{lr}
 130              	.LCFI1:
 131              		.cfi_def_cfa_offset 4
 132              		.cfi_offset 14, -4
 133 0002 89B0     		sub	sp, sp, #36
 134              	.LCFI2:
 135              		.cfi_def_cfa_offset 40
  66:Src/spi.c     **** 
  67:Src/spi.c     ****   GPIO_InitTypeDef GPIO_InitStruct = {0};
 136              		.loc 1 67 3 is_stmt 1 view .LVU37
 137              		.loc 1 67 20 is_stmt 0 view .LVU38
 138 0004 0023     		movs	r3, #0
 139 0006 0393     		str	r3, [sp, #12]
 140 0008 0493     		str	r3, [sp, #16]
 141 000a 0593     		str	r3, [sp, #20]
 142 000c 0693     		str	r3, [sp, #24]
 143 000e 0793     		str	r3, [sp, #28]
  68:Src/spi.c     ****   if(spiHandle->Instance==SPI1)
 144              		.loc 1 68 3 is_stmt 1 view .LVU39
 145              		.loc 1 68 15 is_stmt 0 view .LVU40
 146 0010 0268     		ldr	r2, [r0]
 147              		.loc 1 68 5 view .LVU41
 148 0012 124B     		ldr	r3, .L11
 149 0014 9A42     		cmp	r2, r3
 150 0016 02D0     		beq	.L10
 151              	.LVL3:
 152              	.L7:
  69:Src/spi.c     ****   {
  70:Src/spi.c     ****   /* USER CODE BEGIN SPI1_MspInit 0 */
  71:Src/spi.c     **** 
  72:Src/spi.c     ****   /* USER CODE END SPI1_MspInit 0 */
  73:Src/spi.c     ****     /* SPI1 clock enable */
  74:Src/spi.c     ****     __HAL_RCC_SPI1_CLK_ENABLE();
  75:Src/spi.c     **** 
  76:Src/spi.c     ****     __HAL_RCC_GPIOB_CLK_ENABLE();
  77:Src/spi.c     ****     /**SPI1 GPIO Configuration
  78:Src/spi.c     ****     PB3     ------> SPI1_SCK
ARM GAS  C:\Users\ADMINI~1\AppData\Local\Temp\ccwNSSPe.s 			page 5


  79:Src/spi.c     ****     PB4     ------> SPI1_MISO
  80:Src/spi.c     ****     PB5     ------> SPI1_MOSI
  81:Src/spi.c     ****     */
  82:Src/spi.c     ****     GPIO_InitStruct.Pin = GPIO_PIN_3|GPIO_PIN_4|GPIO_PIN_5;
  83:Src/spi.c     ****     GPIO_InitStruct.Mode = GPIO_MODE_AF_PP;
  84:Src/spi.c     ****     GPIO_InitStruct.Pull = GPIO_NOPULL;
  85:Src/spi.c     ****     GPIO_InitStruct.Speed = GPIO_SPEED_FREQ_LOW;
  86:Src/spi.c     ****     GPIO_InitStruct.Alternate = GPIO_AF5_SPI1;
  87:Src/spi.c     ****     HAL_GPIO_Init(GPIOB, &GPIO_InitStruct);
  88:Src/spi.c     **** 
  89:Src/spi.c     ****   /* USER CODE BEGIN SPI1_MspInit 1 */
  90:Src/spi.c     **** 
  91:Src/spi.c     ****   /* USER CODE END SPI1_MspInit 1 */
  92:Src/spi.c     ****   }
  93:Src/spi.c     **** }
 153              		.loc 1 93 1 view .LVU42
 154 0018 09B0     		add	sp, sp, #36
 155              	.LCFI3:
 156              		.cfi_remember_state
 157              		.cfi_def_cfa_offset 4
 158              		@ sp needed
 159 001a 5DF804FB 		ldr	pc, [sp], #4
 160              	.LVL4:
 161              	.L10:
 162              	.LCFI4:
 163              		.cfi_restore_state
  74:Src/spi.c     **** 
 164              		.loc 1 74 5 is_stmt 1 view .LVU43
 165              	.LBB2:
  74:Src/spi.c     **** 
 166              		.loc 1 74 5 view .LVU44
  74:Src/spi.c     **** 
 167              		.loc 1 74 5 view .LVU45
 168 001e 03F56043 		add	r3, r3, #57344
 169 0022 1A6E     		ldr	r2, [r3, #96]
 170 0024 42F48052 		orr	r2, r2, #4096
 171 0028 1A66     		str	r2, [r3, #96]
  74:Src/spi.c     **** 
 172              		.loc 1 74 5 view .LVU46
 173 002a 1A6E     		ldr	r2, [r3, #96]
 174 002c 02F48052 		and	r2, r2, #4096
 175 0030 0192     		str	r2, [sp, #4]
  74:Src/spi.c     **** 
 176              		.loc 1 74 5 view .LVU47
 177 0032 019A     		ldr	r2, [sp, #4]
 178              	.LBE2:
  74:Src/spi.c     **** 
 179              		.loc 1 74 5 view .LVU48
  76:Src/spi.c     ****     /**SPI1 GPIO Configuration
 180              		.loc 1 76 5 view .LVU49
 181              	.LBB3:
  76:Src/spi.c     ****     /**SPI1 GPIO Configuration
 182              		.loc 1 76 5 view .LVU50
  76:Src/spi.c     ****     /**SPI1 GPIO Configuration
 183              		.loc 1 76 5 view .LVU51
 184 0034 DA6C     		ldr	r2, [r3, #76]
 185 0036 42F00202 		orr	r2, r2, #2
ARM GAS  C:\Users\ADMINI~1\AppData\Local\Temp\ccwNSSPe.s 			page 6


 186 003a DA64     		str	r2, [r3, #76]
  76:Src/spi.c     ****     /**SPI1 GPIO Configuration
 187              		.loc 1 76 5 view .LVU52
 188 003c DB6C     		ldr	r3, [r3, #76]
 189 003e 03F00203 		and	r3, r3, #2
 190 0042 0293     		str	r3, [sp, #8]
  76:Src/spi.c     ****     /**SPI1 GPIO Configuration
 191              		.loc 1 76 5 view .LVU53
 192 0044 029B     		ldr	r3, [sp, #8]
 193              	.LBE3:
  76:Src/spi.c     ****     /**SPI1 GPIO Configuration
 194              		.loc 1 76 5 view .LVU54
  82:Src/spi.c     ****     GPIO_InitStruct.Mode = GPIO_MODE_AF_PP;
 195              		.loc 1 82 5 view .LVU55
  82:Src/spi.c     ****     GPIO_InitStruct.Mode = GPIO_MODE_AF_PP;
 196              		.loc 1 82 25 is_stmt 0 view .LVU56
 197 0046 3823     		movs	r3, #56
 198 0048 0393     		str	r3, [sp, #12]
  83:Src/spi.c     ****     GPIO_InitStruct.Pull = GPIO_NOPULL;
 199              		.loc 1 83 5 is_stmt 1 view .LVU57
  83:Src/spi.c     ****     GPIO_InitStruct.Pull = GPIO_NOPULL;
 200              		.loc 1 83 26 is_stmt 0 view .LVU58
 201 004a 0223     		movs	r3, #2
 202 004c 0493     		str	r3, [sp, #16]
  84:Src/spi.c     ****     GPIO_InitStruct.Speed = GPIO_SPEED_FREQ_LOW;
 203              		.loc 1 84 5 is_stmt 1 view .LVU59
  85:Src/spi.c     ****     GPIO_InitStruct.Alternate = GPIO_AF5_SPI1;
 204              		.loc 1 85 5 view .LVU60
  86:Src/spi.c     ****     HAL_GPIO_Init(GPIOB, &GPIO_InitStruct);
 205              		.loc 1 86 5 view .LVU61
  86:Src/spi.c     ****     HAL_GPIO_Init(GPIOB, &GPIO_InitStruct);
 206              		.loc 1 86 31 is_stmt 0 view .LVU62
 207 004e 0523     		movs	r3, #5
 208 0050 0793     		str	r3, [sp, #28]
  87:Src/spi.c     **** 
 209              		.loc 1 87 5 is_stmt 1 view .LVU63
 210 0052 03A9     		add	r1, sp, #12
 211 0054 0248     		ldr	r0, .L11+4
 212              	.LVL5:
  87:Src/spi.c     **** 
 213              		.loc 1 87 5 is_stmt 0 view .LVU64
 214 0056 FFF7FEFF 		bl	HAL_GPIO_Init
 215              	.LVL6:
 216              		.loc 1 93 1 view .LVU65
 217 005a DDE7     		b	.L7
 218              	.L12:
 219              		.align	2
 220              	.L11:
 221 005c 00300140 		.word	1073819648
 222 0060 00040048 		.word	1207960576
 223              		.cfi_endproc
 224              	.LFE330:
 226              		.section	.text.HAL_SPI_MspDeInit,"ax",%progbits
 227              		.align	1
 228              		.global	HAL_SPI_MspDeInit
 229              		.syntax unified
 230              		.thumb
ARM GAS  C:\Users\ADMINI~1\AppData\Local\Temp\ccwNSSPe.s 			page 7


 231              		.thumb_func
 232              		.fpu fpv4-sp-d16
 234              	HAL_SPI_MspDeInit:
 235              	.LVL7:
 236              	.LFB331:
  94:Src/spi.c     **** 
  95:Src/spi.c     **** void HAL_SPI_MspDeInit(SPI_HandleTypeDef* spiHandle)
  96:Src/spi.c     **** {
 237              		.loc 1 96 1 is_stmt 1 view -0
 238              		.cfi_startproc
 239              		@ args = 0, pretend = 0, frame = 0
 240              		@ frame_needed = 0, uses_anonymous_args = 0
 241              		.loc 1 96 1 is_stmt 0 view .LVU67
 242 0000 08B5     		push	{r3, lr}
 243              	.LCFI5:
 244              		.cfi_def_cfa_offset 8
 245              		.cfi_offset 3, -8
 246              		.cfi_offset 14, -4
  97:Src/spi.c     **** 
  98:Src/spi.c     ****   if(spiHandle->Instance==SPI1)
 247              		.loc 1 98 3 is_stmt 1 view .LVU68
 248              		.loc 1 98 15 is_stmt 0 view .LVU69
 249 0002 0268     		ldr	r2, [r0]
 250              		.loc 1 98 5 view .LVU70
 251 0004 064B     		ldr	r3, .L17
 252 0006 9A42     		cmp	r2, r3
 253 0008 00D0     		beq	.L16
 254              	.LVL8:
 255              	.L13:
  99:Src/spi.c     ****   {
 100:Src/spi.c     ****   /* USER CODE BEGIN SPI1_MspDeInit 0 */
 101:Src/spi.c     **** 
 102:Src/spi.c     ****   /* USER CODE END SPI1_MspDeInit 0 */
 103:Src/spi.c     ****     /* Peripheral clock disable */
 104:Src/spi.c     ****     __HAL_RCC_SPI1_CLK_DISABLE();
 105:Src/spi.c     **** 
 106:Src/spi.c     ****     /**SPI1 GPIO Configuration
 107:Src/spi.c     ****     PB3     ------> SPI1_SCK
 108:Src/spi.c     ****     PB4     ------> SPI1_MISO
 109:Src/spi.c     ****     PB5     ------> SPI1_MOSI
 110:Src/spi.c     ****     */
 111:Src/spi.c     ****     HAL_GPIO_DeInit(GPIOB, GPIO_PIN_3|GPIO_PIN_4|GPIO_PIN_5);
 112:Src/spi.c     **** 
 113:Src/spi.c     ****   /* USER CODE BEGIN SPI1_MspDeInit 1 */
 114:Src/spi.c     **** 
 115:Src/spi.c     ****   /* USER CODE END SPI1_MspDeInit 1 */
 116:Src/spi.c     ****   }
 117:Src/spi.c     **** }
 256              		.loc 1 117 1 view .LVU71
 257 000a 08BD     		pop	{r3, pc}
 258              	.LVL9:
 259              	.L16:
 104:Src/spi.c     **** 
 260              		.loc 1 104 5 is_stmt 1 view .LVU72
 261 000c 054A     		ldr	r2, .L17+4
 262 000e 136E     		ldr	r3, [r2, #96]
 263 0010 23F48053 		bic	r3, r3, #4096
ARM GAS  C:\Users\ADMINI~1\AppData\Local\Temp\ccwNSSPe.s 			page 8


 264 0014 1366     		str	r3, [r2, #96]
 111:Src/spi.c     **** 
 265              		.loc 1 111 5 view .LVU73
 266 0016 3821     		movs	r1, #56
 267 0018 0348     		ldr	r0, .L17+8
 268              	.LVL10:
 111:Src/spi.c     **** 
 269              		.loc 1 111 5 is_stmt 0 view .LVU74
 270 001a FFF7FEFF 		bl	HAL_GPIO_DeInit
 271              	.LVL11:
 272              		.loc 1 117 1 view .LVU75
 273 001e F4E7     		b	.L13
 274              	.L18:
 275              		.align	2
 276              	.L17:
 277 0020 00300140 		.word	1073819648
 278 0024 00100240 		.word	1073876992
 279 0028 00040048 		.word	1207960576
 280              		.cfi_endproc
 281              	.LFE331:
 283              		.global	hspi1
 284              		.section	.bss.hspi1,"aw",%nobits
 285              		.align	2
 286              		.set	.LANCHOR0,. + 0
 289              	hspi1:
 290 0000 00000000 		.space	100
 290      00000000 
 290      00000000 
 290      00000000 
 290      00000000 
 291              		.text
 292              	.Letext0:
 293              		.file 2 "d:\\program files (x86)\\gcc-arm-none-eabi-10-2020-q4-major-win32\\tool\\arm-none-eabi\\i
 294              		.file 3 "d:\\program files (x86)\\gcc-arm-none-eabi-10-2020-q4-major-win32\\tool\\arm-none-eabi\\i
 295              		.file 4 "Drivers/CMSIS/Device/ST/STM32G4xx/Include/stm32g431xx.h"
 296              		.file 5 "Drivers/STM32G4xx_HAL_Driver/Inc/stm32g4xx_hal_def.h"
 297              		.file 6 "Drivers/STM32G4xx_HAL_Driver/Inc/stm32g4xx_hal_gpio.h"
 298              		.file 7 "Drivers/STM32G4xx_HAL_Driver/Inc/stm32g4xx_hal_dma.h"
 299              		.file 8 "Drivers/STM32G4xx_HAL_Driver/Inc/stm32g4xx_hal_spi.h"
 300              		.file 9 "Inc/main.h"
 301              		.file 10 "Inc/spi.h"
ARM GAS  C:\Users\ADMINI~1\AppData\Local\Temp\ccwNSSPe.s 			page 9


DEFINED SYMBOLS
                            *ABS*:00000000 spi.c
C:\Users\ADMINI~1\AppData\Local\Temp\ccwNSSPe.s:18     .text.MX_SPI1_Init:00000000 $t
C:\Users\ADMINI~1\AppData\Local\Temp\ccwNSSPe.s:26     .text.MX_SPI1_Init:00000000 MX_SPI1_Init
C:\Users\ADMINI~1\AppData\Local\Temp\ccwNSSPe.s:108    .text.MX_SPI1_Init:00000048 $d
C:\Users\ADMINI~1\AppData\Local\Temp\ccwNSSPe.s:114    .text.HAL_SPI_MspInit:00000000 $t
C:\Users\ADMINI~1\AppData\Local\Temp\ccwNSSPe.s:121    .text.HAL_SPI_MspInit:00000000 HAL_SPI_MspInit
C:\Users\ADMINI~1\AppData\Local\Temp\ccwNSSPe.s:221    .text.HAL_SPI_MspInit:0000005c $d
C:\Users\ADMINI~1\AppData\Local\Temp\ccwNSSPe.s:227    .text.HAL_SPI_MspDeInit:00000000 $t
C:\Users\ADMINI~1\AppData\Local\Temp\ccwNSSPe.s:234    .text.HAL_SPI_MspDeInit:00000000 HAL_SPI_MspDeInit
C:\Users\ADMINI~1\AppData\Local\Temp\ccwNSSPe.s:277    .text.HAL_SPI_MspDeInit:00000020 $d
C:\Users\ADMINI~1\AppData\Local\Temp\ccwNSSPe.s:289    .bss.hspi1:00000000 hspi1
C:\Users\ADMINI~1\AppData\Local\Temp\ccwNSSPe.s:285    .bss.hspi1:00000000 $d

UNDEFINED SYMBOLS
HAL_SPI_Init
Error_Handler
HAL_GPIO_Init
HAL_GPIO_DeInit
