ARM GAS  C:\Users\ADMINI~1\AppData\Local\Temp\ccBFcnIm.s 			page 1


   1              		.cpu cortex-m4
   2              		.eabi_attribute 27, 1
   3              		.eabi_attribute 28, 1
   4              		.eabi_attribute 20, 1
   5              		.eabi_attribute 21, 1
   6              		.eabi_attribute 23, 3
   7              		.eabi_attribute 24, 1
   8              		.eabi_attribute 25, 1
   9              		.eabi_attribute 26, 1
  10              		.eabi_attribute 30, 1
  11              		.eabi_attribute 34, 1
  12              		.eabi_attribute 18, 4
  13              		.file	"stm32g4xx_it.c"
  14              		.text
  15              	.Ltext0:
  16              		.cfi_sections	.debug_frame
  17              		.section	.text.NMI_Handler,"ax",%progbits
  18              		.align	1
  19              		.global	NMI_Handler
  20              		.arch armv7e-m
  21              		.syntax unified
  22              		.thumb
  23              		.thumb_func
  24              		.fpu fpv4-sp-d16
  26              	NMI_Handler:
  27              	.LFB329:
  28              		.file 1 "Src/stm32g4xx_it.c"
   1:Src/stm32g4xx_it.c **** /* USER CODE BEGIN Header */
   2:Src/stm32g4xx_it.c **** /**
   3:Src/stm32g4xx_it.c ****   ******************************************************************************
   4:Src/stm32g4xx_it.c ****   * @file    stm32g4xx_it.c
   5:Src/stm32g4xx_it.c ****   * @brief   Interrupt Service Routines.
   6:Src/stm32g4xx_it.c ****   ******************************************************************************
   7:Src/stm32g4xx_it.c ****   * @attention
   8:Src/stm32g4xx_it.c ****   *
   9:Src/stm32g4xx_it.c ****   * Copyright (c) 2023 STMicroelectronics.
  10:Src/stm32g4xx_it.c ****   * All rights reserved.
  11:Src/stm32g4xx_it.c ****   *
  12:Src/stm32g4xx_it.c ****   * This software is licensed under terms that can be found in the LICENSE file
  13:Src/stm32g4xx_it.c ****   * in the root directory of this software component.
  14:Src/stm32g4xx_it.c ****   * If no LICENSE file comes with this software, it is provided AS-IS.
  15:Src/stm32g4xx_it.c ****   *
  16:Src/stm32g4xx_it.c ****   ******************************************************************************
  17:Src/stm32g4xx_it.c ****   */
  18:Src/stm32g4xx_it.c **** /* USER CODE END Header */
  19:Src/stm32g4xx_it.c **** 
  20:Src/stm32g4xx_it.c **** /* Includes ------------------------------------------------------------------*/
  21:Src/stm32g4xx_it.c **** #include "main.h"
  22:Src/stm32g4xx_it.c **** #include "stm32g4xx_it.h"
  23:Src/stm32g4xx_it.c **** /* Private includes ----------------------------------------------------------*/
  24:Src/stm32g4xx_it.c **** /* USER CODE BEGIN Includes */
  25:Src/stm32g4xx_it.c **** /* USER CODE END Includes */
  26:Src/stm32g4xx_it.c **** 
  27:Src/stm32g4xx_it.c **** /* Private typedef -----------------------------------------------------------*/
  28:Src/stm32g4xx_it.c **** /* USER CODE BEGIN TD */
  29:Src/stm32g4xx_it.c **** 
  30:Src/stm32g4xx_it.c **** /* USER CODE END TD */
ARM GAS  C:\Users\ADMINI~1\AppData\Local\Temp\ccBFcnIm.s 			page 2


  31:Src/stm32g4xx_it.c **** 
  32:Src/stm32g4xx_it.c **** /* Private define ------------------------------------------------------------*/
  33:Src/stm32g4xx_it.c **** /* USER CODE BEGIN PD */
  34:Src/stm32g4xx_it.c **** 
  35:Src/stm32g4xx_it.c **** /* USER CODE END PD */
  36:Src/stm32g4xx_it.c **** 
  37:Src/stm32g4xx_it.c **** /* Private macro -------------------------------------------------------------*/
  38:Src/stm32g4xx_it.c **** /* USER CODE BEGIN PM */
  39:Src/stm32g4xx_it.c **** 
  40:Src/stm32g4xx_it.c **** /* USER CODE END PM */
  41:Src/stm32g4xx_it.c **** 
  42:Src/stm32g4xx_it.c **** /* Private variables ---------------------------------------------------------*/
  43:Src/stm32g4xx_it.c **** /* USER CODE BEGIN PV */
  44:Src/stm32g4xx_it.c **** 
  45:Src/stm32g4xx_it.c **** /* USER CODE END PV */
  46:Src/stm32g4xx_it.c **** 
  47:Src/stm32g4xx_it.c **** /* Private function prototypes -----------------------------------------------*/
  48:Src/stm32g4xx_it.c **** /* USER CODE BEGIN PFP */
  49:Src/stm32g4xx_it.c **** 
  50:Src/stm32g4xx_it.c **** /* USER CODE END PFP */
  51:Src/stm32g4xx_it.c **** 
  52:Src/stm32g4xx_it.c **** /* Private user code ---------------------------------------------------------*/
  53:Src/stm32g4xx_it.c **** /* USER CODE BEGIN 0 */
  54:Src/stm32g4xx_it.c **** 
  55:Src/stm32g4xx_it.c **** /* USER CODE END 0 */
  56:Src/stm32g4xx_it.c **** 
  57:Src/stm32g4xx_it.c **** /* External variables --------------------------------------------------------*/
  58:Src/stm32g4xx_it.c **** extern ADC_HandleTypeDef hadc1;
  59:Src/stm32g4xx_it.c **** extern DMA_HandleTypeDef hdma_usart1_tx;
  60:Src/stm32g4xx_it.c **** extern UART_HandleTypeDef huart1;
  61:Src/stm32g4xx_it.c **** /* USER CODE BEGIN EV */
  62:Src/stm32g4xx_it.c **** extern void USER_UART_IRQHandler(UART_HandleTypeDef *huart);
  63:Src/stm32g4xx_it.c **** /* USER CODE END EV */
  64:Src/stm32g4xx_it.c **** 
  65:Src/stm32g4xx_it.c **** /******************************************************************************/
  66:Src/stm32g4xx_it.c **** /*           Cortex-M4 Processor Interruption and Exception Handlers          */
  67:Src/stm32g4xx_it.c **** /******************************************************************************/
  68:Src/stm32g4xx_it.c **** /**
  69:Src/stm32g4xx_it.c ****   * @brief This function handles Non maskable interrupt.
  70:Src/stm32g4xx_it.c ****   */
  71:Src/stm32g4xx_it.c **** void NMI_Handler(void)
  72:Src/stm32g4xx_it.c **** {
  29              		.loc 1 72 1 view -0
  30              		.cfi_startproc
  31              		@ Volatile: function does not return.
  32              		@ args = 0, pretend = 0, frame = 0
  33              		@ frame_needed = 0, uses_anonymous_args = 0
  34              		@ link register save eliminated.
  35              	.L2:
  73:Src/stm32g4xx_it.c ****   /* USER CODE BEGIN NonMaskableInt_IRQn 0 */
  74:Src/stm32g4xx_it.c **** 
  75:Src/stm32g4xx_it.c ****   /* USER CODE END NonMaskableInt_IRQn 0 */
  76:Src/stm32g4xx_it.c ****   /* USER CODE BEGIN NonMaskableInt_IRQn 1 */
  77:Src/stm32g4xx_it.c ****   while (1)
  36              		.loc 1 77 3 discriminator 1 view .LVU1
  78:Src/stm32g4xx_it.c ****   {
  79:Src/stm32g4xx_it.c ****   }
ARM GAS  C:\Users\ADMINI~1\AppData\Local\Temp\ccBFcnIm.s 			page 3


  37              		.loc 1 79 3 discriminator 1 view .LVU2
  77:Src/stm32g4xx_it.c ****   {
  38              		.loc 1 77 9 discriminator 1 view .LVU3
  39 0000 FEE7     		b	.L2
  40              		.cfi_endproc
  41              	.LFE329:
  43              		.section	.text.HardFault_Handler,"ax",%progbits
  44              		.align	1
  45              		.global	HardFault_Handler
  46              		.syntax unified
  47              		.thumb
  48              		.thumb_func
  49              		.fpu fpv4-sp-d16
  51              	HardFault_Handler:
  52              	.LFB330:
  80:Src/stm32g4xx_it.c ****   /* USER CODE END NonMaskableInt_IRQn 1 */
  81:Src/stm32g4xx_it.c **** }
  82:Src/stm32g4xx_it.c **** 
  83:Src/stm32g4xx_it.c **** /**
  84:Src/stm32g4xx_it.c ****   * @brief This function handles Hard fault interrupt.
  85:Src/stm32g4xx_it.c ****   */
  86:Src/stm32g4xx_it.c **** void HardFault_Handler(void)
  87:Src/stm32g4xx_it.c **** {
  53              		.loc 1 87 1 view -0
  54              		.cfi_startproc
  55              		@ Volatile: function does not return.
  56              		@ args = 0, pretend = 0, frame = 0
  57              		@ frame_needed = 0, uses_anonymous_args = 0
  58              		@ link register save eliminated.
  59              	.L4:
  88:Src/stm32g4xx_it.c ****   /* USER CODE BEGIN HardFault_IRQn 0 */
  89:Src/stm32g4xx_it.c **** 
  90:Src/stm32g4xx_it.c ****   /* USER CODE END HardFault_IRQn 0 */
  91:Src/stm32g4xx_it.c ****   while (1)
  60              		.loc 1 91 3 discriminator 1 view .LVU5
  92:Src/stm32g4xx_it.c ****   {
  93:Src/stm32g4xx_it.c ****     /* USER CODE BEGIN W1_HardFault_IRQn 0 */
  94:Src/stm32g4xx_it.c ****     /* USER CODE END W1_HardFault_IRQn 0 */
  95:Src/stm32g4xx_it.c ****   }
  61              		.loc 1 95 3 discriminator 1 view .LVU6
  91:Src/stm32g4xx_it.c ****   {
  62              		.loc 1 91 9 discriminator 1 view .LVU7
  63 0000 FEE7     		b	.L4
  64              		.cfi_endproc
  65              	.LFE330:
  67              		.section	.text.MemManage_Handler,"ax",%progbits
  68              		.align	1
  69              		.global	MemManage_Handler
  70              		.syntax unified
  71              		.thumb
  72              		.thumb_func
  73              		.fpu fpv4-sp-d16
  75              	MemManage_Handler:
  76              	.LFB331:
  96:Src/stm32g4xx_it.c **** }
  97:Src/stm32g4xx_it.c **** 
  98:Src/stm32g4xx_it.c **** /**
ARM GAS  C:\Users\ADMINI~1\AppData\Local\Temp\ccBFcnIm.s 			page 4


  99:Src/stm32g4xx_it.c ****   * @brief This function handles Memory management fault.
 100:Src/stm32g4xx_it.c ****   */
 101:Src/stm32g4xx_it.c **** void MemManage_Handler(void)
 102:Src/stm32g4xx_it.c **** {
  77              		.loc 1 102 1 view -0
  78              		.cfi_startproc
  79              		@ Volatile: function does not return.
  80              		@ args = 0, pretend = 0, frame = 0
  81              		@ frame_needed = 0, uses_anonymous_args = 0
  82              		@ link register save eliminated.
  83              	.L6:
 103:Src/stm32g4xx_it.c ****   /* USER CODE BEGIN MemoryManagement_IRQn 0 */
 104:Src/stm32g4xx_it.c **** 
 105:Src/stm32g4xx_it.c ****   /* USER CODE END MemoryManagement_IRQn 0 */
 106:Src/stm32g4xx_it.c ****   while (1)
  84              		.loc 1 106 3 discriminator 1 view .LVU9
 107:Src/stm32g4xx_it.c ****   {
 108:Src/stm32g4xx_it.c ****     /* USER CODE BEGIN W1_MemoryManagement_IRQn 0 */
 109:Src/stm32g4xx_it.c ****     /* USER CODE END W1_MemoryManagement_IRQn 0 */
 110:Src/stm32g4xx_it.c ****   }
  85              		.loc 1 110 3 discriminator 1 view .LVU10
 106:Src/stm32g4xx_it.c ****   {
  86              		.loc 1 106 9 discriminator 1 view .LVU11
  87 0000 FEE7     		b	.L6
  88              		.cfi_endproc
  89              	.LFE331:
  91              		.section	.text.BusFault_Handler,"ax",%progbits
  92              		.align	1
  93              		.global	BusFault_Handler
  94              		.syntax unified
  95              		.thumb
  96              		.thumb_func
  97              		.fpu fpv4-sp-d16
  99              	BusFault_Handler:
 100              	.LFB332:
 111:Src/stm32g4xx_it.c **** }
 112:Src/stm32g4xx_it.c **** 
 113:Src/stm32g4xx_it.c **** /**
 114:Src/stm32g4xx_it.c ****   * @brief This function handles Prefetch fault, memory access fault.
 115:Src/stm32g4xx_it.c ****   */
 116:Src/stm32g4xx_it.c **** void BusFault_Handler(void)
 117:Src/stm32g4xx_it.c **** {
 101              		.loc 1 117 1 view -0
 102              		.cfi_startproc
 103              		@ Volatile: function does not return.
 104              		@ args = 0, pretend = 0, frame = 0
 105              		@ frame_needed = 0, uses_anonymous_args = 0
 106              		@ link register save eliminated.
 107              	.L8:
 118:Src/stm32g4xx_it.c ****   /* USER CODE BEGIN BusFault_IRQn 0 */
 119:Src/stm32g4xx_it.c **** 
 120:Src/stm32g4xx_it.c ****   /* USER CODE END BusFault_IRQn 0 */
 121:Src/stm32g4xx_it.c ****   while (1)
 108              		.loc 1 121 3 discriminator 1 view .LVU13
 122:Src/stm32g4xx_it.c ****   {
 123:Src/stm32g4xx_it.c ****     /* USER CODE BEGIN W1_BusFault_IRQn 0 */
 124:Src/stm32g4xx_it.c ****     /* USER CODE END W1_BusFault_IRQn 0 */
ARM GAS  C:\Users\ADMINI~1\AppData\Local\Temp\ccBFcnIm.s 			page 5


 125:Src/stm32g4xx_it.c ****   }
 109              		.loc 1 125 3 discriminator 1 view .LVU14
 121:Src/stm32g4xx_it.c ****   {
 110              		.loc 1 121 9 discriminator 1 view .LVU15
 111 0000 FEE7     		b	.L8
 112              		.cfi_endproc
 113              	.LFE332:
 115              		.section	.text.UsageFault_Handler,"ax",%progbits
 116              		.align	1
 117              		.global	UsageFault_Handler
 118              		.syntax unified
 119              		.thumb
 120              		.thumb_func
 121              		.fpu fpv4-sp-d16
 123              	UsageFault_Handler:
 124              	.LFB333:
 126:Src/stm32g4xx_it.c **** }
 127:Src/stm32g4xx_it.c **** 
 128:Src/stm32g4xx_it.c **** /**
 129:Src/stm32g4xx_it.c ****   * @brief This function handles Undefined instruction or illegal state.
 130:Src/stm32g4xx_it.c ****   */
 131:Src/stm32g4xx_it.c **** void UsageFault_Handler(void)
 132:Src/stm32g4xx_it.c **** {
 125              		.loc 1 132 1 view -0
 126              		.cfi_startproc
 127              		@ Volatile: function does not return.
 128              		@ args = 0, pretend = 0, frame = 0
 129              		@ frame_needed = 0, uses_anonymous_args = 0
 130              		@ link register save eliminated.
 131              	.L10:
 133:Src/stm32g4xx_it.c ****   /* USER CODE BEGIN UsageFault_IRQn 0 */
 134:Src/stm32g4xx_it.c **** 
 135:Src/stm32g4xx_it.c ****   /* USER CODE END UsageFault_IRQn 0 */
 136:Src/stm32g4xx_it.c ****   while (1)
 132              		.loc 1 136 3 discriminator 1 view .LVU17
 137:Src/stm32g4xx_it.c ****   {
 138:Src/stm32g4xx_it.c ****     /* USER CODE BEGIN W1_UsageFault_IRQn 0 */
 139:Src/stm32g4xx_it.c ****     /* USER CODE END W1_UsageFault_IRQn 0 */
 140:Src/stm32g4xx_it.c ****   }
 133              		.loc 1 140 3 discriminator 1 view .LVU18
 136:Src/stm32g4xx_it.c ****   {
 134              		.loc 1 136 9 discriminator 1 view .LVU19
 135 0000 FEE7     		b	.L10
 136              		.cfi_endproc
 137              	.LFE333:
 139              		.section	.text.SVC_Handler,"ax",%progbits
 140              		.align	1
 141              		.global	SVC_Handler
 142              		.syntax unified
 143              		.thumb
 144              		.thumb_func
 145              		.fpu fpv4-sp-d16
 147              	SVC_Handler:
 148              	.LFB334:
 141:Src/stm32g4xx_it.c **** }
 142:Src/stm32g4xx_it.c **** 
 143:Src/stm32g4xx_it.c **** /**
ARM GAS  C:\Users\ADMINI~1\AppData\Local\Temp\ccBFcnIm.s 			page 6


 144:Src/stm32g4xx_it.c ****   * @brief This function handles System service call via SWI instruction.
 145:Src/stm32g4xx_it.c ****   */
 146:Src/stm32g4xx_it.c **** void SVC_Handler(void)
 147:Src/stm32g4xx_it.c **** {
 149              		.loc 1 147 1 view -0
 150              		.cfi_startproc
 151              		@ args = 0, pretend = 0, frame = 0
 152              		@ frame_needed = 0, uses_anonymous_args = 0
 153              		@ link register save eliminated.
 148:Src/stm32g4xx_it.c ****   /* USER CODE BEGIN SVCall_IRQn 0 */
 149:Src/stm32g4xx_it.c **** 
 150:Src/stm32g4xx_it.c ****   /* USER CODE END SVCall_IRQn 0 */
 151:Src/stm32g4xx_it.c ****   /* USER CODE BEGIN SVCall_IRQn 1 */
 152:Src/stm32g4xx_it.c **** 
 153:Src/stm32g4xx_it.c ****   /* USER CODE END SVCall_IRQn 1 */
 154:Src/stm32g4xx_it.c **** }
 154              		.loc 1 154 1 view .LVU21
 155 0000 7047     		bx	lr
 156              		.cfi_endproc
 157              	.LFE334:
 159              		.section	.text.DebugMon_Handler,"ax",%progbits
 160              		.align	1
 161              		.global	DebugMon_Handler
 162              		.syntax unified
 163              		.thumb
 164              		.thumb_func
 165              		.fpu fpv4-sp-d16
 167              	DebugMon_Handler:
 168              	.LFB335:
 155:Src/stm32g4xx_it.c **** 
 156:Src/stm32g4xx_it.c **** /**
 157:Src/stm32g4xx_it.c ****   * @brief This function handles Debug monitor.
 158:Src/stm32g4xx_it.c ****   */
 159:Src/stm32g4xx_it.c **** void DebugMon_Handler(void)
 160:Src/stm32g4xx_it.c **** {
 169              		.loc 1 160 1 view -0
 170              		.cfi_startproc
 171              		@ args = 0, pretend = 0, frame = 0
 172              		@ frame_needed = 0, uses_anonymous_args = 0
 173              		@ link register save eliminated.
 161:Src/stm32g4xx_it.c ****   /* USER CODE BEGIN DebugMonitor_IRQn 0 */
 162:Src/stm32g4xx_it.c **** 
 163:Src/stm32g4xx_it.c ****   /* USER CODE END DebugMonitor_IRQn 0 */
 164:Src/stm32g4xx_it.c ****   /* USER CODE BEGIN DebugMonitor_IRQn 1 */
 165:Src/stm32g4xx_it.c **** 
 166:Src/stm32g4xx_it.c ****   /* USER CODE END DebugMonitor_IRQn 1 */
 167:Src/stm32g4xx_it.c **** }
 174              		.loc 1 167 1 view .LVU23
 175 0000 7047     		bx	lr
 176              		.cfi_endproc
 177              	.LFE335:
 179              		.section	.text.PendSV_Handler,"ax",%progbits
 180              		.align	1
 181              		.global	PendSV_Handler
 182              		.syntax unified
 183              		.thumb
 184              		.thumb_func
ARM GAS  C:\Users\ADMINI~1\AppData\Local\Temp\ccBFcnIm.s 			page 7


 185              		.fpu fpv4-sp-d16
 187              	PendSV_Handler:
 188              	.LFB336:
 168:Src/stm32g4xx_it.c **** 
 169:Src/stm32g4xx_it.c **** /**
 170:Src/stm32g4xx_it.c ****   * @brief This function handles Pendable request for system service.
 171:Src/stm32g4xx_it.c ****   */
 172:Src/stm32g4xx_it.c **** void PendSV_Handler(void)
 173:Src/stm32g4xx_it.c **** {
 189              		.loc 1 173 1 view -0
 190              		.cfi_startproc
 191              		@ args = 0, pretend = 0, frame = 0
 192              		@ frame_needed = 0, uses_anonymous_args = 0
 193              		@ link register save eliminated.
 174:Src/stm32g4xx_it.c ****   /* USER CODE BEGIN PendSV_IRQn 0 */
 175:Src/stm32g4xx_it.c **** 
 176:Src/stm32g4xx_it.c ****   /* USER CODE END PendSV_IRQn 0 */
 177:Src/stm32g4xx_it.c ****   /* USER CODE BEGIN PendSV_IRQn 1 */
 178:Src/stm32g4xx_it.c **** 
 179:Src/stm32g4xx_it.c ****   /* USER CODE END PendSV_IRQn 1 */
 180:Src/stm32g4xx_it.c **** }
 194              		.loc 1 180 1 view .LVU25
 195 0000 7047     		bx	lr
 196              		.cfi_endproc
 197              	.LFE336:
 199              		.section	.text.SysTick_Handler,"ax",%progbits
 200              		.align	1
 201              		.global	SysTick_Handler
 202              		.syntax unified
 203              		.thumb
 204              		.thumb_func
 205              		.fpu fpv4-sp-d16
 207              	SysTick_Handler:
 208              	.LFB337:
 181:Src/stm32g4xx_it.c **** 
 182:Src/stm32g4xx_it.c **** /**
 183:Src/stm32g4xx_it.c ****   * @brief This function handles System tick timer.
 184:Src/stm32g4xx_it.c ****   */
 185:Src/stm32g4xx_it.c **** void SysTick_Handler(void)
 186:Src/stm32g4xx_it.c **** {
 209              		.loc 1 186 1 view -0
 210              		.cfi_startproc
 211              		@ args = 0, pretend = 0, frame = 0
 212              		@ frame_needed = 0, uses_anonymous_args = 0
 213 0000 08B5     		push	{r3, lr}
 214              	.LCFI0:
 215              		.cfi_def_cfa_offset 8
 216              		.cfi_offset 3, -8
 217              		.cfi_offset 14, -4
 187:Src/stm32g4xx_it.c ****   /* USER CODE BEGIN SysTick_IRQn 0 */
 188:Src/stm32g4xx_it.c **** 
 189:Src/stm32g4xx_it.c ****   /* USER CODE END SysTick_IRQn 0 */
 190:Src/stm32g4xx_it.c ****   HAL_IncTick();
 218              		.loc 1 190 3 view .LVU27
 219 0002 FFF7FEFF 		bl	HAL_IncTick
 220              	.LVL0:
 191:Src/stm32g4xx_it.c ****   /* USER CODE BEGIN SysTick_IRQn 1 */
ARM GAS  C:\Users\ADMINI~1\AppData\Local\Temp\ccBFcnIm.s 			page 8


 192:Src/stm32g4xx_it.c **** 
 193:Src/stm32g4xx_it.c ****   /* USER CODE END SysTick_IRQn 1 */
 194:Src/stm32g4xx_it.c **** }
 221              		.loc 1 194 1 is_stmt 0 view .LVU28
 222 0006 08BD     		pop	{r3, pc}
 223              		.cfi_endproc
 224              	.LFE337:
 226              		.section	.text.DMA1_Channel2_IRQHandler,"ax",%progbits
 227              		.align	1
 228              		.global	DMA1_Channel2_IRQHandler
 229              		.syntax unified
 230              		.thumb
 231              		.thumb_func
 232              		.fpu fpv4-sp-d16
 234              	DMA1_Channel2_IRQHandler:
 235              	.LFB338:
 195:Src/stm32g4xx_it.c **** 
 196:Src/stm32g4xx_it.c **** /******************************************************************************/
 197:Src/stm32g4xx_it.c **** /* STM32G4xx Peripheral Interrupt Handlers                                    */
 198:Src/stm32g4xx_it.c **** /* Add here the Interrupt Handlers for the used peripherals.                  */
 199:Src/stm32g4xx_it.c **** /* For the available peripheral interrupt handler names,                      */
 200:Src/stm32g4xx_it.c **** /* please refer to the startup file (startup_stm32g4xx.s).                    */
 201:Src/stm32g4xx_it.c **** /******************************************************************************/
 202:Src/stm32g4xx_it.c **** 
 203:Src/stm32g4xx_it.c **** /**
 204:Src/stm32g4xx_it.c ****   * @brief This function handles DMA1 channel2 global interrupt.
 205:Src/stm32g4xx_it.c ****   */
 206:Src/stm32g4xx_it.c **** void DMA1_Channel2_IRQHandler(void)
 207:Src/stm32g4xx_it.c **** {
 236              		.loc 1 207 1 is_stmt 1 view -0
 237              		.cfi_startproc
 238              		@ args = 0, pretend = 0, frame = 0
 239              		@ frame_needed = 0, uses_anonymous_args = 0
 240 0000 08B5     		push	{r3, lr}
 241              	.LCFI1:
 242              		.cfi_def_cfa_offset 8
 243              		.cfi_offset 3, -8
 244              		.cfi_offset 14, -4
 208:Src/stm32g4xx_it.c ****   /* USER CODE BEGIN DMA1_Channel2_IRQn 0 */
 209:Src/stm32g4xx_it.c **** 
 210:Src/stm32g4xx_it.c ****   /* USER CODE END DMA1_Channel2_IRQn 0 */
 211:Src/stm32g4xx_it.c ****   HAL_DMA_IRQHandler(&hdma_usart1_tx);
 245              		.loc 1 211 3 view .LVU30
 246 0002 0248     		ldr	r0, .L18
 247 0004 FFF7FEFF 		bl	HAL_DMA_IRQHandler
 248              	.LVL1:
 212:Src/stm32g4xx_it.c ****   /* USER CODE BEGIN DMA1_Channel2_IRQn 1 */
 213:Src/stm32g4xx_it.c **** 
 214:Src/stm32g4xx_it.c ****   /* USER CODE END DMA1_Channel2_IRQn 1 */
 215:Src/stm32g4xx_it.c **** }
 249              		.loc 1 215 1 is_stmt 0 view .LVU31
 250 0008 08BD     		pop	{r3, pc}
 251              	.L19:
 252 000a 00BF     		.align	2
 253              	.L18:
 254 000c 00000000 		.word	hdma_usart1_tx
 255              		.cfi_endproc
ARM GAS  C:\Users\ADMINI~1\AppData\Local\Temp\ccBFcnIm.s 			page 9


 256              	.LFE338:
 258              		.section	.text.ADC1_2_IRQHandler,"ax",%progbits
 259              		.align	1
 260              		.global	ADC1_2_IRQHandler
 261              		.syntax unified
 262              		.thumb
 263              		.thumb_func
 264              		.fpu fpv4-sp-d16
 266              	ADC1_2_IRQHandler:
 267              	.LFB339:
 216:Src/stm32g4xx_it.c **** 
 217:Src/stm32g4xx_it.c **** /**
 218:Src/stm32g4xx_it.c ****   * @brief This function handles ADC1 and ADC2 global interrupt.
 219:Src/stm32g4xx_it.c ****   */
 220:Src/stm32g4xx_it.c **** void ADC1_2_IRQHandler(void)
 221:Src/stm32g4xx_it.c **** {
 268              		.loc 1 221 1 is_stmt 1 view -0
 269              		.cfi_startproc
 270              		@ args = 0, pretend = 0, frame = 0
 271              		@ frame_needed = 0, uses_anonymous_args = 0
 272 0000 08B5     		push	{r3, lr}
 273              	.LCFI2:
 274              		.cfi_def_cfa_offset 8
 275              		.cfi_offset 3, -8
 276              		.cfi_offset 14, -4
 222:Src/stm32g4xx_it.c ****   /* USER CODE BEGIN ADC1_2_IRQn 0 */
 223:Src/stm32g4xx_it.c **** 
 224:Src/stm32g4xx_it.c ****   /* USER CODE END ADC1_2_IRQn 0 */
 225:Src/stm32g4xx_it.c ****   HAL_ADC_IRQHandler(&hadc1);
 277              		.loc 1 225 3 view .LVU33
 278 0002 0248     		ldr	r0, .L22
 279 0004 FFF7FEFF 		bl	HAL_ADC_IRQHandler
 280              	.LVL2:
 226:Src/stm32g4xx_it.c ****   /* USER CODE BEGIN ADC1_2_IRQn 1 */
 227:Src/stm32g4xx_it.c **** 
 228:Src/stm32g4xx_it.c ****   /* USER CODE END ADC1_2_IRQn 1 */
 229:Src/stm32g4xx_it.c **** }
 281              		.loc 1 229 1 is_stmt 0 view .LVU34
 282 0008 08BD     		pop	{r3, pc}
 283              	.L23:
 284 000a 00BF     		.align	2
 285              	.L22:
 286 000c 00000000 		.word	hadc1
 287              		.cfi_endproc
 288              	.LFE339:
 290              		.section	.text.USART1_IRQHandler,"ax",%progbits
 291              		.align	1
 292              		.global	USART1_IRQHandler
 293              		.syntax unified
 294              		.thumb
 295              		.thumb_func
 296              		.fpu fpv4-sp-d16
 298              	USART1_IRQHandler:
 299              	.LFB340:
 230:Src/stm32g4xx_it.c **** 
 231:Src/stm32g4xx_it.c **** /**
 232:Src/stm32g4xx_it.c ****   * @brief This function handles USART1 global interrupt / USART1 wake-up interrupt through EXTI li
ARM GAS  C:\Users\ADMINI~1\AppData\Local\Temp\ccBFcnIm.s 			page 10


 233:Src/stm32g4xx_it.c ****   */
 234:Src/stm32g4xx_it.c **** void USART1_IRQHandler(void)
 235:Src/stm32g4xx_it.c **** {
 300              		.loc 1 235 1 is_stmt 1 view -0
 301              		.cfi_startproc
 302              		@ args = 0, pretend = 0, frame = 0
 303              		@ frame_needed = 0, uses_anonymous_args = 0
 304 0000 10B5     		push	{r4, lr}
 305              	.LCFI3:
 306              		.cfi_def_cfa_offset 8
 307              		.cfi_offset 4, -8
 308              		.cfi_offset 14, -4
 236:Src/stm32g4xx_it.c ****   /* USER CODE BEGIN USART1_IRQn 0 */
 237:Src/stm32g4xx_it.c **** 
 238:Src/stm32g4xx_it.c ****   /* USER CODE END USART1_IRQn 0 */
 239:Src/stm32g4xx_it.c ****   HAL_UART_IRQHandler(&huart1);
 309              		.loc 1 239 3 view .LVU36
 310 0002 044C     		ldr	r4, .L26
 311 0004 2046     		mov	r0, r4
 312 0006 FFF7FEFF 		bl	HAL_UART_IRQHandler
 313              	.LVL3:
 240:Src/stm32g4xx_it.c ****   /* USER CODE BEGIN USART1_IRQn 1 */
 241:Src/stm32g4xx_it.c ****     USER_UART_IRQHandler(&huart1);
 314              		.loc 1 241 5 view .LVU37
 315 000a 2046     		mov	r0, r4
 316 000c FFF7FEFF 		bl	USER_UART_IRQHandler
 317              	.LVL4:
 242:Src/stm32g4xx_it.c ****   /* USER CODE END USART1_IRQn 1 */
 243:Src/stm32g4xx_it.c **** }
 318              		.loc 1 243 1 is_stmt 0 view .LVU38
 319 0010 10BD     		pop	{r4, pc}
 320              	.L27:
 321 0012 00BF     		.align	2
 322              	.L26:
 323 0014 00000000 		.word	huart1
 324              		.cfi_endproc
 325              	.LFE340:
 327              		.section	.text.EXTI15_10_IRQHandler,"ax",%progbits
 328              		.align	1
 329              		.global	EXTI15_10_IRQHandler
 330              		.syntax unified
 331              		.thumb
 332              		.thumb_func
 333              		.fpu fpv4-sp-d16
 335              	EXTI15_10_IRQHandler:
 336              	.LFB341:
 244:Src/stm32g4xx_it.c **** 
 245:Src/stm32g4xx_it.c **** /**
 246:Src/stm32g4xx_it.c ****   * @brief This function handles EXTI line[15:10] interrupts.
 247:Src/stm32g4xx_it.c ****   */
 248:Src/stm32g4xx_it.c **** void EXTI15_10_IRQHandler(void)
 249:Src/stm32g4xx_it.c **** {
 337              		.loc 1 249 1 is_stmt 1 view -0
 338              		.cfi_startproc
 339              		@ args = 0, pretend = 0, frame = 0
 340              		@ frame_needed = 0, uses_anonymous_args = 0
 341 0000 08B5     		push	{r3, lr}
ARM GAS  C:\Users\ADMINI~1\AppData\Local\Temp\ccBFcnIm.s 			page 11


 342              	.LCFI4:
 343              		.cfi_def_cfa_offset 8
 344              		.cfi_offset 3, -8
 345              		.cfi_offset 14, -4
 250:Src/stm32g4xx_it.c ****   /* USER CODE BEGIN EXTI15_10_IRQn 0 */
 251:Src/stm32g4xx_it.c **** 
 252:Src/stm32g4xx_it.c ****   /* USER CODE END EXTI15_10_IRQn 0 */
 253:Src/stm32g4xx_it.c ****   HAL_GPIO_EXTI_IRQHandler(KEY_01_Pin);
 346              		.loc 1 253 3 view .LVU40
 347 0002 4FF48050 		mov	r0, #4096
 348 0006 FFF7FEFF 		bl	HAL_GPIO_EXTI_IRQHandler
 349              	.LVL5:
 254:Src/stm32g4xx_it.c ****   /* USER CODE BEGIN EXTI15_10_IRQn 1 */
 255:Src/stm32g4xx_it.c **** 
 256:Src/stm32g4xx_it.c ****   /* USER CODE END EXTI15_10_IRQn 1 */
 257:Src/stm32g4xx_it.c **** }
 350              		.loc 1 257 1 is_stmt 0 view .LVU41
 351 000a 08BD     		pop	{r3, pc}
 352              		.cfi_endproc
 353              	.LFE341:
 355              		.text
 356              	.Letext0:
 357              		.file 2 "d:\\program files (x86)\\gcc-arm-none-eabi-10-2020-q4-major-win32\\tool\\arm-none-eabi\\i
 358              		.file 3 "d:\\program files (x86)\\gcc-arm-none-eabi-10-2020-q4-major-win32\\tool\\arm-none-eabi\\i
 359              		.file 4 "Drivers/CMSIS/Device/ST/STM32G4xx/Include/stm32g431xx.h"
 360              		.file 5 "Drivers/CMSIS/Device/ST/STM32G4xx/Include/stm32g4xx.h"
 361              		.file 6 "Drivers/STM32G4xx_HAL_Driver/Inc/stm32g4xx_hal_def.h"
 362              		.file 7 "Drivers/STM32G4xx_HAL_Driver/Inc/stm32g4xx_hal_dma.h"
 363              		.file 8 "Drivers/STM32G4xx_HAL_Driver/Inc/stm32g4xx_hal_adc.h"
 364              		.file 9 "Drivers/STM32G4xx_HAL_Driver/Inc/stm32g4xx_hal_uart.h"
 365              		.file 10 "Drivers/STM32G4xx_HAL_Driver/Inc/stm32g4xx_hal_gpio.h"
 366              		.file 11 "Drivers/STM32G4xx_HAL_Driver/Inc/stm32g4xx_hal.h"
ARM GAS  C:\Users\ADMINI~1\AppData\Local\Temp\ccBFcnIm.s 			page 12


DEFINED SYMBOLS
                            *ABS*:00000000 stm32g4xx_it.c
C:\Users\ADMINI~1\AppData\Local\Temp\ccBFcnIm.s:18     .text.NMI_Handler:00000000 $t
C:\Users\ADMINI~1\AppData\Local\Temp\ccBFcnIm.s:26     .text.NMI_Handler:00000000 NMI_Handler
C:\Users\ADMINI~1\AppData\Local\Temp\ccBFcnIm.s:44     .text.HardFault_Handler:00000000 $t
C:\Users\ADMINI~1\AppData\Local\Temp\ccBFcnIm.s:51     .text.HardFault_Handler:00000000 HardFault_Handler
C:\Users\ADMINI~1\AppData\Local\Temp\ccBFcnIm.s:68     .text.MemManage_Handler:00000000 $t
C:\Users\ADMINI~1\AppData\Local\Temp\ccBFcnIm.s:75     .text.MemManage_Handler:00000000 MemManage_Handler
C:\Users\ADMINI~1\AppData\Local\Temp\ccBFcnIm.s:92     .text.BusFault_Handler:00000000 $t
C:\Users\ADMINI~1\AppData\Local\Temp\ccBFcnIm.s:99     .text.BusFault_Handler:00000000 BusFault_Handler
C:\Users\ADMINI~1\AppData\Local\Temp\ccBFcnIm.s:116    .text.UsageFault_Handler:00000000 $t
C:\Users\ADMINI~1\AppData\Local\Temp\ccBFcnIm.s:123    .text.UsageFault_Handler:00000000 UsageFault_Handler
C:\Users\ADMINI~1\AppData\Local\Temp\ccBFcnIm.s:140    .text.SVC_Handler:00000000 $t
C:\Users\ADMINI~1\AppData\Local\Temp\ccBFcnIm.s:147    .text.SVC_Handler:00000000 SVC_Handler
C:\Users\ADMINI~1\AppData\Local\Temp\ccBFcnIm.s:160    .text.DebugMon_Handler:00000000 $t
C:\Users\ADMINI~1\AppData\Local\Temp\ccBFcnIm.s:167    .text.DebugMon_Handler:00000000 DebugMon_Handler
C:\Users\ADMINI~1\AppData\Local\Temp\ccBFcnIm.s:180    .text.PendSV_Handler:00000000 $t
C:\Users\ADMINI~1\AppData\Local\Temp\ccBFcnIm.s:187    .text.PendSV_Handler:00000000 PendSV_Handler
C:\Users\ADMINI~1\AppData\Local\Temp\ccBFcnIm.s:200    .text.SysTick_Handler:00000000 $t
C:\Users\ADMINI~1\AppData\Local\Temp\ccBFcnIm.s:207    .text.SysTick_Handler:00000000 SysTick_Handler
C:\Users\ADMINI~1\AppData\Local\Temp\ccBFcnIm.s:227    .text.DMA1_Channel2_IRQHandler:00000000 $t
C:\Users\ADMINI~1\AppData\Local\Temp\ccBFcnIm.s:234    .text.DMA1_Channel2_IRQHandler:00000000 DMA1_Channel2_IRQHandler
C:\Users\ADMINI~1\AppData\Local\Temp\ccBFcnIm.s:254    .text.DMA1_Channel2_IRQHandler:0000000c $d
C:\Users\ADMINI~1\AppData\Local\Temp\ccBFcnIm.s:259    .text.ADC1_2_IRQHandler:00000000 $t
C:\Users\ADMINI~1\AppData\Local\Temp\ccBFcnIm.s:266    .text.ADC1_2_IRQHandler:00000000 ADC1_2_IRQHandler
C:\Users\ADMINI~1\AppData\Local\Temp\ccBFcnIm.s:286    .text.ADC1_2_IRQHandler:0000000c $d
C:\Users\ADMINI~1\AppData\Local\Temp\ccBFcnIm.s:291    .text.USART1_IRQHandler:00000000 $t
C:\Users\ADMINI~1\AppData\Local\Temp\ccBFcnIm.s:298    .text.USART1_IRQHandler:00000000 USART1_IRQHandler
C:\Users\ADMINI~1\AppData\Local\Temp\ccBFcnIm.s:323    .text.USART1_IRQHandler:00000014 $d
C:\Users\ADMINI~1\AppData\Local\Temp\ccBFcnIm.s:328    .text.EXTI15_10_IRQHandler:00000000 $t
C:\Users\ADMINI~1\AppData\Local\Temp\ccBFcnIm.s:335    .text.EXTI15_10_IRQHandler:00000000 EXTI15_10_IRQHandler

UNDEFINED SYMBOLS
HAL_IncTick
HAL_DMA_IRQHandler
hdma_usart1_tx
HAL_ADC_IRQHandler
hadc1
HAL_UART_IRQHandler
USER_UART_IRQHandler
huart1
HAL_GPIO_EXTI_IRQHandler
