ARM GAS  C:\Users\ADMINI~1\AppData\Local\Temp\ccV4DZqe.s 			page 1


   1              		.cpu cortex-m4
   2              		.eabi_attribute 27, 1
   3              		.eabi_attribute 28, 1
   4              		.eabi_attribute 20, 1
   5              		.eabi_attribute 21, 1
   6              		.eabi_attribute 23, 3
   7              		.eabi_attribute 24, 1
   8              		.eabi_attribute 25, 1
   9              		.eabi_attribute 26, 1
  10              		.eabi_attribute 30, 1
  11              		.eabi_attribute 34, 1
  12              		.eabi_attribute 18, 4
  13              		.file	"stm32g4xx_hal_msp.c"
  14              		.text
  15              	.Ltext0:
  16              		.cfi_sections	.debug_frame
  17              		.section	.text.HAL_MspInit,"ax",%progbits
  18              		.align	1
  19              		.global	HAL_MspInit
  20              		.arch armv7e-m
  21              		.syntax unified
  22              		.thumb
  23              		.thumb_func
  24              		.fpu fpv4-sp-d16
  26              	HAL_MspInit:
  27              	.LFB329:
  28              		.file 1 "Src/stm32g4xx_hal_msp.c"
   1:Src/stm32g4xx_hal_msp.c **** /* USER CODE BEGIN Header */
   2:Src/stm32g4xx_hal_msp.c **** /**
   3:Src/stm32g4xx_hal_msp.c ****   ******************************************************************************
   4:Src/stm32g4xx_hal_msp.c ****   * @file         stm32g4xx_hal_msp.c
   5:Src/stm32g4xx_hal_msp.c ****   * @brief        This file provides code for the MSP Initialization
   6:Src/stm32g4xx_hal_msp.c ****   *               and de-Initialization codes.
   7:Src/stm32g4xx_hal_msp.c ****   ******************************************************************************
   8:Src/stm32g4xx_hal_msp.c ****   * @attention
   9:Src/stm32g4xx_hal_msp.c ****   *
  10:Src/stm32g4xx_hal_msp.c ****   * Copyright (c) 2023 STMicroelectronics.
  11:Src/stm32g4xx_hal_msp.c ****   * All rights reserved.
  12:Src/stm32g4xx_hal_msp.c ****   *
  13:Src/stm32g4xx_hal_msp.c ****   * This software is licensed under terms that can be found in the LICENSE file
  14:Src/stm32g4xx_hal_msp.c ****   * in the root directory of this software component.
  15:Src/stm32g4xx_hal_msp.c ****   * If no LICENSE file comes with this software, it is provided AS-IS.
  16:Src/stm32g4xx_hal_msp.c ****   *
  17:Src/stm32g4xx_hal_msp.c ****   ******************************************************************************
  18:Src/stm32g4xx_hal_msp.c ****   */
  19:Src/stm32g4xx_hal_msp.c **** /* USER CODE END Header */
  20:Src/stm32g4xx_hal_msp.c **** 
  21:Src/stm32g4xx_hal_msp.c **** /* Includes ------------------------------------------------------------------*/
  22:Src/stm32g4xx_hal_msp.c **** #include "main.h"
  23:Src/stm32g4xx_hal_msp.c **** /* USER CODE BEGIN Includes */
  24:Src/stm32g4xx_hal_msp.c **** 
  25:Src/stm32g4xx_hal_msp.c **** /* USER CODE END Includes */
  26:Src/stm32g4xx_hal_msp.c **** 
  27:Src/stm32g4xx_hal_msp.c **** /* Private typedef -----------------------------------------------------------*/
  28:Src/stm32g4xx_hal_msp.c **** /* USER CODE BEGIN TD */
  29:Src/stm32g4xx_hal_msp.c **** 
  30:Src/stm32g4xx_hal_msp.c **** /* USER CODE END TD */
ARM GAS  C:\Users\ADMINI~1\AppData\Local\Temp\ccV4DZqe.s 			page 2


  31:Src/stm32g4xx_hal_msp.c **** 
  32:Src/stm32g4xx_hal_msp.c **** /* Private define ------------------------------------------------------------*/
  33:Src/stm32g4xx_hal_msp.c **** /* USER CODE BEGIN Define */
  34:Src/stm32g4xx_hal_msp.c **** 
  35:Src/stm32g4xx_hal_msp.c **** /* USER CODE END Define */
  36:Src/stm32g4xx_hal_msp.c **** 
  37:Src/stm32g4xx_hal_msp.c **** /* Private macro -------------------------------------------------------------*/
  38:Src/stm32g4xx_hal_msp.c **** /* USER CODE BEGIN Macro */
  39:Src/stm32g4xx_hal_msp.c **** 
  40:Src/stm32g4xx_hal_msp.c **** /* USER CODE END Macro */
  41:Src/stm32g4xx_hal_msp.c **** 
  42:Src/stm32g4xx_hal_msp.c **** /* Private variables ---------------------------------------------------------*/
  43:Src/stm32g4xx_hal_msp.c **** /* USER CODE BEGIN PV */
  44:Src/stm32g4xx_hal_msp.c **** 
  45:Src/stm32g4xx_hal_msp.c **** /* USER CODE END PV */
  46:Src/stm32g4xx_hal_msp.c **** 
  47:Src/stm32g4xx_hal_msp.c **** /* Private function prototypes -----------------------------------------------*/
  48:Src/stm32g4xx_hal_msp.c **** /* USER CODE BEGIN PFP */
  49:Src/stm32g4xx_hal_msp.c **** 
  50:Src/stm32g4xx_hal_msp.c **** /* USER CODE END PFP */
  51:Src/stm32g4xx_hal_msp.c **** 
  52:Src/stm32g4xx_hal_msp.c **** /* External functions --------------------------------------------------------*/
  53:Src/stm32g4xx_hal_msp.c **** /* USER CODE BEGIN ExternalFunctions */
  54:Src/stm32g4xx_hal_msp.c **** 
  55:Src/stm32g4xx_hal_msp.c **** /* USER CODE END ExternalFunctions */
  56:Src/stm32g4xx_hal_msp.c **** 
  57:Src/stm32g4xx_hal_msp.c **** /* USER CODE BEGIN 0 */
  58:Src/stm32g4xx_hal_msp.c **** 
  59:Src/stm32g4xx_hal_msp.c **** /* USER CODE END 0 */
  60:Src/stm32g4xx_hal_msp.c **** /**
  61:Src/stm32g4xx_hal_msp.c ****   * Initializes the Global MSP.
  62:Src/stm32g4xx_hal_msp.c ****   */
  63:Src/stm32g4xx_hal_msp.c **** void HAL_MspInit(void)
  64:Src/stm32g4xx_hal_msp.c **** {
  29              		.loc 1 64 1 view -0
  30              		.cfi_startproc
  31              		@ args = 0, pretend = 0, frame = 8
  32              		@ frame_needed = 0, uses_anonymous_args = 0
  33 0000 00B5     		push	{lr}
  34              	.LCFI0:
  35              		.cfi_def_cfa_offset 4
  36              		.cfi_offset 14, -4
  37 0002 83B0     		sub	sp, sp, #12
  38              	.LCFI1:
  39              		.cfi_def_cfa_offset 16
  65:Src/stm32g4xx_hal_msp.c ****   /* USER CODE BEGIN MspInit 0 */
  66:Src/stm32g4xx_hal_msp.c **** 
  67:Src/stm32g4xx_hal_msp.c ****   /* USER CODE END MspInit 0 */
  68:Src/stm32g4xx_hal_msp.c **** 
  69:Src/stm32g4xx_hal_msp.c ****   __HAL_RCC_SYSCFG_CLK_ENABLE();
  40              		.loc 1 69 3 view .LVU1
  41              	.LBB2:
  42              		.loc 1 69 3 view .LVU2
  43              		.loc 1 69 3 view .LVU3
  44 0004 0B4B     		ldr	r3, .L3
  45 0006 1A6E     		ldr	r2, [r3, #96]
  46 0008 42F00102 		orr	r2, r2, #1
ARM GAS  C:\Users\ADMINI~1\AppData\Local\Temp\ccV4DZqe.s 			page 3


  47 000c 1A66     		str	r2, [r3, #96]
  48              		.loc 1 69 3 view .LVU4
  49 000e 1A6E     		ldr	r2, [r3, #96]
  50 0010 02F00102 		and	r2, r2, #1
  51 0014 0092     		str	r2, [sp]
  52              		.loc 1 69 3 view .LVU5
  53 0016 009A     		ldr	r2, [sp]
  54              	.LBE2:
  55              		.loc 1 69 3 view .LVU6
  70:Src/stm32g4xx_hal_msp.c ****   __HAL_RCC_PWR_CLK_ENABLE();
  56              		.loc 1 70 3 view .LVU7
  57              	.LBB3:
  58              		.loc 1 70 3 view .LVU8
  59              		.loc 1 70 3 view .LVU9
  60 0018 9A6D     		ldr	r2, [r3, #88]
  61 001a 42F08052 		orr	r2, r2, #268435456
  62 001e 9A65     		str	r2, [r3, #88]
  63              		.loc 1 70 3 view .LVU10
  64 0020 9B6D     		ldr	r3, [r3, #88]
  65 0022 03F08053 		and	r3, r3, #268435456
  66 0026 0193     		str	r3, [sp, #4]
  67              		.loc 1 70 3 view .LVU11
  68 0028 019B     		ldr	r3, [sp, #4]
  69              	.LBE3:
  70              		.loc 1 70 3 view .LVU12
  71:Src/stm32g4xx_hal_msp.c **** 
  72:Src/stm32g4xx_hal_msp.c ****   /* System interrupt init*/
  73:Src/stm32g4xx_hal_msp.c **** 
  74:Src/stm32g4xx_hal_msp.c ****   /** Disable the internal Pull-Up in Dead Battery pins of UCPD peripheral
  75:Src/stm32g4xx_hal_msp.c ****   */
  76:Src/stm32g4xx_hal_msp.c ****   HAL_PWREx_DisableUCPDDeadBattery();
  71              		.loc 1 76 3 view .LVU13
  72 002a FFF7FEFF 		bl	HAL_PWREx_DisableUCPDDeadBattery
  73              	.LVL0:
  77:Src/stm32g4xx_hal_msp.c **** 
  78:Src/stm32g4xx_hal_msp.c ****   /* USER CODE BEGIN MspInit 1 */
  79:Src/stm32g4xx_hal_msp.c **** 
  80:Src/stm32g4xx_hal_msp.c ****   /* USER CODE END MspInit 1 */
  81:Src/stm32g4xx_hal_msp.c **** }
  74              		.loc 1 81 1 is_stmt 0 view .LVU14
  75 002e 03B0     		add	sp, sp, #12
  76              	.LCFI2:
  77              		.cfi_def_cfa_offset 4
  78              		@ sp needed
  79 0030 5DF804FB 		ldr	pc, [sp], #4
  80              	.L4:
  81              		.align	2
  82              	.L3:
  83 0034 00100240 		.word	1073876992
  84              		.cfi_endproc
  85              	.LFE329:
  87              		.text
  88              	.Letext0:
  89              		.file 2 "d:\\program files (x86)\\gcc-arm-none-eabi-10-2020-q4-major-win32\\tool\\arm-none-eabi\\i
  90              		.file 3 "d:\\program files (x86)\\gcc-arm-none-eabi-10-2020-q4-major-win32\\tool\\arm-none-eabi\\i
  91              		.file 4 "Drivers/CMSIS/Device/ST/STM32G4xx/Include/stm32g431xx.h"
  92              		.file 5 "Drivers/STM32G4xx_HAL_Driver/Inc/stm32g4xx_hal_pwr_ex.h"
ARM GAS  C:\Users\ADMINI~1\AppData\Local\Temp\ccV4DZqe.s 			page 4


ARM GAS  C:\Users\ADMINI~1\AppData\Local\Temp\ccV4DZqe.s 			page 5


DEFINED SYMBOLS
                            *ABS*:00000000 stm32g4xx_hal_msp.c
C:\Users\ADMINI~1\AppData\Local\Temp\ccV4DZqe.s:18     .text.HAL_MspInit:00000000 $t
C:\Users\ADMINI~1\AppData\Local\Temp\ccV4DZqe.s:26     .text.HAL_MspInit:00000000 HAL_MspInit
C:\Users\ADMINI~1\AppData\Local\Temp\ccV4DZqe.s:83     .text.HAL_MspInit:00000034 $d

UNDEFINED SYMBOLS
HAL_PWREx_DisableUCPDDeadBattery
