ARM GAS  C:\Users\57308\AppData\Local\Temp\ccLvSu6e.s 			page 1


   1              		.cpu cortex-m4
   2              		.arch armv7e-m
   3              		.fpu fpv4-sp-d16
   4              		.eabi_attribute 27, 1
   5              		.eabi_attribute 28, 1
   6              		.eabi_attribute 20, 1
   7              		.eabi_attribute 21, 1
   8              		.eabi_attribute 23, 3
   9              		.eabi_attribute 24, 1
  10              		.eabi_attribute 25, 1
  11              		.eabi_attribute 26, 1
  12              		.eabi_attribute 30, 1
  13              		.eabi_attribute 34, 1
  14              		.eabi_attribute 18, 4
  15              		.file	"_IQNtables.c"
  16              		.text
  17              	.Ltext0:
  18              		.cfi_sections	.debug_frame
  19              		.global	_IQ14sqrt_lookup
  20              		.global	_IQ6div_lookup
  21              		.global	_IQ30log_coeffs
  22              		.global	_IQNlog_min
  23              		.global	_IQNexp_lookup30
  24              		.global	_IQNexp_lookup29
  25              		.global	_IQNexp_lookup28
  26              		.global	_IQNexp_lookup27
  27              		.global	_IQNexp_lookup26
  28              		.global	_IQNexp_lookup25
  29              		.global	_IQNexp_lookup24
  30              		.global	_IQNexp_lookup23
  31              		.global	_IQNexp_lookup22
  32              		.global	_IQNexp_lookup21
  33              		.global	_IQNexp_lookup20
  34              		.global	_IQNexp_lookup19
  35              		.global	_IQNexp_lookup18
  36              		.global	_IQNexp_lookup17
  37              		.global	_IQNexp_lookup16
  38              		.global	_IQNexp_lookup15
  39              		.global	_IQNexp_lookup14
  40              		.global	_IQNexp_lookup13
  41              		.global	_IQNexp_lookup12
  42              		.global	_IQNexp_lookup11
  43              		.global	_IQNexp_lookup10
  44              		.global	_IQNexp_lookup9
  45              		.global	_IQNexp_lookup8
  46              		.global	_IQNexp_lookup7
  47              		.global	_IQNexp_lookup6
  48              		.global	_IQNexp_lookup5
  49              		.global	_IQNexp_lookup4
  50              		.global	_IQNexp_lookup3
  51              		.global	_IQNexp_lookup2
  52              		.global	_IQNexp_lookup1
  53              		.global	_IQNexp_offset
  54              		.global	_IQNexp_max
  55              		.global	_IQNexp_min
  56              		.global	_IQ30exp_coeffs
  57              		.global	_IQ32atan_coeffs
ARM GAS  C:\Users\57308\AppData\Local\Temp\ccLvSu6e.s 			page 2


  58              		.global	_IQ29Asin_coeffs
  59              		.global	_IQ31SinLookup
  60              		.global	_IQ31CosLookup
  61              		.section	.rodata._IQ14sqrt_lookup,"a"
  62              		.align	2
  65              	_IQ14sqrt_lookup:
  66 0000 027F0000 		.word	32514
  67 0004 197D0000 		.word	32025
  68 0008 467B0000 		.word	31558
  69 000c 86790000 		.word	31110
  70 0010 D9770000 		.word	30681
  71 0014 3D760000 		.word	30269
  72 0018 B2740000 		.word	29874
  73 001c 35730000 		.word	29493
  74 0020 C7710000 		.word	29127
  75 0024 66700000 		.word	28774
  76 0028 116F0000 		.word	28433
  77 002c C86D0000 		.word	28104
  78 0030 8B6C0000 		.word	27787
  79 0034 586B0000 		.word	27480
  80 0038 2F6A0000 		.word	27183
  81 003c 0F690000 		.word	26895
  82 0040 F8670000 		.word	26616
  83 0044 EA660000 		.word	26346
  84 0048 E4650000 		.word	26084
  85 004c E5640000 		.word	25829
  86 0050 EE630000 		.word	25582
  87 0054 FE620000 		.word	25342
  88 0058 14620000 		.word	25108
  89 005c 31610000 		.word	24881
  90 0060 54600000 		.word	24660
  91 0064 7D5F0000 		.word	24445
  92 0068 AB5E0000 		.word	24235
  93 006c DE5D0000 		.word	24030
  94 0070 175D0000 		.word	23831
  95 0074 545C0000 		.word	23636
  96 0078 965B0000 		.word	23446
  97 007c DD5A0000 		.word	23261
  98 0080 285A0000 		.word	23080
  99 0084 77590000 		.word	22903
 100 0088 CA580000 		.word	22730
 101 008c 21580000 		.word	22561
 102 0090 7C570000 		.word	22396
 103 0094 DA560000 		.word	22234
 104 0098 3C560000 		.word	22076
 105 009c A1550000 		.word	21921
 106 00a0 09550000 		.word	21769
 107 00a4 75540000 		.word	21621
 108 00a8 E3530000 		.word	21475
 109 00ac 54530000 		.word	21332
 110 00b0 C9520000 		.word	21193
 111 00b4 3F520000 		.word	21055
 112 00b8 B9510000 		.word	20921
 113 00bc 35510000 		.word	20789
 114 00c0 B3500000 		.word	20659
 115 00c4 34500000 		.word	20532
 116 00c8 B74F0000 		.word	20407
ARM GAS  C:\Users\57308\AppData\Local\Temp\ccLvSu6e.s 			page 3


 117 00cc 3D4F0000 		.word	20285
 118 00d0 C44E0000 		.word	20164
 119 00d4 4E4E0000 		.word	20046
 120 00d8 DA4D0000 		.word	19930
 121 00dc 684D0000 		.word	19816
 122 00e0 F74C0000 		.word	19703
 123 00e4 894C0000 		.word	19593
 124 00e8 1D4C0000 		.word	19485
 125 00ec B24B0000 		.word	19378
 126 00f0 494B0000 		.word	19273
 127 00f4 E14A0000 		.word	19169
 128 00f8 7C4A0000 		.word	19068
 129 00fc 184A0000 		.word	18968
 130 0100 B5490000 		.word	18869
 131 0104 54490000 		.word	18772
 132 0108 F4480000 		.word	18676
 133 010c 96480000 		.word	18582
 134 0110 3A480000 		.word	18490
 135 0114 DE470000 		.word	18398
 136 0118 84470000 		.word	18308
 137 011c 2C470000 		.word	18220
 138 0120 D4460000 		.word	18132
 139 0124 7E460000 		.word	18046
 140 0128 29460000 		.word	17961
 141 012c D6450000 		.word	17878
 142 0130 83450000 		.word	17795
 143 0134 32450000 		.word	17714
 144 0138 E1440000 		.word	17633
 145 013c 92440000 		.word	17554
 146 0140 44440000 		.word	17476
 147 0144 F7430000 		.word	17399
 148 0148 AA430000 		.word	17322
 149 014c 5F430000 		.word	17247
 150 0150 15430000 		.word	17173
 151 0154 CC420000 		.word	17100
 152 0158 84420000 		.word	17028
 153 015c 3C420000 		.word	16956
 154 0160 F6410000 		.word	16886
 155 0164 B0410000 		.word	16816
 156 0168 6B410000 		.word	16747
 157 016c 27410000 		.word	16679
 158 0170 E4400000 		.word	16612
 159 0174 A2400000 		.word	16546
 160 0178 60400000 		.word	16480
 161 017c 20400000 		.word	16416
 162              		.section	.rodata._IQ29Asin_coeffs,"a"
 163              		.align	2
 166              	_IQ29Asin_coeffs:
 167 0000 A40F3000 		.word	3149732
 168 0004 B5045405 		.word	89392309
 169 0008 C2030000 		.word	962
 170 000c FCFFFF1F 		.word	536870908
 171 0010 00000000 		.word	0
 172 0014 DF5C9100 		.word	9526495
 173 0018 23D54705 		.word	88593699
 174 001c E09D0000 		.word	40416
 175 0020 74FCFF1F 		.word	536870004
ARM GAS  C:\Users\57308\AppData\Local\Temp\ccLvSu6e.s 			page 4


 176 0024 08000000 		.word	8
 177 0028 9442F600 		.word	16138900
 178 002c 978F2E05 		.word	86937495
 179 0030 6C050300 		.word	197996
 180 0034 19E2FF1F 		.word	536863257
 181 0038 76000000 		.word	118
 182 003c 33586101 		.word	23156787
 183 0040 8D540605 		.word	84300941
 184 0044 C2B80800 		.word	571586
 185 0048 AD85FF1F 		.word	536839597
 186 004c AB020000 		.word	683
 187 0050 7284D501 		.word	30770290
 188 0054 C223CC04 		.word	80487362
 189 0058 FEAF1300 		.word	1290238
 190 005c CF99FE1F 		.word	536779215
 191 0060 1F0A0000 		.word	2591
 192 0064 9E255602 		.word	39200158
 193 0068 3B9B7B04 		.word	75209531
 194 006c 73A22600 		.word	2531955
 195 0070 949DFC1F 		.word	536649108
 196 0074 221E0000 		.word	7714
 197 0078 BB44E702 		.word	48710843
 198 007c EE940E04 		.word	68064494
 199 0080 C7644500 		.word	4547783
 200 0084 CCC0F81F 		.word	536395980
 201 0088 C24C0000 		.word	19650
 202 008c CDD88D03 		.word	59627725
 203 0090 A7967C03 		.word	58496679
 204 0094 2C6D7500 		.word	7695660
 205 0098 DDB8F11F 		.word	535935197
 206 009c AAAF0000 		.word	44970
 207 00a0 AA1F5004 		.word	72359850
 208 00a4 7A01BA02 		.word	45744506
 209 00a8 AF91BE00 		.word	12489135
 210 00ac 257EE51F 		.word	535133733
 211 00b0 1D740100 		.word	95261
 212 00b4 281A3605 		.word	87431720
 213 00b8 9AE2B601 		.word	28762778
 214 00bc 511F2C01 		.word	19668817
 215 00c0 D9E4D01F 		.word	533783769
 216 00c4 2BE80200 		.word	190507
 217 00c8 89394A06 		.word	105527689
 218 00cc 97385D00 		.word	6109335
 219 00d0 F379CE01 		.word	30308851
 220 00d4 2DFCAE1F 		.word	531561517
 221 00d8 66900500 		.word	364646
 222 00dc F5579A07 		.word	127555573
 223 00e0 30648EFE 		.word	-24222672
 224 00e4 C691BD02 		.word	45978054
 225 00e8 2511781F 		.word	527962405
 226 00ec E34B0A00 		.word	674787
 227 00f0 5F233909 		.word	154739551
 228 00f4 0E521FFC 		.word	-65056242
 229 00f8 03AB1C04 		.word	68987651
 230 00fc F51A201F 		.word	522197749
 231 0100 38901200 		.word	1216568
 232 0104 AD3A400B 		.word	188758701
ARM GAS  C:\Users\57308\AppData\Local\Temp\ccLvSu6e.s 			page 5


 233 0108 5BA0D2F8 		.word	-120414117
 234 010c A0462006 		.word	102778528
 235 0110 9F2E941E 		.word	513027743
 236 0114 9CCE2000 		.word	2150044
 237 0118 BA61D30D 		.word	231956922
 238 011c 9E864FF4 		.word	-196114786
 239 0120 228D1709 		.word	152538402
 240 0124 574EB61D 		.word	498486871
 241 0128 93203900 		.word	3743891
 242 012c A97D2511 		.word	287669673
 243 0130 736513EE 		.word	-300718733
 244 0134 A29E7B0D 		.word	226205346
 245 0138 D864561C 		.word	475423960
 246 013c 9B736200 		.word	6452123
 247 0140 A97D2511 		.word	287669673
 248 0144 736513EE 		.word	-300718733
 249 0148 A29E7B0D 		.word	226205346
 250 014c D864561C 		.word	475423960
 251 0150 9B736200 		.word	6452123
 252              		.section	.rodata._IQ30exp_coeffs,"a"
 253              		.align	2
 256              	_IQ30exp_coeffs:
 257 0000 27010000 		.word	295
 258 0004 930B0000 		.word	2963
 259 0008 06680000 		.word	26630
 260 000c 34400300 		.word	213044
 261 0010 6CC11600 		.word	1491308
 262 0014 88888800 		.word	8947848
 263 0018 AAAAAA02 		.word	44739242
 264 001c AAAAAA0A 		.word	178956970
 265 0020 00000020 		.word	536870912
 266 0024 00000040 		.word	1073741824
 267 0028 00000040 		.word	1073741824
 268              		.section	.rodata._IQ30log_coeffs,"a"
 269              		.align	2
 272              	_IQ30log_coeffs:
 273 0000 DBB66DFB 		.word	-76695845
 274 0004 C44EEC04 		.word	82595524
 275 0008 ABAAAAFA 		.word	-89478485
 276 000c 5D74D105 		.word	97612893
 277 0010 9A9999F9 		.word	-107374182
 278 0014 C7711C07 		.word	119304647
 279 0018 000000F8 		.word	-134217728
 280 001c 49922409 		.word	153391689
 281 0020 565555F5 		.word	-178956970
 282 0024 CCCCCC0C 		.word	214748364
 283 0028 000000F0 		.word	-268435456
 284 002c 55555515 		.word	357913941
 285 0030 000000E0 		.word	-536870912
 286 0034 00000040 		.word	1073741824
 287 0038 00000000 		.word	0
 288              		.section	.rodata._IQ31CosLookup,"a"
 289              		.align	2
 292              	_IQ31CosLookup:
 293 0000 FFFFFF7F 		.word	2147483647
 294 0004 0500FC7F 		.word	2147221509
 295 0008 5500F07F 		.word	2146435157
ARM GAS  C:\Users\57308\AppData\Local\Temp\ccLvSu6e.s 			page 6


 296 000c B001DC7F 		.word	2145124784
 297 0010 5505C07F 		.word	2143290709
 298 0014 050D9C7F 		.word	2140933381
 299 0018 FE1A707F 		.word	2138053374
 300 001c 00323C7F 		.word	2134651392
 301 0020 4A55007F 		.word	2130728266
 302 0024 9988BC7E 		.word	2126284953
 303 0028 2AD0707E 		.word	2121322538
 304 002c B8301D7E 		.word	2115842232
 305 0030 7EAFC17D 		.word	2109845374
 306 0034 34525E7D 		.word	2103333428
 307 0038 0F1FF37C 		.word	2096307983
 308 003c C21C807C 		.word	2088770754
 309 0040 7E52057C 		.word	2080723582
 310 0044 EFC7827B 		.word	2072168431
 311 0048 3E85F87A 		.word	2063107390
 312 004c 0F93667A 		.word	2053542671
 313 0050 80FACC79 		.word	2043476608
 314 0054 2DC52B79 		.word	2032911661
 315 0058 27FD8278 		.word	2021850407
 316 005c FBACD277 		.word	2010295547
 317 0060 AEDF1A77 		.word	1998249902
 318 0064 BEA05B76 		.word	1985716414
 319 0068 1DFC9475 		.word	1972698141
 320 006c 36FEC674 		.word	1959198262
 321 0070 E9B3F173 		.word	1945220073
 322 0074 8B2A1573 		.word	1930766987
 323 0078 E36F3172 		.word	1915842531
 324 007c 2E924671 		.word	1900450350
 325 0080 19A05470 		.word	1884594201
 326 0084 C4A85B6F 		.word	1868277956
 327 0088 BDBB5B6E 		.word	1851505597
 328 008c 04E9546D 		.word	1834281220
 329 0090 0641476C 		.word	1816609030
 330 0094 9CD4326B 		.word	1798493340
 331 0098 0EB5176A 		.word	1779938574
 332 009c 0DF4F568 		.word	1760949261
 333 00a0 B6A3CD67 		.word	1741530038
 334 00a4 8ED69E66 		.word	1721685646
 335 00a8 809F6965 		.word	1701420928
 336 00ac E1112E64 		.word	1680740833
 337 00b0 6941EC62 		.word	1659650409
 338 00b4 3642A461 		.word	1638154806
 339 00b8 C6285660 		.word	1616259270
 340 00bc FC09025F 		.word	1593969148
 341 00c0 19FBA75D 		.word	1571289881
 342 00c4 BF11485C 		.word	1548227007
 343 00c8 EA63E25A 		.word	1524786154
 344 00cc F8077759 		.word	1500973048
 345              		.section	.rodata._IQ31SinLookup,"a"
 346              		.align	2
 349              	_IQ31SinLookup:
 350 0000 00000000 		.word	0
 351 0004 ABFAFF01 		.word	33553067
 352 0008 56D5FF03 		.word	67097942
 353 000c 0470FF05 		.word	100626436
 354 0010 BCAAFE07 		.word	134130364
ARM GAS  C:\Users\57308\AppData\Local\Temp\ccLvSu6e.s 			page 7


 355 0014 8965FD09 		.word	167601545
 356 0018 8280FB0B 		.word	201031810
 357 001c C3DBF80D 		.word	234412995
 358 0020 7757F50F 		.word	267736951
 359 0024 D8D3F011 		.word	300995544
 360 0028 2C31EB13 		.word	334180652
 361 002c D04FE415 		.word	367284176
 362 0030 3010DC17 		.word	400298032
 363 0034 D152D219 		.word	433214161
 364 0038 4FF8C61B 		.word	466024527
 365 003c 60E1B91D 		.word	498721120
 366 0040 D5EEAA1F 		.word	531295957
 367 0044 9E019A21 		.word	563741086
 368 0048 CAFA8623 		.word	596048586
 369 004c 88BB7125 		.word	628210568
 370 0050 2F255A27 		.word	660219183
 371 0054 36194029 		.word	692066614
 372 0058 3F79232B 		.word	723745087
 373 005c 1427042D 		.word	755246868
 374 0060 AB04E22E 		.word	786564267
 375 0064 25F4BC30 		.word	817689637
 376 0068 D4D79432 		.word	848615380
 377 006c 3A926934 		.word	879333946
 378 0070 0A063B36 		.word	909837834
 379 0074 2F160938 		.word	940119599
 380 0078 C8A5D339 		.word	970171848
 381 007c 2A989A3B 		.word	999987242
 382 0080 E9D05D3D 		.word	1029558505
 383 0084 CF331D3F 		.word	1058878415
 384 0088 E7A4D840 		.word	1087939815
 385 008c 7A089042 		.word	1116735610
 386 0090 13434344 		.word	1145258771
 387 0094 7D39F245 		.word	1173502333
 388 0098 C9D09C47 		.word	1201459401
 389 009c 4EEE4249 		.word	1229123150
 390 00a0 AA77E44A 		.word	1256486826
 391 00a4 C552814C 		.word	1283543749
 392 00a8 D165194E 		.word	1310287313
 393 00ac 4E97AC4F 		.word	1336710990
 394 00b0 07CE3A51 		.word	1362808327
 395 00b4 1BF1C352 		.word	1388572955
 396 00b8 F6E74754 		.word	1413998582
 397 00bc 5A9AC655 		.word	1439079002
 398 00c0 5BF03F57 		.word	1463808091
 399 00c4 65D2B358 		.word	1488179813
 400 00c8 3829225A 		.word	1512188216
 401 00cc F1DD8A5B 		.word	1535827441
 402              		.section	.rodata._IQ32atan_coeffs,"a"
 403              		.align	2
 406              	_IQ32atan_coeffs:
 407 0000 5CDC70F2 		.word	-227484580
 408 0004 D3DBFFFF 		.word	-9261
 409 0008 1561BE28 		.word	683565333
 410 000c 00000000 		.word	0
 411 0010 255799F2 		.word	-224831707
 412 0014 03C9FBFF 		.word	-276221
 413 0018 0685BE28 		.word	683574534
ARM GAS  C:\Users\57308\AppData\Local\Temp\ccLvSu6e.s 			page 8


 414 001c 94FFFFFF 		.word	-108
 415 0020 2F20E9F2 		.word	-219602897
 416 0024 1F8FECFF 		.word	-1274081
 417 0028 1E7FBF28 		.word	683638558
 418 002c 30FAFFFF 		.word	-1488
 419 0030 93EE5DF3 		.word	-211947885
 420 0034 DE75CBFF 		.word	-3443234
 421 0038 A7A2C228 		.word	683844263
 422 003c B1E0FFFF 		.word	-8015
 423 0040 F47BF4F3 		.word	-202081292
 424 0044 43C892FF 		.word	-7157693
 425 0048 9BC3C928 		.word	684311451
 426 004c 0294FFFF 		.word	-27646
 427 0050 9AAFA8F4 		.word	-190271590
 428 0054 5D1F3EFF 		.word	-12705955
 429 0058 9A0AD728 		.word	685181594
 430 005c 0FE2FEFF 		.word	-73201
 431 0060 3ED275F5 		.word	-176827842
 432 0064 0194CAFE 		.word	-20278271
 433 0068 E7C1EC28 		.word	686604775
 434 006c 6C85FDFF 		.word	-162452
 435 0070 81C656F6 		.word	-162085247
 436 0074 27D536FE 		.word	-29960921
 437 0078 94200D29 		.word	688726164
 438 007c CA27FBFF 		.word	-317494
 439 0080 1A4246F7 		.word	-146390502
 440 0084 582383FD 		.word	-41737384
 441 0088 F4183A29 		.word	691673332
 442 008c E066F7FF 		.word	-563488
 443 0090 F1033FF8 		.word	-130087951
 444 0094 E133B1FC 		.word	-55495711
 445 0098 8F2E7529 		.word	695545487
 446 009c 3EDBF1FF 		.word	-926914
 447 00a0 28043CF9 		.word	-113507288
 448 00a4 6900C4FB 		.word	-71040919
 449 00a8 AF56BF29 		.word	700405423
 450 00ac 2920EAFF 		.word	-1433559
 451 00b0 E79B38FA 		.word	-96953369
 452 00b4 8688BFFA 		.word	-88110970
 453 00b8 54E5182A 		.word	706274644
 454 00bc B9DBDFFF 		.word	-2106439
 455 00c0 91A330FB 		.word	-80698479
 456 00c4 658BA8F9 		.word	-106394779
 457 00c8 D486812A 		.word	713131732
 458 00cc 5AC6D2FF 		.word	-2963878
 459 00d0 1A8720FC 		.word	-64977126
 460 00d4 653F84F8 		.word	-125550747
 461 00d8 5545F82A 		.word	720913749
 462 00dc 09B1C2FF 		.word	-4017911
 463 00e0 DA5005FD 		.word	-49983270
 464 00e4 9C0C58F7 		.word	-145224548
 465 00e8 46987B2B 		.word	729520198
 466 00ec D489AFFF 		.word	-5273132
 467 00f0 D6ABDCFD 		.word	-35869738
 468 00f4 454E29F6 		.word	-165065147
 469 00f8 787B092C 		.word	738818936
 470 00fc 555E99FF 		.word	-6726059
ARM GAS  C:\Users\57308\AppData\Local\Temp\ccLvSu6e.s 			page 9


 471 0100 E5DEA4FE 		.word	-22749467
 472 0104 D51DFDF4 		.word	-184738347
 473 0108 2D8B9F2C 		.word	748653357
 474 010c 355C80FF 		.word	-8365003
 475 0110 48C25CFF 		.word	-10698168
 476 0114 2929D8F3 		.word	-203937495
 477 0118 79223B2D 		.word	758850169
 478 011c BDCF64FF 		.word	-10170435
 479 0120 45B10300 		.word	241989
 480 0124 5294BEF2 		.word	-222391214
 481 0128 B379D92D 		.word	769227187
 482 012c DB2047FF 		.word	-12115749
 483 0130 54799900 		.word	10058068
 484 0134 6AE6B3F1 		.word	-239868310
 485 0138 0BC3772E 		.word	779600651
 486 013c F0CE27FF 		.word	-14168336
 487 0140 28481E01 		.word	18761768
 488 0144 7200BBF0 		.word	-256180110
 489 0148 D143132F 		.word	789791697
 490 014c CA6B07FF 		.word	-16290870
 491 0150 B0999201 		.word	26384816
 492 0154 AC1CD6EF 		.word	-271180628
 493 0158 AA69A92F 		.word	799631786
 494 015c 3996E6FE 		.word	-18442695
 495 0160 DC26F701 		.word	32974556
 496 0164 C9D406EF 		.word	-284764983
 497 0168 20DB3730 		.word	808966944
 498 016c 92F4C5FE 		.word	-20581230
 499 0170 C8D54C02 		.word	38589896
 500 0174 2B2D4EEE 		.word	-296866517
 501 0178 9D83BC30 		.word	817660829
 502 017c 772FA6FE 		.word	-22663305
 503 0180 A5AB9402 		.word	43297701
 504 0184 A3A3ACED 		.word	-307453021
 505 0188 029B3531 		.word	825596674
 506 018c 0EED87FE 		.word	-24646386
 507 0190 8EC0CF02 		.word	47169678
 508 0194 4F4022ED 		.word	-316522417
 509 0198 51A9A131 		.word	832678225
 510 019c E2CC6BFE 		.word	-26489630
 511 01a0 5A35FF02 		.word	50279770
 512 01a4 46A7AEEC 		.word	-324098234
 513 01a8 0187FF31 		.word	838829825
 514 01ac 746452FE 		.word	-28154764
 515 01b0 572B2403 		.word	52702039
 516 01b4 482A51EC 		.word	-330225080
 517 01b8 985A4E32 		.word	843995800
 518 01bc 8F3C3CFE 		.word	-29606769
 519 01c0 C7BD3F03 		.word	54508999
 520 01c4 9AD908EC 		.word	-334964326
 521 01c8 30948D32 		.word	848139312
 522 01cc 54CF29FE 		.word	-30814380
 523 01d0 F8FC5203 		.word	55770360
 524 01d4 B193D4EB 		.word	-338390095
 525 01d8 7FE7BC32 		.word	851240831
 526 01dc F8861BFE 		.word	-31750408
 527 01e0 B4EA5E03 		.word	56552116
ARM GAS  C:\Users\57308\AppData\Local\Temp\ccLvSu6e.s 			page 10


 528 01e4 3513B3EB 		.word	-340585675
 529 01e8 E444DC32 		.word	853296356
 530 01ec 23BD11FE 		.word	-32391901
 531 01f0 E9776403 		.word	56915945
 532 01f4 5DFBA2EB 		.word	-341640355
 533 01f8 F0D1EB32 		.word	854315504
 534 01fc CABA0CFE 		.word	-32720182
 535 0200 E9776403 		.word	56915945
 536 0204 5DFBA2EB 		.word	-341640355
 537 0208 F0D1EB32 		.word	854315504
 538 020c CABA0CFE 		.word	-32720182
 539              		.section	.rodata._IQ6div_lookup,"a"
 540              		.align	2
 543              	_IQ6div_lookup:
 544 0000 7F7D7B79 		.ascii	"\177}{yxvtsqonmkjhgfecba`_^]\\[ZYXWVUTSRRQPONNMLLKJ"
 544      78767473 
 544      716F6E6D 
 544      6B6A6867 
 544      66656362 
 545 002f 49494848 		.ascii	"IIHHGFFEEDCCBBAA@@"
 545      47464645 
 545      45444343 
 545      42424141 
 545      4040
 546              		.section	.rodata._IQNexp_lookup1,"a"
 547              		.align	2
 550              	_IQNexp_lookup1:
 551 0000 04000000 		.word	4
 552 0004 0A000000 		.word	10
 553 0008 1D000000 		.word	29
 554 000c 50000000 		.word	80
 555 0010 DA000000 		.word	218
 556 0014 51020000 		.word	593
 557 0018 4D060000 		.word	1613
 558 001c 22110000 		.word	4386
 559 0020 932E0000 		.word	11923
 560 0024 9C7E0000 		.word	32412
 561 0028 29580100 		.word	88105
 562 002c 88A70300 		.word	239496
 563 0030 0BEF0900 		.word	651019
 564 0034 B5001B00 		.word	1769653
 565 0038 B1664900 		.word	4810417
 566 003c 6586C700 		.word	13076069
 567 0040 7A5D1E02 		.word	35544442
 568 0044 234DC205 		.word	96619811
 569 0048 0491A70F 		.word	262639876
 570 004c F3B18D2A 		.word	713929203
 571 0050 2D22AC73 		.word	1940660781
 572 0054 00000000 		.word	0
 573              		.section	.rodata._IQNexp_lookup10,"a"
 574              		.align	2
 577              	_IQNexp_lookup10:
 578 0000 05000000 		.word	5
 579 0004 0D000000 		.word	13
 580 0008 25000000 		.word	37
 581 000c 65000000 		.word	101
 582 0010 15010000 		.word	277
ARM GAS  C:\Users\57308\AppData\Local\Temp\ccLvSu6e.s 			page 11


 583 0014 F1020000 		.word	753
 584 0018 00080000 		.word	2048
 585 001c BF150000 		.word	5567
 586 0020 1C3B0000 		.word	15132
 587 0024 AFA00000 		.word	41135
 588 0028 C9B40100 		.word	111817
 589 002c 4EA30400 		.word	303950
 590 0030 6E9B0C00 		.word	826222
 591 0034 10452200 		.word	2245904
 592 0038 A9275D00 		.word	6105001
 593 003c AB38FD00 		.word	16595115
 594 0040 B953B002 		.word	45110201
 595 0044 22114F07 		.word	122622242
 596 0048 5416DE13 		.word	333321812
 597 004c 226B0136 		.word	906062626
 598 0050 4562CD92 		.word	-1832033723
 599 0054 00000000 		.word	0
 600              		.section	.rodata._IQNexp_lookup11,"a"
 601              		.align	2
 604              	_IQNexp_lookup11:
 605 0000 03000000 		.word	3
 606 0004 0A000000 		.word	10
 607 0008 1B000000 		.word	27
 608 000c 4B000000 		.word	75
 609 0010 CB000000 		.word	203
 610 0014 2A020000 		.word	554
 611 0018 E2050000 		.word	1506
 612 001c 00100000 		.word	4096
 613 0020 7E2B0000 		.word	11134
 614 0024 39760000 		.word	30265
 615 0028 5E410100 		.word	82270
 616 002c 92690300 		.word	223634
 617 0030 9C460900 		.word	607900
 618 0034 DC361900 		.word	1652444
 619 0038 218A4400 		.word	4491809
 620 003c 534FBA00 		.word	12210003
 621 0040 5771FA01 		.word	33190231
 622 0044 73A76005 		.word	90220403
 623 0048 44229E0E 		.word	245244484
 624 004c A92CBC27 		.word	666643625
 625 0050 45D6026C 		.word	1812125253
 626 0054 00000000 		.word	0
 627              		.section	.rodata._IQNexp_lookup12,"a"
 628              		.align	2
 631              	_IQNexp_lookup12:
 632 0000 02000000 		.word	2
 633 0004 07000000 		.word	7
 634 0008 14000000 		.word	20
 635 000c 37000000 		.word	55
 636 0010 96000000 		.word	150
 637 0014 97010000 		.word	407
 638 0018 54040000 		.word	1108
 639 001c C50B0000 		.word	3013
 640 0020 00200000 		.word	8192
 641 0024 FC560000 		.word	22268
 642 0028 73EC0000 		.word	60531
 643 002c BC820200 		.word	164540
ARM GAS  C:\Users\57308\AppData\Local\Temp\ccLvSu6e.s 			page 12


 644 0030 24D30600 		.word	447268
 645 0034 388D1200 		.word	1215800
 646 0038 B86D3200 		.word	3304888
 647 003c 42148900 		.word	8983618
 648 0040 A79E7401 		.word	24420007
 649 0044 AFE2F403 		.word	66380463
 650 0048 E74EC10A 		.word	180440807
 651 004c 88443C1D 		.word	490488968
 652 0050 5359784F 		.word	1333287251
 653 0054 8BAC05D8 		.word	-670716789
 654              		.section	.rodata._IQNexp_lookup13,"a"
 655              		.align	2
 658              	_IQNexp_lookup13:
 659 0000 02000000 		.word	2
 660 0004 05000000 		.word	5
 661 0008 0E000000 		.word	14
 662 000c 28000000 		.word	40
 663 0010 6E000000 		.word	110
 664 0014 2C010000 		.word	300
 665 0018 2F030000 		.word	815
 666 001c A9080000 		.word	2217
 667 0020 8B170000 		.word	6027
 668 0024 00400000 		.word	16384
 669 0028 F8AD0000 		.word	44536
 670 002c E6D80100 		.word	121062
 671 0030 79050500 		.word	329081
 672 0034 48A60D00 		.word	894536
 673 0038 711A2500 		.word	2431601
 674 003c 71DB6400 		.word	6609777
 675 0040 85281201 		.word	17967237
 676 0044 4F3DE902 		.word	48840015
 677 0048 5FC5E907 		.word	132760927
 678 004c CF9D8215 		.word	360881615
 679 0050 1189783A 		.word	980977937
 680 0054 A6B2F09E 		.word	-1628392794
 681              		.section	.rodata._IQNexp_lookup14,"a"
 682              		.align	2
 685              	_IQNexp_lookup14:
 686 0000 04000000 		.word	4
 687 0004 0A000000 		.word	10
 688 0008 1D000000 		.word	29
 689 000c 51000000 		.word	81
 690 0010 DC000000 		.word	220
 691 0014 58020000 		.word	600
 692 0018 5F060000 		.word	1631
 693 001c 52110000 		.word	4434
 694 0020 162F0000 		.word	12054
 695 0024 00800000 		.word	32768
 696 0028 F05B0100 		.word	89072
 697 002c CCB10300 		.word	242124
 698 0030 F20A0A00 		.word	658162
 699 0034 904C1B00 		.word	1789072
 700 0038 E2344A00 		.word	4863202
 701 003c E2B6C900 		.word	13219554
 702 0040 0B512402 		.word	35934475
 703 0044 9F7AD205 		.word	97680031
 704 0048 BE8AD30F 		.word	265521854
ARM GAS  C:\Users\57308\AppData\Local\Temp\ccLvSu6e.s 			page 13


 705 004c 9F3B052B 		.word	721763231
 706 0050 2312F174 		.word	1961955875
 707 0054 00000000 		.word	0
 708              		.section	.rodata._IQNexp_lookup15,"a"
 709              		.align	2
 712              	_IQNexp_lookup15:
 713 0000 02000000 		.word	2
 714 0004 08000000 		.word	8
 715 0008 15000000 		.word	21
 716 000c 3B000000 		.word	59
 717 0010 A2000000 		.word	162
 718 0014 B9010000 		.word	441
 719 0018 B0040000 		.word	1200
 720 001c BE0C0000 		.word	3262
 721 0020 A5220000 		.word	8869
 722 0024 2D5E0000 		.word	24109
 723 0028 00000100 		.word	65536
 724 002c E1B70200 		.word	178145
 725 0030 99630700 		.word	484249
 726 0034 E5151400 		.word	1316325
 727 0038 20993600 		.word	3578144
 728 003c C4699400 		.word	9726404
 729 0040 C56D9301 		.word	26439109
 730 0044 16A24804 		.word	71868950
 731 0048 3EF5A40B 		.word	195360062
 732 004c 7C15A71F 		.word	531043708
 733 0050 3E770A56 		.word	1443526462
 734 0054 4724E2E9 		.word	-371055545
 735              		.section	.rodata._IQNexp_lookup16,"a"
 736              		.align	2
 739              	_IQNexp_lookup16:
 740 0000 02000000 		.word	2
 741 0004 05000000 		.word	5
 742 0008 10000000 		.word	16
 743 000c 2B000000 		.word	43
 744 0010 77000000 		.word	119
 745 0014 44010000 		.word	324
 746 0018 73030000 		.word	883
 747 001c 60090000 		.word	2400
 748 0020 7D190000 		.word	6525
 749 0024 4A450000 		.word	17738
 750 0028 5ABC0000 		.word	48218
 751 002c 00000200 		.word	131072
 752 0030 C26F0500 		.word	356290
 753 0034 32C70E00 		.word	968498
 754 0038 CB2B2800 		.word	2632651
 755 003c 40326D00 		.word	7156288
 756 0040 89D32801 		.word	19452809
 757 0044 8ADB2603 		.word	52878218
 758 0048 2D449108 		.word	143737901
 759 004c 7DEA4917 		.word	390720125
 760 0050 F82A4E3F 		.word	1062087416
 761 0054 7CEE14AC 		.word	-1407914372
 762              		.section	.rodata._IQNexp_lookup17,"a"
 763              		.align	2
 766              	_IQNexp_lookup17:
 767 0000 04000000 		.word	4
ARM GAS  C:\Users\57308\AppData\Local\Temp\ccLvSu6e.s 			page 14


 768 0004 0B000000 		.word	11
 769 0008 20000000 		.word	32
 770 000c 57000000 		.word	87
 771 0010 EF000000 		.word	239
 772 0014 89020000 		.word	649
 773 0018 E6060000 		.word	1766
 774 001c C1120000 		.word	4801
 775 0020 FB320000 		.word	13051
 776 0024 958A0000 		.word	35477
 777 0028 B5780100 		.word	96437
 778 002c 00000400 		.word	262144
 779 0030 85DF0A00 		.word	712581
 780 0034 648E1D00 		.word	1936996
 781 0038 96575000 		.word	5265302
 782 003c 8164DA00 		.word	14312577
 783 0040 13A75102 		.word	38905619
 784 0044 15B74D06 		.word	105756437
 785 0048 5A882211 		.word	287475802
 786 004c FAD4932E 		.word	781440250
 787 0050 F1559C7E 		.word	2124174833
 788 0054 00000000 		.word	0
 789              		.section	.rodata._IQNexp_lookup18,"a"
 790              		.align	2
 793              	_IQNexp_lookup18:
 794 0000 03000000 		.word	3
 795 0004 08000000 		.word	8
 796 0008 17000000 		.word	23
 797 000c 40000000 		.word	64
 798 0010 AF000000 		.word	175
 799 0014 DE010000 		.word	478
 800 0018 13050000 		.word	1299
 801 001c CC0D0000 		.word	3532
 802 0020 82250000 		.word	9602
 803 0024 F6650000 		.word	26102
 804 0028 2A150100 		.word	70954
 805 002c 6AF10200 		.word	192874
 806 0030 00000800 		.word	524288
 807 0034 0ABF1500 		.word	1425162
 808 0038 C91C3B00 		.word	3873993
 809 003c 2DAFA000 		.word	10530605
 810 0040 02C9B401 		.word	28625154
 811 0044 264EA304 		.word	77811238
 812 0048 2B6E9B0C 		.word	211512875
 813 004c B5104522 		.word	574951605
 814 0050 F5A9275D 		.word	1562880501
 815 0054 E2AB38FD 		.word	-46617630
 816              		.section	.rodata._IQNexp_lookup19,"a"
 817              		.align	2
 820              	_IQNexp_lookup19:
 821 0000 02000000 		.word	2
 822 0004 06000000 		.word	6
 823 0008 11000000 		.word	17
 824 000c 2F000000 		.word	47
 825 0010 81000000 		.word	129
 826 0014 5F010000 		.word	351
 827 0018 BC030000 		.word	956
 828 001c 270A0000 		.word	2599
ARM GAS  C:\Users\57308\AppData\Local\Temp\ccLvSu6e.s 			page 15


 829 0020 991B0000 		.word	7065
 830 0024 054B0000 		.word	19205
 831 0028 EDCB0000 		.word	52205
 832 002c 552A0200 		.word	141909
 833 0030 D5E20500 		.word	385749
 834 0034 00001000 		.word	1048576
 835 0038 157E2B00 		.word	2850325
 836 003c 92397600 		.word	7747986
 837 0040 5B5E4101 		.word	21061211
 838 0044 05926903 		.word	57250309
 839 0048 4C9C4609 		.word	155622476
 840 004c 56DC3619 		.word	423025750
 841 0050 6A218A44 		.word	1149903210
 842 0054 EA534FBA 		.word	-1169206294
 843              		.section	.rodata._IQNexp_lookup2,"a"
 844              		.align	2
 847              	_IQNexp_lookup2:
 848 0000 02000000 		.word	2
 849 0004 08000000 		.word	8
 850 0008 15000000 		.word	21
 851 000c 3B000000 		.word	59
 852 0010 A0000000 		.word	160
 853 0014 B4010000 		.word	436
 854 0018 A3040000 		.word	1187
 855 001c 9B0C0000 		.word	3227
 856 0020 45220000 		.word	8773
 857 0024 275D0000 		.word	23847
 858 0028 38FD0000 		.word	64824
 859 002c 53B00200 		.word	176211
 860 0030 114F0700 		.word	478993
 861 0034 16DE1300 		.word	1302038
 862 0038 6B013600 		.word	3539307
 863 003c 62CD9200 		.word	9620834
 864 0040 CA0C8F01 		.word	26152138
 865 0044 F4BA3C04 		.word	71088884
 866 0048 469A840B 		.word	193239622
 867 004c 09224F1F 		.word	525279753
 868 0050 E7631B55 		.word	1427858407
 869 0054 5B4458E7 		.word	-413645733
 870              		.section	.rodata._IQNexp_lookup20,"a"
 871              		.align	2
 874              	_IQNexp_lookup20:
 875 0000 04000000 		.word	4
 876 0004 0C000000 		.word	12
 877 0008 23000000 		.word	35
 878 000c 5F000000 		.word	95
 879 0010 02010000 		.word	258
 880 0014 BF020000 		.word	703
 881 0018 78070000 		.word	1912
 882 001c 4E140000 		.word	5198
 883 0020 32370000 		.word	14130
 884 0024 0A960000 		.word	38410
 885 0028 DB970100 		.word	104411
 886 002c AA540400 		.word	283818
 887 0030 ABC50B00 		.word	771499
 888 0034 00002000 		.word	2097152
 889 0038 2AFC5600 		.word	5700650
ARM GAS  C:\Users\57308\AppData\Local\Temp\ccLvSu6e.s 			page 16


 890 003c 2573EC00 		.word	15495973
 891 0040 B7BC8202 		.word	42122423
 892 0044 0B24D306 		.word	114500619
 893 0048 99388D12 		.word	311244953
 894 004c ADB86D32 		.word	846051501
 895 0050 D5421489 		.word	-1995160875
 896 0054 00000000 		.word	0
 897              		.section	.rodata._IQNexp_lookup21,"a"
 898              		.align	2
 901              	_IQNexp_lookup21:
 902 0000 03000000 		.word	3
 903 0004 09000000 		.word	9
 904 0008 19000000 		.word	25
 905 000c 46000000 		.word	70
 906 0010 BE000000 		.word	190
 907 0014 05020000 		.word	517
 908 0018 7F050000 		.word	1407
 909 001c F00E0000 		.word	3824
 910 0020 9C280000 		.word	10396
 911 0024 646E0000 		.word	28260
 912 0028 152C0100 		.word	76821
 913 002c B62F0300 		.word	208822
 914 0030 55A90800 		.word	567637
 915 0034 568B1700 		.word	1542998
 916 0038 00004000 		.word	4194304
 917 003c 54F8AD00 		.word	11401300
 918 0040 4BE6D801 		.word	30991947
 919 0044 6F790505 		.word	84244847
 920 0048 1748A60D 		.word	229001239
 921 004c 32711A25 		.word	622489906
 922 0050 5A71DB64 		.word	1692103002
 923 0054 00000000 		.word	0
 924              		.section	.rodata._IQNexp_lookup22,"a"
 925              		.align	2
 928              	_IQNexp_lookup22:
 929 0000 02000000 		.word	2
 930 0004 06000000 		.word	6
 931 0008 12000000 		.word	18
 932 000c 33000000 		.word	51
 933 0010 8C000000 		.word	140
 934 0014 7C010000 		.word	380
 935 0018 0B040000 		.word	1035
 936 001c FE0A0000 		.word	2814
 937 0020 E11D0000 		.word	7649
 938 0024 39510000 		.word	20793
 939 0028 C9DC0000 		.word	56521
 940 002c 2A580200 		.word	153642
 941 0030 6C5F0600 		.word	417644
 942 0034 AA521100 		.word	1135274
 943 0038 AC162F00 		.word	3085996
 944 003c 00008000 		.word	8388608
 945 0040 A8F05B01 		.word	22802600
 946 0044 97CCB103 		.word	61983895
 947 0048 DFF20A0A 		.word	168489695
 948 004c 2E904C1B 		.word	458002478
 949 0050 65E2344A 		.word	1244979813
 950 0054 B4E2B6C9 		.word	-910761292
ARM GAS  C:\Users\57308\AppData\Local\Temp\ccLvSu6e.s 			page 17


 951              		.section	.rodata._IQNexp_lookup23,"a"
 952              		.align	2
 955              	_IQNexp_lookup23:
 956 0000 05000000 		.word	5
 957 0004 0D000000 		.word	13
 958 0008 25000000 		.word	37
 959 000c 67000000 		.word	103
 960 0010 18010000 		.word	280
 961 0014 F9020000 		.word	761
 962 0018 16080000 		.word	2070
 963 001c FC150000 		.word	5628
 964 0020 C23B0000 		.word	15298
 965 0024 72A20000 		.word	41586
 966 0028 93B90100 		.word	113043
 967 002c 55B00400 		.word	307285
 968 0030 D8BE0C00 		.word	835288
 969 0034 55A52200 		.word	2270549
 970 0038 582D5E00 		.word	6171992
 971 003c 00000001 		.word	16777216
 972 0040 51E1B702 		.word	45605201
 973 0044 2E996307 		.word	123967790
 974 0048 BFE51514 		.word	336979391
 975 004c 5C209936 		.word	916004956
 976 0050 CBC46994 		.word	-1805007669
 977 0054 00000000 		.word	0
 978              		.section	.rodata._IQNexp_lookup24,"a"
 979              		.align	2
 982              	_IQNexp_lookup24:
 983 0000 03000000 		.word	3
 984 0004 0A000000 		.word	10
 985 0008 1B000000 		.word	27
 986 000c 4B000000 		.word	75
 987 0010 CE000000 		.word	206
 988 0014 30020000 		.word	560
 989 0018 F3050000 		.word	1523
 990 001c 2C100000 		.word	4140
 991 0020 F82B0000 		.word	11256
 992 0024 85770000 		.word	30597
 993 0028 E5440100 		.word	83173
 994 002c 27730300 		.word	226087
 995 0030 AA600900 		.word	614570
 996 0034 B07D1900 		.word	1670576
 997 0038 AA4A4500 		.word	4541098
 998 003c B15ABC00 		.word	12343985
 999 0040 00000002 		.word	33554432
 1000 0044 A2C26F05 		.word	91210402
 1001 0048 5C32C70E 		.word	247935580
 1002 004c 7ECB2B28 		.word	673958782
 1003 0050 B840326D 		.word	1832009912
 1004 0054 00000000 		.word	0
 1005              		.section	.rodata._IQNexp_lookup25,"a"
 1006              		.align	2
 1009              	_IQNexp_lookup25:
 1010 0000 02000000 		.word	2
 1011 0004 07000000 		.word	7
 1012 0008 14000000 		.word	20
 1013 000c 37000000 		.word	55
ARM GAS  C:\Users\57308\AppData\Local\Temp\ccLvSu6e.s 			page 18


 1014 0010 97000000 		.word	151
 1015 0014 9C010000 		.word	412
 1016 0018 60040000 		.word	1120
 1017 001c E60B0000 		.word	3046
 1018 0020 59200000 		.word	8281
 1019 0024 F0570000 		.word	22512
 1020 0028 0BEF0000 		.word	61195
 1021 002c CA890200 		.word	166346
 1022 0030 4FE60600 		.word	452175
 1023 0034 55C11200 		.word	1229141
 1024 0038 61FB3200 		.word	3341153
 1025 003c 55958A00 		.word	9082197
 1026 0040 63B57801 		.word	24687971
 1027 0044 00000004 		.word	67108864
 1028 0048 4585DF0A 		.word	182420805
 1029 004c B8648E1D 		.word	495871160
 1030 0050 FD965750 		.word	1347917565
 1031 0054 718164DA 		.word	-630947471
 1032              		.section	.rodata._IQNexp_lookup26,"a"
 1033              		.align	2
 1036              	_IQNexp_lookup26:
 1037 0000 02000000 		.word	2
 1038 0004 05000000 		.word	5
 1039 0008 0F000000 		.word	15
 1040 000c 29000000 		.word	41
 1041 0010 6F000000 		.word	111
 1042 0014 2F010000 		.word	303
 1043 0018 38030000 		.word	824
 1044 001c C1080000 		.word	2241
 1045 0020 CD170000 		.word	6093
 1046 0024 B3400000 		.word	16563
 1047 0028 E1AF0000 		.word	45025
 1048 002c 16DE0100 		.word	122390
 1049 0030 94130500 		.word	332692
 1050 0034 9FCC0D00 		.word	904351
 1051 0038 AB822500 		.word	2458283
 1052 003c C3F66500 		.word	6682307
 1053 0040 AA2A1501 		.word	18164394
 1054 0044 C66AF102 		.word	49375942
 1055 0048 00000008 		.word	134217728
 1056 004c 8B0ABF15 		.word	364841611
 1057 0050 71C91C3B 		.word	991742321
 1058 0054 FB2DAFA0 		.word	-1599132165
 1059              		.section	.rodata._IQNexp_lookup27,"a"
 1060              		.align	2
 1063              	_IQNexp_lookup27:
 1064 0000 04000000 		.word	4
 1065 0004 0B000000 		.word	11
 1066 0008 1E000000 		.word	30
 1067 000c 52000000 		.word	82
 1068 0010 DF000000 		.word	223
 1069 0014 5E020000 		.word	606
 1070 0018 71060000 		.word	1649
 1071 001c 83110000 		.word	4483
 1072 0020 9A2F0000 		.word	12186
 1073 0024 67810000 		.word	33127
 1074 0028 C25F0100 		.word	90050
ARM GAS  C:\Users\57308\AppData\Local\Temp\ccLvSu6e.s 			page 19


 1075 002c 2DBC0300 		.word	244781
 1076 0030 28270A00 		.word	665384
 1077 0034 3F991B00 		.word	1808703
 1078 0038 56054B00 		.word	4916566
 1079 003c 86EDCB00 		.word	13364614
 1080 0040 54552A02 		.word	36328788
 1081 0044 8DD5E205 		.word	98751885
 1082 0048 00000010 		.word	268435456
 1083 004c 16157E2B 		.word	729683222
 1084 0050 E3923976 		.word	1983484643
 1085 0054 00000000 		.word	0
 1086              		.section	.rodata._IQNexp_lookup28,"a"
 1087              		.align	2
 1090              	_IQNexp_lookup28:
 1091 0000 03000000 		.word	3
 1092 0004 08000000 		.word	8
 1093 0008 16000000 		.word	22
 1094 000c 3C000000 		.word	60
 1095 0010 A4000000 		.word	164
 1096 0014 BE010000 		.word	446
 1097 0018 BD040000 		.word	1213
 1098 001c E20C0000 		.word	3298
 1099 0020 06230000 		.word	8966
 1100 0024 355F0000 		.word	24373
 1101 0028 CF020100 		.word	66255
 1102 002c 84BF0200 		.word	180100
 1103 0030 5A780700 		.word	489562
 1104 0034 514E1400 		.word	1330769
 1105 0038 7F323700 		.word	3617407
 1106 003c AD0A9600 		.word	9833133
 1107 0040 0CDB9701 		.word	26729228
 1108 0044 A8AA5404 		.word	72657576
 1109 0048 1BABC50B 		.word	197503771
 1110 004c 00000020 		.word	536870912
 1111 0050 2C2AFC56 		.word	1459366444
 1112 0054 C62573EC 		.word	-327998010
 1113              		.section	.rodata._IQNexp_lookup29,"a"
 1114              		.align	2
 1117              	_IQNexp_lookup29:
 1118 0000 02000000 		.word	2
 1119 0004 06000000 		.word	6
 1120 0008 10000000 		.word	16
 1121 000c 2C000000 		.word	44
 1122 0010 78000000 		.word	120
 1123 0014 48010000 		.word	328
 1124 0018 7C030000 		.word	892
 1125 001c 7B090000 		.word	2427
 1126 0020 C5190000 		.word	6597
 1127 0024 0D460000 		.word	17933
 1128 0028 6BBE0000 		.word	48747
 1129 002c 9E050200 		.word	132510
 1130 0030 087F0500 		.word	360200
 1131 0034 B5F00E00 		.word	979125
 1132 0038 A39C2800 		.word	2661539
 1133 003c FF646E00 		.word	7234815
 1134 0040 5B152C01 		.word	19666267
 1135 0044 19B62F03 		.word	53458457
ARM GAS  C:\Users\57308\AppData\Local\Temp\ccLvSu6e.s 			page 20


 1136 0048 5155A908 		.word	145315153
 1137 004c 36568B17 		.word	395007542
 1138 0050 00000040 		.word	1073741824
 1139 0054 5854F8AD 		.word	-1376234408
 1140              		.section	.rodata._IQNexp_lookup3,"a"
 1141              		.align	2
 1144              	_IQNexp_lookup3:
 1145 0000 02000000 		.word	2
 1146 0004 05000000 		.word	5
 1147 0008 10000000 		.word	16
 1148 000c 2B000000 		.word	43
 1149 0010 76000000 		.word	118
 1150 0014 41010000 		.word	321
 1151 0018 69030000 		.word	873
 1152 001c 46090000 		.word	2374
 1153 0020 36190000 		.word	6454
 1154 0024 8A440000 		.word	17546
 1155 0028 4FBA0000 		.word	47695
 1156 002c 71FA0100 		.word	129649
 1157 0030 A7600500 		.word	352423
 1158 0034 229E0E00 		.word	957986
 1159 0038 2CBC2700 		.word	2604076
 1160 003c D6026C00 		.word	7078614
 1161 0040 C49A2501 		.word	19241668
 1162 0044 95191E03 		.word	52304277
 1163 0048 E8757908 		.word	142177768
 1164 004c 8C340917 		.word	386479244
 1165 0050 12449E3E 		.word	1050559506
 1166 0054 CFC736AA 		.word	-1439250481
 1167              		.section	.rodata._IQNexp_lookup30,"a"
 1168              		.align	2
 1171              	_IQNexp_lookup30:
 1172 0000 04000000 		.word	4
 1173 0004 0C000000 		.word	12
 1174 0008 20000000 		.word	32
 1175 000c 58000000 		.word	88
 1176 0010 F1000000 		.word	241
 1177 0014 90020000 		.word	656
 1178 0018 F9060000 		.word	1785
 1179 001c F6120000 		.word	4854
 1180 0020 8A330000 		.word	13194
 1181 0024 1A8C0000 		.word	35866
 1182 0028 D77C0100 		.word	97495
 1183 002c 3C0B0400 		.word	265020
 1184 0030 10FE0A00 		.word	720400
 1185 0034 6BE11D00 		.word	1958251
 1186 0038 47395100 		.word	5323079
 1187 003c FFC9DC00 		.word	14469631
 1188 0040 B72A5802 		.word	39332535
 1189 0044 336C5F06 		.word	106916915
 1190 0048 A3AA5211 		.word	290630307
 1191 004c 6CAC162F 		.word	790015084
 1192 0050 00000080 		.word	-2147483648
 1193 0054 00000000 		.word	0
 1194              		.section	.rodata._IQNexp_lookup4,"a"
 1195              		.align	2
 1198              	_IQNexp_lookup4:
ARM GAS  C:\Users\57308\AppData\Local\Temp\ccLvSu6e.s 			page 21


 1199 0000 04000000 		.word	4
 1200 0004 0B000000 		.word	11
 1201 0008 20000000 		.word	32
 1202 000c 56000000 		.word	86
 1203 0010 EC000000 		.word	236
 1204 0014 82020000 		.word	642
 1205 0018 D3060000 		.word	1747
 1206 001c 8D120000 		.word	4749
 1207 0020 6D320000 		.word	12909
 1208 0024 14890000 		.word	35092
 1209 0028 9E740100 		.word	95390
 1210 002c E2F40300 		.word	259298
 1211 0030 4EC10A00 		.word	704846
 1212 0034 443C1D00 		.word	1915972
 1213 0038 59784F00 		.word	5208153
 1214 003c AC05D800 		.word	14157228
 1215 0040 89354B02 		.word	38483337
 1216 0044 2B333C06 		.word	104608555
 1217 0048 D0EBF210 		.word	284355536
 1218 004c 1869122E 		.word	772958488
 1219 0050 24883C7D 		.word	2101119012
 1220 0054 00000000 		.word	0
 1221              		.section	.rodata._IQNexp_lookup5,"a"
 1222              		.align	2
 1225              	_IQNexp_lookup5:
 1226 0000 03000000 		.word	3
 1227 0004 08000000 		.word	8
 1228 0008 17000000 		.word	23
 1229 000c 40000000 		.word	64
 1230 0010 AD000000 		.word	173
 1231 0014 D8010000 		.word	472
 1232 0018 05050000 		.word	1285
 1233 001c A60D0000 		.word	3494
 1234 0020 1A250000 		.word	9498
 1235 0024 DB640000 		.word	25819
 1236 0028 28120100 		.word	70184
 1237 002c 3DE90200 		.word	190781
 1238 0030 C5E90700 		.word	518597
 1239 0034 9D821500 		.word	1409693
 1240 0038 89783A00 		.word	3831945
 1241 003c B2F09E00 		.word	10416306
 1242 0040 590BB001 		.word	28314457
 1243 0044 126B9604 		.word	76966674
 1244 0048 5766780C 		.word	209217111
 1245 004c A1D7E521 		.word	568711073
 1246 0050 30D2245C 		.word	1545916976
 1247 0054 481079FA 		.word	-92729272
 1248              		.section	.rodata._IQNexp_lookup6,"a"
 1249              		.align	2
 1252              	_IQNexp_lookup6:
 1253 0000 02000000 		.word	2
 1254 0004 06000000 		.word	6
 1255 0008 11000000 		.word	17
 1256 000c 2F000000 		.word	47
 1257 0010 80000000 		.word	128
 1258 0014 5B010000 		.word	347
 1259 0018 B1030000 		.word	945
ARM GAS  C:\Users\57308\AppData\Local\Temp\ccLvSu6e.s 			page 22


 1260 001c 0A0A0000 		.word	2570
 1261 0020 4C1B0000 		.word	6988
 1262 0024 344A0000 		.word	18996
 1263 0028 B6C90000 		.word	51638
 1264 002c 51240200 		.word	140369
 1265 0030 7AD20500 		.word	381562
 1266 0034 8AD30F00 		.word	1037194
 1267 0038 3B052B00 		.word	2819387
 1268 003c 12F17400 		.word	7663890
 1269 0040 65E13D01 		.word	20832613
 1270 0044 B2166003 		.word	56628914
 1271 0048 24D62C09 		.word	153933348
 1272 004c AFCCF018 		.word	418434223
 1273 0050 42AFCB43 		.word	1137422146
 1274 0054 60A449B8 		.word	-1203133344
 1275              		.section	.rodata._IQNexp_lookup7,"a"
 1276              		.align	2
 1279              	_IQNexp_lookup7:
 1280 0000 04000000 		.word	4
 1281 0004 0C000000 		.word	12
 1282 0008 22000000 		.word	34
 1283 000c 5E000000 		.word	94
 1284 0010 00010000 		.word	256
 1285 0014 B7020000 		.word	695
 1286 0018 63070000 		.word	1891
 1287 001c 15140000 		.word	5141
 1288 0020 99360000 		.word	13977
 1289 0024 69940000 		.word	37993
 1290 0028 6D930100 		.word	103277
 1291 002c A2480400 		.word	280738
 1292 0030 F5A40B00 		.word	763125
 1293 0034 15A71F00 		.word	2074389
 1294 0038 770A5600 		.word	5638775
 1295 003c 24E2E900 		.word	15327780
 1296 0040 CAC27B02 		.word	41665226
 1297 0044 642DC006 		.word	113257828
 1298 0048 48AC5912 		.word	307866696
 1299 004c 5F99E131 		.word	836868447
 1300 0050 855E9787 		.word	-2020123003
 1301 0054 00000000 		.word	0
 1302              		.section	.rodata._IQNexp_lookup8,"a"
 1303              		.align	2
 1306              	_IQNexp_lookup8:
 1307 0000 03000000 		.word	3
 1308 0004 09000000 		.word	9
 1309 0008 19000000 		.word	25
 1310 000c 45000000 		.word	69
 1311 0010 BC000000 		.word	188
 1312 0014 00020000 		.word	512
 1313 0018 6F050000 		.word	1391
 1314 001c C70E0000 		.word	3783
 1315 0020 2B280000 		.word	10283
 1316 0024 326D0000 		.word	27954
 1317 0028 D3280100 		.word	75987
 1318 002c DB260300 		.word	206555
 1319 0030 44910800 		.word	561476
 1320 0034 EA491700 		.word	1526250
ARM GAS  C:\Users\57308\AppData\Local\Temp\ccLvSu6e.s 			page 23


 1321 0038 2A4E3F00 		.word	4148778
 1322 003c EE14AC00 		.word	11277550
 1323 0040 48C4D301 		.word	30655560
 1324 0044 9585F704 		.word	83330453
 1325 0048 C85A800D 		.word	226515656
 1326 004c 9158B324 		.word	615733393
 1327 0050 BE32C363 		.word	1673736894
 1328 0054 00000000 		.word	0
 1329              		.section	.rodata._IQNexp_lookup9,"a"
 1330              		.align	2
 1333              	_IQNexp_lookup9:
 1334 0000 02000000 		.word	2
 1335 0004 06000000 		.word	6
 1336 0008 12000000 		.word	18
 1337 000c 32000000 		.word	50
 1338 0010 8A000000 		.word	138
 1339 0014 78010000 		.word	376
 1340 0018 00040000 		.word	1024
 1341 001c DF0A0000 		.word	2783
 1342 0020 8E1D0000 		.word	7566
 1343 0024 57500000 		.word	20567
 1344 0028 64DA0000 		.word	55908
 1345 002c A7510200 		.word	151975
 1346 0030 B74D0600 		.word	413111
 1347 0034 88221100 		.word	1122952
 1348 0038 D4932E00 		.word	3052500
 1349 003c 559C7E00 		.word	8297557
 1350 0040 DC295801 		.word	22555100
 1351 0044 9188A703 		.word	61311121
 1352 0048 2A0BEF09 		.word	166660906
 1353 004c 91B5001B 		.word	453031313
 1354 0050 22B16649 		.word	1231466786
 1355 0054 7D6586C7 		.word	-947493507
 1356              		.section	.rodata._IQNexp_max,"a"
 1357              		.align	2
 1360              	_IQNexp_max:
 1361 0000 29000000 		.word	41
 1362 0004 50000000 		.word	80
 1363 0008 9B000000 		.word	155
 1364 000c 2B010000 		.word	299
 1365 0010 40020000 		.word	576
 1366 0014 55040000 		.word	1109
 1367 0018 51080000 		.word	2129
 1368 001c F10F0000 		.word	4081
 1369 0020 7F1E0000 		.word	7807
 1370 0024 393A0000 		.word	14905
 1371 0028 E76E0000 		.word	28391
 1372 002c B7D20000 		.word	53943
 1373 0030 408F0100 		.word	102208
 1374 0034 24F20200 		.word	193060
 1375 0038 908B0500 		.word	363408
 1376 003c AF650A00 		.word	681391
 1377 0040 7A681300 		.word	1271930
 1378 0044 2C0B2400 		.word	2362156
 1379 0048 C88A4200 		.word	4360904
 1380 004c 70FE7900 		.word	7994992
 1381 0050 9DCEDD00 		.word	14536349
ARM GAS  C:\Users\57308\AppData\Local\Temp\ccLvSu6e.s 			page 24


 1382 0054 B5408F01 		.word	26165429
 1383 0058 5FC8C502 		.word	46516319
 1384 005c A71EDA04 		.word	81403559
 1385 0060 1F595108 		.word	139548959
 1386 0064 DFE9DC0D 		.word	232581599
 1387 0068 FE422E16 		.word	372130558
 1388 006c 7E644521 		.word	558195838
 1389 0070 FD855C2C 		.word	744261117
 1390 0074 FD855C2C 		.word	744261117
 1391              		.section	.rodata._IQNexp_min,"a"
 1392              		.align	2
 1395              	_IQNexp_min:
 1396 0000 FFFFFFFF 		.word	-1
 1397 0004 FBFFFFFF 		.word	-5
 1398 0008 F0FFFFFF 		.word	-16
 1399 000c D4FFFFFF 		.word	-44
 1400 0010 92FFFFFF 		.word	-110
 1401 0014 F6FEFFFF 		.word	-266
 1402 0018 93FDFFFF 		.word	-621
 1403 001c 75FAFFFF 		.word	-1419
 1404 0020 86F3FFFF 		.word	-3194
 1405 0024 47E4FFFF 		.word	-7097
 1406 0028 01C3FFFF 		.word	-15615
 1407 002c EB7AFFFF 		.word	-34069
 1408 0030 A7DFFEFF 		.word	-73817
 1409 0034 F192FDFF 		.word	-158991
 1410 0038 29CDFAFF 		.word	-340695
 1411 003c DFE8F4FF 		.word	-726817
 1412 0040 D96EE8FF 		.word	-1544487
 1413 0044 EA17CEFF 		.word	-3270678
 1414 0048 42A496FF 		.word	-6904766
 1415 004c 633122FF 		.word	-14536349
 1416 0050 82342EFE 		.word	-30526334
 1417 0054 7D0C30FC 		.word	-63959939
 1418 0058 ED5F07F8 		.word	-133734419
 1419 005c C14D5DEF 		.word	-279097919
 1420 0060 52B757DD 		.word	-581453998
 1421 0064 44A6E9B7 		.word	-1209424316
 1422 0068 00000080 		.word	-2147483648
 1423 006c 00000080 		.word	-2147483648
 1424 0070 00000080 		.word	-2147483648
 1425 0074 00000080 		.word	-2147483648
 1426              		.section	.rodata._IQNexp_offset,"a"
 1427              		.align	2
 1430              	_IQNexp_offset:
 1431 0000 00000000 		.word	0
 1432 0004 01000000 		.word	1
 1433 0008 02000000 		.word	2
 1434 000c 02000000 		.word	2
 1435 0010 03000000 		.word	3
 1436 0014 04000000 		.word	4
 1437 0018 04000000 		.word	4
 1438 001c 05000000 		.word	5
 1439 0020 06000000 		.word	6
 1440 0024 06000000 		.word	6
 1441 0028 07000000 		.word	7
 1442 002c 08000000 		.word	8
ARM GAS  C:\Users\57308\AppData\Local\Temp\ccLvSu6e.s 			page 25


 1443 0030 09000000 		.word	9
 1444 0034 09000000 		.word	9
 1445 0038 0A000000 		.word	10
 1446 003c 0B000000 		.word	11
 1447 0040 0B000000 		.word	11
 1448 0044 0C000000 		.word	12
 1449 0048 0D000000 		.word	13
 1450 004c 0D000000 		.word	13
 1451 0050 0E000000 		.word	14
 1452 0054 0F000000 		.word	15
 1453 0058 0F000000 		.word	15
 1454 005c 10000000 		.word	16
 1455 0060 11000000 		.word	17
 1456 0064 12000000 		.word	18
 1457 0068 12000000 		.word	18
 1458 006c 13000000 		.word	19
 1459 0070 14000000 		.word	20
 1460 0074 14000000 		.word	20
 1461              		.section	.rodata._IQNlog_min,"a"
 1462              		.align	2
 1465              	_IQNlog_min:
 1466 0000 10000000 		.word	16
 1467 0004 C35F0100 		.word	90051
 1468 0008 AE0A9600 		.word	9833134
 1469 000c 5255A908 		.word	145315154
 1470 0010 6DAC162F 		.word	790015085
 1471              		.text
 1472              	.Letext0:
 1473              		.file 1 "d:\\program files\\gcc-arm-none-eabi-10.3-2021.10\\arm-none-eabi\\include\\machine\\_defa
 1474              		.file 2 "d:\\program files\\gcc-arm-none-eabi-10.3-2021.10\\arm-none-eabi\\include\\sys\\_stdint.h
 1475              		.file 3 "d:\\program files\\gcc-arm-none-eabi-10.3-2021.10\\arm-none-eabi\\include\\stdint.h"
 1476              		.file 4 "../Common/IQMath/ti/_IQNtables.h"
 1477              		.file 5 "../Common/IQMath/ti/_IQNtables.c"
ARM GAS  C:\Users\57308\AppData\Local\Temp\ccLvSu6e.s 			page 26


DEFINED SYMBOLS
                            *ABS*:00000000 _IQNtables.c
C:\Users\57308\AppData\Local\Temp\ccLvSu6e.s:65     .rodata._IQ14sqrt_lookup:00000000 _IQ14sqrt_lookup
C:\Users\57308\AppData\Local\Temp\ccLvSu6e.s:543    .rodata._IQ6div_lookup:00000000 _IQ6div_lookup
C:\Users\57308\AppData\Local\Temp\ccLvSu6e.s:272    .rodata._IQ30log_coeffs:00000000 _IQ30log_coeffs
C:\Users\57308\AppData\Local\Temp\ccLvSu6e.s:1465   .rodata._IQNlog_min:00000000 _IQNlog_min
C:\Users\57308\AppData\Local\Temp\ccLvSu6e.s:1171   .rodata._IQNexp_lookup30:00000000 _IQNexp_lookup30
C:\Users\57308\AppData\Local\Temp\ccLvSu6e.s:1117   .rodata._IQNexp_lookup29:00000000 _IQNexp_lookup29
C:\Users\57308\AppData\Local\Temp\ccLvSu6e.s:1090   .rodata._IQNexp_lookup28:00000000 _IQNexp_lookup28
C:\Users\57308\AppData\Local\Temp\ccLvSu6e.s:1063   .rodata._IQNexp_lookup27:00000000 _IQNexp_lookup27
C:\Users\57308\AppData\Local\Temp\ccLvSu6e.s:1036   .rodata._IQNexp_lookup26:00000000 _IQNexp_lookup26
C:\Users\57308\AppData\Local\Temp\ccLvSu6e.s:1009   .rodata._IQNexp_lookup25:00000000 _IQNexp_lookup25
C:\Users\57308\AppData\Local\Temp\ccLvSu6e.s:982    .rodata._IQNexp_lookup24:00000000 _IQNexp_lookup24
C:\Users\57308\AppData\Local\Temp\ccLvSu6e.s:955    .rodata._IQNexp_lookup23:00000000 _IQNexp_lookup23
C:\Users\57308\AppData\Local\Temp\ccLvSu6e.s:928    .rodata._IQNexp_lookup22:00000000 _IQNexp_lookup22
C:\Users\57308\AppData\Local\Temp\ccLvSu6e.s:901    .rodata._IQNexp_lookup21:00000000 _IQNexp_lookup21
C:\Users\57308\AppData\Local\Temp\ccLvSu6e.s:874    .rodata._IQNexp_lookup20:00000000 _IQNexp_lookup20
C:\Users\57308\AppData\Local\Temp\ccLvSu6e.s:820    .rodata._IQNexp_lookup19:00000000 _IQNexp_lookup19
C:\Users\57308\AppData\Local\Temp\ccLvSu6e.s:793    .rodata._IQNexp_lookup18:00000000 _IQNexp_lookup18
C:\Users\57308\AppData\Local\Temp\ccLvSu6e.s:766    .rodata._IQNexp_lookup17:00000000 _IQNexp_lookup17
C:\Users\57308\AppData\Local\Temp\ccLvSu6e.s:739    .rodata._IQNexp_lookup16:00000000 _IQNexp_lookup16
C:\Users\57308\AppData\Local\Temp\ccLvSu6e.s:712    .rodata._IQNexp_lookup15:00000000 _IQNexp_lookup15
C:\Users\57308\AppData\Local\Temp\ccLvSu6e.s:685    .rodata._IQNexp_lookup14:00000000 _IQNexp_lookup14
C:\Users\57308\AppData\Local\Temp\ccLvSu6e.s:658    .rodata._IQNexp_lookup13:00000000 _IQNexp_lookup13
C:\Users\57308\AppData\Local\Temp\ccLvSu6e.s:631    .rodata._IQNexp_lookup12:00000000 _IQNexp_lookup12
C:\Users\57308\AppData\Local\Temp\ccLvSu6e.s:604    .rodata._IQNexp_lookup11:00000000 _IQNexp_lookup11
C:\Users\57308\AppData\Local\Temp\ccLvSu6e.s:577    .rodata._IQNexp_lookup10:00000000 _IQNexp_lookup10
C:\Users\57308\AppData\Local\Temp\ccLvSu6e.s:1333   .rodata._IQNexp_lookup9:00000000 _IQNexp_lookup9
C:\Users\57308\AppData\Local\Temp\ccLvSu6e.s:1306   .rodata._IQNexp_lookup8:00000000 _IQNexp_lookup8
C:\Users\57308\AppData\Local\Temp\ccLvSu6e.s:1279   .rodata._IQNexp_lookup7:00000000 _IQNexp_lookup7
C:\Users\57308\AppData\Local\Temp\ccLvSu6e.s:1252   .rodata._IQNexp_lookup6:00000000 _IQNexp_lookup6
C:\Users\57308\AppData\Local\Temp\ccLvSu6e.s:1225   .rodata._IQNexp_lookup5:00000000 _IQNexp_lookup5
C:\Users\57308\AppData\Local\Temp\ccLvSu6e.s:1198   .rodata._IQNexp_lookup4:00000000 _IQNexp_lookup4
C:\Users\57308\AppData\Local\Temp\ccLvSu6e.s:1144   .rodata._IQNexp_lookup3:00000000 _IQNexp_lookup3
C:\Users\57308\AppData\Local\Temp\ccLvSu6e.s:847    .rodata._IQNexp_lookup2:00000000 _IQNexp_lookup2
C:\Users\57308\AppData\Local\Temp\ccLvSu6e.s:550    .rodata._IQNexp_lookup1:00000000 _IQNexp_lookup1
C:\Users\57308\AppData\Local\Temp\ccLvSu6e.s:1430   .rodata._IQNexp_offset:00000000 _IQNexp_offset
C:\Users\57308\AppData\Local\Temp\ccLvSu6e.s:1360   .rodata._IQNexp_max:00000000 _IQNexp_max
C:\Users\57308\AppData\Local\Temp\ccLvSu6e.s:1395   .rodata._IQNexp_min:00000000 _IQNexp_min
C:\Users\57308\AppData\Local\Temp\ccLvSu6e.s:256    .rodata._IQ30exp_coeffs:00000000 _IQ30exp_coeffs
C:\Users\57308\AppData\Local\Temp\ccLvSu6e.s:406    .rodata._IQ32atan_coeffs:00000000 _IQ32atan_coeffs
C:\Users\57308\AppData\Local\Temp\ccLvSu6e.s:166    .rodata._IQ29Asin_coeffs:00000000 _IQ29Asin_coeffs
C:\Users\57308\AppData\Local\Temp\ccLvSu6e.s:349    .rodata._IQ31SinLookup:00000000 _IQ31SinLookup
C:\Users\57308\AppData\Local\Temp\ccLvSu6e.s:292    .rodata._IQ31CosLookup:00000000 _IQ31CosLookup
C:\Users\57308\AppData\Local\Temp\ccLvSu6e.s:62     .rodata._IQ14sqrt_lookup:00000000 $d
C:\Users\57308\AppData\Local\Temp\ccLvSu6e.s:163    .rodata._IQ29Asin_coeffs:00000000 $d
C:\Users\57308\AppData\Local\Temp\ccLvSu6e.s:253    .rodata._IQ30exp_coeffs:00000000 $d
C:\Users\57308\AppData\Local\Temp\ccLvSu6e.s:269    .rodata._IQ30log_coeffs:00000000 $d
C:\Users\57308\AppData\Local\Temp\ccLvSu6e.s:289    .rodata._IQ31CosLookup:00000000 $d
C:\Users\57308\AppData\Local\Temp\ccLvSu6e.s:346    .rodata._IQ31SinLookup:00000000 $d
C:\Users\57308\AppData\Local\Temp\ccLvSu6e.s:403    .rodata._IQ32atan_coeffs:00000000 $d
C:\Users\57308\AppData\Local\Temp\ccLvSu6e.s:540    .rodata._IQ6div_lookup:00000000 $d
C:\Users\57308\AppData\Local\Temp\ccLvSu6e.s:547    .rodata._IQNexp_lookup1:00000000 $d
C:\Users\57308\AppData\Local\Temp\ccLvSu6e.s:574    .rodata._IQNexp_lookup10:00000000 $d
C:\Users\57308\AppData\Local\Temp\ccLvSu6e.s:601    .rodata._IQNexp_lookup11:00000000 $d
C:\Users\57308\AppData\Local\Temp\ccLvSu6e.s:628    .rodata._IQNexp_lookup12:00000000 $d
C:\Users\57308\AppData\Local\Temp\ccLvSu6e.s:655    .rodata._IQNexp_lookup13:00000000 $d
ARM GAS  C:\Users\57308\AppData\Local\Temp\ccLvSu6e.s 			page 27


C:\Users\57308\AppData\Local\Temp\ccLvSu6e.s:682    .rodata._IQNexp_lookup14:00000000 $d
C:\Users\57308\AppData\Local\Temp\ccLvSu6e.s:709    .rodata._IQNexp_lookup15:00000000 $d
C:\Users\57308\AppData\Local\Temp\ccLvSu6e.s:736    .rodata._IQNexp_lookup16:00000000 $d
C:\Users\57308\AppData\Local\Temp\ccLvSu6e.s:763    .rodata._IQNexp_lookup17:00000000 $d
C:\Users\57308\AppData\Local\Temp\ccLvSu6e.s:790    .rodata._IQNexp_lookup18:00000000 $d
C:\Users\57308\AppData\Local\Temp\ccLvSu6e.s:817    .rodata._IQNexp_lookup19:00000000 $d
C:\Users\57308\AppData\Local\Temp\ccLvSu6e.s:844    .rodata._IQNexp_lookup2:00000000 $d
C:\Users\57308\AppData\Local\Temp\ccLvSu6e.s:871    .rodata._IQNexp_lookup20:00000000 $d
C:\Users\57308\AppData\Local\Temp\ccLvSu6e.s:898    .rodata._IQNexp_lookup21:00000000 $d
C:\Users\57308\AppData\Local\Temp\ccLvSu6e.s:925    .rodata._IQNexp_lookup22:00000000 $d
C:\Users\57308\AppData\Local\Temp\ccLvSu6e.s:952    .rodata._IQNexp_lookup23:00000000 $d
C:\Users\57308\AppData\Local\Temp\ccLvSu6e.s:979    .rodata._IQNexp_lookup24:00000000 $d
C:\Users\57308\AppData\Local\Temp\ccLvSu6e.s:1006   .rodata._IQNexp_lookup25:00000000 $d
C:\Users\57308\AppData\Local\Temp\ccLvSu6e.s:1033   .rodata._IQNexp_lookup26:00000000 $d
C:\Users\57308\AppData\Local\Temp\ccLvSu6e.s:1060   .rodata._IQNexp_lookup27:00000000 $d
C:\Users\57308\AppData\Local\Temp\ccLvSu6e.s:1087   .rodata._IQNexp_lookup28:00000000 $d
C:\Users\57308\AppData\Local\Temp\ccLvSu6e.s:1114   .rodata._IQNexp_lookup29:00000000 $d
C:\Users\57308\AppData\Local\Temp\ccLvSu6e.s:1141   .rodata._IQNexp_lookup3:00000000 $d
C:\Users\57308\AppData\Local\Temp\ccLvSu6e.s:1168   .rodata._IQNexp_lookup30:00000000 $d
C:\Users\57308\AppData\Local\Temp\ccLvSu6e.s:1195   .rodata._IQNexp_lookup4:00000000 $d
C:\Users\57308\AppData\Local\Temp\ccLvSu6e.s:1222   .rodata._IQNexp_lookup5:00000000 $d
C:\Users\57308\AppData\Local\Temp\ccLvSu6e.s:1249   .rodata._IQNexp_lookup6:00000000 $d
C:\Users\57308\AppData\Local\Temp\ccLvSu6e.s:1276   .rodata._IQNexp_lookup7:00000000 $d
C:\Users\57308\AppData\Local\Temp\ccLvSu6e.s:1303   .rodata._IQNexp_lookup8:00000000 $d
C:\Users\57308\AppData\Local\Temp\ccLvSu6e.s:1330   .rodata._IQNexp_lookup9:00000000 $d
C:\Users\57308\AppData\Local\Temp\ccLvSu6e.s:1357   .rodata._IQNexp_max:00000000 $d
C:\Users\57308\AppData\Local\Temp\ccLvSu6e.s:1392   .rodata._IQNexp_min:00000000 $d
C:\Users\57308\AppData\Local\Temp\ccLvSu6e.s:1427   .rodata._IQNexp_offset:00000000 $d
C:\Users\57308\AppData\Local\Temp\ccLvSu6e.s:1462   .rodata._IQNlog_min:00000000 $d

NO UNDEFINED SYMBOLS
