ARM GAS  C:\Users\57308\AppData\Local\Temp\cckxmgZj.s 			page 1


   1              		.cpu cortex-m4
   2              		.arch armv7e-m
   3              		.fpu fpv4-sp-d16
   4              		.eabi_attribute 27, 1
   5              		.eabi_attribute 28, 1
   6              		.eabi_attribute 20, 1
   7              		.eabi_attribute 21, 1
   8              		.eabi_attribute 23, 3
   9              		.eabi_attribute 24, 1
  10              		.eabi_attribute 25, 1
  11              		.eabi_attribute 26, 1
  12              		.eabi_attribute 30, 1
  13              		.eabi_attribute 34, 1
  14              		.eabi_attribute 18, 4
  15              		.file	"_IQNversion.c"
  16              		.text
  17              	.Ltext0:
  18              		.cfi_sections	.debug_frame
  19              		.section	.text._IQmathLibVersionString,"ax",%progbits
  20              		.align	1
  21              		.global	_IQmathLibVersionString
  22              		.syntax unified
  23              		.thumb
  24              		.thumb_func
  26              	_IQmathLibVersionString:
  27              	.LFB0:
  28              		.file 1 "../Common/IQMath/ti/_IQNversion.c"
   1:../Common/IQMath/ti/_IQNversion.c **** const char IQmathLibVersionString[] = "IQmathLib version 01_11_00_00";
   2:../Common/IQMath/ti/_IQNversion.c **** 
   3:../Common/IQMath/ti/_IQNversion.c **** const char *_IQmathLibVersionString(void)
   4:../Common/IQMath/ti/_IQNversion.c **** {
  29              		.loc 1 4 1 view -0
  30              		.cfi_startproc
  31              		@ args = 0, pretend = 0, frame = 0
  32              		@ frame_needed = 0, uses_anonymous_args = 0
  33              		@ link register save eliminated.
   5:../Common/IQMath/ti/_IQNversion.c ****     return IQmathLibVersionString;
  34              		.loc 1 5 5 view .LVU1
   6:../Common/IQMath/ti/_IQNversion.c **** }
  35              		.loc 1 6 1 is_stmt 0 view .LVU2
  36 0000 0048     		ldr	r0, .L2
  37 0002 7047     		bx	lr
  38              	.L3:
  39              		.align	2
  40              	.L2:
  41 0004 00000000 		.word	.LANCHOR0
  42              		.cfi_endproc
  43              	.LFE0:
  45              		.global	IQmathLibVersionString
  46              		.section	.rodata.IQmathLibVersionString,"a"
  47              		.align	2
  48              		.set	.LANCHOR0,. + 0
  51              	IQmathLibVersionString:
  52 0000 49516D61 		.ascii	"IQmathLib version 01_11_00_00\000"
  52      74684C69 
  52      62207665 
  52      7273696F 
ARM GAS  C:\Users\57308\AppData\Local\Temp\cckxmgZj.s 			page 2


  52      6E203031 
  53              		.text
  54              	.Letext0:
ARM GAS  C:\Users\57308\AppData\Local\Temp\cckxmgZj.s 			page 3


DEFINED SYMBOLS
                            *ABS*:00000000 _IQNversion.c
C:\Users\57308\AppData\Local\Temp\cckxmgZj.s:20     .text._IQmathLibVersionString:00000000 $t
C:\Users\57308\AppData\Local\Temp\cckxmgZj.s:26     .text._IQmathLibVersionString:00000000 _IQmathLibVersionString
C:\Users\57308\AppData\Local\Temp\cckxmgZj.s:41     .text._IQmathLibVersionString:00000004 $d
C:\Users\57308\AppData\Local\Temp\cckxmgZj.s:51     .rodata.IQmathLibVersionString:00000000 IQmathLibVersionString
C:\Users\57308\AppData\Local\Temp\cckxmgZj.s:47     .rodata.IQmathLibVersionString:00000000 $d

NO UNDEFINED SYMBOLS
