ARM GAS  C:\Users\57308\AppData\Local\Temp\ccBcodJe.s 			page 1


   1              		.cpu cortex-m4
   2              		.arch armv7e-m
   3              		.fpu fpv4-sp-d16
   4              		.eabi_attribute 27, 1
   5              		.eabi_attribute 28, 1
   6              		.eabi_attribute 20, 1
   7              		.eabi_attribute 21, 1
   8              		.eabi_attribute 23, 3
   9              		.eabi_attribute 24, 1
  10              		.eabi_attribute 25, 1
  11              		.eabi_attribute 26, 1
  12              		.eabi_attribute 30, 1
  13              		.eabi_attribute 34, 1
  14              		.eabi_attribute 18, 4
  15              		.file	"gpio.c"
  16              		.text
  17              	.Ltext0:
  18              		.cfi_sections	.debug_frame
  19              		.section	.text.MX_GPIO_Init,"ax",%progbits
  20              		.align	1
  21              		.global	MX_GPIO_Init
  22              		.syntax unified
  23              		.thumb
  24              		.thumb_func
  26              	MX_GPIO_Init:
  27              	.LFB235:
  28              		.file 1 "Src/gpio.c"
   1:Src/gpio.c    **** /* USER CODE BEGIN Header */
   2:Src/gpio.c    **** /**
   3:Src/gpio.c    ****   ******************************************************************************
   4:Src/gpio.c    ****   * @file    gpio.c
   5:Src/gpio.c    ****   * @brief   This file provides code for the configuration
   6:Src/gpio.c    ****   *          of all used GPIO pins.
   7:Src/gpio.c    ****   ******************************************************************************
   8:Src/gpio.c    ****   * @attention
   9:Src/gpio.c    ****   *
  10:Src/gpio.c    ****   * Copyright (c) 2024 STMicroelectronics.
  11:Src/gpio.c    ****   * All rights reserved.
  12:Src/gpio.c    ****   *
  13:Src/gpio.c    ****   * This software is licensed under terms that can be found in the LICENSE file
  14:Src/gpio.c    ****   * in the root directory of this software component.
  15:Src/gpio.c    ****   * If no LICENSE file comes with this software, it is provided AS-IS.
  16:Src/gpio.c    ****   *
  17:Src/gpio.c    ****   ******************************************************************************
  18:Src/gpio.c    ****   */
  19:Src/gpio.c    **** /* USER CODE END Header */
  20:Src/gpio.c    **** 
  21:Src/gpio.c    **** /* Includes ------------------------------------------------------------------*/
  22:Src/gpio.c    **** #include "gpio.h"
  23:Src/gpio.c    **** 
  24:Src/gpio.c    **** /* USER CODE BEGIN 0 */
  25:Src/gpio.c    **** 
  26:Src/gpio.c    **** /* USER CODE END 0 */
  27:Src/gpio.c    **** 
  28:Src/gpio.c    **** /*----------------------------------------------------------------------------*/
  29:Src/gpio.c    **** /* Configure GPIO                                                             */
  30:Src/gpio.c    **** /*----------------------------------------------------------------------------*/
ARM GAS  C:\Users\57308\AppData\Local\Temp\ccBcodJe.s 			page 2


  31:Src/gpio.c    **** /* USER CODE BEGIN 1 */
  32:Src/gpio.c    **** 
  33:Src/gpio.c    **** /* USER CODE END 1 */
  34:Src/gpio.c    **** 
  35:Src/gpio.c    **** /** Configure pins as
  36:Src/gpio.c    ****         * Analog
  37:Src/gpio.c    ****         * Input
  38:Src/gpio.c    ****         * Output
  39:Src/gpio.c    ****         * EVENT_OUT
  40:Src/gpio.c    ****         * EXTI
  41:Src/gpio.c    **** */
  42:Src/gpio.c    **** void MX_GPIO_Init(void)
  43:Src/gpio.c    **** {
  29              		.loc 1 43 1 view -0
  30              		.cfi_startproc
  31              		@ args = 0, pretend = 0, frame = 40
  32              		@ frame_needed = 0, uses_anonymous_args = 0
  33 0000 F0B5     		push	{r4, r5, r6, r7, lr}
  34              	.LCFI0:
  35              		.cfi_def_cfa_offset 20
  36              		.cfi_offset 4, -20
  37              		.cfi_offset 5, -16
  38              		.cfi_offset 6, -12
  39              		.cfi_offset 7, -8
  40              		.cfi_offset 14, -4
  41 0002 8BB0     		sub	sp, sp, #44
  42              	.LCFI1:
  43              		.cfi_def_cfa_offset 64
  44:Src/gpio.c    **** 
  45:Src/gpio.c    ****   GPIO_InitTypeDef GPIO_InitStruct = {0};
  44              		.loc 1 45 3 view .LVU1
  45              		.loc 1 45 20 is_stmt 0 view .LVU2
  46 0004 0024     		movs	r4, #0
  47 0006 0594     		str	r4, [sp, #20]
  48 0008 0694     		str	r4, [sp, #24]
  49 000a 0794     		str	r4, [sp, #28]
  50 000c 0894     		str	r4, [sp, #32]
  51 000e 0994     		str	r4, [sp, #36]
  46:Src/gpio.c    **** 
  47:Src/gpio.c    ****   /* GPIO Ports Clock Enable */
  48:Src/gpio.c    ****   __HAL_RCC_GPIOC_CLK_ENABLE();
  52              		.loc 1 48 3 is_stmt 1 view .LVU3
  53              	.LBB2:
  54              		.loc 1 48 3 view .LVU4
  55 0010 0194     		str	r4, [sp, #4]
  56              		.loc 1 48 3 view .LVU5
  57 0012 244B     		ldr	r3, .L3
  58 0014 1A6B     		ldr	r2, [r3, #48]
  59 0016 42F00402 		orr	r2, r2, #4
  60 001a 1A63     		str	r2, [r3, #48]
  61              		.loc 1 48 3 view .LVU6
  62 001c 1A6B     		ldr	r2, [r3, #48]
  63 001e 02F00402 		and	r2, r2, #4
  64 0022 0192     		str	r2, [sp, #4]
  65              		.loc 1 48 3 view .LVU7
  66 0024 019A     		ldr	r2, [sp, #4]
  67              	.LBE2:
ARM GAS  C:\Users\57308\AppData\Local\Temp\ccBcodJe.s 			page 3


  68              		.loc 1 48 3 view .LVU8
  49:Src/gpio.c    ****   __HAL_RCC_GPIOA_CLK_ENABLE();
  69              		.loc 1 49 3 view .LVU9
  70              	.LBB3:
  71              		.loc 1 49 3 view .LVU10
  72 0026 0294     		str	r4, [sp, #8]
  73              		.loc 1 49 3 view .LVU11
  74 0028 1A6B     		ldr	r2, [r3, #48]
  75 002a 42F00102 		orr	r2, r2, #1
  76 002e 1A63     		str	r2, [r3, #48]
  77              		.loc 1 49 3 view .LVU12
  78 0030 1A6B     		ldr	r2, [r3, #48]
  79 0032 02F00102 		and	r2, r2, #1
  80 0036 0292     		str	r2, [sp, #8]
  81              		.loc 1 49 3 view .LVU13
  82 0038 029A     		ldr	r2, [sp, #8]
  83              	.LBE3:
  84              		.loc 1 49 3 view .LVU14
  50:Src/gpio.c    ****   __HAL_RCC_GPIOB_CLK_ENABLE();
  85              		.loc 1 50 3 view .LVU15
  86              	.LBB4:
  87              		.loc 1 50 3 view .LVU16
  88 003a 0394     		str	r4, [sp, #12]
  89              		.loc 1 50 3 view .LVU17
  90 003c 1A6B     		ldr	r2, [r3, #48]
  91 003e 42F00202 		orr	r2, r2, #2
  92 0042 1A63     		str	r2, [r3, #48]
  93              		.loc 1 50 3 view .LVU18
  94 0044 1A6B     		ldr	r2, [r3, #48]
  95 0046 02F00202 		and	r2, r2, #2
  96 004a 0392     		str	r2, [sp, #12]
  97              		.loc 1 50 3 view .LVU19
  98 004c 039A     		ldr	r2, [sp, #12]
  99              	.LBE4:
 100              		.loc 1 50 3 view .LVU20
  51:Src/gpio.c    ****   __HAL_RCC_GPIOD_CLK_ENABLE();
 101              		.loc 1 51 3 view .LVU21
 102              	.LBB5:
 103              		.loc 1 51 3 view .LVU22
 104 004e 0494     		str	r4, [sp, #16]
 105              		.loc 1 51 3 view .LVU23
 106 0050 1A6B     		ldr	r2, [r3, #48]
 107 0052 42F00802 		orr	r2, r2, #8
 108 0056 1A63     		str	r2, [r3, #48]
 109              		.loc 1 51 3 view .LVU24
 110 0058 1B6B     		ldr	r3, [r3, #48]
 111 005a 03F00803 		and	r3, r3, #8
 112 005e 0493     		str	r3, [sp, #16]
 113              		.loc 1 51 3 view .LVU25
 114 0060 049B     		ldr	r3, [sp, #16]
 115              	.LBE5:
 116              		.loc 1 51 3 view .LVU26
  52:Src/gpio.c    **** 
  53:Src/gpio.c    ****   /*Configure GPIO pin Output Level */
  54:Src/gpio.c    ****   HAL_GPIO_WritePin(SPI3_SOFTCS_GPIO_Port, SPI3_SOFTCS_Pin, GPIO_PIN_RESET);
 117              		.loc 1 54 3 view .LVU27
 118 0062 114F     		ldr	r7, .L3+4
ARM GAS  C:\Users\57308\AppData\Local\Temp\ccBcodJe.s 			page 4


 119 0064 2246     		mov	r2, r4
 120 0066 0121     		movs	r1, #1
 121 0068 3846     		mov	r0, r7
 122 006a FFF7FEFF 		bl	HAL_GPIO_WritePin
 123              	.LVL0:
  55:Src/gpio.c    **** 
  56:Src/gpio.c    ****   /*Configure GPIO pin Output Level */
  57:Src/gpio.c    ****   HAL_GPIO_WritePin(LED_01_GPIO_Port, LED_01_Pin, GPIO_PIN_RESET);
 124              		.loc 1 57 3 view .LVU28
 125 006e 0F4E     		ldr	r6, .L3+8
 126 0070 2246     		mov	r2, r4
 127 0072 0421     		movs	r1, #4
 128 0074 3046     		mov	r0, r6
 129 0076 FFF7FEFF 		bl	HAL_GPIO_WritePin
 130              	.LVL1:
  58:Src/gpio.c    **** 
  59:Src/gpio.c    ****   /*Configure GPIO pin : PtPin */
  60:Src/gpio.c    ****   GPIO_InitStruct.Pin = SPI3_SOFTCS_Pin;
 131              		.loc 1 60 3 view .LVU29
 132              		.loc 1 60 23 is_stmt 0 view .LVU30
 133 007a 0125     		movs	r5, #1
 134 007c 0595     		str	r5, [sp, #20]
  61:Src/gpio.c    ****   GPIO_InitStruct.Mode = GPIO_MODE_OUTPUT_PP;
 135              		.loc 1 61 3 is_stmt 1 view .LVU31
 136              		.loc 1 61 24 is_stmt 0 view .LVU32
 137 007e 0695     		str	r5, [sp, #24]
  62:Src/gpio.c    ****   GPIO_InitStruct.Pull = GPIO_NOPULL;
 138              		.loc 1 62 3 is_stmt 1 view .LVU33
 139              		.loc 1 62 24 is_stmt 0 view .LVU34
 140 0080 0794     		str	r4, [sp, #28]
  63:Src/gpio.c    ****   GPIO_InitStruct.Speed = GPIO_SPEED_FREQ_LOW;
 141              		.loc 1 63 3 is_stmt 1 view .LVU35
 142              		.loc 1 63 25 is_stmt 0 view .LVU36
 143 0082 0894     		str	r4, [sp, #32]
  64:Src/gpio.c    ****   HAL_GPIO_Init(SPI3_SOFTCS_GPIO_Port, &GPIO_InitStruct);
 144              		.loc 1 64 3 is_stmt 1 view .LVU37
 145 0084 05A9     		add	r1, sp, #20
 146 0086 3846     		mov	r0, r7
 147 0088 FFF7FEFF 		bl	HAL_GPIO_Init
 148              	.LVL2:
  65:Src/gpio.c    **** 
  66:Src/gpio.c    ****   /*Configure GPIO pin : PtPin */
  67:Src/gpio.c    ****   GPIO_InitStruct.Pin = LED_01_Pin;
 149              		.loc 1 67 3 view .LVU38
 150              		.loc 1 67 23 is_stmt 0 view .LVU39
 151 008c 0423     		movs	r3, #4
 152 008e 0593     		str	r3, [sp, #20]
  68:Src/gpio.c    ****   GPIO_InitStruct.Mode = GPIO_MODE_OUTPUT_PP;
 153              		.loc 1 68 3 is_stmt 1 view .LVU40
 154              		.loc 1 68 24 is_stmt 0 view .LVU41
 155 0090 0695     		str	r5, [sp, #24]
  69:Src/gpio.c    ****   GPIO_InitStruct.Pull = GPIO_NOPULL;
 156              		.loc 1 69 3 is_stmt 1 view .LVU42
 157              		.loc 1 69 24 is_stmt 0 view .LVU43
 158 0092 0794     		str	r4, [sp, #28]
  70:Src/gpio.c    ****   GPIO_InitStruct.Speed = GPIO_SPEED_FREQ_LOW;
 159              		.loc 1 70 3 is_stmt 1 view .LVU44
ARM GAS  C:\Users\57308\AppData\Local\Temp\ccBcodJe.s 			page 5


 160              		.loc 1 70 25 is_stmt 0 view .LVU45
 161 0094 0894     		str	r4, [sp, #32]
  71:Src/gpio.c    ****   HAL_GPIO_Init(LED_01_GPIO_Port, &GPIO_InitStruct);
 162              		.loc 1 71 3 is_stmt 1 view .LVU46
 163 0096 05A9     		add	r1, sp, #20
 164 0098 3046     		mov	r0, r6
 165 009a FFF7FEFF 		bl	HAL_GPIO_Init
 166              	.LVL3:
  72:Src/gpio.c    **** 
  73:Src/gpio.c    **** }
 167              		.loc 1 73 1 is_stmt 0 view .LVU47
 168 009e 0BB0     		add	sp, sp, #44
 169              	.LCFI2:
 170              		.cfi_def_cfa_offset 20
 171              		@ sp needed
 172 00a0 F0BD     		pop	{r4, r5, r6, r7, pc}
 173              	.L4:
 174 00a2 00BF     		.align	2
 175              	.L3:
 176 00a4 00380240 		.word	1073887232
 177 00a8 00000240 		.word	1073872896
 178 00ac 000C0240 		.word	1073875968
 179              		.cfi_endproc
 180              	.LFE235:
 182              		.text
 183              	.Letext0:
 184              		.file 2 "d:\\program files\\gcc-arm-none-eabi-10.3-2021.10\\arm-none-eabi\\include\\machine\\_defa
 185              		.file 3 "d:\\program files\\gcc-arm-none-eabi-10.3-2021.10\\arm-none-eabi\\include\\sys\\_stdint.h
 186              		.file 4 "Drivers/CMSIS/Device/ST/STM32F4xx/Include/stm32f405xx.h"
 187              		.file 5 "Drivers/STM32F4xx_HAL_Driver/Inc/stm32f4xx_hal_gpio.h"
ARM GAS  C:\Users\57308\AppData\Local\Temp\ccBcodJe.s 			page 6


DEFINED SYMBOLS
                            *ABS*:00000000 gpio.c
C:\Users\57308\AppData\Local\Temp\ccBcodJe.s:20     .text.MX_GPIO_Init:00000000 $t
C:\Users\57308\AppData\Local\Temp\ccBcodJe.s:26     .text.MX_GPIO_Init:00000000 MX_GPIO_Init
C:\Users\57308\AppData\Local\Temp\ccBcodJe.s:176    .text.MX_GPIO_Init:000000a4 $d

UNDEFINED SYMBOLS
HAL_GPIO_WritePin
HAL_GPIO_Init
