ARM GAS  C:\Users\57308\AppData\Local\Temp\cc2nhO1N.s 			page 1


   1              		.cpu cortex-m4
   2              		.arch armv7e-m
   3              		.fpu fpv4-sp-d16
   4              		.eabi_attribute 27, 1
   5              		.eabi_attribute 28, 1
   6              		.eabi_attribute 20, 1
   7              		.eabi_attribute 21, 1
   8              		.eabi_attribute 23, 3
   9              		.eabi_attribute 24, 1
  10              		.eabi_attribute 25, 1
  11              		.eabi_attribute 26, 1
  12              		.eabi_attribute 30, 1
  13              		.eabi_attribute 34, 1
  14              		.eabi_attribute 18, 4
  15              		.file	"motor_protocol.c"
  16              		.text
  17              	.Ltext0:
  18              		.cfi_sections	.debug_frame
  19              		.section	.rodata._set_motorstart.str1.4,"aMS",%progbits,1
  20              		.align	2
  21              	.LC0:
  22 0000 6D6F746F 		.ascii	"motor start\000"
  22      72207374 
  22      61727400 
  23              		.section	.text._set_motorstart,"ax",%progbits
  24              		.align	1
  25              		.syntax unified
  26              		.thumb
  27              		.thumb_func
  29              	_set_motorstart:
  30              	.LVL0:
  31              	.LFB245:
  32              		.file 1 "../BLDCMotor/motor_protocol.c"
   1:../BLDCMotor/motor_protocol.c **** 
   2:../BLDCMotor/motor_protocol.c **** /*
   3:../BLDCMotor/motor_protocol.c **** mc_tar_speed:200.0f  
   4:../BLDCMotor/motor_protocol.c **** mc_tar_id0.5f
   5:../BLDCMotor/motor_protocol.c **** mc_tar_iq:0.8f
   6:../BLDCMotor/motor_protocol.c **** 
   7:../BLDCMotor/motor_protocol.c **** */
   8:../BLDCMotor/motor_protocol.c **** #include "motorctrl_common.h"
   9:../BLDCMotor/motor_protocol.c **** #include "motor_protocol.h"
  10:../BLDCMotor/motor_protocol.c **** #include "protocol.h"
  11:../BLDCMotor/motor_protocol.c **** #include "board.h"
  12:../BLDCMotor/motor_protocol.c **** #include "string.h"
  13:../BLDCMotor/motor_protocol.c **** #include "stdio.h"
  14:../BLDCMotor/motor_protocol.c **** #include "stdint.h"
  15:../BLDCMotor/motor_protocol.c **** #include <stdlib.h>  
  16:../BLDCMotor/motor_protocol.c **** #include <ctype.h> // for isspace()  
  17:../BLDCMotor/motor_protocol.c **** 
  18:../BLDCMotor/motor_protocol.c **** typedef void* (*pfunc)(char *,int32_t);
  19:../BLDCMotor/motor_protocol.c **** typedef struct {  
  20:../BLDCMotor/motor_protocol.c ****     const char *cmd;  
  21:../BLDCMotor/motor_protocol.c ****     unsigned short cmd_index;
  22:../BLDCMotor/motor_protocol.c ****     pfunc pf_cmdexcue;
  23:../BLDCMotor/motor_protocol.c **** } commandmap_t; 
  24:../BLDCMotor/motor_protocol.c **** 
ARM GAS  C:\Users\57308\AppData\Local\Temp\cc2nhO1N.s 			page 2


  25:../BLDCMotor/motor_protocol.c **** 
  26:../BLDCMotor/motor_protocol.c **** 
  27:../BLDCMotor/motor_protocol.c **** static void* _set_tarid(char *str,int32_t id);
  28:../BLDCMotor/motor_protocol.c **** static void* _set_tariq(char *str,int32_t iq);
  29:../BLDCMotor/motor_protocol.c **** static void* _set_motorstop(char *str,int32_t iq);
  30:../BLDCMotor/motor_protocol.c **** static void* _set_motorstart(char *str,int32_t iq);
  31:../BLDCMotor/motor_protocol.c **** static void* _set_d_kp(char *str,int32_t kp);
  32:../BLDCMotor/motor_protocol.c **** static void* _set_d_ki(char *str,int32_t ki);
  33:../BLDCMotor/motor_protocol.c **** static void* _set_pidpara_cmd(char *str,int32_t param);
  34:../BLDCMotor/motor_protocol.c **** static void* _set_tarspeed(char *str,int32_t iq);
  35:../BLDCMotor/motor_protocol.c **** 
  36:../BLDCMotor/motor_protocol.c **** static int _findF_from_str(const char *str, float *val) ;
  37:../BLDCMotor/motor_protocol.c **** static unsigned short _findcmd_from_map(const char *str, const commandmap_t *map, size_t mapSize);
  38:../BLDCMotor/motor_protocol.c ****  
  39:../BLDCMotor/motor_protocol.c **** respond_t g_respondmap[] = {
  40:../BLDCMotor/motor_protocol.c ****     {"motor state runing",sizeof("motor state runing")},
  41:../BLDCMotor/motor_protocol.c ****     {"motor state stop",sizeof("motor state stop")},
  42:../BLDCMotor/motor_protocol.c **** };
  43:../BLDCMotor/motor_protocol.c **** // 命令映射表  
  44:../BLDCMotor/motor_protocol.c **** commandmap_t sg_commandmap[] = {  
  45:../BLDCMotor/motor_protocol.c ****     {"mc_tar_speed", 1,NULL},  
  46:../BLDCMotor/motor_protocol.c ****     {"mc_tar_id", 2,_set_tarid},  
  47:../BLDCMotor/motor_protocol.c ****     {"mc_tar_iq", 3,_set_tariq},
  48:../BLDCMotor/motor_protocol.c ****     {"motor_stop",4,_set_motorstop},
  49:../BLDCMotor/motor_protocol.c ****     {"motor_start",5,_set_motorstart},
  50:../BLDCMotor/motor_protocol.c ****     {"mc_setd_kp",6,_set_d_kp},
  51:../BLDCMotor/motor_protocol.c ****     {"mc_setd_ki",7,_set_d_ki},
  52:../BLDCMotor/motor_protocol.c ****     {"mc_pid_paraset",8,_set_pidpara_cmd},
  53:../BLDCMotor/motor_protocol.c ****     {"mc_tar_speed",9,_set_tarspeed},
  54:../BLDCMotor/motor_protocol.c **** 
  55:../BLDCMotor/motor_protocol.c **** };
  56:../BLDCMotor/motor_protocol.c **** static char *Rx_Buf[62] = {0};
  57:../BLDCMotor/motor_protocol.c **** void motorprotocol_getdata(char *data)
  58:../BLDCMotor/motor_protocol.c **** {
  59:../BLDCMotor/motor_protocol.c ****     strcpy(Rx_Buf,data);
  60:../BLDCMotor/motor_protocol.c **** }
  61:../BLDCMotor/motor_protocol.c **** 
  62:../BLDCMotor/motor_protocol.c **** void motorprotocol_pause(char *cmd)
  63:../BLDCMotor/motor_protocol.c **** {
  64:../BLDCMotor/motor_protocol.c ****     float value =0.0f;
  65:../BLDCMotor/motor_protocol.c ****     unsigned short cmd_ID;
  66:../BLDCMotor/motor_protocol.c ****     if (cmd[0] == 0 && cmd[1] == 0)
  67:../BLDCMotor/motor_protocol.c ****     {
  68:../BLDCMotor/motor_protocol.c ****         return;
  69:../BLDCMotor/motor_protocol.c ****     }
  70:../BLDCMotor/motor_protocol.c ****     const size_t mapSize = sizeof(sg_commandmap) / sizeof(sg_commandmap[0]); 
  71:../BLDCMotor/motor_protocol.c ****     cmd_ID = _findcmd_from_map(cmd,sg_commandmap,mapSize);    
  72:../BLDCMotor/motor_protocol.c **** }
  73:../BLDCMotor/motor_protocol.c **** 
  74:../BLDCMotor/motor_protocol.c **** void motorprotocol_process(void)
  75:../BLDCMotor/motor_protocol.c **** {   
  76:../BLDCMotor/motor_protocol.c ****     motorprotocol_pause(Rx_Buf);
  77:../BLDCMotor/motor_protocol.c ****     memset(Rx_Buf, 0, sizeof(Rx_Buf));
  78:../BLDCMotor/motor_protocol.c **** }
  79:../BLDCMotor/motor_protocol.c **** void motorprotocol_tramit(char *pstr,uint16_t len)
  80:../BLDCMotor/motor_protocol.c **** {
  81:../BLDCMotor/motor_protocol.c ****     _bsp_protransmit((unsigned char *)pstr,len);
ARM GAS  C:\Users\57308\AppData\Local\Temp\cc2nhO1N.s 			page 3


  82:../BLDCMotor/motor_protocol.c **** }
  83:../BLDCMotor/motor_protocol.c **** static void* _set_d_kp(char *str,int32_t kp)
  84:../BLDCMotor/motor_protocol.c **** {
  85:../BLDCMotor/motor_protocol.c ****     float val = 0.0f;
  86:../BLDCMotor/motor_protocol.c ****     if (!_findF_from_str(str,&val))
  87:../BLDCMotor/motor_protocol.c ****     {
  88:../BLDCMotor/motor_protocol.c ****         return 0;
  89:../BLDCMotor/motor_protocol.c ****     }
  90:../BLDCMotor/motor_protocol.c ****     motordebug.pid_d_kp = val;
  91:../BLDCMotor/motor_protocol.c ****     return 0;    
  92:../BLDCMotor/motor_protocol.c **** }
  93:../BLDCMotor/motor_protocol.c **** static void* _set_d_ki(char *str,int32_t ki)
  94:../BLDCMotor/motor_protocol.c **** {
  95:../BLDCMotor/motor_protocol.c ****     float val = 0.0f;            
  96:../BLDCMotor/motor_protocol.c ****     if (!_findF_from_str(str,&val))
  97:../BLDCMotor/motor_protocol.c ****     {
  98:../BLDCMotor/motor_protocol.c ****         return 0;
  99:../BLDCMotor/motor_protocol.c ****     }  
 100:../BLDCMotor/motor_protocol.c ****     motordebug.pid_d_ki = val;
 101:../BLDCMotor/motor_protocol.c ****     return 0; 
 102:../BLDCMotor/motor_protocol.c **** }
 103:../BLDCMotor/motor_protocol.c **** static void* _set_motorstart(char *str,int32_t iq)
 104:../BLDCMotor/motor_protocol.c **** {
  33              		.loc 1 104 1 view -0
  34              		.cfi_startproc
  35              		@ args = 0, pretend = 0, frame = 0
  36              		@ frame_needed = 0, uses_anonymous_args = 0
  37              		@ link register save eliminated.
 105:../BLDCMotor/motor_protocol.c ****     motordebug.cur_cmd = "motor start";
  38              		.loc 1 105 5 view .LVU1
  39              		.loc 1 105 24 is_stmt 0 view .LVU2
  40 0000 024B     		ldr	r3, .L2
  41 0002 034A     		ldr	r2, .L2+4
  42 0004 C3F88420 		str	r2, [r3, #132]
 106:../BLDCMotor/motor_protocol.c ****     return 0;
  43              		.loc 1 106 5 is_stmt 1 view .LVU3
 107:../BLDCMotor/motor_protocol.c **** }
  44              		.loc 1 107 1 is_stmt 0 view .LVU4
  45 0008 0020     		movs	r0, #0
  46              	.LVL1:
  47              		.loc 1 107 1 view .LVU5
  48 000a 7047     		bx	lr
  49              	.L3:
  50              		.align	2
  51              	.L2:
  52 000c 00000000 		.word	motordebug
  53 0010 00000000 		.word	.LC0
  54              		.cfi_endproc
  55              	.LFE245:
  57              		.section	.rodata._set_motorstop.str1.4,"aMS",%progbits,1
  58              		.align	2
  59              	.LC1:
  60 0000 6D6F746F 		.ascii	"motor stop\000"
  60      72207374 
  60      6F7000
  61              		.section	.text._set_motorstop,"ax",%progbits
  62              		.align	1
ARM GAS  C:\Users\57308\AppData\Local\Temp\cc2nhO1N.s 			page 4


  63              		.syntax unified
  64              		.thumb
  65              		.thumb_func
  67              	_set_motorstop:
  68              	.LVL2:
  69              	.LFB246:
 108:../BLDCMotor/motor_protocol.c **** static void* _set_motorstop(char *str,int32_t iq)
 109:../BLDCMotor/motor_protocol.c **** {
  70              		.loc 1 109 1 is_stmt 1 view -0
  71              		.cfi_startproc
  72              		@ args = 0, pretend = 0, frame = 0
  73              		@ frame_needed = 0, uses_anonymous_args = 0
  74              		@ link register save eliminated.
 110:../BLDCMotor/motor_protocol.c ****     motordebug.cur_cmd = "motor stop";
  75              		.loc 1 110 5 view .LVU7
  76              		.loc 1 110 24 is_stmt 0 view .LVU8
  77 0000 024B     		ldr	r3, .L5
  78 0002 034A     		ldr	r2, .L5+4
  79 0004 C3F88420 		str	r2, [r3, #132]
 111:../BLDCMotor/motor_protocol.c ****     return 0;
  80              		.loc 1 111 5 is_stmt 1 view .LVU9
 112:../BLDCMotor/motor_protocol.c **** }
  81              		.loc 1 112 1 is_stmt 0 view .LVU10
  82 0008 0020     		movs	r0, #0
  83              	.LVL3:
  84              		.loc 1 112 1 view .LVU11
  85 000a 7047     		bx	lr
  86              	.L6:
  87              		.align	2
  88              	.L5:
  89 000c 00000000 		.word	motordebug
  90 0010 00000000 		.word	.LC1
  91              		.cfi_endproc
  92              	.LFE246:
  94              		.section	.text._set_pidpara_cmd,"ax",%progbits
  95              		.align	1
  96              		.syntax unified
  97              		.thumb
  98              		.thumb_func
 100              	_set_pidpara_cmd:
 101              	.LVL4:
 102              	.LFB249:
 113:../BLDCMotor/motor_protocol.c **** static void* _set_tarid(char *str,int32_t id)
 114:../BLDCMotor/motor_protocol.c **** {
 115:../BLDCMotor/motor_protocol.c ****     USER_DEBUG_NORMAL("set id\r\n");
 116:../BLDCMotor/motor_protocol.c ****     float val = 0.0f;            
 117:../BLDCMotor/motor_protocol.c ****     if (!_findF_from_str(str,&val))
 118:../BLDCMotor/motor_protocol.c ****     {
 119:../BLDCMotor/motor_protocol.c ****         return 0;
 120:../BLDCMotor/motor_protocol.c ****     }
 121:../BLDCMotor/motor_protocol.c ****     motordebug.id_targe = val;
 122:../BLDCMotor/motor_protocol.c ****     return 0;
 123:../BLDCMotor/motor_protocol.c **** } 
 124:../BLDCMotor/motor_protocol.c **** 
 125:../BLDCMotor/motor_protocol.c **** static void* _set_tariq(char *str,int32_t iq)
 126:../BLDCMotor/motor_protocol.c **** {
 127:../BLDCMotor/motor_protocol.c ****     float val = 0.0f;            
ARM GAS  C:\Users\57308\AppData\Local\Temp\cc2nhO1N.s 			page 5


 128:../BLDCMotor/motor_protocol.c ****     if (!_findF_from_str(str,&val))
 129:../BLDCMotor/motor_protocol.c ****     {
 130:../BLDCMotor/motor_protocol.c ****         return 0;
 131:../BLDCMotor/motor_protocol.c ****     }
 132:../BLDCMotor/motor_protocol.c ****     motordebug.iq_targe = val;
 133:../BLDCMotor/motor_protocol.c ****     return 0;    
 134:../BLDCMotor/motor_protocol.c **** }
 135:../BLDCMotor/motor_protocol.c **** 
 136:../BLDCMotor/motor_protocol.c **** static void* _set_pidpara_cmd(char *str,int32_t param)
 137:../BLDCMotor/motor_protocol.c **** {
 103              		.loc 1 137 1 is_stmt 1 view -0
 104              		.cfi_startproc
 105              		@ args = 0, pretend = 0, frame = 0
 106              		@ frame_needed = 0, uses_anonymous_args = 0
 107              		@ link register save eliminated.
 138:../BLDCMotor/motor_protocol.c ****     motordebug.motor_stat = 4;
 108              		.loc 1 138 5 view .LVU13
 109              		.loc 1 138 27 is_stmt 0 view .LVU14
 110 0000 024B     		ldr	r3, .L8
 111 0002 0422     		movs	r2, #4
 112 0004 C3F88020 		str	r2, [r3, #128]
 139:../BLDCMotor/motor_protocol.c ****     return 0;
 113              		.loc 1 139 5 is_stmt 1 view .LVU15
 140:../BLDCMotor/motor_protocol.c **** }
 114              		.loc 1 140 1 is_stmt 0 view .LVU16
 115 0008 0020     		movs	r0, #0
 116              	.LVL5:
 117              		.loc 1 140 1 view .LVU17
 118 000a 7047     		bx	lr
 119              	.L9:
 120              		.align	2
 121              	.L8:
 122 000c 00000000 		.word	motordebug
 123              		.cfi_endproc
 124              	.LFE249:
 126              		.section	.text._findF_from_str,"ax",%progbits
 127              		.align	1
 128              		.syntax unified
 129              		.thumb
 130              		.thumb_func
 132              	_findF_from_str:
 133              	.LVL6:
 134              	.LFB252:
 141:../BLDCMotor/motor_protocol.c **** 
 142:../BLDCMotor/motor_protocol.c **** static void* _set_tarspeed(char *str,int32_t iq)
 143:../BLDCMotor/motor_protocol.c **** {
 144:../BLDCMotor/motor_protocol.c ****     float val = 0.0f;            
 145:../BLDCMotor/motor_protocol.c ****     if (!_findF_from_str(str,&val))
 146:../BLDCMotor/motor_protocol.c ****     {
 147:../BLDCMotor/motor_protocol.c ****         return 0;
 148:../BLDCMotor/motor_protocol.c ****     }
 149:../BLDCMotor/motor_protocol.c ****     motordebug.speed_targe = val;
 150:../BLDCMotor/motor_protocol.c ****     return 0; 
 151:../BLDCMotor/motor_protocol.c **** }
 152:../BLDCMotor/motor_protocol.c **** // 查找命令的函数  
 153:../BLDCMotor/motor_protocol.c **** static unsigned short _findcmd_from_map(const char *str, const commandmap_t *map, size_t mapSize) {
 154:../BLDCMotor/motor_protocol.c ****     if (str == NULL) {  
ARM GAS  C:\Users\57308\AppData\Local\Temp\cc2nhO1N.s 			page 6


 155:../BLDCMotor/motor_protocol.c ****         return 0; // 如果传入的字符串为空，则返回0表示不匹配  
 156:../BLDCMotor/motor_protocol.c ****     }  
 157:../BLDCMotor/motor_protocol.c ****       
 158:../BLDCMotor/motor_protocol.c ****     for (size_t i = 0; i < mapSize; ++i) {  
 159:../BLDCMotor/motor_protocol.c ****         // 使用strncmp比较直到遇到冒号或字符串结束  
 160:../BLDCMotor/motor_protocol.c ****         size_t cmdLen = strlen(map[i].cmd);  
 161:../BLDCMotor/motor_protocol.c ****         if (strncmp(str, map[i].cmd, cmdLen) == 0 && str[cmdLen] == ':') { 
 162:../BLDCMotor/motor_protocol.c **** 
 163:../BLDCMotor/motor_protocol.c ****             if (!map[i].pf_cmdexcue)
 164:../BLDCMotor/motor_protocol.c ****             {
 165:../BLDCMotor/motor_protocol.c ****                 USER_DEBUG_NORMAL("pf_cmdexcue NULL\r\n");
 166:../BLDCMotor/motor_protocol.c ****                 return 0;
 167:../BLDCMotor/motor_protocol.c ****             }
 168:../BLDCMotor/motor_protocol.c **** 
 169:../BLDCMotor/motor_protocol.c ****             map[i].pf_cmdexcue(str,0);
 170:../BLDCMotor/motor_protocol.c ****             return map[i].cmd_index; // 找到匹配项，返回对应值  
 171:../BLDCMotor/motor_protocol.c ****         }
 172:../BLDCMotor/motor_protocol.c ****     }
 173:../BLDCMotor/motor_protocol.c ****     USER_DEBUG_NORMAL("NO Cmd PATH\r\n");
 174:../BLDCMotor/motor_protocol.c ****     return 0; // 未找到匹配项，返回0  
 175:../BLDCMotor/motor_protocol.c **** }  
 176:../BLDCMotor/motor_protocol.c **** 
 177:../BLDCMotor/motor_protocol.c **** static int _findF_from_str(const char *str, float *val) {  
 135              		.loc 1 177 57 is_stmt 1 view -0
 136              		.cfi_startproc
 137              		@ args = 0, pretend = 0, frame = 8
 138              		@ frame_needed = 0, uses_anonymous_args = 0
 178:../BLDCMotor/motor_protocol.c ****     if (str == NULL || val == NULL) {  
 139              		.loc 1 178 5 view .LVU19
 140              		.loc 1 178 8 is_stmt 0 view .LVU20
 141 0000 38B3     		cbz	r0, .L15
 177:../BLDCMotor/motor_protocol.c ****     if (str == NULL || val == NULL) {  
 142              		.loc 1 177 57 discriminator 1 view .LVU21
 143 0002 30B5     		push	{r4, r5, lr}
 144              	.LCFI0:
 145              		.cfi_def_cfa_offset 12
 146              		.cfi_offset 4, -12
 147              		.cfi_offset 5, -8
 148              		.cfi_offset 14, -4
 149 0004 83B0     		sub	sp, sp, #12
 150              	.LCFI1:
 151              		.cfi_def_cfa_offset 24
 152 0006 0D46     		mov	r5, r1
 153              		.loc 1 178 21 discriminator 1 view .LVU22
 154 0008 29B3     		cbz	r1, .L16
 179:../BLDCMotor/motor_protocol.c ****         return 0; // Invalid arguments  
 180:../BLDCMotor/motor_protocol.c ****     }  
 181:../BLDCMotor/motor_protocol.c ****   
 182:../BLDCMotor/motor_protocol.c ****     const char *colonPos = strchr(str, ':'); // Find the colon in the string  
 155              		.loc 1 182 5 is_stmt 1 view .LVU23
 156              		.loc 1 182 28 is_stmt 0 view .LVU24
 157 000a 3A21     		movs	r1, #58
 158              	.LVL7:
 159              		.loc 1 182 28 view .LVU25
 160 000c FFF7FEFF 		bl	strchr
 161              	.LVL8:
 183:../BLDCMotor/motor_protocol.c ****     if (colonPos == NULL || *(colonPos + 1) == '\0') {  
ARM GAS  C:\Users\57308\AppData\Local\Temp\cc2nhO1N.s 			page 7


 162              		.loc 1 183 5 is_stmt 1 view .LVU26
 163              		.loc 1 183 8 is_stmt 0 view .LVU27
 164 0010 0446     		mov	r4, r0
 165 0012 10B3     		cbz	r0, .L17
 166              		.loc 1 183 29 discriminator 1 view .LVU28
 167 0014 4378     		ldrb	r3, [r0, #1]	@ zero_extendqisi2
 168              		.loc 1 183 26 discriminator 1 view .LVU29
 169 0016 13B3     		cbz	r3, .L18
 184:../BLDCMotor/motor_protocol.c ****         return 0; // No colon found or no characters after colon  
 185:../BLDCMotor/motor_protocol.c ****     }  
 186:../BLDCMotor/motor_protocol.c ****   
 187:../BLDCMotor/motor_protocol.c ****     // Skip the colon and any following whitespace  
 188:../BLDCMotor/motor_protocol.c ****     const char *numStart = colonPos + 1;  
 170              		.loc 1 188 5 is_stmt 1 view .LVU30
 171              		.loc 1 188 17 is_stmt 0 view .LVU31
 172 0018 0134     		adds	r4, r4, #1
 173              	.LVL9:
 189:../BLDCMotor/motor_protocol.c ****     while (isspace((unsigned char)*numStart)) {  
 174              		.loc 1 189 5 is_stmt 1 view .LVU32
 175              		.loc 1 189 11 is_stmt 0 view .LVU33
 176 001a 00E0     		b	.L12
 177              	.L13:
 190:../BLDCMotor/motor_protocol.c ****         numStart++;  
 178              		.loc 1 190 9 is_stmt 1 view .LVU34
 179              		.loc 1 190 17 is_stmt 0 view .LVU35
 180 001c 0134     		adds	r4, r4, #1
 181              	.LVL10:
 182              	.L12:
 189:../BLDCMotor/motor_protocol.c ****     while (isspace((unsigned char)*numStart)) {  
 183              		.loc 1 189 11 is_stmt 1 view .LVU36
 189:../BLDCMotor/motor_protocol.c ****     while (isspace((unsigned char)*numStart)) {  
 184              		.loc 1 189 12 is_stmt 0 view .LVU37
 185 001e 2278     		ldrb	r2, [r4]	@ zero_extendqisi2
 186 0020 114B     		ldr	r3, .L25
 187 0022 D35C     		ldrb	r3, [r2, r3]	@ zero_extendqisi2
 189:../BLDCMotor/motor_protocol.c ****     while (isspace((unsigned char)*numStart)) {  
 188              		.loc 1 189 11 view .LVU38
 189 0024 13F0080F 		tst	r3, #8
 190 0028 F8D1     		bne	.L13
 191:../BLDCMotor/motor_protocol.c ****     }  
 192:../BLDCMotor/motor_protocol.c ****   
 193:../BLDCMotor/motor_protocol.c ****     // Attempt to parse the number  
 194:../BLDCMotor/motor_protocol.c ****     char *endPtr;  
 191              		.loc 1 194 5 is_stmt 1 view .LVU39
 195:../BLDCMotor/motor_protocol.c ****     float parsedValue = strtof(numStart, &endPtr);  
 192              		.loc 1 195 5 view .LVU40
 193              		.loc 1 195 25 is_stmt 0 view .LVU41
 194 002a 01A9     		add	r1, sp, #4
 195 002c 2046     		mov	r0, r4
 196              	.LVL11:
 197              		.loc 1 195 25 view .LVU42
 198 002e FFF7FEFF 		bl	strtof
 199              	.LVL12:
 196:../BLDCMotor/motor_protocol.c ****   
 197:../BLDCMotor/motor_protocol.c ****     // Check if a valid number was parsed  
 198:../BLDCMotor/motor_protocol.c ****     if (endPtr != numStart && (*endPtr == '\0' || isspace((unsigned char)*endPtr))) {  
 200              		.loc 1 198 5 is_stmt 1 view .LVU43
ARM GAS  C:\Users\57308\AppData\Local\Temp\cc2nhO1N.s 			page 8


 201              		.loc 1 198 16 is_stmt 0 view .LVU44
 202 0032 019B     		ldr	r3, [sp, #4]
 203              		.loc 1 198 8 view .LVU45
 204 0034 A342     		cmp	r3, r4
 205 0036 15D0     		beq	.L19
 206              		.loc 1 198 32 discriminator 1 view .LVU46
 207 0038 1B78     		ldrb	r3, [r3]	@ zero_extendqisi2
 208              		.loc 1 198 28 discriminator 1 view .LVU47
 209 003a 33B1     		cbz	r3, .L14
 210              		.loc 1 198 51 discriminator 2 view .LVU48
 211 003c 0A4A     		ldr	r2, .L25
 212 003e 9B5C     		ldrb	r3, [r3, r2]	@ zero_extendqisi2
 213              		.loc 1 198 48 discriminator 2 view .LVU49
 214 0040 13F0080F 		tst	r3, #8
 215 0044 01D1     		bne	.L14
 199:../BLDCMotor/motor_protocol.c ****         *val = parsedValue;  
 200:../BLDCMotor/motor_protocol.c ****         return 1; // Success  
 201:../BLDCMotor/motor_protocol.c ****     }
 202:../BLDCMotor/motor_protocol.c ****   
 203:../BLDCMotor/motor_protocol.c ****     return 0; // Failure: no valid number found or trailing non-whitespace characters  
 216              		.loc 1 203 12 view .LVU50
 217 0046 0020     		movs	r0, #0
 218 0048 0AE0     		b	.L10
 219              	.L14:
 199:../BLDCMotor/motor_protocol.c ****         *val = parsedValue;  
 220              		.loc 1 199 9 is_stmt 1 view .LVU51
 199:../BLDCMotor/motor_protocol.c ****         *val = parsedValue;  
 221              		.loc 1 199 14 is_stmt 0 view .LVU52
 222 004a 85ED000A 		vstr.32	s0, [r5]
 200:../BLDCMotor/motor_protocol.c ****     }
 223              		.loc 1 200 9 is_stmt 1 view .LVU53
 200:../BLDCMotor/motor_protocol.c ****     }
 224              		.loc 1 200 16 is_stmt 0 view .LVU54
 225 004e 0120     		movs	r0, #1
 226 0050 06E0     		b	.L10
 227              	.LVL13:
 228              	.L15:
 229              	.LCFI2:
 230              		.cfi_def_cfa_offset 0
 231              		.cfi_restore 4
 232              		.cfi_restore 5
 233              		.cfi_restore 14
 179:../BLDCMotor/motor_protocol.c ****     }  
 234              		.loc 1 179 16 view .LVU55
 235 0052 0020     		movs	r0, #0
 236              	.LVL14:
 204:../BLDCMotor/motor_protocol.c **** }  
 237              		.loc 1 204 1 view .LVU56
 238 0054 7047     		bx	lr
 239              	.LVL15:
 240              	.L16:
 241              	.LCFI3:
 242              		.cfi_def_cfa_offset 24
 243              		.cfi_offset 4, -12
 244              		.cfi_offset 5, -8
 245              		.cfi_offset 14, -4
 179:../BLDCMotor/motor_protocol.c ****     }  
ARM GAS  C:\Users\57308\AppData\Local\Temp\cc2nhO1N.s 			page 9


 246              		.loc 1 179 16 view .LVU57
 247 0056 0020     		movs	r0, #0
 248              	.LVL16:
 179:../BLDCMotor/motor_protocol.c ****     }  
 249              		.loc 1 179 16 view .LVU58
 250 0058 02E0     		b	.L10
 251              	.LVL17:
 252              	.L17:
 184:../BLDCMotor/motor_protocol.c ****     }  
 253              		.loc 1 184 16 view .LVU59
 254 005a 0020     		movs	r0, #0
 255              	.LVL18:
 184:../BLDCMotor/motor_protocol.c ****     }  
 256              		.loc 1 184 16 view .LVU60
 257 005c 00E0     		b	.L10
 258              	.LVL19:
 259              	.L18:
 184:../BLDCMotor/motor_protocol.c ****     }  
 260              		.loc 1 184 16 view .LVU61
 261 005e 0020     		movs	r0, #0
 262              	.LVL20:
 263              	.L10:
 264              		.loc 1 204 1 view .LVU62
 265 0060 03B0     		add	sp, sp, #12
 266              	.LCFI4:
 267              		.cfi_remember_state
 268              		.cfi_def_cfa_offset 12
 269              		@ sp needed
 270 0062 30BD     		pop	{r4, r5, pc}
 271              	.LVL21:
 272              	.L19:
 273              	.LCFI5:
 274              		.cfi_restore_state
 203:../BLDCMotor/motor_protocol.c **** }  
 275              		.loc 1 203 12 view .LVU63
 276 0064 0020     		movs	r0, #0
 277 0066 FBE7     		b	.L10
 278              	.L26:
 279              		.align	2
 280              	.L25:
 281 0068 01000000 		.word	_ctype_+1
 282              		.cfi_endproc
 283              	.LFE252:
 285              		.section	.text._set_tarspeed,"ax",%progbits
 286              		.align	1
 287              		.syntax unified
 288              		.thumb
 289              		.thumb_func
 291              	_set_tarspeed:
 292              	.LVL22:
 293              	.LFB250:
 143:../BLDCMotor/motor_protocol.c ****     float val = 0.0f;            
 294              		.loc 1 143 1 is_stmt 1 view -0
 295              		.cfi_startproc
 296              		@ args = 0, pretend = 0, frame = 8
 297              		@ frame_needed = 0, uses_anonymous_args = 0
 143:../BLDCMotor/motor_protocol.c ****     float val = 0.0f;            
ARM GAS  C:\Users\57308\AppData\Local\Temp\cc2nhO1N.s 			page 10


 298              		.loc 1 143 1 is_stmt 0 view .LVU65
 299 0000 00B5     		push	{lr}
 300              	.LCFI6:
 301              		.cfi_def_cfa_offset 4
 302              		.cfi_offset 14, -4
 303 0002 83B0     		sub	sp, sp, #12
 304              	.LCFI7:
 305              		.cfi_def_cfa_offset 16
 144:../BLDCMotor/motor_protocol.c ****     if (!_findF_from_str(str,&val))
 306              		.loc 1 144 5 is_stmt 1 view .LVU66
 144:../BLDCMotor/motor_protocol.c ****     if (!_findF_from_str(str,&val))
 307              		.loc 1 144 11 is_stmt 0 view .LVU67
 308 0004 0023     		movs	r3, #0
 309 0006 0193     		str	r3, [sp, #4]	@ float
 145:../BLDCMotor/motor_protocol.c ****     {
 310              		.loc 1 145 5 is_stmt 1 view .LVU68
 145:../BLDCMotor/motor_protocol.c ****     {
 311              		.loc 1 145 10 is_stmt 0 view .LVU69
 312 0008 01A9     		add	r1, sp, #4
 313              	.LVL23:
 145:../BLDCMotor/motor_protocol.c ****     {
 314              		.loc 1 145 10 view .LVU70
 315 000a FFF7FEFF 		bl	_findF_from_str
 316              	.LVL24:
 145:../BLDCMotor/motor_protocol.c ****     {
 317              		.loc 1 145 8 view .LVU71
 318 000e 10B1     		cbz	r0, .L28
 149:../BLDCMotor/motor_protocol.c ****     return 0; 
 319              		.loc 1 149 5 is_stmt 1 view .LVU72
 149:../BLDCMotor/motor_protocol.c ****     return 0; 
 320              		.loc 1 149 28 is_stmt 0 view .LVU73
 321 0010 034B     		ldr	r3, .L30
 322 0012 019A     		ldr	r2, [sp, #4]	@ float
 323 0014 5A65     		str	r2, [r3, #84]	@ float
 150:../BLDCMotor/motor_protocol.c **** }
 324              		.loc 1 150 5 is_stmt 1 view .LVU74
 325              	.L28:
 151:../BLDCMotor/motor_protocol.c **** // 查找命令的函数  
 326              		.loc 1 151 1 is_stmt 0 view .LVU75
 327 0016 0020     		movs	r0, #0
 328 0018 03B0     		add	sp, sp, #12
 329              	.LCFI8:
 330              		.cfi_def_cfa_offset 4
 331              		@ sp needed
 332 001a 5DF804FB 		ldr	pc, [sp], #4
 333              	.L31:
 334 001e 00BF     		.align	2
 335              	.L30:
 336 0020 00000000 		.word	motordebug
 337              		.cfi_endproc
 338              	.LFE250:
 340              		.section	.text._set_d_ki,"ax",%progbits
 341              		.align	1
 342              		.syntax unified
 343              		.thumb
 344              		.thumb_func
 346              	_set_d_ki:
ARM GAS  C:\Users\57308\AppData\Local\Temp\cc2nhO1N.s 			page 11


 347              	.LVL25:
 348              	.LFB244:
  94:../BLDCMotor/motor_protocol.c ****     float val = 0.0f;            
 349              		.loc 1 94 1 is_stmt 1 view -0
 350              		.cfi_startproc
 351              		@ args = 0, pretend = 0, frame = 8
 352              		@ frame_needed = 0, uses_anonymous_args = 0
  94:../BLDCMotor/motor_protocol.c ****     float val = 0.0f;            
 353              		.loc 1 94 1 is_stmt 0 view .LVU77
 354 0000 00B5     		push	{lr}
 355              	.LCFI9:
 356              		.cfi_def_cfa_offset 4
 357              		.cfi_offset 14, -4
 358 0002 83B0     		sub	sp, sp, #12
 359              	.LCFI10:
 360              		.cfi_def_cfa_offset 16
  95:../BLDCMotor/motor_protocol.c ****     if (!_findF_from_str(str,&val))
 361              		.loc 1 95 5 is_stmt 1 view .LVU78
  95:../BLDCMotor/motor_protocol.c ****     if (!_findF_from_str(str,&val))
 362              		.loc 1 95 11 is_stmt 0 view .LVU79
 363 0004 0023     		movs	r3, #0
 364 0006 0193     		str	r3, [sp, #4]	@ float
  96:../BLDCMotor/motor_protocol.c ****     {
 365              		.loc 1 96 5 is_stmt 1 view .LVU80
  96:../BLDCMotor/motor_protocol.c ****     {
 366              		.loc 1 96 10 is_stmt 0 view .LVU81
 367 0008 01A9     		add	r1, sp, #4
 368              	.LVL26:
  96:../BLDCMotor/motor_protocol.c ****     {
 369              		.loc 1 96 10 view .LVU82
 370 000a FFF7FEFF 		bl	_findF_from_str
 371              	.LVL27:
  96:../BLDCMotor/motor_protocol.c ****     {
 372              		.loc 1 96 8 view .LVU83
 373 000e 10B1     		cbz	r0, .L33
 100:../BLDCMotor/motor_protocol.c ****     return 0; 
 374              		.loc 1 100 5 is_stmt 1 view .LVU84
 100:../BLDCMotor/motor_protocol.c ****     return 0; 
 375              		.loc 1 100 25 is_stmt 0 view .LVU85
 376 0010 034B     		ldr	r3, .L35
 377 0012 019A     		ldr	r2, [sp, #4]	@ float
 378 0014 DA66     		str	r2, [r3, #108]	@ float
 101:../BLDCMotor/motor_protocol.c **** }
 379              		.loc 1 101 5 is_stmt 1 view .LVU86
 380              	.L33:
 102:../BLDCMotor/motor_protocol.c **** static void* _set_motorstart(char *str,int32_t iq)
 381              		.loc 1 102 1 is_stmt 0 view .LVU87
 382 0016 0020     		movs	r0, #0
 383 0018 03B0     		add	sp, sp, #12
 384              	.LCFI11:
 385              		.cfi_def_cfa_offset 4
 386              		@ sp needed
 387 001a 5DF804FB 		ldr	pc, [sp], #4
 388              	.L36:
 389 001e 00BF     		.align	2
 390              	.L35:
 391 0020 00000000 		.word	motordebug
ARM GAS  C:\Users\57308\AppData\Local\Temp\cc2nhO1N.s 			page 12


 392              		.cfi_endproc
 393              	.LFE244:
 395              		.section	.text._set_d_kp,"ax",%progbits
 396              		.align	1
 397              		.syntax unified
 398              		.thumb
 399              		.thumb_func
 401              	_set_d_kp:
 402              	.LVL28:
 403              	.LFB243:
  84:../BLDCMotor/motor_protocol.c ****     float val = 0.0f;
 404              		.loc 1 84 1 is_stmt 1 view -0
 405              		.cfi_startproc
 406              		@ args = 0, pretend = 0, frame = 8
 407              		@ frame_needed = 0, uses_anonymous_args = 0
  84:../BLDCMotor/motor_protocol.c ****     float val = 0.0f;
 408              		.loc 1 84 1 is_stmt 0 view .LVU89
 409 0000 00B5     		push	{lr}
 410              	.LCFI12:
 411              		.cfi_def_cfa_offset 4
 412              		.cfi_offset 14, -4
 413 0002 83B0     		sub	sp, sp, #12
 414              	.LCFI13:
 415              		.cfi_def_cfa_offset 16
  85:../BLDCMotor/motor_protocol.c ****     if (!_findF_from_str(str,&val))
 416              		.loc 1 85 5 is_stmt 1 view .LVU90
  85:../BLDCMotor/motor_protocol.c ****     if (!_findF_from_str(str,&val))
 417              		.loc 1 85 11 is_stmt 0 view .LVU91
 418 0004 0023     		movs	r3, #0
 419 0006 0193     		str	r3, [sp, #4]	@ float
  86:../BLDCMotor/motor_protocol.c ****     {
 420              		.loc 1 86 5 is_stmt 1 view .LVU92
  86:../BLDCMotor/motor_protocol.c ****     {
 421              		.loc 1 86 10 is_stmt 0 view .LVU93
 422 0008 01A9     		add	r1, sp, #4
 423              	.LVL29:
  86:../BLDCMotor/motor_protocol.c ****     {
 424              		.loc 1 86 10 view .LVU94
 425 000a FFF7FEFF 		bl	_findF_from_str
 426              	.LVL30:
  86:../BLDCMotor/motor_protocol.c ****     {
 427              		.loc 1 86 8 view .LVU95
 428 000e 10B1     		cbz	r0, .L38
  90:../BLDCMotor/motor_protocol.c ****     return 0;    
 429              		.loc 1 90 5 is_stmt 1 view .LVU96
  90:../BLDCMotor/motor_protocol.c ****     return 0;    
 430              		.loc 1 90 25 is_stmt 0 view .LVU97
 431 0010 034B     		ldr	r3, .L40
 432 0012 019A     		ldr	r2, [sp, #4]	@ float
 433 0014 9A66     		str	r2, [r3, #104]	@ float
  91:../BLDCMotor/motor_protocol.c **** }
 434              		.loc 1 91 5 is_stmt 1 view .LVU98
 435              	.L38:
  92:../BLDCMotor/motor_protocol.c **** static void* _set_d_ki(char *str,int32_t ki)
 436              		.loc 1 92 1 is_stmt 0 view .LVU99
 437 0016 0020     		movs	r0, #0
 438 0018 03B0     		add	sp, sp, #12
ARM GAS  C:\Users\57308\AppData\Local\Temp\cc2nhO1N.s 			page 13


 439              	.LCFI14:
 440              		.cfi_def_cfa_offset 4
 441              		@ sp needed
 442 001a 5DF804FB 		ldr	pc, [sp], #4
 443              	.L41:
 444 001e 00BF     		.align	2
 445              	.L40:
 446 0020 00000000 		.word	motordebug
 447              		.cfi_endproc
 448              	.LFE243:
 450              		.section	.text._set_tariq,"ax",%progbits
 451              		.align	1
 452              		.syntax unified
 453              		.thumb
 454              		.thumb_func
 456              	_set_tariq:
 457              	.LVL31:
 458              	.LFB248:
 126:../BLDCMotor/motor_protocol.c ****     float val = 0.0f;            
 459              		.loc 1 126 1 is_stmt 1 view -0
 460              		.cfi_startproc
 461              		@ args = 0, pretend = 0, frame = 8
 462              		@ frame_needed = 0, uses_anonymous_args = 0
 126:../BLDCMotor/motor_protocol.c ****     float val = 0.0f;            
 463              		.loc 1 126 1 is_stmt 0 view .LVU101
 464 0000 00B5     		push	{lr}
 465              	.LCFI15:
 466              		.cfi_def_cfa_offset 4
 467              		.cfi_offset 14, -4
 468 0002 83B0     		sub	sp, sp, #12
 469              	.LCFI16:
 470              		.cfi_def_cfa_offset 16
 127:../BLDCMotor/motor_protocol.c ****     if (!_findF_from_str(str,&val))
 471              		.loc 1 127 5 is_stmt 1 view .LVU102
 127:../BLDCMotor/motor_protocol.c ****     if (!_findF_from_str(str,&val))
 472              		.loc 1 127 11 is_stmt 0 view .LVU103
 473 0004 0023     		movs	r3, #0
 474 0006 0193     		str	r3, [sp, #4]	@ float
 128:../BLDCMotor/motor_protocol.c ****     {
 475              		.loc 1 128 5 is_stmt 1 view .LVU104
 128:../BLDCMotor/motor_protocol.c ****     {
 476              		.loc 1 128 10 is_stmt 0 view .LVU105
 477 0008 01A9     		add	r1, sp, #4
 478              	.LVL32:
 128:../BLDCMotor/motor_protocol.c ****     {
 479              		.loc 1 128 10 view .LVU106
 480 000a FFF7FEFF 		bl	_findF_from_str
 481              	.LVL33:
 128:../BLDCMotor/motor_protocol.c ****     {
 482              		.loc 1 128 8 view .LVU107
 483 000e 10B1     		cbz	r0, .L43
 132:../BLDCMotor/motor_protocol.c ****     return 0;    
 484              		.loc 1 132 5 is_stmt 1 view .LVU108
 132:../BLDCMotor/motor_protocol.c ****     return 0;    
 485              		.loc 1 132 25 is_stmt 0 view .LVU109
 486 0010 034B     		ldr	r3, .L45
 487 0012 019A     		ldr	r2, [sp, #4]	@ float
ARM GAS  C:\Users\57308\AppData\Local\Temp\cc2nhO1N.s 			page 14


 488 0014 9A64     		str	r2, [r3, #72]	@ float
 133:../BLDCMotor/motor_protocol.c **** }
 489              		.loc 1 133 5 is_stmt 1 view .LVU110
 490              	.L43:
 134:../BLDCMotor/motor_protocol.c **** 
 491              		.loc 1 134 1 is_stmt 0 view .LVU111
 492 0016 0020     		movs	r0, #0
 493 0018 03B0     		add	sp, sp, #12
 494              	.LCFI17:
 495              		.cfi_def_cfa_offset 4
 496              		@ sp needed
 497 001a 5DF804FB 		ldr	pc, [sp], #4
 498              	.L46:
 499 001e 00BF     		.align	2
 500              	.L45:
 501 0020 00000000 		.word	motordebug
 502              		.cfi_endproc
 503              	.LFE248:
 505              		.section	.rodata._set_tarid.str1.4,"aMS",%progbits,1
 506              		.align	2
 507              	.LC2:
 508 0000 73657420 		.ascii	"set id\015\012\000"
 508      69640D0A 
 508      00
 509              		.section	.text._set_tarid,"ax",%progbits
 510              		.align	1
 511              		.syntax unified
 512              		.thumb
 513              		.thumb_func
 515              	_set_tarid:
 516              	.LVL34:
 517              	.LFB247:
 114:../BLDCMotor/motor_protocol.c ****     USER_DEBUG_NORMAL("set id\r\n");
 518              		.loc 1 114 1 is_stmt 1 view -0
 519              		.cfi_startproc
 520              		@ args = 0, pretend = 0, frame = 8
 521              		@ frame_needed = 0, uses_anonymous_args = 0
 114:../BLDCMotor/motor_protocol.c ****     USER_DEBUG_NORMAL("set id\r\n");
 522              		.loc 1 114 1 is_stmt 0 view .LVU113
 523 0000 10B5     		push	{r4, lr}
 524              	.LCFI18:
 525              		.cfi_def_cfa_offset 8
 526              		.cfi_offset 4, -8
 527              		.cfi_offset 14, -4
 528 0002 82B0     		sub	sp, sp, #8
 529              	.LCFI19:
 530              		.cfi_def_cfa_offset 16
 531 0004 0446     		mov	r4, r0
 115:../BLDCMotor/motor_protocol.c ****     float val = 0.0f;            
 532              		.loc 1 115 5 is_stmt 1 view .LVU114
 533 0006 0849     		ldr	r1, .L50
 534              	.LVL35:
 115:../BLDCMotor/motor_protocol.c ****     float val = 0.0f;            
 535              		.loc 1 115 5 is_stmt 0 view .LVU115
 536 0008 0020     		movs	r0, #0
 537              	.LVL36:
 115:../BLDCMotor/motor_protocol.c ****     float val = 0.0f;            
ARM GAS  C:\Users\57308\AppData\Local\Temp\cc2nhO1N.s 			page 15


 538              		.loc 1 115 5 view .LVU116
 539 000a FFF7FEFF 		bl	SEGGER_RTT_printf
 540              	.LVL37:
 116:../BLDCMotor/motor_protocol.c ****     if (!_findF_from_str(str,&val))
 541              		.loc 1 116 5 is_stmt 1 view .LVU117
 116:../BLDCMotor/motor_protocol.c ****     if (!_findF_from_str(str,&val))
 542              		.loc 1 116 11 is_stmt 0 view .LVU118
 543 000e 0023     		movs	r3, #0
 544 0010 0193     		str	r3, [sp, #4]	@ float
 117:../BLDCMotor/motor_protocol.c ****     {
 545              		.loc 1 117 5 is_stmt 1 view .LVU119
 117:../BLDCMotor/motor_protocol.c ****     {
 546              		.loc 1 117 10 is_stmt 0 view .LVU120
 547 0012 01A9     		add	r1, sp, #4
 548 0014 2046     		mov	r0, r4
 549 0016 FFF7FEFF 		bl	_findF_from_str
 550              	.LVL38:
 117:../BLDCMotor/motor_protocol.c ****     {
 551              		.loc 1 117 8 view .LVU121
 552 001a 10B1     		cbz	r0, .L48
 121:../BLDCMotor/motor_protocol.c ****     return 0;
 553              		.loc 1 121 5 is_stmt 1 view .LVU122
 121:../BLDCMotor/motor_protocol.c ****     return 0;
 554              		.loc 1 121 25 is_stmt 0 view .LVU123
 555 001c 034B     		ldr	r3, .L50+4
 556 001e 019A     		ldr	r2, [sp, #4]	@ float
 557 0020 1A64     		str	r2, [r3, #64]	@ float
 122:../BLDCMotor/motor_protocol.c **** } 
 558              		.loc 1 122 5 is_stmt 1 view .LVU124
 559              	.L48:
 123:../BLDCMotor/motor_protocol.c **** 
 560              		.loc 1 123 1 is_stmt 0 view .LVU125
 561 0022 0020     		movs	r0, #0
 562 0024 02B0     		add	sp, sp, #8
 563              	.LCFI20:
 564              		.cfi_def_cfa_offset 8
 565              		@ sp needed
 566 0026 10BD     		pop	{r4, pc}
 567              	.LVL39:
 568              	.L51:
 123:../BLDCMotor/motor_protocol.c **** 
 569              		.loc 1 123 1 view .LVU126
 570              		.align	2
 571              	.L50:
 572 0028 00000000 		.word	.LC2
 573 002c 00000000 		.word	motordebug
 574              		.cfi_endproc
 575              	.LFE247:
 577              		.section	.rodata._findcmd_from_map.str1.4,"aMS",%progbits,1
 578              		.align	2
 579              	.LC3:
 580 0000 70665F63 		.ascii	"pf_cmdexcue NULL\015\012\000"
 580      6D646578 
 580      63756520 
 580      4E554C4C 
 580      0D0A00
 581 0013 00       		.align	2
ARM GAS  C:\Users\57308\AppData\Local\Temp\cc2nhO1N.s 			page 16


 582              	.LC4:
 583 0014 4E4F2043 		.ascii	"NO Cmd PATH\015\012\000"
 583      6D642050 
 583      4154480D 
 583      0A00
 584              		.section	.text._findcmd_from_map,"ax",%progbits
 585              		.align	1
 586              		.syntax unified
 587              		.thumb
 588              		.thumb_func
 590              	_findcmd_from_map:
 591              	.LVL40:
 592              	.LFB251:
 153:../BLDCMotor/motor_protocol.c ****     if (str == NULL) {  
 593              		.loc 1 153 99 is_stmt 1 view -0
 594              		.cfi_startproc
 595              		@ args = 0, pretend = 0, frame = 0
 596              		@ frame_needed = 0, uses_anonymous_args = 0
 154:../BLDCMotor/motor_protocol.c ****         return 0; // 如果传入的字符串为空，则返回0表示不匹配  
 597              		.loc 1 154 5 view .LVU128
 154:../BLDCMotor/motor_protocol.c ****         return 0; // 如果传入的字符串为空，则返回0表示不匹配  
 598              		.loc 1 154 8 is_stmt 0 view .LVU129
 599 0000 A0B3     		cbz	r0, .L58
 153:../BLDCMotor/motor_protocol.c ****     if (str == NULL) {  
 600              		.loc 1 153 99 view .LVU130
 601 0002 2DE9F047 		push	{r4, r5, r6, r7, r8, r9, r10, lr}
 602              	.LCFI21:
 603              		.cfi_def_cfa_offset 32
 604              		.cfi_offset 4, -32
 605              		.cfi_offset 5, -28
 606              		.cfi_offset 6, -24
 607              		.cfi_offset 7, -20
 608              		.cfi_offset 8, -16
 609              		.cfi_offset 9, -12
 610              		.cfi_offset 10, -8
 611              		.cfi_offset 14, -4
 612 0006 0F46     		mov	r7, r1
 613 0008 9146     		mov	r9, r2
 614 000a 8046     		mov	r8, r0
 615              	.LBB2:
 158:../BLDCMotor/motor_protocol.c ****         // 使用strncmp比较直到遇到冒号或字符串结束  
 616              		.loc 1 158 17 view .LVU131
 617 000c 0024     		movs	r4, #0
 618 000e 05E0     		b	.L54
 619              	.LVL41:
 620              	.L64:
 621              	.LBB3:
 165:../BLDCMotor/motor_protocol.c ****                 return 0;
 622              		.loc 1 165 17 is_stmt 1 view .LVU132
 623 0010 1749     		ldr	r1, .L65
 624 0012 FFF7FEFF 		bl	SEGGER_RTT_printf
 625              	.LVL42:
 166:../BLDCMotor/motor_protocol.c ****             }
 626              		.loc 1 166 17 view .LVU133
 166:../BLDCMotor/motor_protocol.c ****             }
 627              		.loc 1 166 24 is_stmt 0 view .LVU134
 628 0016 0020     		movs	r0, #0
ARM GAS  C:\Users\57308\AppData\Local\Temp\cc2nhO1N.s 			page 17


 629 0018 26E0     		b	.L53
 630              	.L55:
 631              	.LBE3:
 158:../BLDCMotor/motor_protocol.c ****         // 使用strncmp比较直到遇到冒号或字符串结束  
 632              		.loc 1 158 37 is_stmt 1 discriminator 2 view .LVU135
 633 001a 0134     		adds	r4, r4, #1
 634              	.LVL43:
 635              	.L54:
 158:../BLDCMotor/motor_protocol.c ****         // 使用strncmp比较直到遇到冒号或字符串结束  
 636              		.loc 1 158 24 discriminator 1 view .LVU136
 158:../BLDCMotor/motor_protocol.c ****         // 使用strncmp比较直到遇到冒号或字符串结束  
 637              		.loc 1 158 5 is_stmt 0 discriminator 1 view .LVU137
 638 001c 4C45     		cmp	r4, r9
 639 001e 1ED2     		bcs	.L63
 640              	.LBB4:
 160:../BLDCMotor/motor_protocol.c ****         if (strncmp(str, map[i].cmd, cmdLen) == 0 && str[cmdLen] == ':') { 
 641              		.loc 1 160 9 is_stmt 1 view .LVU138
 160:../BLDCMotor/motor_protocol.c ****         if (strncmp(str, map[i].cmd, cmdLen) == 0 && str[cmdLen] == ':') { 
 642              		.loc 1 160 35 is_stmt 0 view .LVU139
 643 0020 04EB4403 		add	r3, r4, r4, lsl #1
 644 0024 07EB830A 		add	r10, r7, r3, lsl #2
 160:../BLDCMotor/motor_protocol.c ****         if (strncmp(str, map[i].cmd, cmdLen) == 0 && str[cmdLen] == ':') { 
 645              		.loc 1 160 25 view .LVU140
 646 0028 57F82360 		ldr	r6, [r7, r3, lsl #2]
 647 002c 3046     		mov	r0, r6
 648 002e FFF7FEFF 		bl	strlen
 649              	.LVL44:
 650 0032 0546     		mov	r5, r0
 651              	.LVL45:
 161:../BLDCMotor/motor_protocol.c **** 
 652              		.loc 1 161 9 is_stmt 1 view .LVU141
 161:../BLDCMotor/motor_protocol.c **** 
 653              		.loc 1 161 13 is_stmt 0 view .LVU142
 654 0034 0246     		mov	r2, r0
 655 0036 3146     		mov	r1, r6
 656 0038 4046     		mov	r0, r8
 657              	.LVL46:
 161:../BLDCMotor/motor_protocol.c **** 
 658              		.loc 1 161 13 view .LVU143
 659 003a FFF7FEFF 		bl	strncmp
 660              	.LVL47:
 161:../BLDCMotor/motor_protocol.c **** 
 661              		.loc 1 161 12 view .LVU144
 662 003e 0028     		cmp	r0, #0
 663 0040 EBD1     		bne	.L55
 161:../BLDCMotor/motor_protocol.c **** 
 664              		.loc 1 161 57 discriminator 1 view .LVU145
 665 0042 18F80530 		ldrb	r3, [r8, r5]	@ zero_extendqisi2
 161:../BLDCMotor/motor_protocol.c **** 
 666              		.loc 1 161 51 discriminator 1 view .LVU146
 667 0046 3A2B     		cmp	r3, #58
 668 0048 E7D1     		bne	.L55
 163:../BLDCMotor/motor_protocol.c ****             {
 669              		.loc 1 163 13 is_stmt 1 view .LVU147
 163:../BLDCMotor/motor_protocol.c ****             {
 670              		.loc 1 163 24 is_stmt 0 view .LVU148
 671 004a DAF80830 		ldr	r3, [r10, #8]
ARM GAS  C:\Users\57308\AppData\Local\Temp\cc2nhO1N.s 			page 18


 163:../BLDCMotor/motor_protocol.c ****             {
 672              		.loc 1 163 16 view .LVU149
 673 004e 002B     		cmp	r3, #0
 674 0050 DED0     		beq	.L64
 169:../BLDCMotor/motor_protocol.c ****             return map[i].cmd_index; // 找到匹配项，返回对应值  
 675              		.loc 1 169 13 is_stmt 1 view .LVU150
 676 0052 0021     		movs	r1, #0
 677 0054 4046     		mov	r0, r8
 678 0056 9847     		blx	r3
 679              	.LVL48:
 170:../BLDCMotor/motor_protocol.c ****         }
 680              		.loc 1 170 13 view .LVU151
 170:../BLDCMotor/motor_protocol.c ****         }
 681              		.loc 1 170 26 is_stmt 0 view .LVU152
 682 0058 BAF80400 		ldrh	r0, [r10, #4]
 683 005c 04E0     		b	.L53
 684              	.LVL49:
 685              	.L63:
 170:../BLDCMotor/motor_protocol.c ****         }
 686              		.loc 1 170 26 view .LVU153
 687              	.LBE4:
 688              	.LBE2:
 173:../BLDCMotor/motor_protocol.c ****     return 0; // 未找到匹配项，返回0  
 689              		.loc 1 173 5 is_stmt 1 view .LVU154
 690 005e 0549     		ldr	r1, .L65+4
 691 0060 0020     		movs	r0, #0
 692 0062 FFF7FEFF 		bl	SEGGER_RTT_printf
 693              	.LVL50:
 174:../BLDCMotor/motor_protocol.c **** }  
 694              		.loc 1 174 5 view .LVU155
 174:../BLDCMotor/motor_protocol.c **** }  
 695              		.loc 1 174 12 is_stmt 0 view .LVU156
 696 0066 0020     		movs	r0, #0
 697              	.L53:
 175:../BLDCMotor/motor_protocol.c **** 
 698              		.loc 1 175 1 view .LVU157
 699 0068 BDE8F087 		pop	{r4, r5, r6, r7, r8, r9, r10, pc}
 700              	.LVL51:
 701              	.L58:
 702              	.LCFI22:
 703              		.cfi_def_cfa_offset 0
 704              		.cfi_restore 4
 705              		.cfi_restore 5
 706              		.cfi_restore 6
 707              		.cfi_restore 7
 708              		.cfi_restore 8
 709              		.cfi_restore 9
 710              		.cfi_restore 10
 711              		.cfi_restore 14
 155:../BLDCMotor/motor_protocol.c ****     }  
 712              		.loc 1 155 16 view .LVU158
 713 006c 0020     		movs	r0, #0
 714              	.LVL52:
 175:../BLDCMotor/motor_protocol.c **** 
 715              		.loc 1 175 1 view .LVU159
 716 006e 7047     		bx	lr
 717              	.L66:
ARM GAS  C:\Users\57308\AppData\Local\Temp\cc2nhO1N.s 			page 19


 718              		.align	2
 719              	.L65:
 720 0070 00000000 		.word	.LC3
 721 0074 14000000 		.word	.LC4
 722              		.cfi_endproc
 723              	.LFE251:
 725              		.section	.text.motorprotocol_getdata,"ax",%progbits
 726              		.align	1
 727              		.global	motorprotocol_getdata
 728              		.syntax unified
 729              		.thumb
 730              		.thumb_func
 732              	motorprotocol_getdata:
 733              	.LVL53:
 734              	.LFB239:
  58:../BLDCMotor/motor_protocol.c ****     strcpy(Rx_Buf,data);
 735              		.loc 1 58 1 is_stmt 1 view -0
 736              		.cfi_startproc
 737              		@ args = 0, pretend = 0, frame = 0
 738              		@ frame_needed = 0, uses_anonymous_args = 0
  58:../BLDCMotor/motor_protocol.c ****     strcpy(Rx_Buf,data);
 739              		.loc 1 58 1 is_stmt 0 view .LVU161
 740 0000 08B5     		push	{r3, lr}
 741              	.LCFI23:
 742              		.cfi_def_cfa_offset 8
 743              		.cfi_offset 3, -8
 744              		.cfi_offset 14, -4
 745 0002 0146     		mov	r1, r0
  59:../BLDCMotor/motor_protocol.c **** }
 746              		.loc 1 59 5 is_stmt 1 view .LVU162
 747 0004 0148     		ldr	r0, .L69
 748              	.LVL54:
  59:../BLDCMotor/motor_protocol.c **** }
 749              		.loc 1 59 5 is_stmt 0 view .LVU163
 750 0006 FFF7FEFF 		bl	strcpy
 751              	.LVL55:
  60:../BLDCMotor/motor_protocol.c **** 
 752              		.loc 1 60 1 view .LVU164
 753 000a 08BD     		pop	{r3, pc}
 754              	.L70:
 755              		.align	2
 756              	.L69:
 757 000c 00000000 		.word	.LANCHOR0
 758              		.cfi_endproc
 759              	.LFE239:
 761              		.section	.text.motorprotocol_pause,"ax",%progbits
 762              		.align	1
 763              		.global	motorprotocol_pause
 764              		.syntax unified
 765              		.thumb
 766              		.thumb_func
 768              	motorprotocol_pause:
 769              	.LVL56:
 770              	.LFB240:
  63:../BLDCMotor/motor_protocol.c ****     float value =0.0f;
 771              		.loc 1 63 1 is_stmt 1 view -0
 772              		.cfi_startproc
ARM GAS  C:\Users\57308\AppData\Local\Temp\cc2nhO1N.s 			page 20


 773              		@ args = 0, pretend = 0, frame = 0
 774              		@ frame_needed = 0, uses_anonymous_args = 0
  63:../BLDCMotor/motor_protocol.c ****     float value =0.0f;
 775              		.loc 1 63 1 is_stmt 0 view .LVU166
 776 0000 08B5     		push	{r3, lr}
 777              	.LCFI24:
 778              		.cfi_def_cfa_offset 8
 779              		.cfi_offset 3, -8
 780              		.cfi_offset 14, -4
  64:../BLDCMotor/motor_protocol.c ****     unsigned short cmd_ID;
 781              		.loc 1 64 5 is_stmt 1 view .LVU167
 782              	.LVL57:
  65:../BLDCMotor/motor_protocol.c ****     if (cmd[0] == 0 && cmd[1] == 0)
 783              		.loc 1 65 5 view .LVU168
  66:../BLDCMotor/motor_protocol.c ****     {
 784              		.loc 1 66 5 view .LVU169
  66:../BLDCMotor/motor_protocol.c ****     {
 785              		.loc 1 66 12 is_stmt 0 view .LVU170
 786 0002 0378     		ldrb	r3, [r0]	@ zero_extendqisi2
  66:../BLDCMotor/motor_protocol.c ****     {
 787              		.loc 1 66 8 view .LVU171
 788 0004 0BB9     		cbnz	r3, .L72
  66:../BLDCMotor/motor_protocol.c ****     {
 789              		.loc 1 66 27 discriminator 1 view .LVU172
 790 0006 4378     		ldrb	r3, [r0, #1]	@ zero_extendqisi2
  66:../BLDCMotor/motor_protocol.c ****     {
 791              		.loc 1 66 21 discriminator 1 view .LVU173
 792 0008 1BB1     		cbz	r3, .L71
 793              	.L72:
  70:../BLDCMotor/motor_protocol.c ****     cmd_ID = _findcmd_from_map(cmd,sg_commandmap,mapSize);    
 794              		.loc 1 70 5 is_stmt 1 view .LVU174
 795              	.LVL58:
  71:../BLDCMotor/motor_protocol.c **** }
 796              		.loc 1 71 5 view .LVU175
  71:../BLDCMotor/motor_protocol.c **** }
 797              		.loc 1 71 14 is_stmt 0 view .LVU176
 798 000a 0922     		movs	r2, #9
 799 000c 0149     		ldr	r1, .L75
 800 000e FFF7FEFF 		bl	_findcmd_from_map
 801              	.LVL59:
 802              	.L71:
  72:../BLDCMotor/motor_protocol.c **** 
 803              		.loc 1 72 1 view .LVU177
 804 0012 08BD     		pop	{r3, pc}
 805              	.L76:
 806              		.align	2
 807              	.L75:
 808 0014 00000000 		.word	.LANCHOR1
 809              		.cfi_endproc
 810              	.LFE240:
 812              		.section	.text.motorprotocol_process,"ax",%progbits
 813              		.align	1
 814              		.global	motorprotocol_process
 815              		.syntax unified
 816              		.thumb
 817              		.thumb_func
 819              	motorprotocol_process:
ARM GAS  C:\Users\57308\AppData\Local\Temp\cc2nhO1N.s 			page 21


 820              	.LFB241:
  75:../BLDCMotor/motor_protocol.c ****     motorprotocol_pause(Rx_Buf);
 821              		.loc 1 75 1 is_stmt 1 view -0
 822              		.cfi_startproc
 823              		@ args = 0, pretend = 0, frame = 0
 824              		@ frame_needed = 0, uses_anonymous_args = 0
 825 0000 10B5     		push	{r4, lr}
 826              	.LCFI25:
 827              		.cfi_def_cfa_offset 8
 828              		.cfi_offset 4, -8
 829              		.cfi_offset 14, -4
  76:../BLDCMotor/motor_protocol.c ****     memset(Rx_Buf, 0, sizeof(Rx_Buf));
 830              		.loc 1 76 5 view .LVU179
 831 0002 054C     		ldr	r4, .L79
 832 0004 2046     		mov	r0, r4
 833 0006 FFF7FEFF 		bl	motorprotocol_pause
 834              	.LVL60:
  77:../BLDCMotor/motor_protocol.c **** }
 835              		.loc 1 77 5 view .LVU180
 836 000a F822     		movs	r2, #248
 837 000c 0021     		movs	r1, #0
 838 000e 2046     		mov	r0, r4
 839 0010 FFF7FEFF 		bl	memset
 840              	.LVL61:
  78:../BLDCMotor/motor_protocol.c **** void motorprotocol_tramit(char *pstr,uint16_t len)
 841              		.loc 1 78 1 is_stmt 0 view .LVU181
 842 0014 10BD     		pop	{r4, pc}
 843              	.L80:
 844 0016 00BF     		.align	2
 845              	.L79:
 846 0018 00000000 		.word	.LANCHOR0
 847              		.cfi_endproc
 848              	.LFE241:
 850              		.section	.text.motorprotocol_tramit,"ax",%progbits
 851              		.align	1
 852              		.global	motorprotocol_tramit
 853              		.syntax unified
 854              		.thumb
 855              		.thumb_func
 857              	motorprotocol_tramit:
 858              	.LVL62:
 859              	.LFB242:
  80:../BLDCMotor/motor_protocol.c ****     _bsp_protransmit((unsigned char *)pstr,len);
 860              		.loc 1 80 1 is_stmt 1 view -0
 861              		.cfi_startproc
 862              		@ args = 0, pretend = 0, frame = 0
 863              		@ frame_needed = 0, uses_anonymous_args = 0
  80:../BLDCMotor/motor_protocol.c ****     _bsp_protransmit((unsigned char *)pstr,len);
 864              		.loc 1 80 1 is_stmt 0 view .LVU183
 865 0000 08B5     		push	{r3, lr}
 866              	.LCFI26:
 867              		.cfi_def_cfa_offset 8
 868              		.cfi_offset 3, -8
 869              		.cfi_offset 14, -4
  81:../BLDCMotor/motor_protocol.c **** }
 870              		.loc 1 81 5 is_stmt 1 view .LVU184
 871 0002 FFF7FEFF 		bl	_bsp_protransmit
ARM GAS  C:\Users\57308\AppData\Local\Temp\cc2nhO1N.s 			page 22


 872              	.LVL63:
  82:../BLDCMotor/motor_protocol.c **** static void* _set_d_kp(char *str,int32_t kp)
 873              		.loc 1 82 1 is_stmt 0 view .LVU185
 874 0006 08BD     		pop	{r3, pc}
 875              		.cfi_endproc
 876              	.LFE242:
 878              		.global	sg_commandmap
 879              		.section	.rodata.str1.4,"aMS",%progbits,1
 880              		.align	2
 881              	.LC5:
 882 0000 6D635F74 		.ascii	"mc_tar_speed\000"
 882      61725F73 
 882      70656564 
 882      00
 883 000d 000000   		.align	2
 884              	.LC6:
 885 0010 6D635F74 		.ascii	"mc_tar_id\000"
 885      61725F69 
 885      6400
 886 001a 0000     		.align	2
 887              	.LC7:
 888 001c 6D635F74 		.ascii	"mc_tar_iq\000"
 888      61725F69 
 888      7100
 889 0026 0000     		.align	2
 890              	.LC8:
 891 0028 6D6F746F 		.ascii	"motor_stop\000"
 891      725F7374 
 891      6F7000
 892 0033 00       		.align	2
 893              	.LC9:
 894 0034 6D6F746F 		.ascii	"motor_start\000"
 894      725F7374 
 894      61727400 
 895              		.align	2
 896              	.LC10:
 897 0040 6D635F73 		.ascii	"mc_setd_kp\000"
 897      6574645F 
 897      6B7000
 898 004b 00       		.align	2
 899              	.LC11:
 900 004c 6D635F73 		.ascii	"mc_setd_ki\000"
 900      6574645F 
 900      6B6900
 901 0057 00       		.align	2
 902              	.LC12:
 903 0058 6D635F70 		.ascii	"mc_pid_paraset\000"
 903      69645F70 
 903      61726173 
 903      657400
 904              		.global	g_respondmap
 905 0067 00       		.align	2
 906              	.LC13:
 907 0068 6D6F746F 		.ascii	"motor state runing\000"
 907      72207374 
 907      61746520 
 907      72756E69 
ARM GAS  C:\Users\57308\AppData\Local\Temp\cc2nhO1N.s 			page 23


 907      6E6700
 908 007b 00       		.align	2
 909              	.LC14:
 910 007c 6D6F746F 		.ascii	"motor state stop\000"
 910      72207374 
 910      61746520 
 910      73746F70 
 910      00
 911              		.section	.bss.Rx_Buf,"aw",%nobits
 912              		.align	2
 913              		.set	.LANCHOR0,. + 0
 916              	Rx_Buf:
 917 0000 00000000 		.space	248
 917      00000000 
 917      00000000 
 917      00000000 
 917      00000000 
 918              		.section	.data.g_respondmap,"aw"
 919              		.align	2
 922              	g_respondmap:
 923 0000 68000000 		.word	.LC13
 924 0004 1300     		.short	19
 925 0006 0000     		.space	2
 926 0008 7C000000 		.word	.LC14
 927 000c 1100     		.short	17
 928 000e 0000     		.space	2
 929              		.section	.data.sg_commandmap,"aw"
 930              		.align	2
 931              		.set	.LANCHOR1,. + 0
 934              	sg_commandmap:
 935 0000 00000000 		.word	.LC5
 936 0004 0100     		.short	1
 937 0006 0000     		.space	2
 938 0008 00000000 		.word	0
 939 000c 10000000 		.word	.LC6
 940 0010 0200     		.short	2
 941 0012 0000     		.space	2
 942 0014 00000000 		.word	_set_tarid
 943 0018 1C000000 		.word	.LC7
 944 001c 0300     		.short	3
 945 001e 0000     		.space	2
 946 0020 00000000 		.word	_set_tariq
 947 0024 28000000 		.word	.LC8
 948 0028 0400     		.short	4
 949 002a 0000     		.space	2
 950 002c 00000000 		.word	_set_motorstop
 951 0030 34000000 		.word	.LC9
 952 0034 0500     		.short	5
 953 0036 0000     		.space	2
 954 0038 00000000 		.word	_set_motorstart
 955 003c 40000000 		.word	.LC10
 956 0040 0600     		.short	6
 957 0042 0000     		.space	2
 958 0044 00000000 		.word	_set_d_kp
 959 0048 4C000000 		.word	.LC11
 960 004c 0700     		.short	7
 961 004e 0000     		.space	2
ARM GAS  C:\Users\57308\AppData\Local\Temp\cc2nhO1N.s 			page 24


 962 0050 00000000 		.word	_set_d_ki
 963 0054 58000000 		.word	.LC12
 964 0058 0800     		.short	8
 965 005a 0000     		.space	2
 966 005c 00000000 		.word	_set_pidpara_cmd
 967 0060 00000000 		.word	.LC5
 968 0064 0900     		.short	9
 969 0066 0000     		.space	2
 970 0068 00000000 		.word	_set_tarspeed
 971              		.text
 972              	.Letext0:
 973              		.file 2 "d:\\program files\\gcc-arm-none-eabi-10.3-2021.10\\arm-none-eabi\\include\\machine\\_defa
 974              		.file 3 "d:\\program files\\gcc-arm-none-eabi-10.3-2021.10\\arm-none-eabi\\include\\sys\\_stdint.h
 975              		.file 4 "d:\\program files\\gcc-arm-none-eabi-10.3-2021.10\\lib\\gcc\\arm-none-eabi\\10.3.1\\inclu
 976              		.file 5 "../BLDCMotor/motorctrl_common.h"
 977              		.file 6 "../BLDCMotor/motor_protocol.h"
 978              		.file 7 "d:\\program files\\gcc-arm-none-eabi-10.3-2021.10\\arm-none-eabi\\include\\ctype.h"
 979              		.file 8 "d:\\program files\\gcc-arm-none-eabi-10.3-2021.10\\arm-none-eabi\\include\\string.h"
 980              		.file 9 "d:\\program files\\gcc-arm-none-eabi-10.3-2021.10\\arm-none-eabi\\include\\stdlib.h"
 981              		.file 10 "../Common/debuglog/SEGGER_RTT_V792h/RTT/SEGGER_RTT.h"
 982              		.file 11 "../protocol/protocol.h"
 983              		.file 12 "<built-in>"
ARM GAS  C:\Users\57308\AppData\Local\Temp\cc2nhO1N.s 			page 25


DEFINED SYMBOLS
                            *ABS*:00000000 motor_protocol.c
C:\Users\57308\AppData\Local\Temp\cc2nhO1N.s:20     .rodata._set_motorstart.str1.4:00000000 $d
C:\Users\57308\AppData\Local\Temp\cc2nhO1N.s:24     .text._set_motorstart:00000000 $t
C:\Users\57308\AppData\Local\Temp\cc2nhO1N.s:29     .text._set_motorstart:00000000 _set_motorstart
C:\Users\57308\AppData\Local\Temp\cc2nhO1N.s:52     .text._set_motorstart:0000000c $d
C:\Users\57308\AppData\Local\Temp\cc2nhO1N.s:58     .rodata._set_motorstop.str1.4:00000000 $d
C:\Users\57308\AppData\Local\Temp\cc2nhO1N.s:62     .text._set_motorstop:00000000 $t
C:\Users\57308\AppData\Local\Temp\cc2nhO1N.s:67     .text._set_motorstop:00000000 _set_motorstop
C:\Users\57308\AppData\Local\Temp\cc2nhO1N.s:89     .text._set_motorstop:0000000c $d
C:\Users\57308\AppData\Local\Temp\cc2nhO1N.s:95     .text._set_pidpara_cmd:00000000 $t
C:\Users\57308\AppData\Local\Temp\cc2nhO1N.s:100    .text._set_pidpara_cmd:00000000 _set_pidpara_cmd
C:\Users\57308\AppData\Local\Temp\cc2nhO1N.s:122    .text._set_pidpara_cmd:0000000c $d
C:\Users\57308\AppData\Local\Temp\cc2nhO1N.s:127    .text._findF_from_str:00000000 $t
C:\Users\57308\AppData\Local\Temp\cc2nhO1N.s:132    .text._findF_from_str:00000000 _findF_from_str
C:\Users\57308\AppData\Local\Temp\cc2nhO1N.s:281    .text._findF_from_str:00000068 $d
C:\Users\57308\AppData\Local\Temp\cc2nhO1N.s:286    .text._set_tarspeed:00000000 $t
C:\Users\57308\AppData\Local\Temp\cc2nhO1N.s:291    .text._set_tarspeed:00000000 _set_tarspeed
C:\Users\57308\AppData\Local\Temp\cc2nhO1N.s:336    .text._set_tarspeed:00000020 $d
C:\Users\57308\AppData\Local\Temp\cc2nhO1N.s:341    .text._set_d_ki:00000000 $t
C:\Users\57308\AppData\Local\Temp\cc2nhO1N.s:346    .text._set_d_ki:00000000 _set_d_ki
C:\Users\57308\AppData\Local\Temp\cc2nhO1N.s:391    .text._set_d_ki:00000020 $d
C:\Users\57308\AppData\Local\Temp\cc2nhO1N.s:396    .text._set_d_kp:00000000 $t
C:\Users\57308\AppData\Local\Temp\cc2nhO1N.s:401    .text._set_d_kp:00000000 _set_d_kp
C:\Users\57308\AppData\Local\Temp\cc2nhO1N.s:446    .text._set_d_kp:00000020 $d
C:\Users\57308\AppData\Local\Temp\cc2nhO1N.s:451    .text._set_tariq:00000000 $t
C:\Users\57308\AppData\Local\Temp\cc2nhO1N.s:456    .text._set_tariq:00000000 _set_tariq
C:\Users\57308\AppData\Local\Temp\cc2nhO1N.s:501    .text._set_tariq:00000020 $d
C:\Users\57308\AppData\Local\Temp\cc2nhO1N.s:506    .rodata._set_tarid.str1.4:00000000 $d
C:\Users\57308\AppData\Local\Temp\cc2nhO1N.s:510    .text._set_tarid:00000000 $t
C:\Users\57308\AppData\Local\Temp\cc2nhO1N.s:515    .text._set_tarid:00000000 _set_tarid
C:\Users\57308\AppData\Local\Temp\cc2nhO1N.s:572    .text._set_tarid:00000028 $d
C:\Users\57308\AppData\Local\Temp\cc2nhO1N.s:578    .rodata._findcmd_from_map.str1.4:00000000 $d
C:\Users\57308\AppData\Local\Temp\cc2nhO1N.s:585    .text._findcmd_from_map:00000000 $t
C:\Users\57308\AppData\Local\Temp\cc2nhO1N.s:590    .text._findcmd_from_map:00000000 _findcmd_from_map
C:\Users\57308\AppData\Local\Temp\cc2nhO1N.s:720    .text._findcmd_from_map:00000070 $d
C:\Users\57308\AppData\Local\Temp\cc2nhO1N.s:726    .text.motorprotocol_getdata:00000000 $t
C:\Users\57308\AppData\Local\Temp\cc2nhO1N.s:732    .text.motorprotocol_getdata:00000000 motorprotocol_getdata
C:\Users\57308\AppData\Local\Temp\cc2nhO1N.s:757    .text.motorprotocol_getdata:0000000c $d
C:\Users\57308\AppData\Local\Temp\cc2nhO1N.s:762    .text.motorprotocol_pause:00000000 $t
C:\Users\57308\AppData\Local\Temp\cc2nhO1N.s:768    .text.motorprotocol_pause:00000000 motorprotocol_pause
C:\Users\57308\AppData\Local\Temp\cc2nhO1N.s:808    .text.motorprotocol_pause:00000014 $d
C:\Users\57308\AppData\Local\Temp\cc2nhO1N.s:813    .text.motorprotocol_process:00000000 $t
C:\Users\57308\AppData\Local\Temp\cc2nhO1N.s:819    .text.motorprotocol_process:00000000 motorprotocol_process
C:\Users\57308\AppData\Local\Temp\cc2nhO1N.s:846    .text.motorprotocol_process:00000018 $d
C:\Users\57308\AppData\Local\Temp\cc2nhO1N.s:851    .text.motorprotocol_tramit:00000000 $t
C:\Users\57308\AppData\Local\Temp\cc2nhO1N.s:857    .text.motorprotocol_tramit:00000000 motorprotocol_tramit
C:\Users\57308\AppData\Local\Temp\cc2nhO1N.s:934    .data.sg_commandmap:00000000 sg_commandmap
C:\Users\57308\AppData\Local\Temp\cc2nhO1N.s:880    .rodata.str1.4:00000000 $d
C:\Users\57308\AppData\Local\Temp\cc2nhO1N.s:922    .data.g_respondmap:00000000 g_respondmap
C:\Users\57308\AppData\Local\Temp\cc2nhO1N.s:912    .bss.Rx_Buf:00000000 $d
C:\Users\57308\AppData\Local\Temp\cc2nhO1N.s:916    .bss.Rx_Buf:00000000 Rx_Buf
C:\Users\57308\AppData\Local\Temp\cc2nhO1N.s:919    .data.g_respondmap:00000000 $d
C:\Users\57308\AppData\Local\Temp\cc2nhO1N.s:930    .data.sg_commandmap:00000000 $d

UNDEFINED SYMBOLS
motordebug
ARM GAS  C:\Users\57308\AppData\Local\Temp\cc2nhO1N.s 			page 26


strchr
strtof
_ctype_
SEGGER_RTT_printf
strlen
strncmp
strcpy
memset
_bsp_protransmit
