ARM GAS  C:\Users\57308\AppData\Local\Temp\ccfyJOQu.s 			page 1


   1              		.cpu cortex-m4
   2              		.arch armv7e-m
   3              		.fpu fpv4-sp-d16
   4              		.eabi_attribute 27, 1
   5              		.eabi_attribute 28, 1
   6              		.eabi_attribute 20, 1
   7              		.eabi_attribute 21, 1
   8              		.eabi_attribute 23, 3
   9              		.eabi_attribute 24, 1
  10              		.eabi_attribute 25, 1
  11              		.eabi_attribute 26, 1
  12              		.eabi_attribute 30, 1
  13              		.eabi_attribute 34, 1
  14              		.eabi_attribute 18, 4
  15              		.file	"stm32f4xx_it.c"
  16              		.text
  17              	.Ltext0:
  18              		.cfi_sections	.debug_frame
  19              		.section	.text.NMI_Handler,"ax",%progbits
  20              		.align	1
  21              		.global	NMI_Handler
  22              		.syntax unified
  23              		.thumb
  24              		.thumb_func
  26              	NMI_Handler:
  27              	.LFB235:
  28              		.file 1 "Src/stm32f4xx_it.c"
   1:Src/stm32f4xx_it.c **** /* USER CODE BEGIN Header */
   2:Src/stm32f4xx_it.c **** /**
   3:Src/stm32f4xx_it.c ****   ******************************************************************************
   4:Src/stm32f4xx_it.c ****   * @file    stm32f4xx_it.c
   5:Src/stm32f4xx_it.c ****   * @brief   Interrupt Service Routines.
   6:Src/stm32f4xx_it.c ****   ******************************************************************************
   7:Src/stm32f4xx_it.c ****   * @attention
   8:Src/stm32f4xx_it.c ****   *
   9:Src/stm32f4xx_it.c ****   * Copyright (c) 2024 STMicroelectronics.
  10:Src/stm32f4xx_it.c ****   * All rights reserved.
  11:Src/stm32f4xx_it.c ****   *
  12:Src/stm32f4xx_it.c ****   * This software is licensed under terms that can be found in the LICENSE file
  13:Src/stm32f4xx_it.c ****   * in the root directory of this software component.
  14:Src/stm32f4xx_it.c ****   * If no LICENSE file comes with this software, it is provided AS-IS.
  15:Src/stm32f4xx_it.c ****   *
  16:Src/stm32f4xx_it.c ****   ******************************************************************************
  17:Src/stm32f4xx_it.c ****   */
  18:Src/stm32f4xx_it.c **** /* USER CODE END Header */
  19:Src/stm32f4xx_it.c **** 
  20:Src/stm32f4xx_it.c **** /* Includes ------------------------------------------------------------------*/
  21:Src/stm32f4xx_it.c **** #include "main.h"
  22:Src/stm32f4xx_it.c **** #include "stm32f4xx_it.h"
  23:Src/stm32f4xx_it.c **** /* Private includes ----------------------------------------------------------*/
  24:Src/stm32f4xx_it.c **** /* USER CODE BEGIN Includes */
  25:Src/stm32f4xx_it.c **** /* USER CODE END Includes */
  26:Src/stm32f4xx_it.c **** 
  27:Src/stm32f4xx_it.c **** /* Private typedef -----------------------------------------------------------*/
  28:Src/stm32f4xx_it.c **** /* USER CODE BEGIN TD */
  29:Src/stm32f4xx_it.c **** 
  30:Src/stm32f4xx_it.c **** /* USER CODE END TD */
ARM GAS  C:\Users\57308\AppData\Local\Temp\ccfyJOQu.s 			page 2


  31:Src/stm32f4xx_it.c **** 
  32:Src/stm32f4xx_it.c **** /* Private define ------------------------------------------------------------*/
  33:Src/stm32f4xx_it.c **** /* USER CODE BEGIN PD */
  34:Src/stm32f4xx_it.c **** 
  35:Src/stm32f4xx_it.c **** /* USER CODE END PD */
  36:Src/stm32f4xx_it.c **** 
  37:Src/stm32f4xx_it.c **** /* Private macro -------------------------------------------------------------*/
  38:Src/stm32f4xx_it.c **** /* USER CODE BEGIN PM */
  39:Src/stm32f4xx_it.c **** 
  40:Src/stm32f4xx_it.c **** /* USER CODE END PM */
  41:Src/stm32f4xx_it.c **** 
  42:Src/stm32f4xx_it.c **** /* Private variables ---------------------------------------------------------*/
  43:Src/stm32f4xx_it.c **** /* USER CODE BEGIN PV */
  44:Src/stm32f4xx_it.c **** 
  45:Src/stm32f4xx_it.c **** /* USER CODE END PV */
  46:Src/stm32f4xx_it.c **** 
  47:Src/stm32f4xx_it.c **** /* Private function prototypes -----------------------------------------------*/
  48:Src/stm32f4xx_it.c **** /* USER CODE BEGIN PFP */
  49:Src/stm32f4xx_it.c **** extern void USER_UART_IRQHandler(UART_HandleTypeDef *huart);
  50:Src/stm32f4xx_it.c **** 
  51:Src/stm32f4xx_it.c **** /* USER CODE END PFP */
  52:Src/stm32f4xx_it.c **** 
  53:Src/stm32f4xx_it.c **** /* Private user code ---------------------------------------------------------*/
  54:Src/stm32f4xx_it.c **** /* USER CODE BEGIN 0 */
  55:Src/stm32f4xx_it.c **** 
  56:Src/stm32f4xx_it.c **** /* USER CODE END 0 */
  57:Src/stm32f4xx_it.c **** 
  58:Src/stm32f4xx_it.c **** /* External variables --------------------------------------------------------*/
  59:Src/stm32f4xx_it.c **** extern ADC_HandleTypeDef hadc2;
  60:Src/stm32f4xx_it.c **** extern DMA_HandleTypeDef hdma_usart2_tx;
  61:Src/stm32f4xx_it.c **** extern UART_HandleTypeDef huart2;
  62:Src/stm32f4xx_it.c **** /* USER CODE BEGIN EV */
  63:Src/stm32f4xx_it.c **** 
  64:Src/stm32f4xx_it.c **** /* USER CODE END EV */
  65:Src/stm32f4xx_it.c **** 
  66:Src/stm32f4xx_it.c **** /******************************************************************************/
  67:Src/stm32f4xx_it.c **** /*           Cortex-M4 Processor Interruption and Exception Handlers          */
  68:Src/stm32f4xx_it.c **** /******************************************************************************/
  69:Src/stm32f4xx_it.c **** /**
  70:Src/stm32f4xx_it.c ****   * @brief This function handles Non maskable interrupt.
  71:Src/stm32f4xx_it.c ****   */
  72:Src/stm32f4xx_it.c **** void NMI_Handler(void)
  73:Src/stm32f4xx_it.c **** {
  29              		.loc 1 73 1 view -0
  30              		.cfi_startproc
  31              		@ Volatile: function does not return.
  32              		@ args = 0, pretend = 0, frame = 0
  33              		@ frame_needed = 0, uses_anonymous_args = 0
  34              		@ link register save eliminated.
  35              	.L2:
  74:Src/stm32f4xx_it.c ****   /* USER CODE BEGIN NonMaskableInt_IRQn 0 */
  75:Src/stm32f4xx_it.c **** 
  76:Src/stm32f4xx_it.c ****   /* USER CODE END NonMaskableInt_IRQn 0 */
  77:Src/stm32f4xx_it.c ****   /* USER CODE BEGIN NonMaskableInt_IRQn 1 */
  78:Src/stm32f4xx_it.c ****   while (1)
  36              		.loc 1 78 3 discriminator 1 view .LVU1
  79:Src/stm32f4xx_it.c ****   {
ARM GAS  C:\Users\57308\AppData\Local\Temp\ccfyJOQu.s 			page 3


  80:Src/stm32f4xx_it.c ****   }
  37              		.loc 1 80 3 discriminator 1 view .LVU2
  78:Src/stm32f4xx_it.c ****   {
  38              		.loc 1 78 9 discriminator 1 view .LVU3
  39 0000 FEE7     		b	.L2
  40              		.cfi_endproc
  41              	.LFE235:
  43              		.section	.text.HardFault_Handler,"ax",%progbits
  44              		.align	1
  45              		.global	HardFault_Handler
  46              		.syntax unified
  47              		.thumb
  48              		.thumb_func
  50              	HardFault_Handler:
  51              	.LFB236:
  81:Src/stm32f4xx_it.c ****   /* USER CODE END NonMaskableInt_IRQn 1 */
  82:Src/stm32f4xx_it.c **** }
  83:Src/stm32f4xx_it.c **** 
  84:Src/stm32f4xx_it.c **** /**
  85:Src/stm32f4xx_it.c ****   * @brief This function handles Hard fault interrupt.
  86:Src/stm32f4xx_it.c ****   */
  87:Src/stm32f4xx_it.c **** void HardFault_Handler(void)
  88:Src/stm32f4xx_it.c **** {
  52              		.loc 1 88 1 view -0
  53              		.cfi_startproc
  54              		@ Volatile: function does not return.
  55              		@ args = 0, pretend = 0, frame = 0
  56              		@ frame_needed = 0, uses_anonymous_args = 0
  57              		@ link register save eliminated.
  58              	.L4:
  89:Src/stm32f4xx_it.c ****   /* USER CODE BEGIN HardFault_IRQn 0 */
  90:Src/stm32f4xx_it.c **** 
  91:Src/stm32f4xx_it.c ****   /* USER CODE END HardFault_IRQn 0 */
  92:Src/stm32f4xx_it.c ****   while (1)
  59              		.loc 1 92 3 discriminator 1 view .LVU5
  93:Src/stm32f4xx_it.c ****   {
  94:Src/stm32f4xx_it.c ****     /* USER CODE BEGIN W1_HardFault_IRQn 0 */
  95:Src/stm32f4xx_it.c ****     /* USER CODE END W1_HardFault_IRQn 0 */
  96:Src/stm32f4xx_it.c ****   }
  60              		.loc 1 96 3 discriminator 1 view .LVU6
  92:Src/stm32f4xx_it.c ****   {
  61              		.loc 1 92 9 discriminator 1 view .LVU7
  62 0000 FEE7     		b	.L4
  63              		.cfi_endproc
  64              	.LFE236:
  66              		.section	.text.MemManage_Handler,"ax",%progbits
  67              		.align	1
  68              		.global	MemManage_Handler
  69              		.syntax unified
  70              		.thumb
  71              		.thumb_func
  73              	MemManage_Handler:
  74              	.LFB237:
  97:Src/stm32f4xx_it.c **** }
  98:Src/stm32f4xx_it.c **** 
  99:Src/stm32f4xx_it.c **** /**
 100:Src/stm32f4xx_it.c ****   * @brief This function handles Memory management fault.
ARM GAS  C:\Users\57308\AppData\Local\Temp\ccfyJOQu.s 			page 4


 101:Src/stm32f4xx_it.c ****   */
 102:Src/stm32f4xx_it.c **** void MemManage_Handler(void)
 103:Src/stm32f4xx_it.c **** {
  75              		.loc 1 103 1 view -0
  76              		.cfi_startproc
  77              		@ Volatile: function does not return.
  78              		@ args = 0, pretend = 0, frame = 0
  79              		@ frame_needed = 0, uses_anonymous_args = 0
  80              		@ link register save eliminated.
  81              	.L6:
 104:Src/stm32f4xx_it.c ****   /* USER CODE BEGIN MemoryManagement_IRQn 0 */
 105:Src/stm32f4xx_it.c **** 
 106:Src/stm32f4xx_it.c ****   /* USER CODE END MemoryManagement_IRQn 0 */
 107:Src/stm32f4xx_it.c ****   while (1)
  82              		.loc 1 107 3 discriminator 1 view .LVU9
 108:Src/stm32f4xx_it.c ****   {
 109:Src/stm32f4xx_it.c ****     /* USER CODE BEGIN W1_MemoryManagement_IRQn 0 */
 110:Src/stm32f4xx_it.c ****     /* USER CODE END W1_MemoryManagement_IRQn 0 */
 111:Src/stm32f4xx_it.c ****   }
  83              		.loc 1 111 3 discriminator 1 view .LVU10
 107:Src/stm32f4xx_it.c ****   {
  84              		.loc 1 107 9 discriminator 1 view .LVU11
  85 0000 FEE7     		b	.L6
  86              		.cfi_endproc
  87              	.LFE237:
  89              		.section	.text.BusFault_Handler,"ax",%progbits
  90              		.align	1
  91              		.global	BusFault_Handler
  92              		.syntax unified
  93              		.thumb
  94              		.thumb_func
  96              	BusFault_Handler:
  97              	.LFB238:
 112:Src/stm32f4xx_it.c **** }
 113:Src/stm32f4xx_it.c **** 
 114:Src/stm32f4xx_it.c **** /**
 115:Src/stm32f4xx_it.c ****   * @brief This function handles Pre-fetch fault, memory access fault.
 116:Src/stm32f4xx_it.c ****   */
 117:Src/stm32f4xx_it.c **** void BusFault_Handler(void)
 118:Src/stm32f4xx_it.c **** {
  98              		.loc 1 118 1 view -0
  99              		.cfi_startproc
 100              		@ Volatile: function does not return.
 101              		@ args = 0, pretend = 0, frame = 0
 102              		@ frame_needed = 0, uses_anonymous_args = 0
 103              		@ link register save eliminated.
 104              	.L8:
 119:Src/stm32f4xx_it.c ****   /* USER CODE BEGIN BusFault_IRQn 0 */
 120:Src/stm32f4xx_it.c **** 
 121:Src/stm32f4xx_it.c ****   /* USER CODE END BusFault_IRQn 0 */
 122:Src/stm32f4xx_it.c ****   while (1)
 105              		.loc 1 122 3 discriminator 1 view .LVU13
 123:Src/stm32f4xx_it.c ****   {
 124:Src/stm32f4xx_it.c ****     /* USER CODE BEGIN W1_BusFault_IRQn 0 */
 125:Src/stm32f4xx_it.c ****     /* USER CODE END W1_BusFault_IRQn 0 */
 126:Src/stm32f4xx_it.c ****   }
 106              		.loc 1 126 3 discriminator 1 view .LVU14
ARM GAS  C:\Users\57308\AppData\Local\Temp\ccfyJOQu.s 			page 5


 122:Src/stm32f4xx_it.c ****   {
 107              		.loc 1 122 9 discriminator 1 view .LVU15
 108 0000 FEE7     		b	.L8
 109              		.cfi_endproc
 110              	.LFE238:
 112              		.section	.text.UsageFault_Handler,"ax",%progbits
 113              		.align	1
 114              		.global	UsageFault_Handler
 115              		.syntax unified
 116              		.thumb
 117              		.thumb_func
 119              	UsageFault_Handler:
 120              	.LFB239:
 127:Src/stm32f4xx_it.c **** }
 128:Src/stm32f4xx_it.c **** 
 129:Src/stm32f4xx_it.c **** /**
 130:Src/stm32f4xx_it.c ****   * @brief This function handles Undefined instruction or illegal state.
 131:Src/stm32f4xx_it.c ****   */
 132:Src/stm32f4xx_it.c **** void UsageFault_Handler(void)
 133:Src/stm32f4xx_it.c **** {
 121              		.loc 1 133 1 view -0
 122              		.cfi_startproc
 123              		@ Volatile: function does not return.
 124              		@ args = 0, pretend = 0, frame = 0
 125              		@ frame_needed = 0, uses_anonymous_args = 0
 126              		@ link register save eliminated.
 127              	.L10:
 134:Src/stm32f4xx_it.c ****   /* USER CODE BEGIN UsageFault_IRQn 0 */
 135:Src/stm32f4xx_it.c **** 
 136:Src/stm32f4xx_it.c ****   /* USER CODE END UsageFault_IRQn 0 */
 137:Src/stm32f4xx_it.c ****   while (1)
 128              		.loc 1 137 3 discriminator 1 view .LVU17
 138:Src/stm32f4xx_it.c ****   {
 139:Src/stm32f4xx_it.c ****     /* USER CODE BEGIN W1_UsageFault_IRQn 0 */
 140:Src/stm32f4xx_it.c ****     /* USER CODE END W1_UsageFault_IRQn 0 */
 141:Src/stm32f4xx_it.c ****   }
 129              		.loc 1 141 3 discriminator 1 view .LVU18
 137:Src/stm32f4xx_it.c ****   {
 130              		.loc 1 137 9 discriminator 1 view .LVU19
 131 0000 FEE7     		b	.L10
 132              		.cfi_endproc
 133              	.LFE239:
 135              		.section	.text.SVC_Handler,"ax",%progbits
 136              		.align	1
 137              		.global	SVC_Handler
 138              		.syntax unified
 139              		.thumb
 140              		.thumb_func
 142              	SVC_Handler:
 143              	.LFB240:
 142:Src/stm32f4xx_it.c **** }
 143:Src/stm32f4xx_it.c **** 
 144:Src/stm32f4xx_it.c **** /**
 145:Src/stm32f4xx_it.c ****   * @brief This function handles System service call via SWI instruction.
 146:Src/stm32f4xx_it.c ****   */
 147:Src/stm32f4xx_it.c **** void SVC_Handler(void)
 148:Src/stm32f4xx_it.c **** {
ARM GAS  C:\Users\57308\AppData\Local\Temp\ccfyJOQu.s 			page 6


 144              		.loc 1 148 1 view -0
 145              		.cfi_startproc
 146              		@ args = 0, pretend = 0, frame = 0
 147              		@ frame_needed = 0, uses_anonymous_args = 0
 148              		@ link register save eliminated.
 149:Src/stm32f4xx_it.c ****   /* USER CODE BEGIN SVCall_IRQn 0 */
 150:Src/stm32f4xx_it.c **** 
 151:Src/stm32f4xx_it.c ****   /* USER CODE END SVCall_IRQn 0 */
 152:Src/stm32f4xx_it.c ****   /* USER CODE BEGIN SVCall_IRQn 1 */
 153:Src/stm32f4xx_it.c **** 
 154:Src/stm32f4xx_it.c ****   /* USER CODE END SVCall_IRQn 1 */
 155:Src/stm32f4xx_it.c **** }
 149              		.loc 1 155 1 view .LVU21
 150 0000 7047     		bx	lr
 151              		.cfi_endproc
 152              	.LFE240:
 154              		.section	.text.DebugMon_Handler,"ax",%progbits
 155              		.align	1
 156              		.global	DebugMon_Handler
 157              		.syntax unified
 158              		.thumb
 159              		.thumb_func
 161              	DebugMon_Handler:
 162              	.LFB241:
 156:Src/stm32f4xx_it.c **** 
 157:Src/stm32f4xx_it.c **** /**
 158:Src/stm32f4xx_it.c ****   * @brief This function handles Debug monitor.
 159:Src/stm32f4xx_it.c ****   */
 160:Src/stm32f4xx_it.c **** void DebugMon_Handler(void)
 161:Src/stm32f4xx_it.c **** {
 163              		.loc 1 161 1 view -0
 164              		.cfi_startproc
 165              		@ args = 0, pretend = 0, frame = 0
 166              		@ frame_needed = 0, uses_anonymous_args = 0
 167              		@ link register save eliminated.
 162:Src/stm32f4xx_it.c ****   /* USER CODE BEGIN DebugMonitor_IRQn 0 */
 163:Src/stm32f4xx_it.c **** 
 164:Src/stm32f4xx_it.c ****   /* USER CODE END DebugMonitor_IRQn 0 */
 165:Src/stm32f4xx_it.c ****   /* USER CODE BEGIN DebugMonitor_IRQn 1 */
 166:Src/stm32f4xx_it.c **** 
 167:Src/stm32f4xx_it.c ****   /* USER CODE END DebugMonitor_IRQn 1 */
 168:Src/stm32f4xx_it.c **** }
 168              		.loc 1 168 1 view .LVU23
 169 0000 7047     		bx	lr
 170              		.cfi_endproc
 171              	.LFE241:
 173              		.section	.text.PendSV_Handler,"ax",%progbits
 174              		.align	1
 175              		.global	PendSV_Handler
 176              		.syntax unified
 177              		.thumb
 178              		.thumb_func
 180              	PendSV_Handler:
 181              	.LFB242:
 169:Src/stm32f4xx_it.c **** 
 170:Src/stm32f4xx_it.c **** /**
 171:Src/stm32f4xx_it.c ****   * @brief This function handles Pendable request for system service.
ARM GAS  C:\Users\57308\AppData\Local\Temp\ccfyJOQu.s 			page 7


 172:Src/stm32f4xx_it.c ****   */
 173:Src/stm32f4xx_it.c **** void PendSV_Handler(void)
 174:Src/stm32f4xx_it.c **** {
 182              		.loc 1 174 1 view -0
 183              		.cfi_startproc
 184              		@ args = 0, pretend = 0, frame = 0
 185              		@ frame_needed = 0, uses_anonymous_args = 0
 186              		@ link register save eliminated.
 175:Src/stm32f4xx_it.c ****   /* USER CODE BEGIN PendSV_IRQn 0 */
 176:Src/stm32f4xx_it.c **** 
 177:Src/stm32f4xx_it.c ****   /* USER CODE END PendSV_IRQn 0 */
 178:Src/stm32f4xx_it.c ****   /* USER CODE BEGIN PendSV_IRQn 1 */
 179:Src/stm32f4xx_it.c **** 
 180:Src/stm32f4xx_it.c ****   /* USER CODE END PendSV_IRQn 1 */
 181:Src/stm32f4xx_it.c **** }
 187              		.loc 1 181 1 view .LVU25
 188 0000 7047     		bx	lr
 189              		.cfi_endproc
 190              	.LFE242:
 192              		.section	.text.SysTick_Handler,"ax",%progbits
 193              		.align	1
 194              		.global	SysTick_Handler
 195              		.syntax unified
 196              		.thumb
 197              		.thumb_func
 199              	SysTick_Handler:
 200              	.LFB243:
 182:Src/stm32f4xx_it.c **** 
 183:Src/stm32f4xx_it.c **** /**
 184:Src/stm32f4xx_it.c ****   * @brief This function handles System tick timer.
 185:Src/stm32f4xx_it.c ****   */
 186:Src/stm32f4xx_it.c **** void SysTick_Handler(void)
 187:Src/stm32f4xx_it.c **** {
 201              		.loc 1 187 1 view -0
 202              		.cfi_startproc
 203              		@ args = 0, pretend = 0, frame = 0
 204              		@ frame_needed = 0, uses_anonymous_args = 0
 205 0000 08B5     		push	{r3, lr}
 206              	.LCFI0:
 207              		.cfi_def_cfa_offset 8
 208              		.cfi_offset 3, -8
 209              		.cfi_offset 14, -4
 188:Src/stm32f4xx_it.c ****   /* USER CODE BEGIN SysTick_IRQn 0 */
 189:Src/stm32f4xx_it.c **** 
 190:Src/stm32f4xx_it.c ****   /* USER CODE END SysTick_IRQn 0 */
 191:Src/stm32f4xx_it.c ****   HAL_IncTick();
 210              		.loc 1 191 3 view .LVU27
 211 0002 FFF7FEFF 		bl	HAL_IncTick
 212              	.LVL0:
 192:Src/stm32f4xx_it.c ****   /* USER CODE BEGIN SysTick_IRQn 1 */
 193:Src/stm32f4xx_it.c **** 
 194:Src/stm32f4xx_it.c ****   /* USER CODE END SysTick_IRQn 1 */
 195:Src/stm32f4xx_it.c **** }
 213              		.loc 1 195 1 is_stmt 0 view .LVU28
 214 0006 08BD     		pop	{r3, pc}
 215              		.cfi_endproc
 216              	.LFE243:
ARM GAS  C:\Users\57308\AppData\Local\Temp\ccfyJOQu.s 			page 8


 218              		.section	.text.DMA1_Stream6_IRQHandler,"ax",%progbits
 219              		.align	1
 220              		.global	DMA1_Stream6_IRQHandler
 221              		.syntax unified
 222              		.thumb
 223              		.thumb_func
 225              	DMA1_Stream6_IRQHandler:
 226              	.LFB244:
 196:Src/stm32f4xx_it.c **** 
 197:Src/stm32f4xx_it.c **** /******************************************************************************/
 198:Src/stm32f4xx_it.c **** /* STM32F4xx Peripheral Interrupt Handlers                                    */
 199:Src/stm32f4xx_it.c **** /* Add here the Interrupt Handlers for the used peripherals.                  */
 200:Src/stm32f4xx_it.c **** /* For the available peripheral interrupt handler names,                      */
 201:Src/stm32f4xx_it.c **** /* please refer to the startup file (startup_stm32f4xx.s).                    */
 202:Src/stm32f4xx_it.c **** /******************************************************************************/
 203:Src/stm32f4xx_it.c **** 
 204:Src/stm32f4xx_it.c **** /**
 205:Src/stm32f4xx_it.c ****   * @brief This function handles DMA1 stream6 global interrupt.
 206:Src/stm32f4xx_it.c ****   */
 207:Src/stm32f4xx_it.c **** void DMA1_Stream6_IRQHandler(void)
 208:Src/stm32f4xx_it.c **** {
 227              		.loc 1 208 1 is_stmt 1 view -0
 228              		.cfi_startproc
 229              		@ args = 0, pretend = 0, frame = 0
 230              		@ frame_needed = 0, uses_anonymous_args = 0
 231 0000 08B5     		push	{r3, lr}
 232              	.LCFI1:
 233              		.cfi_def_cfa_offset 8
 234              		.cfi_offset 3, -8
 235              		.cfi_offset 14, -4
 209:Src/stm32f4xx_it.c ****   /* USER CODE BEGIN DMA1_Stream6_IRQn 0 */
 210:Src/stm32f4xx_it.c **** 
 211:Src/stm32f4xx_it.c ****   /* USER CODE END DMA1_Stream6_IRQn 0 */
 212:Src/stm32f4xx_it.c ****   HAL_DMA_IRQHandler(&hdma_usart2_tx);
 236              		.loc 1 212 3 view .LVU30
 237 0002 0248     		ldr	r0, .L18
 238 0004 FFF7FEFF 		bl	HAL_DMA_IRQHandler
 239              	.LVL1:
 213:Src/stm32f4xx_it.c ****   /* USER CODE BEGIN DMA1_Stream6_IRQn 1 */
 214:Src/stm32f4xx_it.c **** 
 215:Src/stm32f4xx_it.c ****   /* USER CODE END DMA1_Stream6_IRQn 1 */
 216:Src/stm32f4xx_it.c **** }
 240              		.loc 1 216 1 is_stmt 0 view .LVU31
 241 0008 08BD     		pop	{r3, pc}
 242              	.L19:
 243 000a 00BF     		.align	2
 244              	.L18:
 245 000c 00000000 		.word	hdma_usart2_tx
 246              		.cfi_endproc
 247              	.LFE244:
 249              		.section	.text.ADC_IRQHandler,"ax",%progbits
 250              		.align	1
 251              		.global	ADC_IRQHandler
 252              		.syntax unified
 253              		.thumb
 254              		.thumb_func
 256              	ADC_IRQHandler:
ARM GAS  C:\Users\57308\AppData\Local\Temp\ccfyJOQu.s 			page 9


 257              	.LFB245:
 217:Src/stm32f4xx_it.c **** 
 218:Src/stm32f4xx_it.c **** /**
 219:Src/stm32f4xx_it.c ****   * @brief This function handles ADC1, ADC2 and ADC3 global interrupts.
 220:Src/stm32f4xx_it.c ****   */
 221:Src/stm32f4xx_it.c **** void ADC_IRQHandler(void)
 222:Src/stm32f4xx_it.c **** {
 258              		.loc 1 222 1 is_stmt 1 view -0
 259              		.cfi_startproc
 260              		@ args = 0, pretend = 0, frame = 0
 261              		@ frame_needed = 0, uses_anonymous_args = 0
 262 0000 08B5     		push	{r3, lr}
 263              	.LCFI2:
 264              		.cfi_def_cfa_offset 8
 265              		.cfi_offset 3, -8
 266              		.cfi_offset 14, -4
 223:Src/stm32f4xx_it.c ****   /* USER CODE BEGIN ADC_IRQn 0 */
 224:Src/stm32f4xx_it.c **** 
 225:Src/stm32f4xx_it.c ****   /* USER CODE END ADC_IRQn 0 */
 226:Src/stm32f4xx_it.c ****   HAL_ADC_IRQHandler(&hadc2);
 267              		.loc 1 226 3 view .LVU33
 268 0002 0248     		ldr	r0, .L22
 269 0004 FFF7FEFF 		bl	HAL_ADC_IRQHandler
 270              	.LVL2:
 227:Src/stm32f4xx_it.c ****   /* USER CODE BEGIN ADC_IRQn 1 */
 228:Src/stm32f4xx_it.c **** 
 229:Src/stm32f4xx_it.c ****   /* USER CODE END ADC_IRQn 1 */
 230:Src/stm32f4xx_it.c **** }
 271              		.loc 1 230 1 is_stmt 0 view .LVU34
 272 0008 08BD     		pop	{r3, pc}
 273              	.L23:
 274 000a 00BF     		.align	2
 275              	.L22:
 276 000c 00000000 		.word	hadc2
 277              		.cfi_endproc
 278              	.LFE245:
 280              		.section	.text.USART2_IRQHandler,"ax",%progbits
 281              		.align	1
 282              		.global	USART2_IRQHandler
 283              		.syntax unified
 284              		.thumb
 285              		.thumb_func
 287              	USART2_IRQHandler:
 288              	.LFB246:
 231:Src/stm32f4xx_it.c **** 
 232:Src/stm32f4xx_it.c **** /**
 233:Src/stm32f4xx_it.c ****   * @brief This function handles USART2 global interrupt.
 234:Src/stm32f4xx_it.c ****   */
 235:Src/stm32f4xx_it.c **** void USART2_IRQHandler(void)
 236:Src/stm32f4xx_it.c **** {
 289              		.loc 1 236 1 is_stmt 1 view -0
 290              		.cfi_startproc
 291              		@ args = 0, pretend = 0, frame = 0
 292              		@ frame_needed = 0, uses_anonymous_args = 0
 293 0000 10B5     		push	{r4, lr}
 294              	.LCFI3:
 295              		.cfi_def_cfa_offset 8
ARM GAS  C:\Users\57308\AppData\Local\Temp\ccfyJOQu.s 			page 10


 296              		.cfi_offset 4, -8
 297              		.cfi_offset 14, -4
 237:Src/stm32f4xx_it.c ****   /* USER CODE BEGIN USART2_IRQn 0 */
 238:Src/stm32f4xx_it.c **** 
 239:Src/stm32f4xx_it.c ****   /* USER CODE END USART2_IRQn 0 */
 240:Src/stm32f4xx_it.c ****   HAL_UART_IRQHandler(&huart2);
 298              		.loc 1 240 3 view .LVU36
 299 0002 044C     		ldr	r4, .L26
 300 0004 2046     		mov	r0, r4
 301 0006 FFF7FEFF 		bl	HAL_UART_IRQHandler
 302              	.LVL3:
 241:Src/stm32f4xx_it.c ****   /* USER CODE BEGIN USART2_IRQn 1 */
 242:Src/stm32f4xx_it.c ****   USER_UART_IRQHandler(&huart2);
 303              		.loc 1 242 3 view .LVU37
 304 000a 2046     		mov	r0, r4
 305 000c FFF7FEFF 		bl	USER_UART_IRQHandler
 306              	.LVL4:
 243:Src/stm32f4xx_it.c ****   /* USER CODE END USART2_IRQn 1 */
 244:Src/stm32f4xx_it.c **** }
 307              		.loc 1 244 1 is_stmt 0 view .LVU38
 308 0010 10BD     		pop	{r4, pc}
 309              	.L27:
 310 0012 00BF     		.align	2
 311              	.L26:
 312 0014 00000000 		.word	huart2
 313              		.cfi_endproc
 314              	.LFE246:
 316              		.text
 317              	.Letext0:
 318              		.file 2 "d:\\program files\\gcc-arm-none-eabi-10.3-2021.10\\arm-none-eabi\\include\\machine\\_defa
 319              		.file 3 "d:\\program files\\gcc-arm-none-eabi-10.3-2021.10\\arm-none-eabi\\include\\sys\\_stdint.h
 320              		.file 4 "Drivers/CMSIS/Device/ST/STM32F4xx/Include/stm32f405xx.h"
 321              		.file 5 "Drivers/CMSIS/Device/ST/STM32F4xx/Include/stm32f4xx.h"
 322              		.file 6 "Drivers/STM32F4xx_HAL_Driver/Inc/stm32f4xx_hal_def.h"
 323              		.file 7 "Drivers/STM32F4xx_HAL_Driver/Inc/stm32f4xx_hal_dma.h"
 324              		.file 8 "Drivers/STM32F4xx_HAL_Driver/Inc/stm32f4xx_hal_adc.h"
 325              		.file 9 "Drivers/STM32F4xx_HAL_Driver/Inc/stm32f4xx_hal_uart.h"
 326              		.file 10 "Drivers/STM32F4xx_HAL_Driver/Inc/stm32f4xx_hal.h"
ARM GAS  C:\Users\57308\AppData\Local\Temp\ccfyJOQu.s 			page 11


DEFINED SYMBOLS
                            *ABS*:00000000 stm32f4xx_it.c
C:\Users\57308\AppData\Local\Temp\ccfyJOQu.s:20     .text.NMI_Handler:00000000 $t
C:\Users\57308\AppData\Local\Temp\ccfyJOQu.s:26     .text.NMI_Handler:00000000 NMI_Handler
C:\Users\57308\AppData\Local\Temp\ccfyJOQu.s:44     .text.HardFault_Handler:00000000 $t
C:\Users\57308\AppData\Local\Temp\ccfyJOQu.s:50     .text.HardFault_Handler:00000000 HardFault_Handler
C:\Users\57308\AppData\Local\Temp\ccfyJOQu.s:67     .text.MemManage_Handler:00000000 $t
C:\Users\57308\AppData\Local\Temp\ccfyJOQu.s:73     .text.MemManage_Handler:00000000 MemManage_Handler
C:\Users\57308\AppData\Local\Temp\ccfyJOQu.s:90     .text.BusFault_Handler:00000000 $t
C:\Users\57308\AppData\Local\Temp\ccfyJOQu.s:96     .text.BusFault_Handler:00000000 BusFault_Handler
C:\Users\57308\AppData\Local\Temp\ccfyJOQu.s:113    .text.UsageFault_Handler:00000000 $t
C:\Users\57308\AppData\Local\Temp\ccfyJOQu.s:119    .text.UsageFault_Handler:00000000 UsageFault_Handler
C:\Users\57308\AppData\Local\Temp\ccfyJOQu.s:136    .text.SVC_Handler:00000000 $t
C:\Users\57308\AppData\Local\Temp\ccfyJOQu.s:142    .text.SVC_Handler:00000000 SVC_Handler
C:\Users\57308\AppData\Local\Temp\ccfyJOQu.s:155    .text.DebugMon_Handler:00000000 $t
C:\Users\57308\AppData\Local\Temp\ccfyJOQu.s:161    .text.DebugMon_Handler:00000000 DebugMon_Handler
C:\Users\57308\AppData\Local\Temp\ccfyJOQu.s:174    .text.PendSV_Handler:00000000 $t
C:\Users\57308\AppData\Local\Temp\ccfyJOQu.s:180    .text.PendSV_Handler:00000000 PendSV_Handler
C:\Users\57308\AppData\Local\Temp\ccfyJOQu.s:193    .text.SysTick_Handler:00000000 $t
C:\Users\57308\AppData\Local\Temp\ccfyJOQu.s:199    .text.SysTick_Handler:00000000 SysTick_Handler
C:\Users\57308\AppData\Local\Temp\ccfyJOQu.s:219    .text.DMA1_Stream6_IRQHandler:00000000 $t
C:\Users\57308\AppData\Local\Temp\ccfyJOQu.s:225    .text.DMA1_Stream6_IRQHandler:00000000 DMA1_Stream6_IRQHandler
C:\Users\57308\AppData\Local\Temp\ccfyJOQu.s:245    .text.DMA1_Stream6_IRQHandler:0000000c $d
C:\Users\57308\AppData\Local\Temp\ccfyJOQu.s:250    .text.ADC_IRQHandler:00000000 $t
C:\Users\57308\AppData\Local\Temp\ccfyJOQu.s:256    .text.ADC_IRQHandler:00000000 ADC_IRQHandler
C:\Users\57308\AppData\Local\Temp\ccfyJOQu.s:276    .text.ADC_IRQHandler:0000000c $d
C:\Users\57308\AppData\Local\Temp\ccfyJOQu.s:281    .text.USART2_IRQHandler:00000000 $t
C:\Users\57308\AppData\Local\Temp\ccfyJOQu.s:287    .text.USART2_IRQHandler:00000000 USART2_IRQHandler
C:\Users\57308\AppData\Local\Temp\ccfyJOQu.s:312    .text.USART2_IRQHandler:00000014 $d

UNDEFINED SYMBOLS
HAL_IncTick
HAL_DMA_IRQHandler
hdma_usart2_tx
HAL_ADC_IRQHandler
hadc2
HAL_UART_IRQHandler
USER_UART_IRQHandler
huart2
