ARM GAS  C:\Users\57308\AppData\Local\Temp\cc80DbtF.s 			page 1


   1              		.cpu cortex-m4
   2              		.arch armv7e-m
   3              		.fpu fpv4-sp-d16
   4              		.eabi_attribute 27, 1
   5              		.eabi_attribute 28, 1
   6              		.eabi_attribute 20, 1
   7              		.eabi_attribute 21, 1
   8              		.eabi_attribute 23, 3
   9              		.eabi_attribute 24, 1
  10              		.eabi_attribute 25, 1
  11              		.eabi_attribute 26, 1
  12              		.eabi_attribute 30, 1
  13              		.eabi_attribute 34, 1
  14              		.eabi_attribute 18, 4
  15              		.file	"usart.c"
  16              		.text
  17              	.Ltext0:
  18              		.cfi_sections	.debug_frame
  19              		.section	.text.MX_USART2_UART_Init,"ax",%progbits
  20              		.align	1
  21              		.global	MX_USART2_UART_Init
  22              		.syntax unified
  23              		.thumb
  24              		.thumb_func
  26              	MX_USART2_UART_Init:
  27              	.LFB235:
  28              		.file 1 "Src/usart.c"
   1:Src/usart.c   **** /* USER CODE BEGIN Header */
   2:Src/usart.c   **** /**
   3:Src/usart.c   ****   ******************************************************************************
   4:Src/usart.c   ****   * @file    usart.c
   5:Src/usart.c   ****   * @brief   This file provides code for the configuration
   6:Src/usart.c   ****   *          of the USART instances.
   7:Src/usart.c   ****   ******************************************************************************
   8:Src/usart.c   ****   * @attention
   9:Src/usart.c   ****   *
  10:Src/usart.c   ****   * Copyright (c) 2024 STMicroelectronics.
  11:Src/usart.c   ****   * All rights reserved.
  12:Src/usart.c   ****   *
  13:Src/usart.c   ****   * This software is licensed under terms that can be found in the LICENSE file
  14:Src/usart.c   ****   * in the root directory of this software component.
  15:Src/usart.c   ****   * If no LICENSE file comes with this software, it is provided AS-IS.
  16:Src/usart.c   ****   *
  17:Src/usart.c   ****   ******************************************************************************
  18:Src/usart.c   ****   */
  19:Src/usart.c   **** /* USER CODE END Header */
  20:Src/usart.c   **** /* Includes ------------------------------------------------------------------*/
  21:Src/usart.c   **** #include "usart.h"
  22:Src/usart.c   **** 
  23:Src/usart.c   **** /* USER CODE BEGIN 0 */
  24:Src/usart.c   **** #include "string.h"
  25:Src/usart.c   **** #include "protocol_cfg.h"
  26:Src/usart.c   **** #include "protocol.h"
  27:Src/usart.c   **** static uint8_t sg_uartreceive_buff[PRO_FRAME_MAX_SIZE];
  28:Src/usart.c   **** static unsigned char sg_uartsend_buf[PRO_FRAME_MAX_SIZE];
  29:Src/usart.c   **** /* USER CODE END 0 */
  30:Src/usart.c   **** 
ARM GAS  C:\Users\57308\AppData\Local\Temp\cc80DbtF.s 			page 2


  31:Src/usart.c   **** UART_HandleTypeDef huart2;
  32:Src/usart.c   **** DMA_HandleTypeDef hdma_usart2_rx;
  33:Src/usart.c   **** DMA_HandleTypeDef hdma_usart2_tx;
  34:Src/usart.c   **** 
  35:Src/usart.c   **** /* USART2 init function */
  36:Src/usart.c   **** 
  37:Src/usart.c   **** void MX_USART2_UART_Init(void)
  38:Src/usart.c   **** {
  29              		.loc 1 38 1 view -0
  30              		.cfi_startproc
  31              		@ args = 0, pretend = 0, frame = 0
  32              		@ frame_needed = 0, uses_anonymous_args = 0
  33 0000 08B5     		push	{r3, lr}
  34              	.LCFI0:
  35              		.cfi_def_cfa_offset 8
  36              		.cfi_offset 3, -8
  37              		.cfi_offset 14, -4
  39:Src/usart.c   **** 
  40:Src/usart.c   ****   /* USER CODE BEGIN USART2_Init 0 */
  41:Src/usart.c   **** 
  42:Src/usart.c   ****   /* USER CODE END USART2_Init 0 */
  43:Src/usart.c   **** 
  44:Src/usart.c   ****   /* USER CODE BEGIN USART2_Init 1 */
  45:Src/usart.c   **** 
  46:Src/usart.c   ****   /* USER CODE END USART2_Init 1 */
  47:Src/usart.c   ****   huart2.Instance = USART2;
  38              		.loc 1 47 3 view .LVU1
  39              		.loc 1 47 19 is_stmt 0 view .LVU2
  40 0002 1048     		ldr	r0, .L5
  41 0004 104B     		ldr	r3, .L5+4
  42 0006 0360     		str	r3, [r0]
  48:Src/usart.c   ****   huart2.Init.BaudRate = 115200;
  43              		.loc 1 48 3 is_stmt 1 view .LVU3
  44              		.loc 1 48 24 is_stmt 0 view .LVU4
  45 0008 4FF4E133 		mov	r3, #115200
  46 000c 4360     		str	r3, [r0, #4]
  49:Src/usart.c   ****   huart2.Init.WordLength = UART_WORDLENGTH_8B;
  47              		.loc 1 49 3 is_stmt 1 view .LVU5
  48              		.loc 1 49 26 is_stmt 0 view .LVU6
  49 000e 0023     		movs	r3, #0
  50 0010 8360     		str	r3, [r0, #8]
  50:Src/usart.c   ****   huart2.Init.StopBits = UART_STOPBITS_1;
  51              		.loc 1 50 3 is_stmt 1 view .LVU7
  52              		.loc 1 50 24 is_stmt 0 view .LVU8
  53 0012 C360     		str	r3, [r0, #12]
  51:Src/usart.c   ****   huart2.Init.Parity = UART_PARITY_NONE;
  54              		.loc 1 51 3 is_stmt 1 view .LVU9
  55              		.loc 1 51 22 is_stmt 0 view .LVU10
  56 0014 0361     		str	r3, [r0, #16]
  52:Src/usart.c   ****   huart2.Init.Mode = UART_MODE_TX_RX;
  57              		.loc 1 52 3 is_stmt 1 view .LVU11
  58              		.loc 1 52 20 is_stmt 0 view .LVU12
  59 0016 0C22     		movs	r2, #12
  60 0018 4261     		str	r2, [r0, #20]
  53:Src/usart.c   ****   huart2.Init.HwFlowCtl = UART_HWCONTROL_NONE;
  61              		.loc 1 53 3 is_stmt 1 view .LVU13
  62              		.loc 1 53 25 is_stmt 0 view .LVU14
ARM GAS  C:\Users\57308\AppData\Local\Temp\cc80DbtF.s 			page 3


  63 001a 8361     		str	r3, [r0, #24]
  54:Src/usart.c   ****   huart2.Init.OverSampling = UART_OVERSAMPLING_16;
  64              		.loc 1 54 3 is_stmt 1 view .LVU15
  65              		.loc 1 54 28 is_stmt 0 view .LVU16
  66 001c C361     		str	r3, [r0, #28]
  55:Src/usart.c   ****   if (HAL_UART_Init(&huart2) != HAL_OK)
  67              		.loc 1 55 3 is_stmt 1 view .LVU17
  68              		.loc 1 55 7 is_stmt 0 view .LVU18
  69 001e FFF7FEFF 		bl	HAL_UART_Init
  70              	.LVL0:
  71              		.loc 1 55 6 view .LVU19
  72 0022 58B9     		cbnz	r0, .L4
  73              	.L2:
  56:Src/usart.c   ****   {
  57:Src/usart.c   ****     Error_Handler();
  58:Src/usart.c   ****   }
  59:Src/usart.c   ****   /* USER CODE BEGIN USART2_Init 2 */
  60:Src/usart.c   ****    __HAL_UART_ENABLE_IT(&huart2, UART_IT_IDLE);
  74              		.loc 1 60 4 is_stmt 1 view .LVU20
  75 0024 0748     		ldr	r0, .L5
  76 0026 0268     		ldr	r2, [r0]
  77 0028 D368     		ldr	r3, [r2, #12]
  78 002a 43F01003 		orr	r3, r3, #16
  79 002e D360     		str	r3, [r2, #12]
  61:Src/usart.c   ****     HAL_UART_Receive_DMA(&huart2, (uint8_t*)sg_uartreceive_buff, sizeof(sg_uartreceive_buff));  
  80              		.loc 1 61 5 view .LVU21
  81 0030 4FF48072 		mov	r2, #256
  82 0034 0549     		ldr	r1, .L5+8
  83 0036 FFF7FEFF 		bl	HAL_UART_Receive_DMA
  84              	.LVL1:
  62:Src/usart.c   ****   /* USER CODE END USART2_Init 2 */
  63:Src/usart.c   **** 
  64:Src/usart.c   **** }
  85              		.loc 1 64 1 is_stmt 0 view .LVU22
  86 003a 08BD     		pop	{r3, pc}
  87              	.L4:
  57:Src/usart.c   ****   }
  88              		.loc 1 57 5 is_stmt 1 view .LVU23
  89 003c FFF7FEFF 		bl	Error_Handler
  90              	.LVL2:
  91 0040 F0E7     		b	.L2
  92              	.L6:
  93 0042 00BF     		.align	2
  94              	.L5:
  95 0044 00000000 		.word	.LANCHOR0
  96 0048 00440040 		.word	1073759232
  97 004c 00000000 		.word	.LANCHOR1
  98              		.cfi_endproc
  99              	.LFE235:
 101              		.section	.text.HAL_UART_MspInit,"ax",%progbits
 102              		.align	1
 103              		.global	HAL_UART_MspInit
 104              		.syntax unified
 105              		.thumb
 106              		.thumb_func
 108              	HAL_UART_MspInit:
 109              	.LVL3:
ARM GAS  C:\Users\57308\AppData\Local\Temp\cc80DbtF.s 			page 4


 110              	.LFB236:
  65:Src/usart.c   **** 
  66:Src/usart.c   **** void HAL_UART_MspInit(UART_HandleTypeDef* uartHandle)
  67:Src/usart.c   **** {
 111              		.loc 1 67 1 view -0
 112              		.cfi_startproc
 113              		@ args = 0, pretend = 0, frame = 32
 114              		@ frame_needed = 0, uses_anonymous_args = 0
 115              		.loc 1 67 1 is_stmt 0 view .LVU25
 116 0000 30B5     		push	{r4, r5, lr}
 117              	.LCFI1:
 118              		.cfi_def_cfa_offset 12
 119              		.cfi_offset 4, -12
 120              		.cfi_offset 5, -8
 121              		.cfi_offset 14, -4
 122 0002 89B0     		sub	sp, sp, #36
 123              	.LCFI2:
 124              		.cfi_def_cfa_offset 48
  68:Src/usart.c   **** 
  69:Src/usart.c   ****   GPIO_InitTypeDef GPIO_InitStruct = {0};
 125              		.loc 1 69 3 is_stmt 1 view .LVU26
 126              		.loc 1 69 20 is_stmt 0 view .LVU27
 127 0004 0023     		movs	r3, #0
 128 0006 0393     		str	r3, [sp, #12]
 129 0008 0493     		str	r3, [sp, #16]
 130 000a 0593     		str	r3, [sp, #20]
 131 000c 0693     		str	r3, [sp, #24]
 132 000e 0793     		str	r3, [sp, #28]
  70:Src/usart.c   ****   if(uartHandle->Instance==USART2)
 133              		.loc 1 70 3 is_stmt 1 view .LVU28
 134              		.loc 1 70 16 is_stmt 0 view .LVU29
 135 0010 0268     		ldr	r2, [r0]
 136              		.loc 1 70 5 view .LVU30
 137 0012 334B     		ldr	r3, .L15
 138 0014 9A42     		cmp	r2, r3
 139 0016 01D0     		beq	.L12
 140              	.LVL4:
 141              	.L7:
  71:Src/usart.c   ****   {
  72:Src/usart.c   ****   /* USER CODE BEGIN USART2_MspInit 0 */
  73:Src/usart.c   **** 
  74:Src/usart.c   ****   /* USER CODE END USART2_MspInit 0 */
  75:Src/usart.c   ****     /* USART2 clock enable */
  76:Src/usart.c   ****     __HAL_RCC_USART2_CLK_ENABLE();
  77:Src/usart.c   **** 
  78:Src/usart.c   ****     __HAL_RCC_GPIOA_CLK_ENABLE();
  79:Src/usart.c   ****     /**USART2 GPIO Configuration
  80:Src/usart.c   ****     PA2     ------> USART2_TX
  81:Src/usart.c   ****     PA3     ------> USART2_RX
  82:Src/usart.c   ****     */
  83:Src/usart.c   ****     GPIO_InitStruct.Pin = GPIO_PIN_2|GPIO_PIN_3;
  84:Src/usart.c   ****     GPIO_InitStruct.Mode = GPIO_MODE_AF_PP;
  85:Src/usart.c   ****     GPIO_InitStruct.Pull = GPIO_NOPULL;
  86:Src/usart.c   ****     GPIO_InitStruct.Speed = GPIO_SPEED_FREQ_VERY_HIGH;
  87:Src/usart.c   ****     GPIO_InitStruct.Alternate = GPIO_AF7_USART2;
  88:Src/usart.c   ****     HAL_GPIO_Init(GPIOA, &GPIO_InitStruct);
  89:Src/usart.c   **** 
ARM GAS  C:\Users\57308\AppData\Local\Temp\cc80DbtF.s 			page 5


  90:Src/usart.c   ****     /* USART2 DMA Init */
  91:Src/usart.c   ****     /* USART2_RX Init */
  92:Src/usart.c   ****     hdma_usart2_rx.Instance = DMA1_Stream5;
  93:Src/usart.c   ****     hdma_usart2_rx.Init.Channel = DMA_CHANNEL_4;
  94:Src/usart.c   ****     hdma_usart2_rx.Init.Direction = DMA_PERIPH_TO_MEMORY;
  95:Src/usart.c   ****     hdma_usart2_rx.Init.PeriphInc = DMA_PINC_DISABLE;
  96:Src/usart.c   ****     hdma_usart2_rx.Init.MemInc = DMA_MINC_ENABLE;
  97:Src/usart.c   ****     hdma_usart2_rx.Init.PeriphDataAlignment = DMA_PDATAALIGN_BYTE;
  98:Src/usart.c   ****     hdma_usart2_rx.Init.MemDataAlignment = DMA_MDATAALIGN_BYTE;
  99:Src/usart.c   ****     hdma_usart2_rx.Init.Mode = DMA_NORMAL;
 100:Src/usart.c   ****     hdma_usart2_rx.Init.Priority = DMA_PRIORITY_LOW;
 101:Src/usart.c   ****     hdma_usart2_rx.Init.FIFOMode = DMA_FIFOMODE_DISABLE;
 102:Src/usart.c   ****     if (HAL_DMA_Init(&hdma_usart2_rx) != HAL_OK)
 103:Src/usart.c   ****     {
 104:Src/usart.c   ****       Error_Handler();
 105:Src/usart.c   ****     }
 106:Src/usart.c   **** 
 107:Src/usart.c   ****     __HAL_LINKDMA(uartHandle,hdmarx,hdma_usart2_rx);
 108:Src/usart.c   **** 
 109:Src/usart.c   ****     /* USART2_TX Init */
 110:Src/usart.c   ****     hdma_usart2_tx.Instance = DMA1_Stream6;
 111:Src/usart.c   ****     hdma_usart2_tx.Init.Channel = DMA_CHANNEL_4;
 112:Src/usart.c   ****     hdma_usart2_tx.Init.Direction = DMA_MEMORY_TO_PERIPH;
 113:Src/usart.c   ****     hdma_usart2_tx.Init.PeriphInc = DMA_PINC_DISABLE;
 114:Src/usart.c   ****     hdma_usart2_tx.Init.MemInc = DMA_MINC_ENABLE;
 115:Src/usart.c   ****     hdma_usart2_tx.Init.PeriphDataAlignment = DMA_PDATAALIGN_BYTE;
 116:Src/usart.c   ****     hdma_usart2_tx.Init.MemDataAlignment = DMA_MDATAALIGN_BYTE;
 117:Src/usart.c   ****     hdma_usart2_tx.Init.Mode = DMA_NORMAL;
 118:Src/usart.c   ****     hdma_usart2_tx.Init.Priority = DMA_PRIORITY_LOW;
 119:Src/usart.c   ****     hdma_usart2_tx.Init.FIFOMode = DMA_FIFOMODE_DISABLE;
 120:Src/usart.c   ****     if (HAL_DMA_Init(&hdma_usart2_tx) != HAL_OK)
 121:Src/usart.c   ****     {
 122:Src/usart.c   ****       Error_Handler();
 123:Src/usart.c   ****     }
 124:Src/usart.c   **** 
 125:Src/usart.c   ****     __HAL_LINKDMA(uartHandle,hdmatx,hdma_usart2_tx);
 126:Src/usart.c   **** 
 127:Src/usart.c   ****     /* USART2 interrupt Init */
 128:Src/usart.c   ****     HAL_NVIC_SetPriority(USART2_IRQn, 0, 0);
 129:Src/usart.c   ****     HAL_NVIC_EnableIRQ(USART2_IRQn);
 130:Src/usart.c   ****   /* USER CODE BEGIN USART2_MspInit 1 */
 131:Src/usart.c   **** 
 132:Src/usart.c   ****   /* USER CODE END USART2_MspInit 1 */
 133:Src/usart.c   ****   }
 134:Src/usart.c   **** }
 142              		.loc 1 134 1 view .LVU31
 143 0018 09B0     		add	sp, sp, #36
 144              	.LCFI3:
 145              		.cfi_remember_state
 146              		.cfi_def_cfa_offset 12
 147              		@ sp needed
 148 001a 30BD     		pop	{r4, r5, pc}
 149              	.LVL5:
 150              	.L12:
 151              	.LCFI4:
 152              		.cfi_restore_state
 153              		.loc 1 134 1 view .LVU32
ARM GAS  C:\Users\57308\AppData\Local\Temp\cc80DbtF.s 			page 6


 154 001c 0446     		mov	r4, r0
  76:Src/usart.c   **** 
 155              		.loc 1 76 5 is_stmt 1 view .LVU33
 156              	.LBB2:
  76:Src/usart.c   **** 
 157              		.loc 1 76 5 view .LVU34
 158 001e 0025     		movs	r5, #0
 159 0020 0195     		str	r5, [sp, #4]
  76:Src/usart.c   **** 
 160              		.loc 1 76 5 view .LVU35
 161 0022 03F5FA33 		add	r3, r3, #128000
 162 0026 1A6C     		ldr	r2, [r3, #64]
 163 0028 42F40032 		orr	r2, r2, #131072
 164 002c 1A64     		str	r2, [r3, #64]
  76:Src/usart.c   **** 
 165              		.loc 1 76 5 view .LVU36
 166 002e 1A6C     		ldr	r2, [r3, #64]
 167 0030 02F40032 		and	r2, r2, #131072
 168 0034 0192     		str	r2, [sp, #4]
  76:Src/usart.c   **** 
 169              		.loc 1 76 5 view .LVU37
 170 0036 019A     		ldr	r2, [sp, #4]
 171              	.LBE2:
  76:Src/usart.c   **** 
 172              		.loc 1 76 5 view .LVU38
  78:Src/usart.c   ****     /**USART2 GPIO Configuration
 173              		.loc 1 78 5 view .LVU39
 174              	.LBB3:
  78:Src/usart.c   ****     /**USART2 GPIO Configuration
 175              		.loc 1 78 5 view .LVU40
 176 0038 0295     		str	r5, [sp, #8]
  78:Src/usart.c   ****     /**USART2 GPIO Configuration
 177              		.loc 1 78 5 view .LVU41
 178 003a 1A6B     		ldr	r2, [r3, #48]
 179 003c 42F00102 		orr	r2, r2, #1
 180 0040 1A63     		str	r2, [r3, #48]
  78:Src/usart.c   ****     /**USART2 GPIO Configuration
 181              		.loc 1 78 5 view .LVU42
 182 0042 1B6B     		ldr	r3, [r3, #48]
 183 0044 03F00103 		and	r3, r3, #1
 184 0048 0293     		str	r3, [sp, #8]
  78:Src/usart.c   ****     /**USART2 GPIO Configuration
 185              		.loc 1 78 5 view .LVU43
 186 004a 029B     		ldr	r3, [sp, #8]
 187              	.LBE3:
  78:Src/usart.c   ****     /**USART2 GPIO Configuration
 188              		.loc 1 78 5 view .LVU44
  83:Src/usart.c   ****     GPIO_InitStruct.Mode = GPIO_MODE_AF_PP;
 189              		.loc 1 83 5 view .LVU45
  83:Src/usart.c   ****     GPIO_InitStruct.Mode = GPIO_MODE_AF_PP;
 190              		.loc 1 83 25 is_stmt 0 view .LVU46
 191 004c 0C23     		movs	r3, #12
 192 004e 0393     		str	r3, [sp, #12]
  84:Src/usart.c   ****     GPIO_InitStruct.Pull = GPIO_NOPULL;
 193              		.loc 1 84 5 is_stmt 1 view .LVU47
  84:Src/usart.c   ****     GPIO_InitStruct.Pull = GPIO_NOPULL;
 194              		.loc 1 84 26 is_stmt 0 view .LVU48
ARM GAS  C:\Users\57308\AppData\Local\Temp\cc80DbtF.s 			page 7


 195 0050 0223     		movs	r3, #2
 196 0052 0493     		str	r3, [sp, #16]
  85:Src/usart.c   ****     GPIO_InitStruct.Speed = GPIO_SPEED_FREQ_VERY_HIGH;
 197              		.loc 1 85 5 is_stmt 1 view .LVU49
  86:Src/usart.c   ****     GPIO_InitStruct.Alternate = GPIO_AF7_USART2;
 198              		.loc 1 86 5 view .LVU50
  86:Src/usart.c   ****     GPIO_InitStruct.Alternate = GPIO_AF7_USART2;
 199              		.loc 1 86 27 is_stmt 0 view .LVU51
 200 0054 0323     		movs	r3, #3
 201 0056 0693     		str	r3, [sp, #24]
  87:Src/usart.c   ****     HAL_GPIO_Init(GPIOA, &GPIO_InitStruct);
 202              		.loc 1 87 5 is_stmt 1 view .LVU52
  87:Src/usart.c   ****     HAL_GPIO_Init(GPIOA, &GPIO_InitStruct);
 203              		.loc 1 87 31 is_stmt 0 view .LVU53
 204 0058 0723     		movs	r3, #7
 205 005a 0793     		str	r3, [sp, #28]
  88:Src/usart.c   **** 
 206              		.loc 1 88 5 is_stmt 1 view .LVU54
 207 005c 03A9     		add	r1, sp, #12
 208 005e 2148     		ldr	r0, .L15+4
 209              	.LVL6:
  88:Src/usart.c   **** 
 210              		.loc 1 88 5 is_stmt 0 view .LVU55
 211 0060 FFF7FEFF 		bl	HAL_GPIO_Init
 212              	.LVL7:
  92:Src/usart.c   ****     hdma_usart2_rx.Init.Channel = DMA_CHANNEL_4;
 213              		.loc 1 92 5 is_stmt 1 view .LVU56
  92:Src/usart.c   ****     hdma_usart2_rx.Init.Channel = DMA_CHANNEL_4;
 214              		.loc 1 92 29 is_stmt 0 view .LVU57
 215 0064 2048     		ldr	r0, .L15+8
 216 0066 214B     		ldr	r3, .L15+12
 217 0068 0360     		str	r3, [r0]
  93:Src/usart.c   ****     hdma_usart2_rx.Init.Direction = DMA_PERIPH_TO_MEMORY;
 218              		.loc 1 93 5 is_stmt 1 view .LVU58
  93:Src/usart.c   ****     hdma_usart2_rx.Init.Direction = DMA_PERIPH_TO_MEMORY;
 219              		.loc 1 93 33 is_stmt 0 view .LVU59
 220 006a 4FF00063 		mov	r3, #134217728
 221 006e 4360     		str	r3, [r0, #4]
  94:Src/usart.c   ****     hdma_usart2_rx.Init.PeriphInc = DMA_PINC_DISABLE;
 222              		.loc 1 94 5 is_stmt 1 view .LVU60
  94:Src/usart.c   ****     hdma_usart2_rx.Init.PeriphInc = DMA_PINC_DISABLE;
 223              		.loc 1 94 35 is_stmt 0 view .LVU61
 224 0070 8560     		str	r5, [r0, #8]
  95:Src/usart.c   ****     hdma_usart2_rx.Init.MemInc = DMA_MINC_ENABLE;
 225              		.loc 1 95 5 is_stmt 1 view .LVU62
  95:Src/usart.c   ****     hdma_usart2_rx.Init.MemInc = DMA_MINC_ENABLE;
 226              		.loc 1 95 35 is_stmt 0 view .LVU63
 227 0072 C560     		str	r5, [r0, #12]
  96:Src/usart.c   ****     hdma_usart2_rx.Init.PeriphDataAlignment = DMA_PDATAALIGN_BYTE;
 228              		.loc 1 96 5 is_stmt 1 view .LVU64
  96:Src/usart.c   ****     hdma_usart2_rx.Init.PeriphDataAlignment = DMA_PDATAALIGN_BYTE;
 229              		.loc 1 96 32 is_stmt 0 view .LVU65
 230 0074 4FF48063 		mov	r3, #1024
 231 0078 0361     		str	r3, [r0, #16]
  97:Src/usart.c   ****     hdma_usart2_rx.Init.MemDataAlignment = DMA_MDATAALIGN_BYTE;
 232              		.loc 1 97 5 is_stmt 1 view .LVU66
  97:Src/usart.c   ****     hdma_usart2_rx.Init.MemDataAlignment = DMA_MDATAALIGN_BYTE;
ARM GAS  C:\Users\57308\AppData\Local\Temp\cc80DbtF.s 			page 8


 233              		.loc 1 97 45 is_stmt 0 view .LVU67
 234 007a 4561     		str	r5, [r0, #20]
  98:Src/usart.c   ****     hdma_usart2_rx.Init.Mode = DMA_NORMAL;
 235              		.loc 1 98 5 is_stmt 1 view .LVU68
  98:Src/usart.c   ****     hdma_usart2_rx.Init.Mode = DMA_NORMAL;
 236              		.loc 1 98 42 is_stmt 0 view .LVU69
 237 007c 8561     		str	r5, [r0, #24]
  99:Src/usart.c   ****     hdma_usart2_rx.Init.Priority = DMA_PRIORITY_LOW;
 238              		.loc 1 99 5 is_stmt 1 view .LVU70
  99:Src/usart.c   ****     hdma_usart2_rx.Init.Priority = DMA_PRIORITY_LOW;
 239              		.loc 1 99 30 is_stmt 0 view .LVU71
 240 007e C561     		str	r5, [r0, #28]
 100:Src/usart.c   ****     hdma_usart2_rx.Init.FIFOMode = DMA_FIFOMODE_DISABLE;
 241              		.loc 1 100 5 is_stmt 1 view .LVU72
 100:Src/usart.c   ****     hdma_usart2_rx.Init.FIFOMode = DMA_FIFOMODE_DISABLE;
 242              		.loc 1 100 34 is_stmt 0 view .LVU73
 243 0080 0562     		str	r5, [r0, #32]
 101:Src/usart.c   ****     if (HAL_DMA_Init(&hdma_usart2_rx) != HAL_OK)
 244              		.loc 1 101 5 is_stmt 1 view .LVU74
 101:Src/usart.c   ****     if (HAL_DMA_Init(&hdma_usart2_rx) != HAL_OK)
 245              		.loc 1 101 34 is_stmt 0 view .LVU75
 246 0082 4562     		str	r5, [r0, #36]
 102:Src/usart.c   ****     {
 247              		.loc 1 102 5 is_stmt 1 view .LVU76
 102:Src/usart.c   ****     {
 248              		.loc 1 102 9 is_stmt 0 view .LVU77
 249 0084 FFF7FEFF 		bl	HAL_DMA_Init
 250              	.LVL8:
 102:Src/usart.c   ****     {
 251              		.loc 1 102 8 view .LVU78
 252 0088 18BB     		cbnz	r0, .L13
 253              	.L9:
 107:Src/usart.c   **** 
 254              		.loc 1 107 5 is_stmt 1 view .LVU79
 107:Src/usart.c   **** 
 255              		.loc 1 107 5 view .LVU80
 256 008a 174B     		ldr	r3, .L15+8
 257 008c A363     		str	r3, [r4, #56]
 107:Src/usart.c   **** 
 258              		.loc 1 107 5 view .LVU81
 259 008e 9C63     		str	r4, [r3, #56]
 107:Src/usart.c   **** 
 260              		.loc 1 107 5 view .LVU82
 110:Src/usart.c   ****     hdma_usart2_tx.Init.Channel = DMA_CHANNEL_4;
 261              		.loc 1 110 5 view .LVU83
 110:Src/usart.c   ****     hdma_usart2_tx.Init.Channel = DMA_CHANNEL_4;
 262              		.loc 1 110 29 is_stmt 0 view .LVU84
 263 0090 1748     		ldr	r0, .L15+16
 264 0092 184B     		ldr	r3, .L15+20
 265 0094 0360     		str	r3, [r0]
 111:Src/usart.c   ****     hdma_usart2_tx.Init.Direction = DMA_MEMORY_TO_PERIPH;
 266              		.loc 1 111 5 is_stmt 1 view .LVU85
 111:Src/usart.c   ****     hdma_usart2_tx.Init.Direction = DMA_MEMORY_TO_PERIPH;
 267              		.loc 1 111 33 is_stmt 0 view .LVU86
 268 0096 4FF00063 		mov	r3, #134217728
 269 009a 4360     		str	r3, [r0, #4]
 112:Src/usart.c   ****     hdma_usart2_tx.Init.PeriphInc = DMA_PINC_DISABLE;
ARM GAS  C:\Users\57308\AppData\Local\Temp\cc80DbtF.s 			page 9


 270              		.loc 1 112 5 is_stmt 1 view .LVU87
 112:Src/usart.c   ****     hdma_usart2_tx.Init.PeriphInc = DMA_PINC_DISABLE;
 271              		.loc 1 112 35 is_stmt 0 view .LVU88
 272 009c 4023     		movs	r3, #64
 273 009e 8360     		str	r3, [r0, #8]
 113:Src/usart.c   ****     hdma_usart2_tx.Init.MemInc = DMA_MINC_ENABLE;
 274              		.loc 1 113 5 is_stmt 1 view .LVU89
 113:Src/usart.c   ****     hdma_usart2_tx.Init.MemInc = DMA_MINC_ENABLE;
 275              		.loc 1 113 35 is_stmt 0 view .LVU90
 276 00a0 0023     		movs	r3, #0
 277 00a2 C360     		str	r3, [r0, #12]
 114:Src/usart.c   ****     hdma_usart2_tx.Init.PeriphDataAlignment = DMA_PDATAALIGN_BYTE;
 278              		.loc 1 114 5 is_stmt 1 view .LVU91
 114:Src/usart.c   ****     hdma_usart2_tx.Init.PeriphDataAlignment = DMA_PDATAALIGN_BYTE;
 279              		.loc 1 114 32 is_stmt 0 view .LVU92
 280 00a4 4FF48062 		mov	r2, #1024
 281 00a8 0261     		str	r2, [r0, #16]
 115:Src/usart.c   ****     hdma_usart2_tx.Init.MemDataAlignment = DMA_MDATAALIGN_BYTE;
 282              		.loc 1 115 5 is_stmt 1 view .LVU93
 115:Src/usart.c   ****     hdma_usart2_tx.Init.MemDataAlignment = DMA_MDATAALIGN_BYTE;
 283              		.loc 1 115 45 is_stmt 0 view .LVU94
 284 00aa 4361     		str	r3, [r0, #20]
 116:Src/usart.c   ****     hdma_usart2_tx.Init.Mode = DMA_NORMAL;
 285              		.loc 1 116 5 is_stmt 1 view .LVU95
 116:Src/usart.c   ****     hdma_usart2_tx.Init.Mode = DMA_NORMAL;
 286              		.loc 1 116 42 is_stmt 0 view .LVU96
 287 00ac 8361     		str	r3, [r0, #24]
 117:Src/usart.c   ****     hdma_usart2_tx.Init.Priority = DMA_PRIORITY_LOW;
 288              		.loc 1 117 5 is_stmt 1 view .LVU97
 117:Src/usart.c   ****     hdma_usart2_tx.Init.Priority = DMA_PRIORITY_LOW;
 289              		.loc 1 117 30 is_stmt 0 view .LVU98
 290 00ae C361     		str	r3, [r0, #28]
 118:Src/usart.c   ****     hdma_usart2_tx.Init.FIFOMode = DMA_FIFOMODE_DISABLE;
 291              		.loc 1 118 5 is_stmt 1 view .LVU99
 118:Src/usart.c   ****     hdma_usart2_tx.Init.FIFOMode = DMA_FIFOMODE_DISABLE;
 292              		.loc 1 118 34 is_stmt 0 view .LVU100
 293 00b0 0362     		str	r3, [r0, #32]
 119:Src/usart.c   ****     if (HAL_DMA_Init(&hdma_usart2_tx) != HAL_OK)
 294              		.loc 1 119 5 is_stmt 1 view .LVU101
 119:Src/usart.c   ****     if (HAL_DMA_Init(&hdma_usart2_tx) != HAL_OK)
 295              		.loc 1 119 34 is_stmt 0 view .LVU102
 296 00b2 4362     		str	r3, [r0, #36]
 120:Src/usart.c   ****     {
 297              		.loc 1 120 5 is_stmt 1 view .LVU103
 120:Src/usart.c   ****     {
 298              		.loc 1 120 9 is_stmt 0 view .LVU104
 299 00b4 FFF7FEFF 		bl	HAL_DMA_Init
 300              	.LVL9:
 120:Src/usart.c   ****     {
 301              		.loc 1 120 8 view .LVU105
 302 00b8 70B9     		cbnz	r0, .L14
 303              	.L10:
 125:Src/usart.c   **** 
 304              		.loc 1 125 5 is_stmt 1 view .LVU106
 125:Src/usart.c   **** 
 305              		.loc 1 125 5 view .LVU107
 306 00ba 0D4B     		ldr	r3, .L15+16
ARM GAS  C:\Users\57308\AppData\Local\Temp\cc80DbtF.s 			page 10


 307 00bc 6363     		str	r3, [r4, #52]
 125:Src/usart.c   **** 
 308              		.loc 1 125 5 view .LVU108
 309 00be 9C63     		str	r4, [r3, #56]
 125:Src/usart.c   **** 
 310              		.loc 1 125 5 view .LVU109
 128:Src/usart.c   ****     HAL_NVIC_EnableIRQ(USART2_IRQn);
 311              		.loc 1 128 5 view .LVU110
 312 00c0 0022     		movs	r2, #0
 313 00c2 1146     		mov	r1, r2
 314 00c4 2620     		movs	r0, #38
 315 00c6 FFF7FEFF 		bl	HAL_NVIC_SetPriority
 316              	.LVL10:
 129:Src/usart.c   ****   /* USER CODE BEGIN USART2_MspInit 1 */
 317              		.loc 1 129 5 view .LVU111
 318 00ca 2620     		movs	r0, #38
 319 00cc FFF7FEFF 		bl	HAL_NVIC_EnableIRQ
 320              	.LVL11:
 321              		.loc 1 134 1 is_stmt 0 view .LVU112
 322 00d0 A2E7     		b	.L7
 323              	.L13:
 104:Src/usart.c   ****     }
 324              		.loc 1 104 7 is_stmt 1 view .LVU113
 325 00d2 FFF7FEFF 		bl	Error_Handler
 326              	.LVL12:
 327 00d6 D8E7     		b	.L9
 328              	.L14:
 122:Src/usart.c   ****     }
 329              		.loc 1 122 7 view .LVU114
 330 00d8 FFF7FEFF 		bl	Error_Handler
 331              	.LVL13:
 332 00dc EDE7     		b	.L10
 333              	.L16:
 334 00de 00BF     		.align	2
 335              	.L15:
 336 00e0 00440040 		.word	1073759232
 337 00e4 00000240 		.word	1073872896
 338 00e8 00000000 		.word	.LANCHOR2
 339 00ec 88600240 		.word	1073897608
 340 00f0 00000000 		.word	.LANCHOR3
 341 00f4 A0600240 		.word	1073897632
 342              		.cfi_endproc
 343              	.LFE236:
 345              		.section	.text.HAL_UART_MspDeInit,"ax",%progbits
 346              		.align	1
 347              		.global	HAL_UART_MspDeInit
 348              		.syntax unified
 349              		.thumb
 350              		.thumb_func
 352              	HAL_UART_MspDeInit:
 353              	.LVL14:
 354              	.LFB237:
 135:Src/usart.c   **** 
 136:Src/usart.c   **** void HAL_UART_MspDeInit(UART_HandleTypeDef* uartHandle)
 137:Src/usart.c   **** {
 355              		.loc 1 137 1 view -0
 356              		.cfi_startproc
ARM GAS  C:\Users\57308\AppData\Local\Temp\cc80DbtF.s 			page 11


 357              		@ args = 0, pretend = 0, frame = 0
 358              		@ frame_needed = 0, uses_anonymous_args = 0
 138:Src/usart.c   **** 
 139:Src/usart.c   ****   if(uartHandle->Instance==USART2)
 359              		.loc 1 139 3 view .LVU116
 360              		.loc 1 139 16 is_stmt 0 view .LVU117
 361 0000 0268     		ldr	r2, [r0]
 362              		.loc 1 139 5 view .LVU118
 363 0002 0C4B     		ldr	r3, .L24
 364 0004 9A42     		cmp	r2, r3
 365 0006 00D0     		beq	.L23
 366 0008 7047     		bx	lr
 367              	.L23:
 137:Src/usart.c   **** 
 368              		.loc 1 137 1 view .LVU119
 369 000a 10B5     		push	{r4, lr}
 370              	.LCFI5:
 371              		.cfi_def_cfa_offset 8
 372              		.cfi_offset 4, -8
 373              		.cfi_offset 14, -4
 374 000c 0446     		mov	r4, r0
 140:Src/usart.c   ****   {
 141:Src/usart.c   ****   /* USER CODE BEGIN USART2_MspDeInit 0 */
 142:Src/usart.c   **** 
 143:Src/usart.c   ****   /* USER CODE END USART2_MspDeInit 0 */
 144:Src/usart.c   ****     /* Peripheral clock disable */
 145:Src/usart.c   ****     __HAL_RCC_USART2_CLK_DISABLE();
 375              		.loc 1 145 5 is_stmt 1 view .LVU120
 376 000e 0A4A     		ldr	r2, .L24+4
 377 0010 136C     		ldr	r3, [r2, #64]
 378 0012 23F40033 		bic	r3, r3, #131072
 379 0016 1364     		str	r3, [r2, #64]
 146:Src/usart.c   **** 
 147:Src/usart.c   ****     /**USART2 GPIO Configuration
 148:Src/usart.c   ****     PA2     ------> USART2_TX
 149:Src/usart.c   ****     PA3     ------> USART2_RX
 150:Src/usart.c   ****     */
 151:Src/usart.c   ****     HAL_GPIO_DeInit(GPIOA, GPIO_PIN_2|GPIO_PIN_3);
 380              		.loc 1 151 5 view .LVU121
 381 0018 0C21     		movs	r1, #12
 382 001a 0848     		ldr	r0, .L24+8
 383              	.LVL15:
 384              		.loc 1 151 5 is_stmt 0 view .LVU122
 385 001c FFF7FEFF 		bl	HAL_GPIO_DeInit
 386              	.LVL16:
 152:Src/usart.c   **** 
 153:Src/usart.c   ****     /* USART2 DMA DeInit */
 154:Src/usart.c   ****     HAL_DMA_DeInit(uartHandle->hdmarx);
 387              		.loc 1 154 5 is_stmt 1 view .LVU123
 388 0020 A06B     		ldr	r0, [r4, #56]
 389 0022 FFF7FEFF 		bl	HAL_DMA_DeInit
 390              	.LVL17:
 155:Src/usart.c   ****     HAL_DMA_DeInit(uartHandle->hdmatx);
 391              		.loc 1 155 5 view .LVU124
 392 0026 606B     		ldr	r0, [r4, #52]
 393 0028 FFF7FEFF 		bl	HAL_DMA_DeInit
 394              	.LVL18:
ARM GAS  C:\Users\57308\AppData\Local\Temp\cc80DbtF.s 			page 12


 156:Src/usart.c   **** 
 157:Src/usart.c   ****     /* USART2 interrupt Deinit */
 158:Src/usart.c   ****     HAL_NVIC_DisableIRQ(USART2_IRQn);
 395              		.loc 1 158 5 view .LVU125
 396 002c 2620     		movs	r0, #38
 397 002e FFF7FEFF 		bl	HAL_NVIC_DisableIRQ
 398              	.LVL19:
 159:Src/usart.c   ****   /* USER CODE BEGIN USART2_MspDeInit 1 */
 160:Src/usart.c   **** 
 161:Src/usart.c   ****   /* USER CODE END USART2_MspDeInit 1 */
 162:Src/usart.c   ****   }
 163:Src/usart.c   **** }
 399              		.loc 1 163 1 is_stmt 0 view .LVU126
 400 0032 10BD     		pop	{r4, pc}
 401              	.LVL20:
 402              	.L25:
 403              		.loc 1 163 1 view .LVU127
 404              		.align	2
 405              	.L24:
 406 0034 00440040 		.word	1073759232
 407 0038 00380240 		.word	1073887232
 408 003c 00000240 		.word	1073872896
 409              		.cfi_endproc
 410              	.LFE237:
 412              		.section	.text._bsp_protransmit,"ax",%progbits
 413              		.align	1
 414              		.global	_bsp_protransmit
 415              		.syntax unified
 416              		.thumb
 417              		.thumb_func
 419              	_bsp_protransmit:
 420              	.LVL21:
 421              	.LFB238:
 164:Src/usart.c   **** 
 165:Src/usart.c   **** /* USER CODE BEGIN 1 */
 166:Src/usart.c   **** void _bsp_protransmit(unsigned char* pdata,unsigned short len)
 167:Src/usart.c   **** {
 422              		.loc 1 167 1 is_stmt 1 view -0
 423              		.cfi_startproc
 424              		@ args = 0, pretend = 0, frame = 0
 425              		@ frame_needed = 0, uses_anonymous_args = 0
 426              		.loc 1 167 1 is_stmt 0 view .LVU129
 427 0000 38B5     		push	{r3, r4, r5, lr}
 428              	.LCFI6:
 429              		.cfi_def_cfa_offset 16
 430              		.cfi_offset 3, -16
 431              		.cfi_offset 4, -12
 432              		.cfi_offset 5, -8
 433              		.cfi_offset 14, -4
 434 0002 0C46     		mov	r4, r1
 168:Src/usart.c   ****     memcpy(sg_uartsend_buf,pdata,len);
 435              		.loc 1 168 5 is_stmt 1 view .LVU130
 436 0004 054D     		ldr	r5, .L28
 437 0006 0A46     		mov	r2, r1
 438 0008 0146     		mov	r1, r0
 439              	.LVL22:
 440              		.loc 1 168 5 is_stmt 0 view .LVU131
ARM GAS  C:\Users\57308\AppData\Local\Temp\cc80DbtF.s 			page 13


 441 000a 2846     		mov	r0, r5
 442              	.LVL23:
 443              		.loc 1 168 5 view .LVU132
 444 000c FFF7FEFF 		bl	memcpy
 445              	.LVL24:
 169:Src/usart.c   ****     HAL_UART_Transmit_DMA(&huart2,sg_uartsend_buf,len);
 446              		.loc 1 169 5 is_stmt 1 view .LVU133
 447 0010 2246     		mov	r2, r4
 448 0012 2946     		mov	r1, r5
 449 0014 0248     		ldr	r0, .L28+4
 450 0016 FFF7FEFF 		bl	HAL_UART_Transmit_DMA
 451              	.LVL25:
 170:Src/usart.c   **** }
 452              		.loc 1 170 1 is_stmt 0 view .LVU134
 453 001a 38BD     		pop	{r3, r4, r5, pc}
 454              	.L29:
 455              		.align	2
 456              	.L28:
 457 001c 00000000 		.word	.LANCHOR4
 458 0020 00000000 		.word	.LANCHOR0
 459              		.cfi_endproc
 460              	.LFE238:
 462              		.section	.text.USER_UART_IRQHandler,"ax",%progbits
 463              		.align	1
 464              		.global	USER_UART_IRQHandler
 465              		.syntax unified
 466              		.thumb
 467              		.thumb_func
 469              	USER_UART_IRQHandler:
 470              	.LVL26:
 471              	.LFB239:
 171:Src/usart.c   **** extern void motorprotocol_getdata(char *data);
 172:Src/usart.c   **** void USER_UART_IRQHandler(UART_HandleTypeDef *huart)
 173:Src/usart.c   **** {
 472              		.loc 1 173 1 is_stmt 1 view -0
 473              		.cfi_startproc
 474              		@ args = 0, pretend = 0, frame = 8
 475              		@ frame_needed = 0, uses_anonymous_args = 0
 174:Src/usart.c   ****     if(USART2 == huart2.Instance)                                   //Âà§Êñ≠ÊòØÂê¶ÊòØ‰∏≤Âè?1ÔºàÔºÅÊ
 476              		.loc 1 174 5 view .LVU136
 477              		.loc 1 174 24 is_stmt 0 view .LVU137
 478 0000 194B     		ldr	r3, .L37
 479 0002 1B68     		ldr	r3, [r3]
 480              		.loc 1 174 7 view .LVU138
 481 0004 194A     		ldr	r2, .L37+4
 482 0006 9342     		cmp	r3, r2
 483 0008 00D0     		beq	.L36
 484              	.L33:
 485 000a 7047     		bx	lr
 486              	.L36:
 175:Src/usart.c   ****     {
 176:Src/usart.c   ****         if(RESET != __HAL_UART_GET_FLAG(&huart2, UART_FLAG_IDLE))   //Âà§Êñ≠ÊòØÂê¶ÊòØÁ©∫Èó≤‰∏≠Êñ?
 487              		.loc 1 176 9 is_stmt 1 view .LVU139
 488              		.loc 1 176 21 is_stmt 0 view .LVU140
 489 000c 1A68     		ldr	r2, [r3]
 490              		.loc 1 176 11 view .LVU141
 491 000e 12F0100F 		tst	r2, #16
ARM GAS  C:\Users\57308\AppData\Local\Temp\cc80DbtF.s 			page 14


 492 0012 FAD0     		beq	.L33
 173:Src/usart.c   ****     if(USART2 == huart2.Instance)                                   //Âà§Êñ≠ÊòØÂê¶ÊòØ‰∏≤Âè?1ÔºàÔºÅÊ
 493              		.loc 1 173 1 view .LVU142
 494 0014 F0B5     		push	{r4, r5, r6, r7, lr}
 495              	.LCFI7:
 496              		.cfi_def_cfa_offset 20
 497              		.cfi_offset 4, -20
 498              		.cfi_offset 5, -16
 499              		.cfi_offset 6, -12
 500              		.cfi_offset 7, -8
 501              		.cfi_offset 14, -4
 502 0016 83B0     		sub	sp, sp, #12
 503              	.LCFI8:
 504              		.cfi_def_cfa_offset 32
 505              	.LBB4:
 177:Src/usart.c   ****         {
 178:Src/usart.c   ****             __HAL_UART_CLEAR_IDLEFLAG(&huart2);                     //Ê∏ÖÊ•öÁ©∫Èó≤‰∏≠Êñ≠Ê†áÂøóÔºàÂê
 506              		.loc 1 178 13 is_stmt 1 view .LVU143
 507              	.LBB5:
 508              		.loc 1 178 13 view .LVU144
 509 0018 0027     		movs	r7, #0
 510 001a 0197     		str	r7, [sp, #4]
 511              		.loc 1 178 13 view .LVU145
 512 001c 1A68     		ldr	r2, [r3]
 513 001e 0192     		str	r2, [sp, #4]
 514              		.loc 1 178 13 view .LVU146
 515 0020 5B68     		ldr	r3, [r3, #4]
 516 0022 0193     		str	r3, [sp, #4]
 517              		.loc 1 178 13 view .LVU147
 518 0024 019B     		ldr	r3, [sp, #4]
 519              	.LBE5:
 520              		.loc 1 178 13 view .LVU148
 179:Src/usart.c   ****             HAL_UART_DMAStop(&huart2);//ÂÅúÊ≠¢Êú¨Ê¨°DMA‰º†Ëæì
 521              		.loc 1 179 13 view .LVU149
 522 0026 104E     		ldr	r6, .L37
 523 0028 3046     		mov	r0, r6
 524              	.LVL27:
 525              		.loc 1 179 13 is_stmt 0 view .LVU150
 526 002a FFF7FEFF 		bl	HAL_UART_DMAStop
 527              	.LVL28:
 180:Src/usart.c   ****             unsigned short data_length  = sizeof(sg_uartreceive_buff) - __HAL_DMA_GET_COUNTER(&hdma
 528              		.loc 1 180 13 is_stmt 1 view .LVU151
 529              		.loc 1 180 73 is_stmt 0 view .LVU152
 530 002e 104B     		ldr	r3, .L37+8
 531 0030 1B68     		ldr	r3, [r3]
 532 0032 5C68     		ldr	r4, [r3, #4]
 533              		.loc 1 180 71 view .LVU153
 534 0034 A4B2     		uxth	r4, r4
 535              		.loc 1 180 28 view .LVU154
 536 0036 C4F58074 		rsb	r4, r4, #256
 537 003a A4B2     		uxth	r4, r4
 538              	.LVL29:
 181:Src/usart.c   ****             motorprotocol_getdata(sg_uartreceive_buff);
 539              		.loc 1 181 13 is_stmt 1 view .LVU155
 540 003c 0D4D     		ldr	r5, .L37+12
 541 003e 2846     		mov	r0, r5
 542 0040 FFF7FEFF 		bl	motorprotocol_getdata
ARM GAS  C:\Users\57308\AppData\Local\Temp\cc80DbtF.s 			page 15


 543              	.LVL30:
 182:Src/usart.c   ****             protocol_reciverdata_tofifo(sg_uartreceive_buff,data_length);
 544              		.loc 1 182 13 view .LVU156
 545 0044 2146     		mov	r1, r4
 546 0046 2846     		mov	r0, r5
 547 0048 FFF7FEFF 		bl	protocol_reciverdata_tofifo
 548              	.LVL31:
 183:Src/usart.c   ****             memset(sg_uartreceive_buff,0,data_length);                                            /
 549              		.loc 1 183 13 view .LVU157
 550 004c 2246     		mov	r2, r4
 551 004e 3946     		mov	r1, r7
 552 0050 2846     		mov	r0, r5
 553 0052 FFF7FEFF 		bl	memset
 554              	.LVL32:
 184:Src/usart.c   ****             data_length = 0;
 555              		.loc 1 184 13 view .LVU158
 185:Src/usart.c   ****             HAL_UART_Receive_DMA(&huart2, (uint8_t*)sg_uartreceive_buff, sizeof(sg_uartreceive_buff
 556              		.loc 1 185 13 view .LVU159
 557 0056 4FF48072 		mov	r2, #256
 558 005a 2946     		mov	r1, r5
 559 005c 3046     		mov	r0, r6
 560 005e FFF7FEFF 		bl	HAL_UART_Receive_DMA
 561              	.LVL33:
 562              	.LBE4:
 186:Src/usart.c   ****         }
 187:Src/usart.c   ****     }
 188:Src/usart.c   **** }
 563              		.loc 1 188 1 is_stmt 0 view .LVU160
 564 0062 03B0     		add	sp, sp, #12
 565              	.LCFI9:
 566              		.cfi_def_cfa_offset 20
 567              		@ sp needed
 568 0064 F0BD     		pop	{r4, r5, r6, r7, pc}
 569              	.L38:
 570 0066 00BF     		.align	2
 571              	.L37:
 572 0068 00000000 		.word	.LANCHOR0
 573 006c 00440040 		.word	1073759232
 574 0070 00000000 		.word	.LANCHOR2
 575 0074 00000000 		.word	.LANCHOR1
 576              		.cfi_endproc
 577              	.LFE239:
 579              		.global	hdma_usart2_tx
 580              		.global	hdma_usart2_rx
 581              		.global	huart2
 582              		.section	.bss.hdma_usart2_rx,"aw",%nobits
 583              		.align	2
 584              		.set	.LANCHOR2,. + 0
 587              	hdma_usart2_rx:
 588 0000 00000000 		.space	96
 588      00000000 
 588      00000000 
 588      00000000 
 588      00000000 
 589              		.section	.bss.hdma_usart2_tx,"aw",%nobits
 590              		.align	2
 591              		.set	.LANCHOR3,. + 0
ARM GAS  C:\Users\57308\AppData\Local\Temp\cc80DbtF.s 			page 16


 594              	hdma_usart2_tx:
 595 0000 00000000 		.space	96
 595      00000000 
 595      00000000 
 595      00000000 
 595      00000000 
 596              		.section	.bss.huart2,"aw",%nobits
 597              		.align	2
 598              		.set	.LANCHOR0,. + 0
 601              	huart2:
 602 0000 00000000 		.space	68
 602      00000000 
 602      00000000 
 602      00000000 
 602      00000000 
 603              		.section	.bss.sg_uartreceive_buff,"aw",%nobits
 604              		.align	2
 605              		.set	.LANCHOR1,. + 0
 608              	sg_uartreceive_buff:
 609 0000 00000000 		.space	256
 609      00000000 
 609      00000000 
 609      00000000 
 609      00000000 
 610              		.section	.bss.sg_uartsend_buf,"aw",%nobits
 611              		.align	2
 612              		.set	.LANCHOR4,. + 0
 615              	sg_uartsend_buf:
 616 0000 00000000 		.space	256
 616      00000000 
 616      00000000 
 616      00000000 
 616      00000000 
 617              		.text
 618              	.Letext0:
 619              		.file 2 "d:\\program files\\gcc-arm-none-eabi-10.3-2021.10\\arm-none-eabi\\include\\machine\\_defa
 620              		.file 3 "d:\\program files\\gcc-arm-none-eabi-10.3-2021.10\\arm-none-eabi\\include\\sys\\_stdint.h
 621              		.file 4 "Drivers/CMSIS/Device/ST/STM32F4xx/Include/stm32f405xx.h"
 622              		.file 5 "Drivers/CMSIS/Device/ST/STM32F4xx/Include/stm32f4xx.h"
 623              		.file 6 "Drivers/STM32F4xx_HAL_Driver/Inc/stm32f4xx_hal_def.h"
 624              		.file 7 "Drivers/STM32F4xx_HAL_Driver/Inc/stm32f4xx_hal_gpio.h"
 625              		.file 8 "Drivers/STM32F4xx_HAL_Driver/Inc/stm32f4xx_hal_dma.h"
 626              		.file 9 "Drivers/STM32F4xx_HAL_Driver/Inc/stm32f4xx_hal_uart.h"
 627              		.file 10 "Inc/usart.h"
 628              		.file 11 "../protocol/protocol.h"
 629              		.file 12 "<built-in>"
 630              		.file 13 "Drivers/STM32F4xx_HAL_Driver/Inc/stm32f4xx_hal_cortex.h"
 631              		.file 14 "Inc/main.h"
ARM GAS  C:\Users\57308\AppData\Local\Temp\cc80DbtF.s 			page 17


DEFINED SYMBOLS
                            *ABS*:00000000 usart.c
C:\Users\57308\AppData\Local\Temp\cc80DbtF.s:20     .text.MX_USART2_UART_Init:00000000 $t
C:\Users\57308\AppData\Local\Temp\cc80DbtF.s:26     .text.MX_USART2_UART_Init:00000000 MX_USART2_UART_Init
C:\Users\57308\AppData\Local\Temp\cc80DbtF.s:95     .text.MX_USART2_UART_Init:00000044 $d
C:\Users\57308\AppData\Local\Temp\cc80DbtF.s:102    .text.HAL_UART_MspInit:00000000 $t
C:\Users\57308\AppData\Local\Temp\cc80DbtF.s:108    .text.HAL_UART_MspInit:00000000 HAL_UART_MspInit
C:\Users\57308\AppData\Local\Temp\cc80DbtF.s:336    .text.HAL_UART_MspInit:000000e0 $d
C:\Users\57308\AppData\Local\Temp\cc80DbtF.s:346    .text.HAL_UART_MspDeInit:00000000 $t
C:\Users\57308\AppData\Local\Temp\cc80DbtF.s:352    .text.HAL_UART_MspDeInit:00000000 HAL_UART_MspDeInit
C:\Users\57308\AppData\Local\Temp\cc80DbtF.s:406    .text.HAL_UART_MspDeInit:00000034 $d
C:\Users\57308\AppData\Local\Temp\cc80DbtF.s:413    .text._bsp_protransmit:00000000 $t
C:\Users\57308\AppData\Local\Temp\cc80DbtF.s:419    .text._bsp_protransmit:00000000 _bsp_protransmit
C:\Users\57308\AppData\Local\Temp\cc80DbtF.s:457    .text._bsp_protransmit:0000001c $d
C:\Users\57308\AppData\Local\Temp\cc80DbtF.s:463    .text.USER_UART_IRQHandler:00000000 $t
C:\Users\57308\AppData\Local\Temp\cc80DbtF.s:469    .text.USER_UART_IRQHandler:00000000 USER_UART_IRQHandler
C:\Users\57308\AppData\Local\Temp\cc80DbtF.s:572    .text.USER_UART_IRQHandler:00000068 $d
C:\Users\57308\AppData\Local\Temp\cc80DbtF.s:594    .bss.hdma_usart2_tx:00000000 hdma_usart2_tx
C:\Users\57308\AppData\Local\Temp\cc80DbtF.s:587    .bss.hdma_usart2_rx:00000000 hdma_usart2_rx
C:\Users\57308\AppData\Local\Temp\cc80DbtF.s:601    .bss.huart2:00000000 huart2
C:\Users\57308\AppData\Local\Temp\cc80DbtF.s:583    .bss.hdma_usart2_rx:00000000 $d
C:\Users\57308\AppData\Local\Temp\cc80DbtF.s:590    .bss.hdma_usart2_tx:00000000 $d
C:\Users\57308\AppData\Local\Temp\cc80DbtF.s:597    .bss.huart2:00000000 $d
C:\Users\57308\AppData\Local\Temp\cc80DbtF.s:604    .bss.sg_uartreceive_buff:00000000 $d
C:\Users\57308\AppData\Local\Temp\cc80DbtF.s:608    .bss.sg_uartreceive_buff:00000000 sg_uartreceive_buff
C:\Users\57308\AppData\Local\Temp\cc80DbtF.s:611    .bss.sg_uartsend_buf:00000000 $d
C:\Users\57308\AppData\Local\Temp\cc80DbtF.s:615    .bss.sg_uartsend_buf:00000000 sg_uartsend_buf

UNDEFINED SYMBOLS
HAL_UART_Init
HAL_UART_Receive_DMA
Error_Handler
HAL_GPIO_Init
HAL_DMA_Init
HAL_NVIC_SetPriority
HAL_NVIC_EnableIRQ
HAL_GPIO_DeInit
HAL_DMA_DeInit
HAL_NVIC_DisableIRQ
memcpy
HAL_UART_Transmit_DMA
HAL_UART_DMAStop
motorprotocol_getdata
protocol_reciverdata_tofifo
memset
